
Job user is SLURM_JOB_USER= mirilias
User job SLURM_JOB_NAME=DIRAC has assigned ID SLURM_JOBID=9364092
This job was submitted from the computer SLURM_SUBMIT_HOST=login23.mogon
 and from the home directory SLURM_SUBMIT_DIR=/gpfs/fs1/home/mirilias/work/projects/open-collection/theoretical_chemistry/software_runs/dirac/servers/mogonII_HIM
Job is running on the cluster compute node: SLURM_CLUSTER_NAME=mogon2
and is employing SLURM_JOB_NUM_NODES=1 node/nodes:
SLURM_JOB_NODELIST = z0234

Job partition is SLURM_JOB_PARTITION=devel 


The job requests SLURM_CPUS_ON_NODE=40 CPU per task.

Loading lang/Python/3.6.1-intel-2017.02
  Loading requirement: compiler/GCCcore/6.3.0 compiler/icc/2017.2.174-GCC-6.3.0
    compiler/ifort/2017.2.174-GCC-6.3.0 toolchain/iccifort/2017.2.174-GCC-6.3.0
    mpi/impi/2017.2.174-iccifort-2017.2.174-GCC-6.3.0
    toolchain/iimpi/2017.02-GCC-6.3.0
    numlib/imkl/2017.2.174-iimpi-2017.02-GCC-6.3.0 toolchain/intel/2017.02

 List of all loaded modules:
Currently Loaded Modulefiles:
 1) compiler/GCCcore/6.3.0                             10) devel/CMake/3.18.4  
 2) compiler/icc/2017.2.174-GCC-6.3.0                  
 3) compiler/ifort/2017.2.174-GCC-6.3.0                
 4) toolchain/iccifort/2017.2.174-GCC-6.3.0            
 5) mpi/impi/2017.2.174-iccifort-2017.2.174-GCC-6.3.0  
 6) toolchain/iimpi/2017.02-GCC-6.3.0                  
 7) numlib/imkl/2017.2.174-iimpi-2017.02-GCC-6.3.0     
 8) toolchain/intel/2017.02                            
 9) lang/Python/3.6.1-intel-2017.02                    

Running on host z0234.mogon
Time is Tue Jul  6 22:44:06 CEST 2021 

The node's CPU model name	: Intel(R) Xeon(R) CPU E5-2630 v4 @ 2.20GHz
This node has total 40 CPUs available for an EXCLUSIVE job.
This node has 40 CPUs allocated for SLURM calculations.

 The memory at the node (in GB)
              total        used        free      shared  buff/cache   available
Mem:             62           2          59           0           0          56
Swap:             0           0           0
Total:           62           2          59



 ifort -V: Intel(R) Fortran Intel(R) 64 Compiler for applications running on Intel(R) 64, Version 17.0.2.174 Build 20170213
Copyright (C) 1985-2017 Intel Corporation.  All rights reserved.

mpif90 -V: Intel(R) Fortran Intel(R) 64 Compiler for applications running on Intel(R) 64, Version 17.0.2.174 Build 20170213
Copyright (C) 1985-2017 Intel Corporation.  All rights reserved.

mpicc -V: Intel(R) C Intel(R) 64 Compiler for applications running on Intel(R) 64, Version 17.0.2.174 Build 20170213
Copyright (C) 1985-2017 Intel Corporation.  All rights reserved.

mpicxx -V: Intel(R) C++ Intel(R) 64 Compiler for applications running on Intel(R) 64, Version 17.0.2.174 Build 20170213
Copyright (C) 1985-2017 Intel Corporation.  All rights reserved.

Python -v :Python 3.6.1
cmake ? /cluster/easybuild/broadwell/software/CMake/3.18.4/bin/cmake
cmake version 3.18.4

CMake suite maintained and supported by Kitware (kitware.com/cmake).
ctest ? /cluster/easybuild/broadwell/software/CMake/3.18.4/bin/ctest
ctest version 3.18.4

CMake suite maintained and supported by Kitware (kitware.com/cmake).

 mpirun ? /home/mirilias/work/software/open-mpi/openmpi-4.1.1-intel-2017.02-i8/bin/mpirun
mpirun (Open MPI) 4.1.1

Report bugs to http://www.open-mpi.org/community/help/

My PATH=/home/mirilias/work/software/open-mpi/openmpi-4.1.1-intel-2017.02-i8/bin:/cluster/easybuild/broadwell/software/CMake/3.18.4/bin:/cluster/easybuild/broadwell/software/lang/Python/3.6.1-intel-2017.02/bin:/cluster/easybuild/broadwell/software/numlib/imkl/2017.2.174-iimpi-2017.02-GCC-6.3.0/mkl/bin:/cluster/easybuild/broadwell/software/numlib/imkl/2017.2.174-iimpi-2017.02-GCC-6.3.0/bin:/cluster/easybuild/broadwell/software/mpi/impi/2017.2.174-iccifort-2017.2.174-GCC-6.3.0/bin64:/cluster/easybuild/broadwell/software/compiler/ifort/2017.2.174-GCC-6.3.0/compilers_and_libraries_2017.2.174/linux/bin/intel64:/cluster/easybuild/broadwell/software/compiler/icc/2017.2.174-GCC-6.3.0/compilers_and_libraries_2017.2.174/linux/bin/intel64:/cluster/easybuild/broadwell/software/compiler/GCCcore/6.3.0/bin:/home/mirilias/work/software/open-mpi/openmpi-4.1.1-intel-2017.02-i8/bin:/usr/share/Modules/bin:/usr/lpp/mmfs/bin:/usr/local/bin:/usr/bin:/usr/local/sbin:/usr/sbin:/var/cfengine/bin:.

DIRAC_MPI_COMMAND=mpirun -np 2

ldd /home/mirilias/work/software/dirac/trunk_production/build_openmpi_intel_mklpar_i8/dirac.x:
	linux-vdso.so.1 (0x00007ffd10fc2000)
	libmkl_intel_ilp64.so => /cluster/easybuild/broadwell/software/numlib/imkl/2017.2.174-iimpi-2017.02-GCC-6.3.0/mkl/lib/intel64/libmkl_intel_ilp64.so (0x00007f0d6a6a3000)
	libmkl_intel_thread.so => /cluster/easybuild/broadwell/software/numlib/imkl/2017.2.174-iimpi-2017.02-GCC-6.3.0/mkl/lib/intel64/libmkl_intel_thread.so (0x00007f0d68c11000)
	libmkl_core.so => /cluster/easybuild/broadwell/software/numlib/imkl/2017.2.174-iimpi-2017.02-GCC-6.3.0/mkl/lib/intel64/libmkl_core.so (0x00007f0d6711e000)
	libiomp5.so => /cluster/easybuild/broadwell/software/lang/Python/3.6.1-intel-2017.02/lib/libiomp5.so (0x00007f0d66d2b000)
	libmpi.so.40 => /home/mirilias/work/software/open-mpi/openmpi-4.1.1-intel-2017.02-i8/lib/libmpi.so.40 (0x00007f0d669df000)
	libimf.so => /cluster/easybuild/broadwell/software/numlib/imkl/2017.2.174-iimpi-2017.02-GCC-6.3.0/lib/intel64/libimf.so (0x00007f0d664f3000)
	libsvml.so => /cluster/easybuild/broadwell/software/numlib/imkl/2017.2.174-iimpi-2017.02-GCC-6.3.0/lib/intel64/libsvml.so (0x00007f0d655e8000)
	libirng.so => /cluster/easybuild/broadwell/software/numlib/imkl/2017.2.174-iimpi-2017.02-GCC-6.3.0/lib/intel64/libirng.so (0x00007f0d65273000)
	libstdc++.so.6 => /cluster/easybuild/broadwell/software/compiler/GCCcore/6.3.0/lib64/libstdc++.so.6 (0x00007f0d6b0c2000)
	libm.so.6 => /lib64/libm.so.6 (0x00007f0d64ef1000)
	libgcc_s.so.1 => /cluster/easybuild/broadwell/software/compiler/GCCcore/6.3.0/lib64/libgcc_s.so.1 (0x00007f0d6b09a000)
	libirc.so => /cluster/easybuild/broadwell/software/numlib/imkl/2017.2.174-iimpi-2017.02-GCC-6.3.0/lib/intel64/libirc.so (0x00007f0d64c87000)
	libpthread.so.0 => /lib64/libpthread.so.0 (0x00007f0d64a67000)
	libc.so.6 => /lib64/libc.so.6 (0x00007f0d646a4000)
	libdl.so.2 => /lib64/libdl.so.2 (0x00007f0d644a0000)
	libz.so.1 => /lib64/libz.so.1 (0x00007f0d64289000)
	libmpi_usempi_ignore_tkr.so.40 => /home/mirilias/work/software/open-mpi/openmpi-4.1.1-intel-2017.02-i8/lib/libmpi_usempi_ignore_tkr.so.40 (0x00007f0d6407e000)
	libmpi_mpifh.so.40 => /home/mirilias/work/software/open-mpi/openmpi-4.1.1-intel-2017.02-i8/lib/libmpi_mpifh.so.40 (0x00007f0d63e08000)
	/lib64/ld-linux-x86-64.so.2 (0x00007f0d6b02d000)
	libopen-rte.so.40 => /home/mirilias/work/software/open-mpi/openmpi-4.1.1-intel-2017.02-i8/lib/libopen-rte.so.40 (0x00007f0d63b41000)
	libopen-orted-mpir.so => /home/mirilias/work/software/open-mpi/openmpi-4.1.1-intel-2017.02-i8/lib/libopen-orted-mpir.so (0x00007f0d6393f000)
	libopen-pal.so.40 => /home/mirilias/work/software/open-mpi/openmpi-4.1.1-intel-2017.02-i8/lib/libopen-pal.so.40 (0x00007f0d635ff000)
	libudev.so.1 => /lib64/libudev.so.1 (0x00007f0d6336a000)
	librt.so.1 => /lib64/librt.so.1 (0x00007f0d63162000)
	libutil.so.1 => /lib64/libutil.so.1 (0x00007f0d62f5e000)
	libintlc.so.5 => /cluster/easybuild/broadwell/software/numlib/imkl/2017.2.174-iimpi-2017.02-GCC-6.3.0/lib/intel64/libintlc.so.5 (0x00007f0d62cf4000)
	libifport.so.5 => /cluster/easybuild/broadwell/software/numlib/imkl/2017.2.174-iimpi-2017.02-GCC-6.3.0/lib/intel64/libifport.so.5 (0x00007f0d62ac5000)
	libifcoremt.so.5 => /cluster/easybuild/broadwell/software/numlib/imkl/2017.2.174-iimpi-2017.02-GCC-6.3.0/lib/intel64/libifcoremt.so.5 (0x00007f0d62735000)
	libmount.so.1 => /lib64/libmount.so.1 (0x00007f0d624db000)
	libblkid.so.1 => /lib64/libblkid.so.1 (0x00007f0d62288000)
	libuuid.so.1 => /lib64/libuuid.so.1 (0x00007f0d62080000)
	libselinux.so.1 => /lib64/libselinux.so.1 (0x00007f0d61e56000)
	libpcre2-8.so.0 => /lib64/libpcre2-8.so.0 (0x00007f0d61bd2000)

DIRAC scratch directory space, /lustre/miifs03/scratch/m2_him_exp
Filesystem                                      Size  Used Avail Use% Mounted on
10.85.200.10@o2ib2:10.85.200.11@o2ib2:/miifs03  1.1P  385T  736T  35% /lustre/miifs03

 For comparison, /tmp local disk;  df -h /tmp/.
Filesystem      Size  Used Avail Use% Mounted on
/dev/sda3        20G  4.4G   16G  22% /


/home/mirilias/work/software/dirac/trunk_production/build_openmpi_intel_mklpar_i8
Test project /home/mirilias/work/software/dirac/trunk_production/build_openmpi_intel_mklpar_i8
      Start   3: stex
      Start   7: london_properties_symmetry
 1/75 Test   #3: stex .............................   Passed   18.31 sec
      Start  20: eomcc
 2/75 Test   #7: london_properties_symmetry .......   Passed   38.14 sec
      Start  21: eomcc_long
 3/75 Test  #20: eomcc ............................   Passed   23.70 sec
      Start  42: fde_response_autodiff
 4/75 Test  #21: eomcc_long .......................   Passed   50.43 sec
      Start  43: fde_export_density
 5/75 Test  #42: fde_response_autodiff ............   Passed   69.63 sec
      Start  68: acmoin
 6/75 Test  #68: acmoin ...........................   Passed   26.82 sec
      Start  69: atomic_start
 7/75 Test  #69: atomic_start .....................   Passed   10.81 sec
      Start  70: basis_automatic_augmentation
 8/75 Test  #70: basis_automatic_augmentation .....   Passed   28.73 sec
      Start  71: basis_contraction
 9/75 Test  #71: basis_contraction ................   Passed    6.15 sec
      Start  72: basis_input
10/75 Test  #43: fde_export_density ...............   Passed  103.75 sec
      Start  73: basis_input_scripted
11/75 Test  #73: basis_input_scripted .............   Passed    0.26 sec
      Start  74: bsse
12/75 Test  #72: basis_input ......................   Passed   18.55 sec
      Start  75: bss_energy
13/75 Test  #74: bsse .............................   Passed   15.76 sec
      Start  76: pam_test
14/75 Test  #76: pam_test .........................   Passed    2.35 sec
      Start  78: cc_linear
15/75 Test  #75: bss_energy .......................   Passed   14.79 sec
      Start  82: cosci_energy_spinfree
16/75 Test  #78: cc_linear ........................   Passed   23.61 sec
      Start  83: cosci_methods
17/75 Test  #82: cosci_energy_spinfree ............   Passed   18.98 sec
      Start  84: cosci_tmom
18/75 Test  #84: cosci_tmom .......................   Passed   12.79 sec
      Start  85: density_at_nuclei
19/75 Test  #83: cosci_methods ....................   Passed   20.84 sec
      Start  86: dft_betasigma
20/75 Test  #85: density_at_nuclei ................   Passed    6.50 sec
      Start  87: dft_cam
21/75 Test  #86: dft_betasigma ....................   Passed   10.95 sec
      Start  88: dft_erf_xcfun
22/75 Test  #87: dft_cam ..........................   Passed   15.95 sec
      Start  89: dft_lao_mag_prop
23/75 Test  #88: dft_erf_xcfun ....................   Passed   11.79 sec
      Start  90: dft_pp86
24/75 Test  #90: dft_pp86 .........................   Passed   21.31 sec
      Start  91: dirac_mointegral_export
25/75 Test  #89: dft_lao_mag_prop .................   Passed   31.29 sec
      Start  92: ecp
26/75 Test  #92: ecp ..............................***Failed    1.09 sec
      Start  93: ecp_nio6
27/75 Test  #91: dirac_mointegral_export ..........   Passed    5.20 sec
      Start  94: free-particle_projection
28/75 Test  #93: ecp_nio6 .........................***Failed    1.06 sec
      Start  95: gaunt
29/75 Test  #94: free-particle_projection .........   Passed    4.46 sec
      Start  96: krci_properties_perm_dipmom
30/75 Test  #95: gaunt ............................   Passed    5.99 sec
      Start  97: linear_structures
31/75 Test  #96: krci_properties_perm_dipmom ......   Passed   11.67 sec
      Start  98: mcscf_properties
32/75 Test  #97: linear_structures ................   Passed   10.60 sec
      Start  99: mp2_energy
33/75 Test  #99: mp2_energy .......................   Passed    3.82 sec
      Start 100: mp2_srdft_energies
34/75 Test #100: mp2_srdft_energies ...............   Passed    9.31 sec
      Start 101: mp2_natural_orbitals
35/75 Test  #98: mcscf_properties .................   Passed   23.64 sec
      Start 102: open-shells
36/75 Test #101: mp2_natural_orbitals .............   Passed   13.30 sec
      Start 104: pvc_scf
37/75 Test #104: pvc_scf ..........................   Passed    7.96 sec
      Start 105: response_C6
38/75 Test #105: response_C6 ......................   Passed    6.16 sec
      Start 106: response_hf_polarizability
39/75 Test #106: response_hf_polarizability .......   Passed   13.95 sec
      Start 107: response_lao_shield
40/75 Test #102: open-shells ......................   Passed   43.06 sec
      Start 108: response_lao_magnetiz
41/75 Test #107: response_lao_shield ..............   Passed   23.38 sec
      Start 109: response_lao_magnetiz_dft
42/75 Test #108: response_lao_magnetiz ............   Passed   20.14 sec
      Start 110: response_nmr_levy-leblond
43/75 Test #109: response_lao_magnetiz_dft ........   Passed   11.59 sec
      Start 111: response_rkbimp_shield
44/75 Test #110: response_nmr_levy-leblond ........   Passed    5.46 sec
      Start 112: symmetry_recognition
45/75 Test #111: response_rkbimp_shield ...........   Passed    7.14 sec
      Start 113: visual_div_rot
46/75 Test #112: symmetry_recognition .............   Passed   12.16 sec
      Start 115: visual_frac_occupation
47/75 Test #115: visual_frac_occupation ...........   Passed   20.75 sec
      Start 116: lucita_short
48/75 Test #113: visual_div_rot ...................   Passed   28.93 sec
      Start 117: xyz_symmetry_recognition
49/75 Test #116: lucita_short .....................   Passed    3.13 sec
      Start 118: zora
50/75 Test #118: zora .............................   Passed   12.80 sec
      Start 119: dft_ac
51/75 Test #119: dft_ac ...........................   Passed    7.31 sec
      Start 120: dft_grid_export_import
52/75 Test #120: dft_grid_export_import ...........   Passed    6.25 sec
      Start 121: localization
53/75 Test #117: xyz_symmetry_recognition .........   Passed   37.25 sec
      Start 122: krci_properties_omega_tdm
54/75 Test #122: krci_properties_omega_tdm ........   Passed   10.22 sec
      Start 123: visual_elf
55/75 Test #123: visual_elf .......................   Passed    2.39 sec
      Start 124: visual_gamma5
56/75 Test #121: localization .....................   Passed   25.89 sec
      Start 125: visual_general
57/75 Test #124: visual_gamma5 ....................   Passed    6.29 sec
      Start 127: atomic_supersymmetry
58/75 Test #125: visual_general ...................   Passed   29.01 sec
      Start 128: scf_levelshift
59/75 Test #127: atomic_supersymmetry .............   Passed   29.61 sec
      Start 129: response_complex
60/75 Test #129: response_complex .................   Passed    4.52 sec
      Start 130: response_nonrel
61/75 Test #128: scf_levelshift ...................   Passed    7.92 sec
      Start 131: cosci_energy
62/75 Test #130: response_nonrel ..................   Passed    6.24 sec
      Start 132: lucita_q_corrections
63/75 Test #132: lucita_q_corrections .............   Passed   15.13 sec
      Start 133: x2c-SCF_to_4c-SCF
64/75 Test #133: x2c-SCF_to_4c-SCF ................   Passed    8.75 sec
      Start 134: import_mos
65/75 Test #134: import_mos .......................   Passed    8.94 sec
      Start 135: operators_mo_mtx_elements
66/75 Test #135: operators_mo_mtx_elements ........   Passed   11.97 sec
      Start 136: spinorbit-from-spinfree
67/75 Test #131: cosci_energy .....................   Passed   59.91 sec
      Start 139: molecular_mean_field_restart
68/75 Test #139: molecular_mean_field_restart .....   Passed    7.95 sec
      Start 140: bed_isotropic
69/75 Test #136: spinorbit-from-spinfree ..........   Passed   20.67 sec
      Start 141: bed_anisotropic
70/75 Test #140: bed_isotropic ....................   Passed    8.56 sec
      Start 148: projection_analysis_overlaps
71/75 Test #141: bed_anisotropic ..................   Passed   10.19 sec
      Start 155: esr
72/75 Test #148: projection_analysis_overlaps .....   Passed    9.45 sec
      Start 156: pcm_energy
73/75 Test #155: esr ..............................   Passed   17.24 sec
      Start 163: pe_exc
74/75 Test #156: pcm_energy .......................   Passed   23.58 sec
75/75 Test #163: pe_exc ...........................   Passed   25.13 sec

97% tests passed, 2 tests failed out of 75

Label Time Summary:
4c                   =   8.75 sec*proc (1 test)
basis                =  69.46 sec*proc (5 tests)
bed                  =  18.75 sec*proc (2 tests)
cc                   = 102.94 sec*proc (4 tests)
ci                   = 144.90 sec*proc (6 tests)
complex              =   4.52 sec*proc (1 test)
cosci                =  59.91 sec*proc (1 test)
dft                  = 116.45 sec*proc (8 tests)
ecp                  =   2.15 sec*proc (2 tests)
eomcc                =  74.13 sec*proc (2 tests)
fde                  = 173.38 sec*proc (2 tests)
gascip               =  17.24 sec*proc (1 test)
gaunt                =   5.99 sec*proc (1 test)
grid                 =   6.25 sec*proc (1 test)
import               =   8.94 sec*proc (1 test)
krci                 =  25.01 sec*proc (3 tests)
lao                  = 124.55 sec*proc (5 tests)
levelshift           =   7.92 sec*proc (1 test)
localization         =  25.89 sec*proc (1 test)
magnetizabilities    =  31.73 sec*proc (2 tests)
mcscf                =  32.58 sec*proc (2 tests)
mp2                  =  34.37 sec*proc (4 tests)
nmr                  =   5.46 sec*proc (1 test)
nonrel               =   6.24 sec*proc (1 test)
operators            =  11.97 sec*proc (1 test)
pam                  =   2.35 sec*proc (1 test)
pcm                  =  23.58 sec*proc (1 test)
pelib                =  25.13 sec*proc (1 test)
polarizabilities     =  13.95 sec*proc (1 test)
projection           =  13.91 sec*proc (2 tests)
property             =  41.51 sec*proc (2 tests)
pvc                  =   7.96 sec*proc (1 test)
qcorr                =  15.13 sec*proc (1 test)
resolve              =  20.67 sec*proc (1 test)
response             = 117.34 sec*proc (11 tests)
scf                  = 107.44 sec*proc (7 tests)
shield               =   7.14 sec*proc (1 test)
shielding            =  23.38 sec*proc (1 test)
short                = 1309.36 sec*proc (75 tests)
srdft                =   9.31 sec*proc (1 test)
stex                 =  18.31 sec*proc (1 test)
structures           =  10.60 sec*proc (1 test)
visual               =  87.36 sec*proc (5 tests)
x2c                  =  16.70 sec*proc (2 tests)
zora                 =  12.80 sec*proc (1 test)

Total Test time (real) = 662.24 sec

The following tests FAILED:
	 92 - ecp (Failed)
	 93 - ecp_nio6 (Failed)
Errors while running CTest
