Job user is milias and his job impi_i4 has assigned ID 313455
This job was submitted from the computer space21.hydra.local
and from the home directory:
/zfs/store5.hydra.local/user/m/milias/work/projects/open-collection/theoretical_chemistry/software_runs/dirac/servers/hydra_jinr_ru/builds

It is running on the cluster compute node:
gvr
and is employing 1 node/nodes:
n02p076

Job partition is cascade 

The job requests 8 CPU per task.
modules at disposal:

-------------- /cvmfs/hybrilit.jinr.ru/sw/slc7_x86-64/modulefiles --------------
ABINIT/v8.10.3_intel2018              ROOT/v6-08-06-3
ADIOS/v1.13.1                         ROOT/v6-13-02-1
AliEn-Runtime/v2-19-le-1              ROOT/v6-16-00
AliEn-Runtime/v2-19-le-2              ROOT/v6-18-00
AliEn-Runtime/v2-19-le-3              SMASH_gcc485/v1.8
AmberTools/v20                        Valgrind/v3.15.0_gcc910
BASE/1.0                              blender/2.79a-2
CLN/v1.3.4-1                          boost/v1.53.0_gcc485
CLN/v1.3.4_gcc720                     boost/v1.59.0-1
CMake/v3.16.5                         boost/v1.59.0-2
CMake/v3.19.1                         boost/v1.68.0
COMSOL/v5.5                           c-blosc/v1.15.0
DIRAC/v19.0_intel2018                 cuda/v10.0-1
ELPA/v2020.05.001_intel2018_python365 cuda/v10.1-1
EMACS/v25.3                           cuda/v7.0-1
EOS/v1.0                              cuda/v7.5
FLAIR/v2.3.0                          cuda/v8.0-1
FLUKA/v2011.2x-8                      cuda/v9.0-6
FLUKA/v2020.0.3                       cuda/v9.2
FORM/v4.2.0                           expect/v5.45.4
FairRoot/oct17p1                      fftw/v3.3.7-2
FairRoot/v16.06_gcc485                fftw/v3.3.7-5
FairRoot/v18.0.4                      gcc/v4.9.3-1
FairRoot/v18.2.0_gcc485               gcc/v5.3.0-1
FairRoot/v18.2.1_gcc485               gcc/v6.2.0-2
FairSoft/june19p1_gcc485              gcc/v7.2.0-1
FairSoft/june19p2_gcc485              gcc/v8.2.0-1
FairSoft/may16p1_gcc485               gcc/v8.3.0
FairSoft/may18p1                      gcc/v9.1.0-1
FairSoft/oct17p1                      hdf5/v1.10.1-2
GEANT4/v4.10.01.p03-2                 hdf5/v1.8.21
GEANT4/v4.10.01.p03-4                 intel/v2018.1.163-9
GEANT4/v4.10.05-p01                   intel/v2019.3.199
GMP/v6.1.2                            intel-qs/v14-07-20
GROMACS/v2019.3                       java/v8u181
GROMACS/v5.1.3_gcc485_cuda80          java/v8u91-1
GSL/v1.16-1                           kira/v1.2
GVR/v1.0-1                            libpng/v1.5.13
Ginac/v1.7.3-1                        libpng/v1.6.18-1
Ginac/v1.7.5_gcc720                   libpng/v1.6.18-2
LAMMPS/v12.12.18                      libpqxx/v7.0_gcc910
LAPACK/v3.9.0                         ndm-lite/v1.0
MATLAB/r2019b                         opencv/v4.1.0
Maple/v2017.3-1                       openmpi/v1.8.8-1
Mathematica/v11.2-1                   openmpi/v2.1.2-2
PandaRoot/dec17p2b                    openmpi/v3.1.2
PandaRoot/may19                       openmpi/v3.1.3
PostgreSQL/v12.1_gcc910               openmpi/v3.1.3_psm2
PyROOT/v6.16.00                       pngwriter/v0.7.0
PyROOT-BMN/v20.02.0                   protobuf/v3.11.3
Python/v2.7.10-1                      quantum-espresso/v6.4.1
Python/v2.7.10-2                      reduce-algebra/svn-4830
Python/v2.7.10-3                      szip/v2.1.1
Python/v3.6.5                         tensorflow/1.8.0-1
Python-modules/1.0-1                  tensorflow/1.9.0-1
Python-modules/1.0-2                  yaml-cpp/v0.6.2_gcc485
Python-modules/1.0-3                  yaml-cpp/v0.6.2_gcc720
Python-modules/1.0-4                  zlib/v1.2.11-1
Python-modules/1.0-5

ModuleCmd_Load.c(213):ERROR:105: Unable to locate a modulefile for 'cmake'


 loaded modules:
Currently Loaded Modulefiles:
  1) intel/v2019.3.199   3) GVR/v1.0-1
  2) BASE/1.0            4) Python/v3.6.5

Running on host n02p076.gvr.local
Time is Thu Dec 10 01:42:35 MSK 2020 

The node's CPU model name	: Intel(R) Xeon(R) Platinum 8268 CPU @ 2.90GHz
This node has total 96 CPUs available for EXCLUSIVE job.

 The total memory at the node (in GB)
              total        used        free      shared  buff/cache   available
Mem:            187           4           6           0         176         182
Swap:             3           0           3
Total:          191           4          10



ldd /zfs/hybrilit.jinr.ru/user/m/milias/work/software/dirac/trunk_master/build_intelmpi_i4_mklpar/dirac.x:
	linux-vdso.so.1 =>  (0x00007ffe564cc000)
	libmkl_intel_lp64.so => /cvmfs/hybrilit.jinr.ru/sw/slc7_x86-64/intel/v2019.3.199/compilers_and_libraries_2019.3.199/linux/mkl/lib/intel64_lin/libmkl_intel_lp64.so (0x00002b0f29e3c000)
	libmkl_intel_thread.so => /cvmfs/hybrilit.jinr.ru/sw/slc7_x86-64/intel/v2019.3.199/compilers_and_libraries_2019.3.199/linux/mkl/lib/intel64_lin/libmkl_intel_thread.so (0x00002b0f2a99b000)
	libmkl_core.so => /cvmfs/hybrilit.jinr.ru/sw/slc7_x86-64/intel/v2019.3.199/compilers_and_libraries_2019.3.199/linux/mkl/lib/intel64_lin/libmkl_core.so (0x00002b0f2ce78000)
	libiomp5.so => /cvmfs/hybrilit.jinr.ru/sw/slc7_x86-64/intel/v2019.3.199/compilers_and_libraries_2019.3.199/linux/compiler/lib/intel64_lin/libiomp5.so (0x00002b0f310c2000)
	libmpicxx.so.12 => /cvmfs/hybrilit.jinr.ru/sw/slc7_x86-64/intel/v2019.3.199/compilers_and_libraries_2019.3.199/linux/mpi/intel64/lib/libmpicxx.so.12 (0x00002b0f314b7000)
	libmpifort.so.12 => /cvmfs/hybrilit.jinr.ru/sw/slc7_x86-64/intel/v2019.3.199/compilers_and_libraries_2019.3.199/linux/mpi/intel64/lib/libmpifort.so.12 (0x00002b0f316d7000)
	libmpi.so.12 => /cvmfs/hybrilit.jinr.ru/sw/slc7_x86-64/intel/v2019.3.199/compilers_and_libraries_2019.3.199/linux/mpi/intel64/lib/release/libmpi.so.12 (0x00002b0f31a95000)
	libdl.so.2 => /lib64/libdl.so.2 (0x00002b0f32c23000)
	librt.so.1 => /lib64/librt.so.1 (0x00002b0f32e27000)
	libpthread.so.0 => /lib64/libpthread.so.0 (0x00002b0f3302f000)
	libimf.so => /cvmfs/hybrilit.jinr.ru/sw/slc7_x86-64/intel/v2019.3.199/compilers_and_libraries_2019.3.199/linux/compiler/lib/intel64_lin/libimf.so (0x00002b0f3324b000)
	libsvml.so => /cvmfs/hybrilit.jinr.ru/sw/slc7_x86-64/intel/v2019.3.199/compilers_and_libraries_2019.3.199/linux/compiler/lib/intel64_lin/libsvml.so (0x00002b0f337eb000)
	libirng.so => /cvmfs/hybrilit.jinr.ru/sw/slc7_x86-64/intel/v2019.3.199/compilers_and_libraries_2019.3.199/linux/compiler/lib/intel64_lin/libirng.so (0x00002b0f3518f000)
	libstdc++.so.6 => /lib64/libstdc++.so.6 (0x00002b0f35501000)
	libm.so.6 => /lib64/libm.so.6 (0x00002b0f35808000)
	libgcc_s.so.1 => /lib64/libgcc_s.so.1 (0x00002b0f35b0a000)
	libirc.so => /cvmfs/hybrilit.jinr.ru/sw/slc7_x86-64/intel/v2019.3.199/compilers_and_libraries_2019.3.199/linux/compiler/lib/intel64_lin/libirc.so (0x00002b0f35d20000)
	libc.so.6 => /lib64/libc.so.6 (0x00002b0f35f92000)
	libz.so.1 => /lib64/libz.so.1 (0x00002b0f36360000)
	/lib64/ld-linux-x86-64.so.2 (0x00002b0f29c18000)
	libfabric.so.1 => /cvmfs/hybrilit.jinr.ru/sw/slc7_x86-64/intel/v2019.3.199/compilers_and_libraries_2019.3.199/linux/mpi/intel64/libfabric/lib/libfabric.so.1 (0x00002b0f36576000)
	libintlc.so.5 => /cvmfs/hybrilit.jinr.ru/sw/slc7_x86-64/intel/v2019.3.199/compilers_and_libraries_2019.3.199/linux/compiler/lib/intel64_lin/libintlc.so.5 (0x00002b0f367ae000)

 ifort -V: Intel(R) Fortran Intel(R) 64 Compiler for applications running on Intel(R) 64, Version 19.0.3.199 Build 20190206
Copyright (C) 1985-2019 Intel Corporation.  All rights reserved.


My PATH=/cvmfs/hybrilit.jinr.ru/sw/slc7_x86-64/Python/v3.6.5/bin:/cvmfs/hybrilit.jinr.ru/sw/slc7_x86-64/intel/v2019.3.199/vtune_amplifier_2019.3.0.591499/bin64:/cvmfs/hybrilit.jinr.ru/sw/slc7_x86-64/intel/v2019.3.199/advisor_2019.3.0.591490/bin64:/cvmfs/hybrilit.jinr.ru/sw/slc7_x86-64/intel/v2019.3.199/compilers_and_libraries_2019.3.199/linux/bin/intel64:/cvmfs/hybrilit.jinr.ru/sw/slc7_x86-64/intel/v2019.3.199/compilers_and_libraries_2019.3.199/linux/mpi/intel64/libfabric/bin:/cvmfs/hybrilit.jinr.ru/sw/slc7_x86-64/intel/v2019.3.199/compilers_and_libraries_2019.3.199/linux/mpi/intel64/bin:/cvmfs/hybrilit.jinr.ru/sw/slc7_x86-64/intel/v2019.3.199/debugger_2019/gdb/intel64/bin:/usr/lib64/qt-3.3/bin:/usr/local/bin:/usr/bin:/usr/local/sbin:/usr/sbin:.:/zfs/hybrilit.jinr.ru/user/m/milias/.local/bin:/zfs/hybrilit.jinr.ru/user/m/milias/bin

Python -v :Python 3.6.5
cmake ? which cmake = /usr/bin/cmake
ctest ? which ctest = /usr/bin/ctest
ctest --version ctest version 3.11.4

CMake suite maintained and supported by Kitware (kitware.com/cmake).

 mpirun ? /cvmfs/hybrilit.jinr.ru/sw/slc7_x86-64/intel/v2019.3.199/compilers_and_libraries_2019.3.199/linux/mpi/intel64/bin/mpirun
Intel(R) MPI Library for Linux* OS, Version 2019 Update 3 Build 20190214 (id: b645a4a54)
Copyright 2003-2019, Intel Corporation.


DIRAC scratch directory space, /zfs/hybrilit.jinr.ru/user/m/milias/scratch
Filesystem             Size  Used Avail Use% Mounted on
10.0.36.155:/zfs/home   92T   89T  3.1T  97% /zfs/store5.hydra.local

 For comparison, /tmp local disk;  df -h /tmp/.
Filesystem      Size  Used Avail Use% Mounted on
/dev/sda6       104G   11G   89G  11% /



 Running short test suite on the hostname=n02p076.gvr.local
DIRAC_MPI_COMMAND=mpirun -np 2
UpdateCTestConfiguration  from :/zfs/hybrilit.jinr.ru/user/m/milias/work/software/dirac/trunk_master/build_intelmpi_i4_mklpar/DartConfiguration.tcl
Parse Config file:/zfs/hybrilit.jinr.ru/user/m/milias/work/software/dirac/trunk_master/build_intelmpi_i4_mklpar/DartConfiguration.tcl
UpdateCTestConfiguration  from :/zfs/hybrilit.jinr.ru/user/m/milias/work/software/dirac/trunk_master/build_intelmpi_i4_mklpar/DartConfiguration.tcl
Parse Config file:/zfs/hybrilit.jinr.ru/user/m/milias/work/software/dirac/trunk_master/build_intelmpi_i4_mklpar/DartConfiguration.tcl
Test project /zfs/hybrilit.jinr.ru/user/m/milias/work/software/dirac/trunk_master/build_intelmpi_i4_mklpar
Constructing a list of tests
Done constructing a list of tests
Updating test list for fixtures
Added 0 tests to meet fixture requirements
Checking test dependency graph...
Checking test dependency graph end
test 3
      Start   3: stex

3: Test command: /cvmfs/hybrilit.jinr.ru/sw/slc7_x86-64/Python/v3.6.5/bin/python "/zfs/hybrilit.jinr.ru/user/m/milias/work/software/dirac/trunk_master/test/stex/test" "--binary-dir=/zfs/hybrilit.jinr.ru/user/m/milias/work/software/dirac/trunk_master/build_intelmpi_i4_mklpar" "--work-dir=/zfs/hybrilit.jinr.ru/user/m/milias/work/software/dirac/trunk_master/build_intelmpi_i4_mklpar/test/stex" "--verbose"
3: Test timeout computed to be: 1500
test 7
      Start   7: london_properties_symmetry

7: Test command: /cvmfs/hybrilit.jinr.ru/sw/slc7_x86-64/Python/v3.6.5/bin/python "/zfs/hybrilit.jinr.ru/user/m/milias/work/software/dirac/trunk_master/test/london_properties_symmetry/test" "--binary-dir=/zfs/hybrilit.jinr.ru/user/m/milias/work/software/dirac/trunk_master/build_intelmpi_i4_mklpar" "--work-dir=/zfs/hybrilit.jinr.ru/user/m/milias/work/software/dirac/trunk_master/build_intelmpi_i4_mklpar/test/london_properties_symmetry" "--verbose"
7: Test timeout computed to be: 1500
test 20
      Start  20: eomcc

20: Test command: /cvmfs/hybrilit.jinr.ru/sw/slc7_x86-64/Python/v3.6.5/bin/python "/zfs/hybrilit.jinr.ru/user/m/milias/work/software/dirac/trunk_master/test/eomcc/test" "--binary-dir=/zfs/hybrilit.jinr.ru/user/m/milias/work/software/dirac/trunk_master/build_intelmpi_i4_mklpar" "--work-dir=/zfs/hybrilit.jinr.ru/user/m/milias/work/software/dirac/trunk_master/build_intelmpi_i4_mklpar/test/eomcc" "--verbose"
20: Test timeout computed to be: 1500
test 40
      Start  40: fde_response_autodiff

40: Test command: /cvmfs/hybrilit.jinr.ru/sw/slc7_x86-64/Python/v3.6.5/bin/python "/zfs/hybrilit.jinr.ru/user/m/milias/work/software/dirac/trunk_master/test/fde_response_autodiff/test" "--binary-dir=/zfs/hybrilit.jinr.ru/user/m/milias/work/software/dirac/trunk_master/build_intelmpi_i4_mklpar" "--work-dir=/zfs/hybrilit.jinr.ru/user/m/milias/work/software/dirac/trunk_master/build_intelmpi_i4_mklpar/test/fde_response_autodiff" "--verbose"
40: Test timeout computed to be: 1500
3: 
3: running test: gs LiH-c1
3: finished (no reference)
3: 
3: running test: ion LiH-c1
3: finished (no reference)
3: 
3: running test: stex LiH-c1
3: Traceback (most recent call last):
3:   File "/zfs/hybrilit.jinr.ru/user/m/milias/work/software/dirac/trunk_master/test/stex/test", line 26, in <module>
3:     test.run(['stex.inp'], ['LiH-c1.mol'], f, args='--put "DFCOEF.GS=DFCOEF" --copy="DFCOEF.ION"')
3:   File "/zfs/hybrilit.jinr.ru/user/m/milias/work/software/dirac/trunk_master/test/stex/../runtest_dirac.py", line 75, in run
3:     f.check(self.work_dir, '%s' % out, 'result/%s' % out, self.verbose)
3:   File "/zfs/hybrilit.jinr.ru/user/m/milias/work/software/dirac/trunk_master/test/stex/../runtest_v1.py", line 547, in check
3:     _check(self.filter_list, out_name, ref_name, verbose)
3:   File "/zfs/hybrilit.jinr.ru/user/m/milias/work/software/dirac/trunk_master/test/stex/../runtest_v1.py", line 310, in _check
3:     ref_filtered = filter_file(f, ref_name, open(ref_name).readlines())
3:   File "/cvmfs/hybrilit.jinr.ru/sw/slc7_x86-64/Python/v3.6.5/lib/python3.6/encodings/ascii.py", line 26, in decode
3:     return codecs.ascii_decode(input, self.errors)[0]
3: UnicodeDecodeError: 'ascii' codec can't decode byte 0xc5 in position 5223: ordinal not in range(128)
 1/71 Test   #3: stex .............................***Failed   66.97 sec
test 41
      Start  41: fde_export_density

41: Test command: /cvmfs/hybrilit.jinr.ru/sw/slc7_x86-64/Python/v3.6.5/bin/python "/zfs/hybrilit.jinr.ru/user/m/milias/work/software/dirac/trunk_master/test/fde_export_density/test" "--binary-dir=/zfs/hybrilit.jinr.ru/user/m/milias/work/software/dirac/trunk_master/build_intelmpi_i4_mklpar" "--work-dir=/zfs/hybrilit.jinr.ru/user/m/milias/work/software/dirac/trunk_master/build_intelmpi_i4_mklpar/test/fde_export_density" "--verbose"
41: Test timeout computed to be: 1500
7: 
7: running test: sdft_lda_dc_shielding hf_c1
7: passed
7: 
7: running test: sdft_lda_dc_shielding hf_c2v
7: passed
7: 
7: running test: sdft_lda_dc_shielding hf_c2
7: passed
7: 
7: running test: sdft_b3lyp_dc_shielding hf_c1
7: passed
7: 
7: running test: sdft_b3lyp_dc_shielding hf_c2v
7: passed
7: 
7: running test: sdft_b3lyp_dc_shielding hf_c2
7: passed
 2/71 Test   #7: london_properties_symmetry .......   Passed  160.76 sec
test 66
      Start  66: acmoin

66: Test command: /cvmfs/hybrilit.jinr.ru/sw/slc7_x86-64/Python/v3.6.5/bin/python "/zfs/hybrilit.jinr.ru/user/m/milias/work/software/dirac/trunk_master/test/acmoin/test" "--binary-dir=/zfs/hybrilit.jinr.ru/user/m/milias/work/software/dirac/trunk_master/build_intelmpi_i4_mklpar" "--work-dir=/zfs/hybrilit.jinr.ru/user/m/milias/work/software/dirac/trunk_master/build_intelmpi_i4_mklpar/test/acmoin" "--verbose"
66: Test timeout computed to be: 1500
66: 
66: running test: H_lin H_lin
66: passed
66: 
66: running test: H_Cs H_Cs
66: passed
66: 
66: running test: N_lin N_lin
66: passed
66: 
66: running test: N_Cs N_Cs
66: passed
66: 
66: running test: NH3 NH3
66: passed
66: 
66: running test: H_lin_sf H_lin
66: Traceback (most recent call last):
66:   File "/zfs/hybrilit.jinr.ru/user/m/milias/work/software/dirac/trunk_master/test/acmoin/test", line 48, in <module>
66:     test.run(['H_lin_sf.inp'], ['H_lin.mol'], f, '--get=DFACMO')
66:   File "/zfs/hybrilit.jinr.ru/user/m/milias/work/software/dirac/trunk_master/test/acmoin/../runtest_dirac.py", line 75, in run
66:     f.check(self.work_dir, '%s' % out, 'result/%s' % out, self.verbose)
66:   File "/zfs/hybrilit.jinr.ru/user/m/milias/work/software/dirac/trunk_master/test/acmoin/../runtest_v1.py", line 547, in check
66:     _check(self.filter_list, out_name, ref_name, verbose)
66:   File "/zfs/hybrilit.jinr.ru/user/m/milias/work/software/dirac/trunk_master/test/acmoin/../runtest_v1.py", line 310, in _check
66:     ref_filtered = filter_file(f, ref_name, open(ref_name).readlines())
66:   File "/cvmfs/hybrilit.jinr.ru/sw/slc7_x86-64/Python/v3.6.5/lib/python3.6/encodings/ascii.py", line 26, in decode
66:     return codecs.ascii_decode(input, self.errors)[0]
66: UnicodeDecodeError: 'ascii' codec can't decode byte 0xc3 in position 7877: ordinal not in range(128)
 3/71 Test  #66: acmoin ...........................***Failed   56.73 sec
test 67
      Start  67: atomic_start

67: Test command: /cvmfs/hybrilit.jinr.ru/sw/slc7_x86-64/Python/v3.6.5/bin/python "/zfs/hybrilit.jinr.ru/user/m/milias/work/software/dirac/trunk_master/test/atomic_start/test" "--binary-dir=/zfs/hybrilit.jinr.ru/user/m/milias/work/software/dirac/trunk_master/build_intelmpi_i4_mklpar" "--work-dir=/zfs/hybrilit.jinr.ru/user/m/milias/work/software/dirac/trunk_master/build_intelmpi_i4_mklpar/test/atomic_start" "--verbose"
67: Test timeout computed to be: 1500
67: 
67: running test: H H
67: finished (no reference)
67: 
67: running test: O O
67: finished (no reference)
67: 
67: running test: O_atom O
67: Traceback (most recent call last):
67:   File "/zfs/hybrilit.jinr.ru/user/m/milias/work/software/dirac/trunk_master/test/atomic_start/test", line 33, in <module>
67:     test.run(['O_atom.inp'], ['O.mol'], f, '--copy=DFOXXX')
67:   File "/zfs/hybrilit.jinr.ru/user/m/milias/work/software/dirac/trunk_master/test/atomic_start/../runtest_dirac.py", line 75, in run
67:     f.check(self.work_dir, '%s' % out, 'result/%s' % out, self.verbose)
67:   File "/zfs/hybrilit.jinr.ru/user/m/milias/work/software/dirac/trunk_master/test/atomic_start/../runtest_v1.py", line 547, in check
67:     _check(self.filter_list, out_name, ref_name, verbose)
67:   File "/zfs/hybrilit.jinr.ru/user/m/milias/work/software/dirac/trunk_master/test/atomic_start/../runtest_v1.py", line 310, in _check
67:     ref_filtered = filter_file(f, ref_name, open(ref_name).readlines())
67:   File "/cvmfs/hybrilit.jinr.ru/sw/slc7_x86-64/Python/v3.6.5/lib/python3.6/encodings/ascii.py", line 26, in decode
67:     return codecs.ascii_decode(input, self.errors)[0]
67: UnicodeDecodeError: 'ascii' codec can't decode byte 0xc5 in position 5223: ordinal not in range(128)
 4/71 Test  #67: atomic_start .....................***Failed   29.12 sec
test 68
      Start  68: basis_automatic_augmentation

68: Test command: /cvmfs/hybrilit.jinr.ru/sw/slc7_x86-64/Python/v3.6.5/bin/python "/zfs/hybrilit.jinr.ru/user/m/milias/work/software/dirac/trunk_master/test/basis_automatic_augmentation/test" "--binary-dir=/zfs/hybrilit.jinr.ru/user/m/milias/work/software/dirac/trunk_master/build_intelmpi_i4_mklpar" "--work-dir=/zfs/hybrilit.jinr.ru/user/m/milias/work/software/dirac/trunk_master/build_intelmpi_i4_mklpar/test/basis_automatic_augmentation" "--verbose"
68: Test timeout computed to be: 1500
40: 
40: running test: hf_lda+tfk_vemb-read_short water.sto6g.c2v
40: passed
40: 
40: running test: hf_lda+tfk_vemb-read_nofdekern_short water.sto6g.c2v
40: passed
40: 
40: running test: lda+tfk_vemb-read_short water.sto6g.c2v
40: passed
40: 
40: running test: lda+tfk_vemb-read_nofdekern_short water.sto6g.c2v
40: passed
40: 
40: running test: pbe+pw91k_vemb-update_short water.sto6g.c2v
40: passed
40: 
40: running test: hf_pbe+pw91k_vemb-update_short water.sto6g.c2v
40: passed
40: 
40: running test: pbe+pw91k_vemb-update_nofdekern_short water.sto6g.c2v
40: passed
40: 
40: running test: hf_pbe+pw91k_vemb-update_nofdekern_short water.sto6g.c2v
40: passed
40: 
40: running test: mp2_pbe+pw91k_vemb-update_short water.sto6g.c2v
40: passed
 5/71 Test  #40: fde_response_autodiff ............   Passed  259.87 sec
test 69
      Start  69: basis_contraction

69: Test command: /cvmfs/hybrilit.jinr.ru/sw/slc7_x86-64/Python/v3.6.5/bin/python "/zfs/hybrilit.jinr.ru/user/m/milias/work/software/dirac/trunk_master/test/basis_contraction/test" "--binary-dir=/zfs/hybrilit.jinr.ru/user/m/milias/work/software/dirac/trunk_master/build_intelmpi_i4_mklpar" "--work-dir=/zfs/hybrilit.jinr.ru/user/m/milias/work/software/dirac/trunk_master/build_intelmpi_i4_mklpar/test/basis_contraction" "--verbose"
69: Test timeout computed to be: 1500
69: 
69: running test: dhf H2O.large+small
69: passed
69: 
69: running test: dhf H2O.usingfiles
69: passed
 6/71 Test  #69: basis_contraction ................   Passed   32.37 sec
test 70
      Start  70: basis_input

70: Test command: /cvmfs/hybrilit.jinr.ru/sw/slc7_x86-64/Python/v3.6.5/bin/python "/zfs/hybrilit.jinr.ru/user/m/milias/work/software/dirac/trunk_master/test/basis_input/test" "--binary-dir=/zfs/hybrilit.jinr.ru/user/m/milias/work/software/dirac/trunk_master/build_intelmpi_i4_mklpar" "--work-dir=/zfs/hybrilit.jinr.ru/user/m/milias/work/software/dirac/trunk_master/build_intelmpi_i4_mklpar/test/basis_input" "--verbose"
70: Test timeout computed to be: 1500
20: 
20: running test: eom_ip h2o
20: passed
20: 
20: running test: eom_ip_dc_sym h2o
20: passed
20: 
20: running test: eom_ip_dc_sym_overlap h2o
20: passed
20: 
20: running test: eom_ee_dc_sym_overlap h2o
20: passed
20: 
20: running test: eom_ee_dc_sym h2o
20: passed
20: 
20: running test: eom_ip_linear f2
20: passed
20: 
20: running test: eom_ea_linear f2
20: passed
20: 
20: running test: eom_ee_linear_0g f2
20: passed
 7/71 Test  #20: eomcc ............................   Passed  330.20 sec
test 71
      Start  71: basis_input_scripted

71: Test command: /cvmfs/hybrilit.jinr.ru/sw/slc7_x86-64/Python/v3.6.5/bin/python "/zfs/hybrilit.jinr.ru/user/m/milias/work/software/dirac/trunk_master/test/basis_input_scripted/test" "--binary-dir=/zfs/hybrilit.jinr.ru/user/m/milias/work/software/dirac/trunk_master/build_intelmpi_i4_mklpar" "--work-dir=/zfs/hybrilit.jinr.ru/user/m/milias/work/software/dirac/trunk_master/build_intelmpi_i4_mklpar/test/basis_input_scripted" "--verbose"
71: Test timeout computed to be: 3600
71: Comprehensive test on basis set files reading.
71: - uses user provided environmental variables BSFILE, ZELEM, RANDOM_BSF_Z
71: - without specified envirovariables it runs through all basis sets each 14 th day in the moth
71: 
71: Nothing to check today, empty pass. If you want me to test some basis sets, specify environmental variables BSFILE, ZELEM, RANDOM_BSF_Z.
71: 
71: Summary: out of total 0 tests, 0 tests crashed. 
 8/71 Test  #71: basis_input_scripted .............   Passed    0.12 sec
test 72
      Start  72: bsse

72: Test command: /cvmfs/hybrilit.jinr.ru/sw/slc7_x86-64/Python/v3.6.5/bin/python "/zfs/hybrilit.jinr.ru/user/m/milias/work/software/dirac/trunk_master/test/bsse/test" "--binary-dir=/zfs/hybrilit.jinr.ru/user/m/milias/work/software/dirac/trunk_master/build_intelmpi_i4_mklpar" "--work-dir=/zfs/hybrilit.jinr.ru/user/m/milias/work/software/dirac/trunk_master/build_intelmpi_i4_mklpar/test/bsse" "--verbose"
72: Test timeout computed to be: 1500
70: 
70: running test: ch4 ch4_temp
70: passed
70: 
70: running test: ch4 ch4_explicit
70: passed
70: 
70: running test: ch4 ch4_explicit_small
70: passed
70: 
70: running test: ch4 ch4_family
70: passed
70: 
70: running test: ch4 ch4_dualfamily
70: passed
70: 
70: running test: ch4 ch4_basis
70: passed
70: 
70: running test: ch4 ch4_bsse
70: Traceback (most recent call last):
70:   File "/zfs/hybrilit.jinr.ru/user/m/milias/work/software/dirac/trunk_master/test/basis_input/test", line 28, in <module>
70:     test.run(['ch4.inp'], mol_files, f)
70:   File "/zfs/hybrilit.jinr.ru/user/m/milias/work/software/dirac/trunk_master/test/basis_input/../runtest_dirac.py", line 75, in run
70:     f.check(self.work_dir, '%s' % out, 'result/%s' % out, self.verbose)
70:   File "/zfs/hybrilit.jinr.ru/user/m/milias/work/software/dirac/trunk_master/test/basis_input/../runtest_v1.py", line 547, in check
70:     _check(self.filter_list, out_name, ref_name, verbose)
70:   File "/zfs/hybrilit.jinr.ru/user/m/milias/work/software/dirac/trunk_master/test/basis_input/../runtest_v1.py", line 310, in _check
70:     ref_filtered = filter_file(f, ref_name, open(ref_name).readlines())
70:   File "/cvmfs/hybrilit.jinr.ru/sw/slc7_x86-64/Python/v3.6.5/lib/python3.6/encodings/ascii.py", line 26, in decode
70:     return codecs.ascii_decode(input, self.errors)[0]
70: UnicodeDecodeError: 'ascii' codec can't decode byte 0xc3 in position 7671: ordinal not in range(128)
 9/71 Test  #70: basis_input ......................***Failed   40.05 sec
test 73
      Start  73: bss_energy

73: Test command: /cvmfs/hybrilit.jinr.ru/sw/slc7_x86-64/Python/v3.6.5/bin/python "/zfs/hybrilit.jinr.ru/user/m/milias/work/software/dirac/trunk_master/test/bss_energy/test" "--binary-dir=/zfs/hybrilit.jinr.ru/user/m/milias/work/software/dirac/trunk_master/build_intelmpi_i4_mklpar" "--work-dir=/zfs/hybrilit.jinr.ru/user/m/milias/work/software/dirac/trunk_master/build_intelmpi_i4_mklpar/test/bss_energy" "--verbose"
73: Test timeout computed to be: 1500
73: 
73: running test: HF.bss.cc Z80H.lsym.dir
73: Traceback (most recent call last):
73:   File "/zfs/hybrilit.jinr.ru/user/m/milias/work/software/dirac/trunk_master/test/bss_energy/test", line 19, in <module>
73:     test.run(['HF.bss.cc.inp'], ['Z80H.lsym.dir.mol'], f, args='--mw=80')
73:   File "/zfs/hybrilit.jinr.ru/user/m/milias/work/software/dirac/trunk_master/test/bss_energy/../runtest_dirac.py", line 75, in run
73:     f.check(self.work_dir, '%s' % out, 'result/%s' % out, self.verbose)
73:   File "/zfs/hybrilit.jinr.ru/user/m/milias/work/software/dirac/trunk_master/test/bss_energy/../runtest_v1.py", line 547, in check
73:     _check(self.filter_list, out_name, ref_name, verbose)
73:   File "/zfs/hybrilit.jinr.ru/user/m/milias/work/software/dirac/trunk_master/test/bss_energy/../runtest_v1.py", line 310, in _check
73:     ref_filtered = filter_file(f, ref_name, open(ref_name).readlines())
73:   File "/cvmfs/hybrilit.jinr.ru/sw/slc7_x86-64/Python/v3.6.5/lib/python3.6/encodings/ascii.py", line 26, in decode
73:     return codecs.ascii_decode(input, self.errors)[0]
73: UnicodeDecodeError: 'ascii' codec can't decode byte 0xc5 in position 5223: ordinal not in range(128)
10/71 Test  #73: bss_energy .......................***Failed   17.57 sec
test 74
      Start  74: pam_test

74: Test command: /cvmfs/hybrilit.jinr.ru/sw/slc7_x86-64/Python/v3.6.5/bin/python "/zfs/hybrilit.jinr.ru/user/m/milias/work/software/dirac/trunk_master/test/pam_test/test" "--binary-dir=/zfs/hybrilit.jinr.ru/user/m/milias/work/software/dirac/trunk_master/build_intelmpi_i4_mklpar" "--work-dir=/zfs/hybrilit.jinr.ru/user/m/milias/work/software/dirac/trunk_master/build_intelmpi_i4_mklpar/test/pam_test" "--verbose"
74: Test timeout computed to be: 1500
74: Operating system:      Linux
74: Current settings:
74:   Basis directories    .:/zfs/store5.hydra.local/user/m/milias/work/software/dirac/trunk_master/build_intelmpi_i4_mklpar/basis:/zfs/store5.hydra.local/user/m/milias/work/software/dirac/trunk_master/build_intelmpi_i4_mklpar/basis_dalton:/zfs/store5.hydra.local/user/m/milias/work/software/dirac/trunk_master/build_intelmpi_i4_mklpar/basis_ecp
74:   Scratch directory    /zfs/hybrilit.jinr.ru/user/m/milias/scratch/milias/DIRAC_dirac_output.102694_102694 (avail=3076.553[GB])
74:   Relevant for parallel builds:
74:     mpi launcher          /cvmfs/hybrilit.jinr.ru/sw/slc7_x86-64/intel/v2019.3.199/compilers_and_libraries_2019.3.199/linux/mpi/intel64/bin/mpirun
74:     mpirun extra args     None
74:     global scratch disk   True
74:     Machine file          None
74:     own mpirun command    None
74:   Profiler             None
74:   Debugger             None
74:   Dirac command        None
74:   Dirac executable     /zfs/store5.hydra.local/user/m/milias/work/software/dirac/trunk_master/build_intelmpi_i4_mklpar/dirac.x
72: 
72: running test: x2c.scf_autoocc HF.sto-2g.lsym
72: passed
72: 
72: running test: x2c.scf_autoocc.xyz HF
72: Traceback (most recent call last):
72:   File "/zfs/hybrilit.jinr.ru/user/m/milias/work/software/dirac/trunk_master/test/bsse/test", line 17, in <module>
72:     test.run(['x2c.scf_autoocc.xyz.inp'],     ['HF.xyz'], f)
72:   File "/zfs/hybrilit.jinr.ru/user/m/milias/work/software/dirac/trunk_master/test/bsse/../runtest_dirac.py", line 75, in run
72:     f.check(self.work_dir, '%s' % out, 'result/%s' % out, self.verbose)
72:   File "/zfs/hybrilit.jinr.ru/user/m/milias/work/software/dirac/trunk_master/test/bsse/../runtest_v1.py", line 547, in check
72:     _check(self.filter_list, out_name, ref_name, verbose)
72:   File "/zfs/hybrilit.jinr.ru/user/m/milias/work/software/dirac/trunk_master/test/bsse/../runtest_v1.py", line 310, in _check
72:     ref_filtered = filter_file(f, ref_name, open(ref_name).readlines())
72:   File "/cvmfs/hybrilit.jinr.ru/sw/slc7_x86-64/Python/v3.6.5/lib/python3.6/encodings/ascii.py", line 26, in decode
72:     return codecs.ascii_decode(input, self.errors)[0]
72: UnicodeDecodeError: 'ascii' codec can't decode byte 0xc5 in position 5223: ordinal not in range(128)
11/71 Test  #72: bsse .............................***Failed   21.84 sec
test 76
      Start  76: cc_linear

76: Test command: /cvmfs/hybrilit.jinr.ru/sw/slc7_x86-64/Python/v3.6.5/bin/python "/zfs/hybrilit.jinr.ru/user/m/milias/work/software/dirac/trunk_master/test/cc_linear/test" "--binary-dir=/zfs/hybrilit.jinr.ru/user/m/milias/work/software/dirac/trunk_master/build_intelmpi_i4_mklpar" "--work-dir=/zfs/hybrilit.jinr.ru/user/m/milias/work/software/dirac/trunk_master/build_intelmpi_i4_mklpar/test/cc_linear" "--verbose"
76: Test timeout computed to be: 1500
74: PAM oriented test based on runtest-in-DIRAC:
74: 
74: pam script: python /zfs/hybrilit.jinr.ru/user/m/milias/work/software/dirac/trunk_master/build_intelmpi_i4_mklpar/pam
74: 
74:  Running pam for showing of flags:
74: 
74: Running pam in parallel, with defined DIRAC_MPI_COMMAND =mpirun -np 2
74: 
74: running test with input files ['inptest.inp', 'CN.sto2g.mol'] and args --noarch
74: passed
12/71 Test  #74: pam_test .........................   Passed    5.64 sec
test 80
      Start  80: cosci_energy_spinfree

80: Test command: /cvmfs/hybrilit.jinr.ru/sw/slc7_x86-64/Python/v3.6.5/bin/python "/zfs/hybrilit.jinr.ru/user/m/milias/work/software/dirac/trunk_master/test/cosci_energy_spinfree/test" "--binary-dir=/zfs/hybrilit.jinr.ru/user/m/milias/work/software/dirac/trunk_master/build_intelmpi_i4_mklpar" "--work-dir=/zfs/hybrilit.jinr.ru/user/m/milias/work/software/dirac/trunk_master/build_intelmpi_i4_mklpar/test/cosci_energy_spinfree" "--verbose"
80: Test timeout computed to be: 1500
68: 
68: running test: hf Turbomole-DZP
68: passed
68: 
68: running test: hf Turbomole-TZVPP
68: passed
68: 
68: running test: hf aug-cc-pVDZ
68: passed
68: 
68: running test: hf d-a-Turbomole-DZP
68: passed
68: 
68: running test: hf d-aug-cc-pVDZ
68: passed
68: 
68: running test: hf d-aug-dyall.v2z
68: passed
68: 
68: running test: hf dyall.v2z
68: passed
68: 
68: running test: hf s-a-Turbomole-DZP
68: passed
68: 
68: running test: hf s-a-Turbomole-TZVPP
68: passed
68: 
68: running test: hf t-aug-cc-pVDZ
68: passed
13/71 Test  #68: basis_automatic_augmentation .....   Passed  129.30 sec
test 81
      Start  81: cosci_methods

81: Test command: /cvmfs/hybrilit.jinr.ru/sw/slc7_x86-64/Python/v3.6.5/bin/python "/zfs/hybrilit.jinr.ru/user/m/milias/work/software/dirac/trunk_master/test/cosci_methods/test" "--binary-dir=/zfs/hybrilit.jinr.ru/user/m/milias/work/software/dirac/trunk_master/build_intelmpi_i4_mklpar" "--work-dir=/zfs/hybrilit.jinr.ru/user/m/milias/work/software/dirac/trunk_master/build_intelmpi_i4_mklpar/test/cosci_methods" "--verbose"
81: Test timeout computed to be: 1500
76: 
76: running test: cc N2.ccpVDZ
76: Traceback (most recent call last):
76:   File "/zfs/hybrilit.jinr.ru/user/m/milias/work/software/dirac/trunk_master/test/cc_linear/test", line 22, in <module>
76:     test.run(['cc.inp'], ['N2.ccpVDZ.mol'], f, args='--gb=0.06 --ag=1.0')
76:   File "/zfs/hybrilit.jinr.ru/user/m/milias/work/software/dirac/trunk_master/test/cc_linear/../runtest_dirac.py", line 75, in run
76:     f.check(self.work_dir, '%s' % out, 'result/%s' % out, self.verbose)
76:   File "/zfs/hybrilit.jinr.ru/user/m/milias/work/software/dirac/trunk_master/test/cc_linear/../runtest_v1.py", line 547, in check
76:     _check(self.filter_list, out_name, ref_name, verbose)
76:   File "/zfs/hybrilit.jinr.ru/user/m/milias/work/software/dirac/trunk_master/test/cc_linear/../runtest_v1.py", line 310, in _check
76:     ref_filtered = filter_file(f, ref_name, open(ref_name).readlines())
76:   File "/cvmfs/hybrilit.jinr.ru/sw/slc7_x86-64/Python/v3.6.5/lib/python3.6/encodings/ascii.py", line 26, in decode
76:     return codecs.ascii_decode(input, self.errors)[0]
76: UnicodeDecodeError: 'ascii' codec can't decode byte 0xc5 in position 5220: ordinal not in range(128)
14/71 Test  #76: cc_linear ........................***Failed   28.85 sec
test 82
      Start  82: cosci_tmom

82: Test command: /cvmfs/hybrilit.jinr.ru/sw/slc7_x86-64/Python/v3.6.5/bin/python "/zfs/hybrilit.jinr.ru/user/m/milias/work/software/dirac/trunk_master/test/cosci_tmom/test" "--binary-dir=/zfs/hybrilit.jinr.ru/user/m/milias/work/software/dirac/trunk_master/build_intelmpi_i4_mklpar" "--work-dir=/zfs/hybrilit.jinr.ru/user/m/milias/work/software/dirac/trunk_master/build_intelmpi_i4_mklpar/test/cosci_tmom" "--verbose"
82: Test timeout computed to be: 1500
82: 
82: running test: cosci.Li2 Li2
82: Traceback (most recent call last):
82:   File "/zfs/hybrilit.jinr.ru/user/m/milias/work/software/dirac/trunk_master/test/cosci_tmom/test", line 16, in <module>
82:     test.run(['cosci.Li2.inp'], ['Li2.mol'],  f, args='--mw=120')
82:   File "/zfs/hybrilit.jinr.ru/user/m/milias/work/software/dirac/trunk_master/test/cosci_tmom/../runtest_dirac.py", line 75, in run
82:     f.check(self.work_dir, '%s' % out, 'result/%s' % out, self.verbose)
82:   File "/zfs/hybrilit.jinr.ru/user/m/milias/work/software/dirac/trunk_master/test/cosci_tmom/../runtest_v1.py", line 547, in check
82:     _check(self.filter_list, out_name, ref_name, verbose)
82:   File "/zfs/hybrilit.jinr.ru/user/m/milias/work/software/dirac/trunk_master/test/cosci_tmom/../runtest_v1.py", line 310, in _check
82:     ref_filtered = filter_file(f, ref_name, open(ref_name).readlines())
82:   File "/cvmfs/hybrilit.jinr.ru/sw/slc7_x86-64/Python/v3.6.5/lib/python3.6/encodings/ascii.py", line 26, in decode
82:     return codecs.ascii_decode(input, self.errors)[0]
82: UnicodeDecodeError: 'ascii' codec can't decode byte 0xc3 in position 7705: ordinal not in range(128)
15/71 Test  #82: cosci_tmom .......................***Failed   16.97 sec
test 83
      Start  83: density_at_nuclei

83: Test command: /cvmfs/hybrilit.jinr.ru/sw/slc7_x86-64/Python/v3.6.5/bin/python "/zfs/hybrilit.jinr.ru/user/m/milias/work/software/dirac/trunk_master/test/density_at_nuclei/test" "--binary-dir=/zfs/hybrilit.jinr.ru/user/m/milias/work/software/dirac/trunk_master/build_intelmpi_i4_mklpar" "--work-dir=/zfs/hybrilit.jinr.ru/user/m/milias/work/software/dirac/trunk_master/build_intelmpi_i4_mklpar/test/density_at_nuclei" "--verbose"
83: Test timeout computed to be: 1500
80: 
80: running test: ci F
80: passed
80: 
80: running test: bss_rkb_sfB.ci F
80: passed
80: 
80: running test: bss_rkb_sfE.ci F
80: passed
80: 
80: running test: bss_sfB.ci F
80: passed
16/71 Test  #80: cosci_energy_spinfree ............   Passed   52.84 sec
test 84
      Start  84: dft_betasigma

84: Test command: /cvmfs/hybrilit.jinr.ru/sw/slc7_x86-64/Python/v3.6.5/bin/python "/zfs/hybrilit.jinr.ru/user/m/milias/work/software/dirac/trunk_master/test/dft_betasigma/test" "--binary-dir=/zfs/hybrilit.jinr.ru/user/m/milias/work/software/dirac/trunk_master/build_intelmpi_i4_mklpar" "--work-dir=/zfs/hybrilit.jinr.ru/user/m/milias/work/software/dirac/trunk_master/build_intelmpi_i4_mklpar/test/dft_betasigma" "--verbose"
84: Test timeout computed to be: 1500
41: 
41: running test: fde_dc_hf_exportdens_short water.sto6g
41: passed
41: 
41: running test: fde_dc_lda_exportdens_short water.sto6g
41: passed
41: 
41: running test: fde_dc_mp2_exportdens_short water.sto6g
41: passed
41: 
41: running test: fde_dc_ccsd_exportdens_short water.sto6g
41: passed
41: 
41: running test: fde_dc_hf_exportdens_oldesp_short water.sto6g
41: passed
41: 
41: running test: fde_dc_lda_exportdens_oldesp_short water.sto6g
41: passed
41: 
41: running test: fde_dc_mp2_exportdens_oldesp_short water.sto6g
41: passed
41: 
41: running test: fde_dc_ccsd_exportdens_oldesp_short water.sto6g
41: passed
17/71 Test  #41: fde_export_density ...............   Passed  341.49 sec
test 85
      Start  85: dft_cam

85: Test command: /cvmfs/hybrilit.jinr.ru/sw/slc7_x86-64/Python/v3.6.5/bin/python "/zfs/hybrilit.jinr.ru/user/m/milias/work/software/dirac/trunk_master/test/dft_cam/test" "--binary-dir=/zfs/hybrilit.jinr.ru/user/m/milias/work/software/dirac/trunk_master/build_intelmpi_i4_mklpar" "--work-dir=/zfs/hybrilit.jinr.ru/user/m/milias/work/software/dirac/trunk_master/build_intelmpi_i4_mklpar/test/dft_cam" "--verbose"
85: Test timeout computed to be: 1500
83: 
83: running test: Rhonuc CO
83: Traceback (most recent call last):
83:   File "/zfs/hybrilit.jinr.ru/user/m/milias/work/software/dirac/trunk_master/test/density_at_nuclei/test", line 15, in <module>
83:     test.run(['Rhonuc.inp'], ['CO.mol'], f)
83:   File "/zfs/hybrilit.jinr.ru/user/m/milias/work/software/dirac/trunk_master/test/density_at_nuclei/../runtest_dirac.py", line 75, in run
83:     f.check(self.work_dir, '%s' % out, 'result/%s' % out, self.verbose)
83:   File "/zfs/hybrilit.jinr.ru/user/m/milias/work/software/dirac/trunk_master/test/density_at_nuclei/../runtest_v1.py", line 547, in check
83:     _check(self.filter_list, out_name, ref_name, verbose)
83:   File "/zfs/hybrilit.jinr.ru/user/m/milias/work/software/dirac/trunk_master/test/density_at_nuclei/../runtest_v1.py", line 310, in _check
83:     ref_filtered = filter_file(f, ref_name, open(ref_name).readlines())
83:   File "/cvmfs/hybrilit.jinr.ru/sw/slc7_x86-64/Python/v3.6.5/lib/python3.6/encodings/ascii.py", line 26, in decode
83:     return codecs.ascii_decode(input, self.errors)[0]
83: UnicodeDecodeError: 'ascii' codec can't decode byte 0xc3 in position 7877: ordinal not in range(128)
18/71 Test  #83: density_at_nuclei ................***Failed   29.50 sec
test 86
      Start  86: dft_erf_xcfun

86: Test command: /cvmfs/hybrilit.jinr.ru/sw/slc7_x86-64/Python/v3.6.5/bin/python "/zfs/hybrilit.jinr.ru/user/m/milias/work/software/dirac/trunk_master/test/dft_erf_xcfun/test" "--binary-dir=/zfs/hybrilit.jinr.ru/user/m/milias/work/software/dirac/trunk_master/build_intelmpi_i4_mklpar" "--work-dir=/zfs/hybrilit.jinr.ru/user/m/milias/work/software/dirac/trunk_master/build_intelmpi_i4_mklpar/test/dft_erf_xcfun" "--verbose"
86: Test timeout computed to be: 1500
81: 
81: running test: ci.1 O
81: passed
81: 
81: running test: ci.2 O
81: passed
81: 
81: running test: ci.3 O
81: passed
81: 
81: running test: ci.4 O
81: passed
81: 
81: running test: O.bss_sfB.scf_ci O
81: passed
81: 
81: running test: O.bss+mfsso.postscf.ci O
81: passed
81: 
81: running test: O.bss+mfsso.scf_ci O
81: passed
81: 
81: running test: O.bss.scf_ci O
81: passed
19/71 Test  #81: cosci_methods ....................   Passed   70.20 sec
test 87
      Start  87: dft_lao_mag_prop

87: Test command: /cvmfs/hybrilit.jinr.ru/sw/slc7_x86-64/Python/v3.6.5/bin/python "/zfs/hybrilit.jinr.ru/user/m/milias/work/software/dirac/trunk_master/test/dft_lao_mag_prop/test" "--binary-dir=/zfs/hybrilit.jinr.ru/user/m/milias/work/software/dirac/trunk_master/build_intelmpi_i4_mklpar" "--work-dir=/zfs/hybrilit.jinr.ru/user/m/milias/work/software/dirac/trunk_master/build_intelmpi_i4_mklpar/test/dft_lao_mag_prop" "--verbose"
87: Test timeout computed to be: 1500
84: 
84: running test: lda_sigma he
84: passed
84: 
84: running test: lda_betasigma he
84: passed
84: 
84: running test: blyp_sigma he
84: passed
84: 
84: running test: blyp_betasigma he
84: passed
20/71 Test  #84: dft_betasigma ....................   Passed   38.20 sec
test 88
      Start  88: dft_pp86

88: Test command: /cvmfs/hybrilit.jinr.ru/sw/slc7_x86-64/Python/v3.6.5/bin/python "/zfs/hybrilit.jinr.ru/user/m/milias/work/software/dirac/trunk_master/test/dft_pp86/test" "--binary-dir=/zfs/hybrilit.jinr.ru/user/m/milias/work/software/dirac/trunk_master/build_intelmpi_i4_mklpar" "--work-dir=/zfs/hybrilit.jinr.ru/user/m/milias/work/software/dirac/trunk_master/build_intelmpi_i4_mklpar/test/dft_pp86" "--verbose"
88: Test timeout computed to be: 1500
86: 
86: running test: ldaerf he
86: passed
86: 
86: running test: ldaerf ne
86: passed
86: 
86: running test: ldaerf_jt he
86: passed
86: 
86: running test: ldaerf_jt ne
86: passed
21/71 Test  #86: dft_erf_xcfun ....................   Passed   52.72 sec
test 89
      Start  89: dirac_mointegral_export

89: Test command: /cvmfs/hybrilit.jinr.ru/sw/slc7_x86-64/Python/v3.6.5/bin/python "/zfs/hybrilit.jinr.ru/user/m/milias/work/software/dirac/trunk_master/test/dirac_mointegral_export/test" "--binary-dir=/zfs/hybrilit.jinr.ru/user/m/milias/work/software/dirac/trunk_master/build_intelmpi_i4_mklpar" "--work-dir=/zfs/hybrilit.jinr.ru/user/m/milias/work/software/dirac/trunk_master/build_intelmpi_i4_mklpar/test/dirac_mointegral_export" "--verbose"
89: Test timeout computed to be: 1500
85: 
85: running test: camb3lyp ne
85: passed
85: 
85: running test: camb3lyp_explicit ne
85: passed
85: 
85: running test: b3lyp ne
85: passed
85: 
85: running test: b3lyp_via_cam ne
85: passed
22/71 Test  #85: dft_cam ..........................   Passed   91.20 sec
test 90
      Start  90: ecp

90: Test command: /cvmfs/hybrilit.jinr.ru/sw/slc7_x86-64/Python/v3.6.5/bin/python "/zfs/hybrilit.jinr.ru/user/m/milias/work/software/dirac/trunk_master/test/ecp/test" "--binary-dir=/zfs/hybrilit.jinr.ru/user/m/milias/work/software/dirac/trunk_master/build_intelmpi_i4_mklpar" "--work-dir=/zfs/hybrilit.jinr.ru/user/m/milias/work/software/dirac/trunk_master/build_intelmpi_i4_mklpar/test/ecp" "--verbose"
90: Test timeout computed to be: 1500
89: 
89: running test with input files ['BeH.x2c_scf_relcc.inp', 'BeH.sto-2g.lsym.mol'] and args --get="MDCINT MRCONEE"
89: passed
89: 
89: running test:  "/zfs/hybrilit.jinr.ru/user/m/milias/work/software/dirac/trunk_master/build_intelmpi_i4_mklpar/dirac_mointegral_export.x" fcidump  
89: passed
23/71 Test  #89: dirac_mointegral_export ..........   Passed   22.97 sec
test 91
      Start  91: ecp_nio6

91: Test command: /cvmfs/hybrilit.jinr.ru/sw/slc7_x86-64/Python/v3.6.5/bin/python "/zfs/hybrilit.jinr.ru/user/m/milias/work/software/dirac/trunk_master/test/ecp_nio6/test" "--binary-dir=/zfs/hybrilit.jinr.ru/user/m/milias/work/software/dirac/trunk_master/build_intelmpi_i4_mklpar" "--work-dir=/zfs/hybrilit.jinr.ru/user/m/milias/work/software/dirac/trunk_master/build_intelmpi_i4_mklpar/test/ecp_nio6" "--verbose"
91: Test timeout computed to be: 1500
88: 
88: running test: pp86 ne
88: passed
88: 
88: running test: pp86_ggakey ne
88: passed
88: 
88: running test: pp86_xcfun ne
88: passed
88: 
88: running test: pw86x ne
88: passed
88: 
88: running test: pw86x_xcfun ne
88: passed
88: 
88: running test: p86c ne
88: passed
88: 
88: running test: p86c_xcfun ne
88: passed
24/71 Test  #88: dft_pp86 .........................   Passed   89.47 sec
test 92
      Start  92: free-particle_projection

92: Test command: /cvmfs/hybrilit.jinr.ru/sw/slc7_x86-64/Python/v3.6.5/bin/python "/zfs/hybrilit.jinr.ru/user/m/milias/work/software/dirac/trunk_master/test/free-particle_projection/test" "--binary-dir=/zfs/hybrilit.jinr.ru/user/m/milias/work/software/dirac/trunk_master/build_intelmpi_i4_mklpar" "--work-dir=/zfs/hybrilit.jinr.ru/user/m/milias/work/software/dirac/trunk_master/build_intelmpi_i4_mklpar/test/free-particle_projection" "--verbose"
92: Test timeout computed to be: 1500
91: 
91: running test: NiO6_d8_ECP10SF_4PC NiO6_d8_ECP10SF_4PC
91: passed
25/71 Test  #91: ecp_nio6 .........................   Passed   43.37 sec
test 93
      Start  93: gaunt

93: Test command: /cvmfs/hybrilit.jinr.ru/sw/slc7_x86-64/Python/v3.6.5/bin/python "/zfs/hybrilit.jinr.ru/user/m/milias/work/software/dirac/trunk_master/test/gaunt/test" "--binary-dir=/zfs/hybrilit.jinr.ru/user/m/milias/work/software/dirac/trunk_master/build_intelmpi_i4_mklpar" "--work-dir=/zfs/hybrilit.jinr.ru/user/m/milias/work/software/dirac/trunk_master/build_intelmpi_i4_mklpar/test/gaunt" "--verbose"
93: Test timeout computed to be: 1500
92: 
92: running test: std Hg
92: passed
92: 
92: running test: free Hg
92: passed
26/71 Test  #92: free-particle_projection .........   Passed   14.83 sec
test 94
      Start  94: krci_properties_perm_dipmom

94: Test command: /cvmfs/hybrilit.jinr.ru/sw/slc7_x86-64/Python/v3.6.5/bin/python "/zfs/hybrilit.jinr.ru/user/m/milias/work/software/dirac/trunk_master/test/krci_properties_perm_dipmom/test" "--binary-dir=/zfs/hybrilit.jinr.ru/user/m/milias/work/software/dirac/trunk_master/build_intelmpi_i4_mklpar" "--work-dir=/zfs/hybrilit.jinr.ru/user/m/milias/work/software/dirac/trunk_master/build_intelmpi_i4_mklpar/test/krci_properties_perm_dipmom" "--verbose"
94: Test timeout computed to be: 1500
90: 
90: running test: HF HI_arep
90: passed
90: 
90: running test: HF HI_sorep
90: passed
90: 
90: running test: HF HI_ecplib
90: passed
90: 
90: running test: DFT Bi2
90: passed
27/71 Test  #90: ecp ..............................   Passed   59.32 sec
test 95
      Start  95: linear_structures

95: Test command: /cvmfs/hybrilit.jinr.ru/sw/slc7_x86-64/Python/v3.6.5/bin/python "/zfs/hybrilit.jinr.ru/user/m/milias/work/software/dirac/trunk_master/test/linear_structures/test" "--binary-dir=/zfs/hybrilit.jinr.ru/user/m/milias/work/software/dirac/trunk_master/build_intelmpi_i4_mklpar" "--work-dir=/zfs/hybrilit.jinr.ru/user/m/milias/work/software/dirac/trunk_master/build_intelmpi_i4_mklpar/test/linear_structures" "--verbose"
95: Test timeout computed to be: 1500
95: 
95: running test: x2c.scf HeNe2.lsym1
95: Traceback (most recent call last):
95:   File "/zfs/hybrilit.jinr.ru/user/m/milias/work/software/dirac/trunk_master/test/linear_structures/test", line 19, in <module>
95:     test.run(['x2c.scf.inp'], ['HeNe2.lsym1.mol', 'He2Ne2.lsym1.mol', 'HeNe3.lsym.mol'], f)
95:   File "/zfs/hybrilit.jinr.ru/user/m/milias/work/software/dirac/trunk_master/test/linear_structures/../runtest_dirac.py", line 75, in run
95:     f.check(self.work_dir, '%s' % out, 'result/%s' % out, self.verbose)
95:   File "/zfs/hybrilit.jinr.ru/user/m/milias/work/software/dirac/trunk_master/test/linear_structures/../runtest_v1.py", line 547, in check
95:     _check(self.filter_list, out_name, ref_name, verbose)
95:   File "/zfs/hybrilit.jinr.ru/user/m/milias/work/software/dirac/trunk_master/test/linear_structures/../runtest_v1.py", line 310, in _check
95:     ref_filtered = filter_file(f, ref_name, open(ref_name).readlines())
95:   File "/cvmfs/hybrilit.jinr.ru/sw/slc7_x86-64/Python/v3.6.5/lib/python3.6/encodings/ascii.py", line 26, in decode
95:     return codecs.ascii_decode(input, self.errors)[0]
95: UnicodeDecodeError: 'ascii' codec can't decode byte 0xc5 in position 5223: ordinal not in range(128)
28/71 Test  #95: linear_structures ................***Failed   15.64 sec
test 96
      Start  96: mcscf_properties

96: Test command: /cvmfs/hybrilit.jinr.ru/sw/slc7_x86-64/Python/v3.6.5/bin/python "/zfs/hybrilit.jinr.ru/user/m/milias/work/software/dirac/trunk_master/test/mcscf_properties/test" "--binary-dir=/zfs/hybrilit.jinr.ru/user/m/milias/work/software/dirac/trunk_master/build_intelmpi_i4_mklpar" "--work-dir=/zfs/hybrilit.jinr.ru/user/m/milias/work/software/dirac/trunk_master/build_intelmpi_i4_mklpar/test/mcscf_properties" "--verbose"
96: Test timeout computed to be: 1500
93: 
93: running test: gaunt Ne.C2
93: passed
29/71 Test  #93: gaunt ............................   Passed   42.84 sec
test 97
      Start  97: mp2_energy

97: Test command: /cvmfs/hybrilit.jinr.ru/sw/slc7_x86-64/Python/v3.6.5/bin/python "/zfs/hybrilit.jinr.ru/user/m/milias/work/software/dirac/trunk_master/test/mp2_energy/test" "--binary-dir=/zfs/hybrilit.jinr.ru/user/m/milias/work/software/dirac/trunk_master/build_intelmpi_i4_mklpar" "--work-dir=/zfs/hybrilit.jinr.ru/user/m/milias/work/software/dirac/trunk_master/build_intelmpi_i4_mklpar/test/mp2_energy" "--verbose"
97: Test timeout computed to be: 1500
94: 
94: running test: h3 H3
94: passed
30/71 Test  #94: krci_properties_perm_dipmom ......   Passed   59.56 sec
test 98
      Start  98: mp2_srdft_energies

98: Test command: /cvmfs/hybrilit.jinr.ru/sw/slc7_x86-64/Python/v3.6.5/bin/python "/zfs/hybrilit.jinr.ru/user/m/milias/work/software/dirac/trunk_master/test/mp2_srdft_energies/test" "--binary-dir=/zfs/hybrilit.jinr.ru/user/m/milias/work/software/dirac/trunk_master/build_intelmpi_i4_mklpar" "--work-dir=/zfs/hybrilit.jinr.ru/user/m/milias/work/software/dirac/trunk_master/build_intelmpi_i4_mklpar/test/mp2_srdft_energies" "--verbose"
98: Test timeout computed to be: 1500
97: 
97: running test: MP2 H2O
97: Traceback (most recent call last):
97:   File "/zfs/hybrilit.jinr.ru/user/m/milias/work/software/dirac/trunk_master/test/mp2_energy/test", line 16, in <module>
97:     test.run(['MP2.inp'], ['H2O.mol'], f)
97:   File "/zfs/hybrilit.jinr.ru/user/m/milias/work/software/dirac/trunk_master/test/mp2_energy/../runtest_dirac.py", line 75, in run
97:     f.check(self.work_dir, '%s' % out, 'result/%s' % out, self.verbose)
97:   File "/zfs/hybrilit.jinr.ru/user/m/milias/work/software/dirac/trunk_master/test/mp2_energy/../runtest_v1.py", line 547, in check
97:     _check(self.filter_list, out_name, ref_name, verbose)
97:   File "/zfs/hybrilit.jinr.ru/user/m/milias/work/software/dirac/trunk_master/test/mp2_energy/../runtest_v1.py", line 310, in _check
97:     ref_filtered = filter_file(f, ref_name, open(ref_name).readlines())
97:   File "/cvmfs/hybrilit.jinr.ru/sw/slc7_x86-64/Python/v3.6.5/lib/python3.6/encodings/ascii.py", line 26, in decode
97:     return codecs.ascii_decode(input, self.errors)[0]
97: UnicodeDecodeError: 'ascii' codec can't decode byte 0xc3 in position 7671: ordinal not in range(128)
31/71 Test  #97: mp2_energy .......................***Failed   24.92 sec
test 99
      Start  99: mp2_natural_orbitals

99: Test command: /cvmfs/hybrilit.jinr.ru/sw/slc7_x86-64/Python/v3.6.5/bin/python "/zfs/hybrilit.jinr.ru/user/m/milias/work/software/dirac/trunk_master/test/mp2_natural_orbitals/test" "--binary-dir=/zfs/hybrilit.jinr.ru/user/m/milias/work/software/dirac/trunk_master/build_intelmpi_i4_mklpar" "--work-dir=/zfs/hybrilit.jinr.ru/user/m/milias/work/software/dirac/trunk_master/build_intelmpi_i4_mklpar/test/mp2_natural_orbitals" "--verbose"
99: Test timeout computed to be: 1500
87: 
87: running test: sdft_lda_dc_nc_rkb hehe
87: passed
87: 
87: running test: sdft_lda_dc_nc_rkb_g987 hehe
87: passed
87: 
87: running test: sdft_lda_dc_sc_rkb hehe
87: passed
87: 
87: running test: sdft_lda_dc_sc_rkb_g987 hehe
87: passed
87: 
87: running test: sdft_b3lyp_dc_nc_rkb hehe
87: passed
87: 
87: running test: sdft_b3lyp_dc_nc_rkb_g987 hehe
87: passed
87: 
87: running test: sdft_b3lyp_dc_sc_rkb hehe
87: passed
87: 
87: running test: sdft_b3lyp_dc_sc_rkb_g987 hehe
87: passed
32/71 Test  #87: dft_lao_mag_prop .................   Passed  192.90 sec
test 100
      Start 100: open-shells

100: Test command: /cvmfs/hybrilit.jinr.ru/sw/slc7_x86-64/Python/v3.6.5/bin/python "/zfs/hybrilit.jinr.ru/user/m/milias/work/software/dirac/trunk_master/test/open-shells/test" "--binary-dir=/zfs/hybrilit.jinr.ru/user/m/milias/work/software/dirac/trunk_master/build_intelmpi_i4_mklpar" "--work-dir=/zfs/hybrilit.jinr.ru/user/m/milias/work/software/dirac/trunk_master/build_intelmpi_i4_mklpar/test/open-shells" "--verbose"
100: Test timeout computed to be: 1500
98: 
98: running test: srLDA He2
98: passed
98: 
98: running test: srPBEH He2
98: passed
98: 
98: running test: srPBES He2
98: passed
33/71 Test  #98: mp2_srdft_energies ...............   Passed   38.28 sec
test 102
      Start 102: pvc_scf

102: Test command: /cvmfs/hybrilit.jinr.ru/sw/slc7_x86-64/Python/v3.6.5/bin/python "/zfs/hybrilit.jinr.ru/user/m/milias/work/software/dirac/trunk_master/test/pvc_scf/test" "--binary-dir=/zfs/hybrilit.jinr.ru/user/m/milias/work/software/dirac/trunk_master/build_intelmpi_i4_mklpar" "--work-dir=/zfs/hybrilit.jinr.ru/user/m/milias/work/software/dirac/trunk_master/build_intelmpi_i4_mklpar/test/pvc_scf" "--verbose"
102: Test timeout computed to be: 1500
99: 
99: running test: hf cinfv
99: passed
99: 
99: running test: hf c2v
99: passed
99: 
99: running test: f2 dinfh
99: passed
34/71 Test  #99: mp2_natural_orbitals .............   Passed   45.22 sec
test 103
      Start 103: response_C6

103: Test command: /cvmfs/hybrilit.jinr.ru/sw/slc7_x86-64/Python/v3.6.5/bin/python "/zfs/hybrilit.jinr.ru/user/m/milias/work/software/dirac/trunk_master/test/response_C6/test" "--binary-dir=/zfs/hybrilit.jinr.ru/user/m/milias/work/software/dirac/trunk_master/build_intelmpi_i4_mklpar" "--work-dir=/zfs/hybrilit.jinr.ru/user/m/milias/work/software/dirac/trunk_master/build_intelmpi_i4_mklpar/test/response_C6" "--verbose"
103: Test timeout computed to be: 1500
103: 
103: running test: C6 Ne
103: passed
35/71 Test #103: response_C6 ......................   Passed   22.12 sec
test 104
      Start 104: response_hf_polarizability

104: Test command: /cvmfs/hybrilit.jinr.ru/sw/slc7_x86-64/Python/v3.6.5/bin/python "/zfs/hybrilit.jinr.ru/user/m/milias/work/software/dirac/trunk_master/test/response_hf_polarizability/test" "--binary-dir=/zfs/hybrilit.jinr.ru/user/m/milias/work/software/dirac/trunk_master/build_intelmpi_i4_mklpar" "--work-dir=/zfs/hybrilit.jinr.ru/user/m/milias/work/software/dirac/trunk_master/build_intelmpi_i4_mklpar/test/response_hf_polarizability" "--verbose"
104: Test timeout computed to be: 1500
102: 
102: running test: point_charge h2o2
102: passed
102: 
102: running test: gaussian_model h2o2
102: passed
36/71 Test #102: pvc_scf ..........................   Passed   36.33 sec
test 105
      Start 105: response_lao_shield

105: Test command: /cvmfs/hybrilit.jinr.ru/sw/slc7_x86-64/Python/v3.6.5/bin/python "/zfs/hybrilit.jinr.ru/user/m/milias/work/software/dirac/trunk_master/test/response_lao_shield/test" "--binary-dir=/zfs/hybrilit.jinr.ru/user/m/milias/work/software/dirac/trunk_master/build_intelmpi_i4_mklpar" "--work-dir=/zfs/hybrilit.jinr.ru/user/m/milias/work/software/dirac/trunk_master/build_intelmpi_i4_mklpar/test/response_lao_shield" "--verbose"
105: Test timeout computed to be: 1500
96: 
96: running test: Be Be
96: passed
37/71 Test  #96: mcscf_properties .................   Passed  125.12 sec
test 106
      Start 106: response_lao_magnetiz

106: Test command: /cvmfs/hybrilit.jinr.ru/sw/slc7_x86-64/Python/v3.6.5/bin/python "/zfs/hybrilit.jinr.ru/user/m/milias/work/software/dirac/trunk_master/test/response_lao_magnetiz/test" "--binary-dir=/zfs/hybrilit.jinr.ru/user/m/milias/work/software/dirac/trunk_master/build_intelmpi_i4_mklpar" "--work-dir=/zfs/hybrilit.jinr.ru/user/m/milias/work/software/dirac/trunk_master/build_intelmpi_i4_mklpar/test/response_lao_magnetiz" "--verbose"
106: Test timeout computed to be: 1500
104: 
104: running test: dc H2O
104: passed
104: 
104: running test: bss H2O
104: passed
104: 
104: running test: bss+mfsso H2O
104: passed
104: 
104: running test: bss_rkb+mfsso H2O
104: passed
38/71 Test #104: response_hf_polarizability .......   Passed   85.92 sec
test 107
      Start 107: response_lao_magnetiz_dft

107: Test command: /cvmfs/hybrilit.jinr.ru/sw/slc7_x86-64/Python/v3.6.5/bin/python "/zfs/hybrilit.jinr.ru/user/m/milias/work/software/dirac/trunk_master/test/response_lao_magnetiz_dft/test" "--binary-dir=/zfs/hybrilit.jinr.ru/user/m/milias/work/software/dirac/trunk_master/build_intelmpi_i4_mklpar" "--work-dir=/zfs/hybrilit.jinr.ru/user/m/milias/work/software/dirac/trunk_master/build_intelmpi_i4_mklpar/test/response_lao_magnetiz_dft" "--verbose"
107: Test timeout computed to be: 1500
100: 
100: running test: B.x2c.scf_2P12 B.lsym
100: passed
100: 
100: running test: B.x2c.scf_2P32_reord B.lsym
100: passed
100: 
100: running test: CH.x2c.scf_mj.2Pi12 CH.lsym
100: passed
100: 
100: running test: CH.x2c.scf_mj.2Pi32 CH.lsym
100: passed
100: 
100: running test: C.x2c.2os_scf_2fs_openfact1_olevel C.lsym
100: passed
100: 
100: running test: F.x2c.scf_2P32 F.lsym
100: passed
100: 
100: running test: F.x2c.scf_2P12_reord F.lsym
100: passed
100: 
100: running test: CH.x2c.scf.2Pi12 CH.lsym
100: passed
100: 
100: running test: CH.x2c.scf.2Pi32_reord CH.lsym
100: passed
100: 
100: running test: CO.x2c.scf CO.sto-2g
100: passed
100: 
100: running test: CO_1p.x2c.scf_4sigma CO.sto-2g
100: passed
100: 
100: running test: CO_1p.x2c.scf_5sigma CO.sto-2g
100: passed
39/71 Test #100: open-shells ......................   Passed  128.54 sec
test 108
      Start 108: response_nmr_levy-leblond

108: Test command: /cvmfs/hybrilit.jinr.ru/sw/slc7_x86-64/Python/v3.6.5/bin/python "/zfs/hybrilit.jinr.ru/user/m/milias/work/software/dirac/trunk_master/test/response_nmr_levy-leblond/test" "--binary-dir=/zfs/hybrilit.jinr.ru/user/m/milias/work/software/dirac/trunk_master/build_intelmpi_i4_mklpar" "--work-dir=/zfs/hybrilit.jinr.ru/user/m/milias/work/software/dirac/trunk_master/build_intelmpi_i4_mklpar/test/response_nmr_levy-leblond" "--verbose"
108: Test timeout computed to be: 1500
108: 
108: running test: levy-leblond H2O
108: passed
40/71 Test #108: response_nmr_levy-leblond ........   Passed   32.12 sec
test 109
      Start 109: response_rkbimp_shield

109: Test command: /cvmfs/hybrilit.jinr.ru/sw/slc7_x86-64/Python/v3.6.5/bin/python "/zfs/hybrilit.jinr.ru/user/m/milias/work/software/dirac/trunk_master/test/response_rkbimp_shield/test" "--binary-dir=/zfs/hybrilit.jinr.ru/user/m/milias/work/software/dirac/trunk_master/build_intelmpi_i4_mklpar" "--work-dir=/zfs/hybrilit.jinr.ru/user/m/milias/work/software/dirac/trunk_master/build_intelmpi_i4_mklpar/test/response_rkbimp_shield" "--verbose"
109: Test timeout computed to be: 1500
106: 
106: running test: LiH.dc_ukb.linresp_ep_magnetiz_lao-go_cm LiH.lsym
106: passed
106: 
106: running test: LiH.dc_rkb.linresp_ee_magnetiz_lao-go_cm LiH.lsym
106: passed
106: 
106: running test: LiH.levyle.linresp_magnetiz_lao-go_cm LiH.lsym
106: passed
106: 
106: running test: LiH.dc_ukb.linresp_ep_magnetiz_lao-go_1 LiH.C1
106: passed
106: 
106: running test: LiH.dc_rkb.linresp_ee_magnetiz_lao-go_1 LiH.C1
106: passed
106: 
106: running test: LiH.levyle.linresp_magnetiz_lao-go_1 LiH.C1
106: passed
41/71 Test #106: response_lao_magnetiz ............   Passed  115.18 sec
test 110
      Start 110: symmetry_recognition

110: Test command: /cvmfs/hybrilit.jinr.ru/sw/slc7_x86-64/Python/v3.6.5/bin/python "/zfs/hybrilit.jinr.ru/user/m/milias/work/software/dirac/trunk_master/test/symmetry_recognition/test" "--binary-dir=/zfs/hybrilit.jinr.ru/user/m/milias/work/software/dirac/trunk_master/build_intelmpi_i4_mklpar" "--work-dir=/zfs/hybrilit.jinr.ru/user/m/milias/work/software/dirac/trunk_master/build_intelmpi_i4_mklpar/test/symmetry_recognition" "--verbose"
110: Test timeout computed to be: 1500
109: 
109: running test: rkb He
109: Traceback (most recent call last):
109:   File "/zfs/hybrilit.jinr.ru/user/m/milias/work/software/dirac/trunk_master/test/response_rkbimp_shield/test", line 17, in <module>
109:     test.run(['rkb.inp'], ['He.mol'], f, args='--outcmo')
109:   File "/zfs/hybrilit.jinr.ru/user/m/milias/work/software/dirac/trunk_master/test/response_rkbimp_shield/../runtest_dirac.py", line 75, in run
109:     f.check(self.work_dir, '%s' % out, 'result/%s' % out, self.verbose)
109:   File "/zfs/hybrilit.jinr.ru/user/m/milias/work/software/dirac/trunk_master/test/response_rkbimp_shield/../runtest_v1.py", line 547, in check
109:     _check(self.filter_list, out_name, ref_name, verbose)
109:   File "/zfs/hybrilit.jinr.ru/user/m/milias/work/software/dirac/trunk_master/test/response_rkbimp_shield/../runtest_v1.py", line 310, in _check
109:     ref_filtered = filter_file(f, ref_name, open(ref_name).readlines())
109:   File "/cvmfs/hybrilit.jinr.ru/sw/slc7_x86-64/Python/v3.6.5/lib/python3.6/encodings/ascii.py", line 26, in decode
109:     return codecs.ascii_decode(input, self.errors)[0]
109: UnicodeDecodeError: 'ascii' codec can't decode byte 0xc3 in position 6722: ordinal not in range(128)
42/71 Test #109: response_rkbimp_shield ...........***Failed   15.32 sec
test 111
      Start 111: visual_div_rot

111: Test command: /cvmfs/hybrilit.jinr.ru/sw/slc7_x86-64/Python/v3.6.5/bin/python "/zfs/hybrilit.jinr.ru/user/m/milias/work/software/dirac/trunk_master/test/visual_div_rot/test" "--binary-dir=/zfs/hybrilit.jinr.ru/user/m/milias/work/software/dirac/trunk_master/build_intelmpi_i4_mklpar" "--work-dir=/zfs/hybrilit.jinr.ru/user/m/milias/work/software/dirac/trunk_master/build_intelmpi_i4_mklpar/test/visual_div_rot" "--verbose"
111: Test timeout computed to be: 1500
105: 
105: running test: LiH.levyle.shield_lao_go=cm LiH.lsym.dir
105: passed
105: 
105: running test: LiH.dc_ukb.shield_lao_go=cm LiH.lsym.dir
105: passed
105: 
105: running test: LiH.dc_rkb.shield_lao_go=cm LiH.lsym.dir
105: passed
105: 
105: running test: LiH.dc_sf.shield_lao_go=cm LiH.lsym.dir
105: passed
105: 
105: running test: LiH.bss.shield_lao_go=cm LiH.lsym.dir
105: passed
105: 
105: running test: LiH.bss+mfsso.shield_lao_go=cm LiH.lsym.dir
105: passed
105: 
105: running test: LiH.bss_sfB.shield_lao_go=cm LiH.lsym.dir
105: passed
43/71 Test #105: response_lao_shield ..............   Passed  133.96 sec
test 113
      Start 113: visual_frac_occupation

113: Test command: /cvmfs/hybrilit.jinr.ru/sw/slc7_x86-64/Python/v3.6.5/bin/python "/zfs/hybrilit.jinr.ru/user/m/milias/work/software/dirac/trunk_master/test/visual_frac_occupation/test" "--binary-dir=/zfs/hybrilit.jinr.ru/user/m/milias/work/software/dirac/trunk_master/build_intelmpi_i4_mklpar" "--work-dir=/zfs/hybrilit.jinr.ru/user/m/milias/work/software/dirac/trunk_master/build_intelmpi_i4_mklpar/test/visual_frac_occupation" "--verbose"
113: Test timeout computed to be: 1500
107: 
107: running test: dc_pbe hf
107: finished (no reference)
107: 
107: running test: dc_pbe_magn_sc_g0 hf
107: passed
44/71 Test #107: response_lao_magnetiz_dft ........   Passed   53.81 sec
test 114
      Start 114: lucita_short

114: Test command: /cvmfs/hybrilit.jinr.ru/sw/slc7_x86-64/Python/v3.6.5/bin/python "/zfs/hybrilit.jinr.ru/user/m/milias/work/software/dirac/trunk_master/test/lucita_short/test" "--binary-dir=/zfs/hybrilit.jinr.ru/user/m/milias/work/software/dirac/trunk_master/build_intelmpi_i4_mklpar" "--work-dir=/zfs/hybrilit.jinr.ru/user/m/milias/work/software/dirac/trunk_master/build_intelmpi_i4_mklpar/test/lucita_short" "--verbose"
114: Test timeout computed to be: 1500
114: 
114: running test: He He
114: found error which is expected/accepted: FATAL ERROR for LUCITA runs: memory offset (dynamic memory - static memory) is too big for i*4
45/71 Test #114: lucita_short .....................   Passed    6.22 sec
test 115
      Start 115: xyz_symmetry_recognition

115: Test command: /cvmfs/hybrilit.jinr.ru/sw/slc7_x86-64/Python/v3.6.5/bin/python "/zfs/hybrilit.jinr.ru/user/m/milias/work/software/dirac/trunk_master/test/xyz_symmetry_recognition/test" "--binary-dir=/zfs/hybrilit.jinr.ru/user/m/milias/work/software/dirac/trunk_master/build_intelmpi_i4_mklpar" "--work-dir=/zfs/hybrilit.jinr.ru/user/m/milias/work/software/dirac/trunk_master/build_intelmpi_i4_mklpar/test/xyz_symmetry_recognition" "--verbose"
115: Test timeout computed to be: 1500
113: 
113: running test: density_1s he
113: Traceback (most recent call last):
113:   File "/zfs/hybrilit.jinr.ru/user/m/milias/work/software/dirac/trunk_master/test/visual_frac_occupation/test", line 16, in <module>
113:     test.run(['density_1s.inp', 'density_4s.inp', 'density_total.inp'], ['he.mol'], f)
113:   File "/zfs/hybrilit.jinr.ru/user/m/milias/work/software/dirac/trunk_master/test/visual_frac_occupation/../runtest_dirac.py", line 75, in run
113:     f.check(self.work_dir, '%s' % out, 'result/%s' % out, self.verbose)
113:   File "/zfs/hybrilit.jinr.ru/user/m/milias/work/software/dirac/trunk_master/test/visual_frac_occupation/../runtest_v1.py", line 547, in check
113:     _check(self.filter_list, out_name, ref_name, verbose)
113:   File "/zfs/hybrilit.jinr.ru/user/m/milias/work/software/dirac/trunk_master/test/visual_frac_occupation/../runtest_v1.py", line 310, in _check
113:     ref_filtered = filter_file(f, ref_name, open(ref_name).readlines())
113:   File "/cvmfs/hybrilit.jinr.ru/sw/slc7_x86-64/Python/v3.6.5/lib/python3.6/encodings/ascii.py", line 26, in decode
113:     return codecs.ascii_decode(input, self.errors)[0]
113: UnicodeDecodeError: 'ascii' codec can't decode byte 0xc3 in position 7660: ordinal not in range(128)
46/71 Test #113: visual_frac_occupation ...........***Failed    9.34 sec
test 116
      Start 116: zora

116: Test command: /cvmfs/hybrilit.jinr.ru/sw/slc7_x86-64/Python/v3.6.5/bin/python "/zfs/hybrilit.jinr.ru/user/m/milias/work/software/dirac/trunk_master/test/zora/test" "--binary-dir=/zfs/hybrilit.jinr.ru/user/m/milias/work/software/dirac/trunk_master/build_intelmpi_i4_mklpar" "--work-dir=/zfs/hybrilit.jinr.ru/user/m/milias/work/software/dirac/trunk_master/build_intelmpi_i4_mklpar/test/zora" "--verbose"
116: Test timeout computed to be: 1500
110: 
110: running test: lda H2O
110: passed
110: 
110: running test: lda CH4
110: passed
110: 
110: running test: lda SF6
110: passed
110: 
110: running test: lda transCHFCHF
110: passed
47/71 Test #110: symmetry_recognition .............   Passed   96.27 sec
test 117
      Start 117: dft_ac

117: Test command: /cvmfs/hybrilit.jinr.ru/sw/slc7_x86-64/Python/v3.6.5/bin/python "/zfs/hybrilit.jinr.ru/user/m/milias/work/software/dirac/trunk_master/test/dft_ac/test" "--binary-dir=/zfs/hybrilit.jinr.ru/user/m/milias/work/software/dirac/trunk_master/build_intelmpi_i4_mklpar" "--work-dir=/zfs/hybrilit.jinr.ru/user/m/milias/work/software/dirac/trunk_master/build_intelmpi_i4_mklpar/test/dft_ac" "--verbose"
117: Test timeout computed to be: 1500
116: 
116: running test: 1el.dirac U.dyall.2p
116: passed
116: 
116: running test: 1el.diracsf U.dyall.2p
116: passed
116: 
116: running test: 1el.zora U.dyall.2p
116: passed
116: 
116: running test: 1el.zorasf U.dyall.2p
116: passed
116: 
116: running test: 1el.zorasc U.dyall.2p
116: passed
116: 
116: running test: 1el.zorascsf U.dyall.2p
116: passed
48/71 Test #116: zora .............................   Passed   92.35 sec
test 118
      Start 118: dft_grid_export_import

118: Test command: /cvmfs/hybrilit.jinr.ru/sw/slc7_x86-64/Python/v3.6.5/bin/python "/zfs/hybrilit.jinr.ru/user/m/milias/work/software/dirac/trunk_master/test/dft_grid_export_import/test" "--binary-dir=/zfs/hybrilit.jinr.ru/user/m/milias/work/software/dirac/trunk_master/build_intelmpi_i4_mklpar" "--work-dir=/zfs/hybrilit.jinr.ru/user/m/milias/work/software/dirac/trunk_master/build_intelmpi_i4_mklpar/test/dft_grid_export_import" "--verbose"
118: Test timeout computed to be: 1500
118: 
118: running test: export hehe
118: finished (no reference)
118: 
118: running test: import hegh
118: passed
49/71 Test #118: dft_grid_export_import ...........   Passed   43.56 sec
test 119
      Start 119: localization

119: Test command: /cvmfs/hybrilit.jinr.ru/sw/slc7_x86-64/Python/v3.6.5/bin/python "/zfs/hybrilit.jinr.ru/user/m/milias/work/software/dirac/trunk_master/test/localization/test" "--binary-dir=/zfs/hybrilit.jinr.ru/user/m/milias/work/software/dirac/trunk_master/build_intelmpi_i4_mklpar" "--work-dir=/zfs/hybrilit.jinr.ru/user/m/milias/work/software/dirac/trunk_master/build_intelmpi_i4_mklpar/test/localization" "--verbose"
119: Test timeout computed to be: 1500
117: 
117: running test with input files ['PBE0gracLB94.inp', 'Ne.mol'] and args None
117: passed
117: 
117: running test with input files ['GLLBsaopLBalpha.inp', 'Ne.mol'] and args None
117: passed
50/71 Test #117: dft_ac ...........................   Passed   57.05 sec
test 120
      Start 120: krci_properties_omega_tdm

120: Test command: /cvmfs/hybrilit.jinr.ru/sw/slc7_x86-64/Python/v3.6.5/bin/python "/zfs/hybrilit.jinr.ru/user/m/milias/work/software/dirac/trunk_master/test/krci_properties_omega_tdm/test" "--binary-dir=/zfs/hybrilit.jinr.ru/user/m/milias/work/software/dirac/trunk_master/build_intelmpi_i4_mklpar" "--work-dir=/zfs/hybrilit.jinr.ru/user/m/milias/work/software/dirac/trunk_master/build_intelmpi_i4_mklpar/test/krci_properties_omega_tdm" "--verbose"
120: Test timeout computed to be: 1500
111: 
111: running test with input files ['response_1z_bz.inp', 'co.mol'] and args --get="DFCOEF PAMXVC"
111: finished (no reference)
111: 
111: running test with input files ['visual_1z_bz.inp', 'co.mol'] and args --copy="DFCOEF PAMXVC"
111: passed
111: 
111: running test with input files ['visual_1z_bz_only_para.inp', 'co.mol'] and args --copy="DFCOEF PAMXVC"
111: passed
111: 
111: running test with input files ['visual_divj.inp', 'co.mol'] and args --copy="DFCOEF PAMXVC"
111: passed
111: 
111: running test with input files ['visual_divs.inp', 'co.mol'] and args --copy="DFCOEF PAMXVC"
111: passed
111: 
111: running test with input files ['visual_j.inp', 'co.mol'] and args --copy="DFCOEF PAMXVC"
111: passed
111: 
111: running test with input files ['visual_jdia.inp', 'co.mol'] and args --copy="DFCOEF PAMXVC"
111: passed
111: 
111: running test with input files ['visual_rotj.inp', 'co.mol'] and args --copy="DFCOEF PAMXVC"
111: passed
111: 
111: running test with input files ['visual_jpara.inp', 'co.mol'] and args --copy="DFCOEF PAMXVC"
111: passed
111: 
111: running test with input files ['visual_s.inp', 'co.mol'] and args --copy="DFCOEF PAMXVC"
111: passed
111: 
111: running test with input files ['visual_rots.inp', 'co.mol'] and args --copy="DFCOEF PAMXVC"
111: passed
51/71 Test #111: visual_div_rot ...................   Passed  163.54 sec
test 121
      Start 121: visual_elf

121: Test command: /cvmfs/hybrilit.jinr.ru/sw/slc7_x86-64/Python/v3.6.5/bin/python "/zfs/hybrilit.jinr.ru/user/m/milias/work/software/dirac/trunk_master/test/visual_elf/test" "--binary-dir=/zfs/hybrilit.jinr.ru/user/m/milias/work/software/dirac/trunk_master/build_intelmpi_i4_mklpar" "--work-dir=/zfs/hybrilit.jinr.ru/user/m/milias/work/software/dirac/trunk_master/build_intelmpi_i4_mklpar/test/visual_elf" "--verbose"
121: Test timeout computed to be: 1500
115: 
115: running test with input files ['test_xyz.inp', 'molecule01.xyz'] and args None
115: passed
115: 
115: running test with input files ['test_xyz.inp', 'molecule02.xyz'] and args None
115: passed
115: 
115: running test with input files ['test_xyz.inp', 'molecule03.xyz'] and args None
115: passed
115: 
115: running test with input files ['test_xyz.inp', 'molecule04.xyz'] and args None
115: passed
115: 
115: running test with input files ['test_xyz.inp', 'molecule05.xyz'] and args None
115: passed
115: 
115: running test with input files ['test_xyz.inp', 'molecule06.xyz'] and args None
115: passed
115: 
115: running test with input files ['test_xyz.inp', 'molecule07.xyz'] and args None
115: passed
115: 
115: running test with input files ['test_xyz.inp', 'molecule08.xyz'] and args None
115: passed
115: 
115: running test with input files ['test_xyz.inp', 'molecule09.xyz'] and args None
115: passed
115: 
115: running test with input files ['test_xyz.inp', 'molecule10.xyz'] and args None
115: passed
115: 
115: running test with input files ['test_xyz.inp', 'molecule11.xyz'] and args None
115: passed
115: 
115: running test with input files ['test_xyz.inp', 'molecule12.xyz'] and args None
115: passed
115: 
115: running test with input files ['test_xyz.inp', 'molecule13.xyz'] and args None
115: passed
115: 
115: running test with input files ['test_xyz.inp', 'molecule14.xyz'] and args None
115: passed
115: 
115: running test with input files ['test_xyz.inp', 'molecule15.xyz'] and args None
115: passed
115: 
115: running test with input files ['test_xyz.inp', 'molecule16.xyz'] and args None
115: passed
115: 
115: running test with input files ['test_xyz.inp', 'molecule17.xyz'] and args None
115: passed
115: 
115: running test with input files ['test_xyz.inp', 'molecule18.xyz'] and args None
115: passed
52/71 Test #115: xyz_symmetry_recognition .........   Passed  156.38 sec
test 122
      Start 122: visual_gamma5

122: Test command: /cvmfs/hybrilit.jinr.ru/sw/slc7_x86-64/Python/v3.6.5/bin/python "/zfs/hybrilit.jinr.ru/user/m/milias/work/software/dirac/trunk_master/test/visual_gamma5/test" "--binary-dir=/zfs/hybrilit.jinr.ru/user/m/milias/work/software/dirac/trunk_master/build_intelmpi_i4_mklpar" "--work-dir=/zfs/hybrilit.jinr.ru/user/m/milias/work/software/dirac/trunk_master/build_intelmpi_i4_mklpar/test/visual_gamma5" "--verbose"
122: Test timeout computed to be: 1500
121: 
121: running test: elf ar
121: Traceback (most recent call last):
121:   File "/zfs/hybrilit.jinr.ru/user/m/milias/work/software/dirac/trunk_master/test/visual_elf/test", line 16, in <module>
121:     test.run(['elf.inp'], ['ar.mol'], f)
121:   File "/zfs/hybrilit.jinr.ru/user/m/milias/work/software/dirac/trunk_master/test/visual_elf/../runtest_dirac.py", line 75, in run
121:     f.check(self.work_dir, '%s' % out, 'result/%s' % out, self.verbose)
121:   File "/zfs/hybrilit.jinr.ru/user/m/milias/work/software/dirac/trunk_master/test/visual_elf/../runtest_v1.py", line 547, in check
121:     _check(self.filter_list, out_name, ref_name, verbose)
121:   File "/zfs/hybrilit.jinr.ru/user/m/milias/work/software/dirac/trunk_master/test/visual_elf/../runtest_v1.py", line 310, in _check
121:     ref_filtered = filter_file(f, ref_name, open(ref_name).readlines())
121:   File "/cvmfs/hybrilit.jinr.ru/sw/slc7_x86-64/Python/v3.6.5/lib/python3.6/encodings/ascii.py", line 26, in decode
121:     return codecs.ascii_decode(input, self.errors)[0]
121: UnicodeDecodeError: 'ascii' codec can't decode byte 0xc3 in position 7653: ordinal not in range(128)
53/71 Test #121: visual_elf .......................***Failed   22.79 sec
test 123
      Start 123: visual_general

123: Test command: /cvmfs/hybrilit.jinr.ru/sw/slc7_x86-64/Python/v3.6.5/bin/python "/zfs/hybrilit.jinr.ru/user/m/milias/work/software/dirac/trunk_master/test/visual_general/test" "--binary-dir=/zfs/hybrilit.jinr.ru/user/m/milias/work/software/dirac/trunk_master/build_intelmpi_i4_mklpar" "--work-dir=/zfs/hybrilit.jinr.ru/user/m/milias/work/software/dirac/trunk_master/build_intelmpi_i4_mklpar/test/visual_general" "--verbose"
123: Test timeout computed to be: 1500
123: 
123: running test: response_ez_ez_dc ne_d2h
123: finished (no reference)
123: 
123: running test: visual_zo_dc ne_d2h
123: Traceback (most recent call last):
123:   File "/zfs/hybrilit.jinr.ru/user/m/milias/work/software/dirac/trunk_master/test/visual_general/test", line 17, in <module>
123:     test.run(['visual_zo_dc.inp'], ['ne_d2h.mol'], f, args='--copy="DFCOEF PAMXVC"')
123:   File "/zfs/hybrilit.jinr.ru/user/m/milias/work/software/dirac/trunk_master/test/visual_general/../runtest_dirac.py", line 75, in run
123:     f.check(self.work_dir, '%s' % out, 'result/%s' % out, self.verbose)
123:   File "/zfs/hybrilit.jinr.ru/user/m/milias/work/software/dirac/trunk_master/test/visual_general/../runtest_v1.py", line 547, in check
123:     _check(self.filter_list, out_name, ref_name, verbose)
123:   File "/zfs/hybrilit.jinr.ru/user/m/milias/work/software/dirac/trunk_master/test/visual_general/../runtest_v1.py", line 310, in _check
123:     ref_filtered = filter_file(f, ref_name, open(ref_name).readlines())
123:   File "/cvmfs/hybrilit.jinr.ru/sw/slc7_x86-64/Python/v3.6.5/lib/python3.6/encodings/ascii.py", line 26, in decode
123:     return codecs.ascii_decode(input, self.errors)[0]
123: UnicodeDecodeError: 'ascii' codec can't decode byte 0xc3 in position 6790: ordinal not in range(128)
54/71 Test #123: visual_general ...................***Failed   15.39 sec
test 125
      Start 125: scf_levelshift

125: Test command: /cvmfs/hybrilit.jinr.ru/sw/slc7_x86-64/Python/v3.6.5/bin/python "/zfs/hybrilit.jinr.ru/user/m/milias/work/software/dirac/trunk_master/test/scf_levelshift/test" "--binary-dir=/zfs/hybrilit.jinr.ru/user/m/milias/work/software/dirac/trunk_master/build_intelmpi_i4_mklpar" "--work-dir=/zfs/hybrilit.jinr.ru/user/m/milias/work/software/dirac/trunk_master/build_intelmpi_i4_mklpar/test/scf_levelshift" "--verbose"
125: Test timeout computed to be: 1500
122: 
122: running test: gamma5 h2o2
122: passed
55/71 Test #122: visual_gamma5 ....................   Passed   38.42 sec
test 126
      Start 126: response_complex

126: Test command: /cvmfs/hybrilit.jinr.ru/sw/slc7_x86-64/Python/v3.6.5/bin/python "/zfs/hybrilit.jinr.ru/user/m/milias/work/software/dirac/trunk_master/test/response_complex/test" "--binary-dir=/zfs/hybrilit.jinr.ru/user/m/milias/work/software/dirac/trunk_master/build_intelmpi_i4_mklpar" "--work-dir=/zfs/hybrilit.jinr.ru/user/m/milias/work/software/dirac/trunk_master/build_intelmpi_i4_mklpar/test/response_complex" "--verbose"
126: Test timeout computed to be: 1500
120: 
120: running test: h2 H2
120: passed
56/71 Test #120: krci_properties_omega_tdm ........   Passed   62.69 sec
test 127
      Start 127: response_nonrel

127: Test command: /cvmfs/hybrilit.jinr.ru/sw/slc7_x86-64/Python/v3.6.5/bin/python "/zfs/hybrilit.jinr.ru/user/m/milias/work/software/dirac/trunk_master/test/response_nonrel/test" "--binary-dir=/zfs/hybrilit.jinr.ru/user/m/milias/work/software/dirac/trunk_master/build_intelmpi_i4_mklpar" "--work-dir=/zfs/hybrilit.jinr.ru/user/m/milias/work/software/dirac/trunk_master/build_intelmpi_i4_mklpar/test/response_nonrel" "--verbose"
127: Test timeout computed to be: 1500
119: 
119: running test: CH4locmul_full CH4
119: passed
119: 
119: running test: CH4locprj_full CH4
119: passed
119: 
119: running test: CH4locprj_comb CH4
119: passed
119: 
119: running test: CH4locprj_diag CH4
119: passed
119: 
119: running test: H2Olocmul_full H2O
119: passed
119: 
119: running test: H2Olocprj_full H2O
119: passed
119: 
119: running test: H2Olocprj_comb H2O
119: passed
119: 
119: running test: H2Olocprj_diag H2O
119: passed
57/71 Test #119: localization .....................   Passed   75.98 sec
test 128
      Start 128: cosci_energy

128: Test command: /cvmfs/hybrilit.jinr.ru/sw/slc7_x86-64/Python/v3.6.5/bin/python "/zfs/hybrilit.jinr.ru/user/m/milias/work/software/dirac/trunk_master/test/cosci_energy/test" "--binary-dir=/zfs/hybrilit.jinr.ru/user/m/milias/work/software/dirac/trunk_master/build_intelmpi_i4_mklpar" "--work-dir=/zfs/hybrilit.jinr.ru/user/m/milias/work/software/dirac/trunk_master/build_intelmpi_i4_mklpar/test/cosci_energy" "--verbose"
128: Test timeout computed to be: 1500
126: 
126: running test: cpp LiH
126: passed
58/71 Test #126: response_complex .................   Passed   24.47 sec
test 129
      Start 129: lucita_q_corrections

129: Test command: /cvmfs/hybrilit.jinr.ru/sw/slc7_x86-64/Python/v3.6.5/bin/python "/zfs/hybrilit.jinr.ru/user/m/milias/work/software/dirac/trunk_master/test/lucita_q_corrections/test" "--binary-dir=/zfs/hybrilit.jinr.ru/user/m/milias/work/software/dirac/trunk_master/build_intelmpi_i4_mklpar" "--work-dir=/zfs/hybrilit.jinr.ru/user/m/milias/work/software/dirac/trunk_master/build_intelmpi_i4_mklpar/test/lucita_q_corrections" "--verbose"
129: Test timeout computed to be: 1500
125: 
125: running test: levelshift_virtuals Mg
125: passed
59/71 Test #125: scf_levelshift ...................   Passed   31.81 sec
test 130
      Start 130: x2c-SCF_to_4c-SCF

130: Test command: /cvmfs/hybrilit.jinr.ru/sw/slc7_x86-64/Python/v3.6.5/bin/python "/zfs/hybrilit.jinr.ru/user/m/milias/work/software/dirac/trunk_master/test/x2c-SCF_to_4c-SCF/test" "--binary-dir=/zfs/hybrilit.jinr.ru/user/m/milias/work/software/dirac/trunk_master/build_intelmpi_i4_mklpar" "--work-dir=/zfs/hybrilit.jinr.ru/user/m/milias/work/software/dirac/trunk_master/build_intelmpi_i4_mklpar/test/x2c-SCF_to_4c-SCF" "--verbose"
130: Test timeout computed to be: 1500
129: 
129: running test: lucita-q h2o
129: found error which is expected/accepted: memory offset (dynamic memory - static memory) is too big for i*4
60/71 Test #129: lucita_q_corrections .............   Passed    7.86 sec
test 131
      Start 131: import_mos

131: Test command: /cvmfs/hybrilit.jinr.ru/sw/slc7_x86-64/Python/v3.6.5/bin/python "/zfs/hybrilit.jinr.ru/user/m/milias/work/software/dirac/trunk_master/test/import_mos/test" "--binary-dir=/zfs/hybrilit.jinr.ru/user/m/milias/work/software/dirac/trunk_master/build_intelmpi_i4_mklpar" "--work-dir=/zfs/hybrilit.jinr.ru/user/m/milias/work/software/dirac/trunk_master/build_intelmpi_i4_mklpar/test/import_mos" "--verbose"
131: Test timeout computed to be: 1500
127: 
127: running test: levy-leblond hf
127: passed
127: 
127: running test: nonrel hf
127: found error which is expected/accepted: ERROR: response with .NONREL not possible
61/71 Test #127: response_nonrel ..................   Passed   37.65 sec
test 132
      Start 132: operators_mo_mtx_elements

132: Test command: /cvmfs/hybrilit.jinr.ru/sw/slc7_x86-64/Python/v3.6.5/bin/python "/zfs/hybrilit.jinr.ru/user/m/milias/work/software/dirac/trunk_master/test/operators_mo_mtx_elements/test" "--binary-dir=/zfs/hybrilit.jinr.ru/user/m/milias/work/software/dirac/trunk_master/build_intelmpi_i4_mklpar" "--work-dir=/zfs/hybrilit.jinr.ru/user/m/milias/work/software/dirac/trunk_master/build_intelmpi_i4_mklpar/test/operators_mo_mtx_elements" "--verbose"
132: Test timeout computed to be: 1500
131: 
131: running test: scf-nr-molcas h2o-cc-pV5Z-nosym
131: passed
131: 
131: running test: scf-nr-molcas fh-cc-pV5Z-nosym
131: passed
131: 
131: running test: scf-nr-respect h2o-cc-pVTZ-nosym
131: Traceback (most recent call last):
131:   File "/zfs/hybrilit.jinr.ru/user/m/milias/work/software/dirac/trunk_master/test/import_mos/test", line 73, in <module>
131:     test.run(['scf-nr-respect.inp'], ['h2o-cc-pVTZ-nosym.mol'], f, args='--put="ReSpect.txt"')
131:   File "/zfs/hybrilit.jinr.ru/user/m/milias/work/software/dirac/trunk_master/test/import_mos/../runtest_dirac.py", line 75, in run
131:     f.check(self.work_dir, '%s' % out, 'result/%s' % out, self.verbose)
131:   File "/zfs/hybrilit.jinr.ru/user/m/milias/work/software/dirac/trunk_master/test/import_mos/../runtest_v1.py", line 547, in check
131:     _check(self.filter_list, out_name, ref_name, verbose)
131:   File "/zfs/hybrilit.jinr.ru/user/m/milias/work/software/dirac/trunk_master/test/import_mos/../runtest_v1.py", line 310, in _check
131:     ref_filtered = filter_file(f, ref_name, open(ref_name).readlines())
131:   File "/cvmfs/hybrilit.jinr.ru/sw/slc7_x86-64/Python/v3.6.5/lib/python3.6/encodings/ascii.py", line 26, in decode
131:     return codecs.ascii_decode(input, self.errors)[0]
131: UnicodeDecodeError: 'ascii' codec can't decode byte 0xc3 in position 7910: ordinal not in range(128)
62/71 Test #131: import_mos .......................***Failed   17.38 sec
test 133
      Start 133: spinorbit-from-spinfree

133: Test command: /cvmfs/hybrilit.jinr.ru/sw/slc7_x86-64/Python/v3.6.5/bin/python "/zfs/hybrilit.jinr.ru/user/m/milias/work/software/dirac/trunk_master/test/spinorbit-from-spinfree/test" "--binary-dir=/zfs/hybrilit.jinr.ru/user/m/milias/work/software/dirac/trunk_master/build_intelmpi_i4_mklpar" "--work-dir=/zfs/hybrilit.jinr.ru/user/m/milias/work/software/dirac/trunk_master/build_intelmpi_i4_mklpar/test/spinorbit-from-spinfree" "--verbose"
133: Test timeout computed to be: 1500
132: 
132: running test with input files ['Ne.dc_rkb.2fs.scf_prptra_alpha_fc.inp', 'Rn_Ne-like.mol'] and args None
132: Traceback (most recent call last):
132:   File "/zfs/hybrilit.jinr.ru/user/m/milias/work/software/dirac/trunk_master/test/operators_mo_mtx_elements/test", line 35, in <module>
132:     filters={'out': f})
132:   File "/zfs/hybrilit.jinr.ru/user/m/milias/work/software/dirac/trunk_master/test/operators_mo_mtx_elements/../runtest/run.py", line 119, in run
132:     verbose=options.verbose,
132:   File "/zfs/hybrilit.jinr.ru/user/m/milias/work/software/dirac/trunk_master/test/operators_mo_mtx_elements/../runtest/check.py", line 81, in check
132:     open(ref_name).readlines(),
132:   File "/cvmfs/hybrilit.jinr.ru/sw/slc7_x86-64/Python/v3.6.5/lib/python3.6/encodings/ascii.py", line 26, in decode
132:     return codecs.ascii_decode(input, self.errors)[0]
132: UnicodeDecodeError: 'ascii' codec can't decode byte 0xc3 in position 4813: ordinal not in range(128)
63/71 Test #132: operators_mo_mtx_elements ........***Failed    7.44 sec
test 136
      Start 136: molecular_mean_field_restart

136: Test command: /cvmfs/hybrilit.jinr.ru/sw/slc7_x86-64/Python/v3.6.5/bin/python "/zfs/hybrilit.jinr.ru/user/m/milias/work/software/dirac/trunk_master/test/molecular_mean_field_restart/test" "--binary-dir=/zfs/hybrilit.jinr.ru/user/m/milias/work/software/dirac/trunk_master/build_intelmpi_i4_mklpar" "--work-dir=/zfs/hybrilit.jinr.ru/user/m/milias/work/software/dirac/trunk_master/build_intelmpi_i4_mklpar/test/molecular_mean_field_restart" "--verbose"
136: Test timeout computed to be: 1500
130: 
130: running test: x2c H2O
130: passed
130: 
130: running test: 4c H2O
130: passed
130: 
130: running test: x2c-SCF_to_4c-SCF H2O
130: found error which is expected/accepted: 2
64/71 Test #130: x2c-SCF_to_4c-SCF ................   Passed   53.23 sec
test 143
      Start 143: projection_analysis_overlaps

143: Test command: /cvmfs/hybrilit.jinr.ru/sw/slc7_x86-64/Python/v3.6.5/bin/python "/zfs/hybrilit.jinr.ru/user/m/milias/work/software/dirac/trunk_master/test/projection_analysis_overlaps/test" "--binary-dir=/zfs/hybrilit.jinr.ru/user/m/milias/work/software/dirac/trunk_master/build_intelmpi_i4_mklpar" "--work-dir=/zfs/hybrilit.jinr.ru/user/m/milias/work/software/dirac/trunk_master/build_intelmpi_i4_mklpar/test/projection_analysis_overlaps" "--verbose"
143: Test timeout computed to be: 1500
136: 
136: running test: scf f2
136: Traceback (most recent call last):
136:   File "/zfs/hybrilit.jinr.ru/user/m/milias/work/software/dirac/trunk_master/test/molecular_mean_field_restart/test", line 16, in <module>
136:     test.run(['scf.inp'], ['f2.xyz'], f, args='--get="AOMOMAT DFCOEF X2CMAT"')
136:   File "/zfs/hybrilit.jinr.ru/user/m/milias/work/software/dirac/trunk_master/test/molecular_mean_field_restart/../runtest_dirac.py", line 75, in run
136:     f.check(self.work_dir, '%s' % out, 'result/%s' % out, self.verbose)
136:   File "/zfs/hybrilit.jinr.ru/user/m/milias/work/software/dirac/trunk_master/test/molecular_mean_field_restart/../runtest_v1.py", line 547, in check
136:     _check(self.filter_list, out_name, ref_name, verbose)
136:   File "/zfs/hybrilit.jinr.ru/user/m/milias/work/software/dirac/trunk_master/test/molecular_mean_field_restart/../runtest_v1.py", line 310, in _check
136:     ref_filtered = filter_file(f, ref_name, open(ref_name).readlines())
136:   File "/cvmfs/hybrilit.jinr.ru/sw/slc7_x86-64/Python/v3.6.5/lib/python3.6/encodings/ascii.py", line 26, in decode
136:     return codecs.ascii_decode(input, self.errors)[0]
136: UnicodeDecodeError: 'ascii' codec can't decode byte 0xc3 in position 5285: ordinal not in range(128)
65/71 Test #136: molecular_mean_field_restart .....***Failed   29.01 sec
test 150
      Start 150: esr

150: Test command: /cvmfs/hybrilit.jinr.ru/sw/slc7_x86-64/Python/v3.6.5/bin/python "/zfs/hybrilit.jinr.ru/user/m/milias/work/software/dirac/trunk_master/test/esr/test" "--binary-dir=/zfs/hybrilit.jinr.ru/user/m/milias/work/software/dirac/trunk_master/build_intelmpi_i4_mklpar" "--work-dir=/zfs/hybrilit.jinr.ru/user/m/milias/work/software/dirac/trunk_master/build_intelmpi_i4_mklpar/test/esr" "--verbose"
150: Test timeout computed to be: 1500
143: 
143: running test: F.x2c.scf.sto2g F
143: passed
143: 
143: running test: P.x2c.scf.sto2g P
143: passed
143: 
143: running test: PF5.x2c.scf.sto2g PF5
143: passed
143: 
143: running test: PF5.x2c.projanal.sto2g PF5
143: passed
66/71 Test #143: projection_analysis_overlaps .....   Passed   35.35 sec
test 151
      Start 151: pcm_energy

151: Test command: /cvmfs/hybrilit.jinr.ru/sw/slc7_x86-64/Python/v3.6.5/bin/python "/zfs/hybrilit.jinr.ru/user/m/milias/work/software/dirac/trunk_master/test/pcm_energy/test" "--binary-dir=/zfs/hybrilit.jinr.ru/user/m/milias/work/software/dirac/trunk_master/build_intelmpi_i4_mklpar" "--work-dir=/zfs/hybrilit.jinr.ru/user/m/milias/work/software/dirac/trunk_master/build_intelmpi_i4_mklpar/test/pcm_energy" "--verbose"
151: Test timeout computed to be: 1500
133: 
133: running test with input files ['Rn.x2c.scf_2fs_1iter.inp', 'Rn.v2z.D2h.mol'] and args  --noarch --gb=1.777 --ag=3 --put="DFPCMO.Rn.x2c_sf.scf.v2z.D2h=DFPCMO"
133: passed
133: 
133: running test with input files ['Tl.x2c.resolve_2fs_fromSFMO.inp', 'Tl.v2z.D2h.mol'] and args  --noarch --gb=1.777 --ag=3 --put="DFPCMO.Tl.x2c_sf.scf.v2z.D2h=DFPCMO"
133: passed
133: 
133: running test with input files ['Tl.x2c.resolve_2fs.inp', 'Tl.v2z.D2h.mol'] and args  --noarch --gb=1.777 --ag=3 --put="DFPCMO.Tl.x2c.scf.v2z.D2h=DFPCMO"
133: passed
67/71 Test #133: spinorbit-from-spinfree ..........   Passed   85.25 sec
test 159
      Start 159: pe_exc

159: Test command: /cvmfs/hybrilit.jinr.ru/sw/slc7_x86-64/Python/v3.6.5/bin/python "/zfs/hybrilit.jinr.ru/user/m/milias/work/software/dirac/trunk_master/test/pe_exc/test" "--binary-dir=/zfs/hybrilit.jinr.ru/user/m/milias/work/software/dirac/trunk_master/build_intelmpi_i4_mklpar" "--work-dir=/zfs/hybrilit.jinr.ru/user/m/milias/work/software/dirac/trunk_master/build_intelmpi_i4_mklpar/test/pe_exc" "--verbose"
159: Test timeout computed to be: 1500
159: ERROR: crash during ['python', '/zfs/hybrilit.jinr.ru/user/m/milias/work/software/dirac/trunk_master/build_intelmpi_i4_mklpar/pam', '--dirac=/zfs/hybrilit.jinr.ru/user/m/milias/work/software/dirac/trunk_master/build_intelmpi_i4_mklpar/dirac.x', '--noarch', '--nobackup', '--put', 'peqm.pot', '--inp=pe-dc-exc.inp', '--mol=lih.mol']
159: Traceback (most recent call last):
159:   File "/zfs/hybrilit.jinr.ru/user/m/milias/work/software/dirac/trunk_master/build_intelmpi_i4_mklpar/pam", line 2265, in <module>
159:     sys.exit(main())
159:   File "/zfs/hybrilit.jinr.ru/user/m/milias/work/software/dirac/trunk_master/build_intelmpi_i4_mklpar/pam", line 2010, in main
159:     return_code = dirac_run.perform()
159:   File "/zfs/hybrilit.jinr.ru/user/m/milias/work/software/dirac/trunk_master/build_intelmpi_i4_mklpar/pam", line 2002, in perform
159:     return_code = self.pam_variables.exit_function()
159:   File "/zfs/hybrilit.jinr.ru/user/m/milias/work/software/dirac/trunk_master/build_intelmpi_i4_mklpar/pam", line 489, in exit_function
159:     if 'E N D   of   D I R A C  output' in f.read():
159:   File "/cvmfs/hybrilit.jinr.ru/sw/slc7_x86-64/Python/v3.6.5/lib/python3.6/encodings/ascii.py", line 26, in decode
159:     return codecs.ascii_decode(input, self.errors)[0]
159: UnicodeDecodeError: 'ascii' codec can't decode byte 0xc2 in position 31619: ordinal not in range(128)
159: 
159: running test: pe-dc-exc lih
68/71 Test #159: pe_exc ...........................***Failed   14.20 sec
150: 
150: running test: esr CN
150: passed
150: 
150: running test: esr_mp2 CN
150: Traceback (most recent call last):
150:   File "/zfs/hybrilit.jinr.ru/user/m/milias/work/software/dirac/trunk_master/test/esr/test", line 19, in <module>
150:     test.run(['esr.inp','esr_mp2.inp'], ['CN.mol'], f, args='--mw=80 --aw=120')
150:   File "/zfs/hybrilit.jinr.ru/user/m/milias/work/software/dirac/trunk_master/test/esr/../runtest_dirac.py", line 75, in run
150:     f.check(self.work_dir, '%s' % out, 'result/%s' % out, self.verbose)
150:   File "/zfs/hybrilit.jinr.ru/user/m/milias/work/software/dirac/trunk_master/test/esr/../runtest_v1.py", line 547, in check
150:     _check(self.filter_list, out_name, ref_name, verbose)
150:   File "/zfs/hybrilit.jinr.ru/user/m/milias/work/software/dirac/trunk_master/test/esr/../runtest_v1.py", line 310, in _check
150:     ref_filtered = filter_file(f, ref_name, open(ref_name).readlines())
150:   File "/cvmfs/hybrilit.jinr.ru/sw/slc7_x86-64/Python/v3.6.5/lib/python3.6/encodings/ascii.py", line 26, in decode
150:     return codecs.ascii_decode(input, self.errors)[0]
150: UnicodeDecodeError: 'ascii' codec can't decode byte 0xc3 in position 4508: ordinal not in range(128)
69/71 Test #150: esr ..............................***Failed   87.19 sec
151: 
151: running test: nonrel CH4
151: passed
151: 
151: running test: levy CH4
151: passed
151: 
151: running test: dc CH4
151: passed
151: 
151: running test: dc-skipss CH4
151: passed
151: 
151: running test: dc-lda CH4
151: passed
151: 
151: running test: levy-lda CH4
151: passed
151: 
151: running test: spinfree CH4
151: passed
70/71 Test #151: pcm_energy .......................   Passed   76.02 sec
128: 
128: running test: ci F
128: passed
128: 
128: running test: bss.ci F
128: passed
128: 
128: running test: bss_sfBso1.ci F
128: passed
128: 
128: running test: bss_sfEso1.ci F
128: passed
128: 
128: running test: bss_rkb.ci F
128: passed
128: 
128: running test: bss+mfsso.ci F
128: passed
128: 
128: running test: bss_sfBso1+mfsso.ci F
128: passed
128: 
128: running test: bss_sfEso1+mfsso.ci F
128: passed
128: 
128: running test: bss_rkb+mfsso.ci F
128: passed
128: 
128: running test: dkh2.ci F
128: passed
128: 
128: running test: dkh2+mfsso.ci F
128: passed
128: 
128: running test: dkh2sfBso1+mfsso.ci F
128: passed
128: 
128: running test: dkh2sfEso1+mfsso.ci F
128: passed
128: 
128: running test: dkh2sfBso1.ci F
128: passed
128: 
128: running test: dkh2sfEso1.ci F
128: passed
128: 
128: running test: ci Z86_Flike
128: passed
128: 
128: running test: bss.ci Z86_Flike
128: passed
128: 
128: running test: dkh2.ci Z86_Flike
128: passed
128: 
128: running test: bss_rkb.ci Z86_Flike
128: passed
128: 
128: running test: dkh2+mfsso_Flike.ci Z86_Flike
128: passed
128: 
128: running test: dkh2sfBso1.ci Z86_Flike
128: passed
128: 
128: running test: dkh2sfBso1+mfsso.ci_Flike Z86_Flike
128: passed
128: 
128: running test: bss+mfsso.ci_Flike Z86_Flike
128: passed
71/71 Test #128: cosci_energy .....................   Passed  221.91 sec

72% tests passed, 20 tests failed out of 71

Label Time Summary:
4c                   =  53.23 sec*proc (1 test)
basis                = 223.68 sec*proc (5 tests)
cc                   = 382.01 sec*proc (3 tests)
ci                   = 456.97 sec*proc (6 tests)
complex              =  24.47 sec*proc (1 test)
cosci                = 221.91 sec*proc (1 test)
dft                  = 618.91 sec*proc (8 tests)
ecp                  = 102.70 sec*proc (2 tests)
eomcc                = 330.20 sec*proc (1 test)
fde                  = 601.36 sec*proc (2 tests)
gascip               =  87.19 sec*proc (1 test)
gaunt                =  42.84 sec*proc (1 test)
grid                 =  43.56 sec*proc (1 test)
import               =  17.38 sec*proc (1 test)
krci                 = 128.48 sec*proc (3 tests)
lao                  = 656.61 sec*proc (5 tests)
levelshift           =  31.81 sec*proc (1 test)
localization         =  75.98 sec*proc (1 test)
magnetizabilities    = 168.99 sec*proc (2 tests)
mcscf                = 142.50 sec*proc (2 tests)
mp2                  = 137.43 sec*proc (4 tests)
nmr                  =  32.12 sec*proc (1 test)
nonrel               =  37.65 sec*proc (1 test)
operators            =   7.44 sec*proc (1 test)
pam                  =   5.64 sec*proc (1 test)
pcm                  =  76.02 sec*proc (1 test)
pelib                =  14.20 sec*proc (1 test)
polarizabilities     =  85.92 sec*proc (1 test)
projection           =  50.18 sec*proc (2 tests)
property             = 255.60 sec*proc (2 tests)
pvc                  =  36.33 sec*proc (1 test)
qcorr                =   7.86 sec*proc (1 test)
resolve              =  85.25 sec*proc (1 test)
response             = 520.55 sec*proc (9 tests)
scf                  = 300.03 sec*proc (6 tests)
shield               =  15.32 sec*proc (1 test)
shielding            = 133.96 sec*proc (1 test)
short                = 4839.02 sec*proc (71 tests)
srdft                =  38.28 sec*proc (1 test)
stex                 =  66.97 sec*proc (1 test)
structures           =  15.64 sec*proc (1 test)
visual               = 249.48 sec*proc (5 tests)
x2c                  =  82.24 sec*proc (2 tests)
zora                 =  92.35 sec*proc (1 test)

Total Test time (real) = 1264.14 sec

The following tests FAILED:
	  3 - stex (Failed)
	 66 - acmoin (Failed)
	 67 - atomic_start (Failed)
	 70 - basis_input (Failed)
	 72 - bsse (Failed)
	 73 - bss_energy (Failed)
	 76 - cc_linear (Failed)
	 82 - cosci_tmom (Failed)
	 83 - density_at_nuclei (Failed)
	 95 - linear_structures (Failed)
	 97 - mp2_energy (Failed)
	109 - response_rkbimp_shield (Failed)
	113 - visual_frac_occupation (Failed)
	121 - visual_elf (Failed)
	123 - visual_general (Failed)
	131 - import_mos (Failed)
	132 - operators_mo_mtx_elements (Failed)
	136 - molecular_mean_field_restart (Failed)
	150 - esr (Failed)
	159 - pe_exc (Failed)
Errors while running CTest

real	21m4.195s
user	27m51.926s
sys	2m4.084s
Variable DIRAC_MPI_COMMAND was unset.
