
Running on host n05p016
Date & Time is Mon May 26 23:56:13 MSK 2025 


Job user is SLURM_JOB_USER= milias
User job SLURM_JOB_NAME=QEbuild has assigned ID SLURM_JOBID=12374609
This job was submitted from the computer SLURM_SUBMIT_HOST=space06.hydra.local
and from the home directory SLURM_SUBMIT_DIR:
/lustre/home/user/m/milias/work/projects/open-collection/theoretical_chemistry/software/quantum-espresso-ase/buildup_on_servers/jinr_ru/hydra_jinr_ru/openmpi_intel/again
Job is running on the cluster compute node: SLURM_CLUSTER_NAME=gvr
and is employing SLURM_JOB_NUM_NODES=1 node/nodes:
SLURM_JOB_NODELIST = n05p016
Job partition is SLURM_JOB_PARTITION=slo-ice 

Number of allocated CPUs on each single node, SLURM_CPUS_ON_NODE=6 .
Number of all reserved threads over ALL nodes, SLURM_NTASKS=6 .
Job has reserved memory per node, SLURM_MEM_PER_NODE=65536 MB of memory

generated machinefile for MPI, nodes.slo-ice.12374609
-rw-r--r-- 1 milias hybrilit 48 May 26 23:56 /lustre/home/user/m/milias/work/projects/open-collection/theoretical_chemistry/software/quantum-espresso-ase/buildup_on_servers/jinr_ru/hydra_jinr_ru/openmpi_intel/again/nodes.slo-ice.12374609
containing:
n05p016
n05p016
n05p016
n05p016
n05p016
n05p016
The node's CPU model name	: Intel(R) Xeon(R) Platinum 8368Q CPU @ 2.60GHz
BTW, this node has total 152 CPUs available for an EXCLUSIVE job.
Based on reserved memory, this node got 6 CPUs allocated for SLURM calculations.
This job wants SLURM_NTASKS=6 threads . 

 adding git module from source /cvmfs/nica.jinr.ru/sw/os/login.sh :
Script called without parameters. Defaulting to latest version of modules. For certain version use:
login.sh legacy - for packages from before 23.09.23 release
login.sh latest - for packages starting from 23.09.23 release
Loading git/v2.45.2-1
  Loading requirement: OpenSSH/v9.7.1-2 OpenSSL/v3.3.1-1 curl/v8.8.0-1


 loaded modules:
Currently Loaded Modulefiles:
 1) GVR/v1.0-1        5) intel/oneapi             9) curl/v8.8.0-1 <aL>  
 2) BASE/1.0          6) openmpi/v5.0.7_icc2021  10) git/v2.45.2-1       
 3) Python/v3.10.13   7) OpenSSH/v9.7.1-2 <aL>   
 4) CMake/v3.29.2     8) OpenSSL/v3.3.1-1 <aL>   

Key:
<module-tag>  <aL>=auto-loaded  

Running on host n05p016
Time is Mon May 26 23:56:13 MSK 2025 


 The total memory at the node (in GB)
              total        used        free      shared  buff/cache   available
Mem:           1991         179        1270           0         542        1809
Swap:             3           0           3
Total:         1995         179        1273


 My PATH=/cvmfs/nica.jinr.ru/sw/202309/slc7_x86-64/git/v2.45.2-1/libexec/git-core:/cvmfs/nica.jinr.ru/sw/202309/slc7_x86-64/git/v2.45.2-1/bin:/cvmfs/nica.jinr.ru/sw/202309/slc7_x86-64/curl/v8.8.0-1/bin:/cvmfs/nica.jinr.ru/sw/202309/slc7_x86-64/OpenSSL/v3.3.1-1/bin:/cvmfs/nica.jinr.ru/sw/202309/slc7_x86-64/OpenSSH/v9.7.1-2/sbin:/cvmfs/nica.jinr.ru/sw/202309/slc7_x86-64/OpenSSH/v9.7.1-2/bin:/cvmfs/nica.jinr.ru/sw/202309/slc7_x86-64/EnvironmentModules/v5.4.0-1/bin:/cvmfs/nica.jinr.ru/sw/os/linux/bin/:/cvmfs/hybrilit.jinr.ru/sw/slc7_x86-64/openmpi/v5.0.7_icc2021/bin:/cvmfs/hybrilit.jinr.ru/sw/slc7_x86-64/intel/oneapi/vtune/latest/bin64:/cvmfs/hybrilit.jinr.ru/sw/slc7_x86-64/intel/oneapi/vpl/latest/bin:/cvmfs/hybrilit.jinr.ru/sw/slc7_x86-64/intel/oneapi/mpi/latest/libfabric/bin:/cvmfs/hybrilit.jinr.ru/sw/slc7_x86-64/intel/oneapi/mpi/latest/bin:/cvmfs/hybrilit.jinr.ru/sw/slc7_x86-64/intel/oneapi/itac/latest/bin:/cvmfs/hybrilit.jinr.ru/sw/slc7_x86-64/intel/oneapi/inspector/latest/bin64:/cvmfs/hybrilit.jinr.ru/sw/slc7_x86-64/intel/oneapi/dpcpp-ct/latest/bin:/cvmfs/hybrilit.jinr.ru/sw/slc7_x86-64/intel/oneapi/dev-utilities/latest/bin:/cvmfs/hybrilit.jinr.ru/sw/slc7_x86-64/intel/oneapi/debugger/latest/gdb/intel64/bin:/cvmfs/hybrilit.jinr.ru/sw/slc7_x86-64/intel/oneapi/compiler/latest/linux/bin/intel64:/cvmfs/hybrilit.jinr.ru/sw/slc7_x86-64/intel/oneapi/compiler/latest/linux/bin:/cvmfs/hybrilit.jinr.ru/sw/slc7_x86-64/intel/oneapi/clck/latest/bin/intel64:/cvmfs/hybrilit.jinr.ru/sw/slc7_x86-64/intel/oneapi/advisor/latest/bin64:/cvmfs/hybrilit.jinr.ru/sw/slc7_x86-64/CMake/v3.29.2/bin:/cvmfs/hybrilit.jinr.ru/sw/slc7_x86-64/Python/v3.10.13/bin:/lustre/home/user/m/milias/work/software/wien2k/wien2k_23.2_intelserial_mkl:/lustre/home/user/m/milias/work/software/wien2k/wien2k_23.2_intelserial_mkl/SRC_structeditor/bin:/lustre/home/user/m/milias/work/software/wien2k/wien2k_23.2_intelserial_mkl/SRC_IRelast/script-elastic:/lustre/home/user/m/milias/work/software/ams/linux.openmpi/ams2021.107/bin:/lustre/home/user/m/milias/work/software/wien2k/wien2k_23.2_intelserial_mkl:/lustre/home/user/m/milias/work/software/wien2k/wien2k_23.2_intelserial_mkl/SRC_structeditor/bin:/lustre/home/user/m/milias/work/software/wien2k/wien2k_23.2_intelserial_mkl/SRC_IRelast/script-elastic:/lustre/home/user/m/milias/work/software/ams/linux.openmpi/ams2021.107/bin:/usr/local/bin:/usr/bin:/usr/local/sbin:/usr/sbin:/opt/puppetlabs/bin:.:/lustre/home/user/m/milias/work/software/wien2k/wien2k_23.2_intelserial_mkl:.:/lustre/home/user/m/milias/.local/bin:/lustre/home/user/m/milias/bin:.:/lustre/home/user/m/milias/work/software/wien2k/wien2k_23.2_intelserial_mkl:.


 My LD_LIBRARY_PATH=/cvmfs/nica.jinr.ru/sw/202309/slc7_x86-64/curl/v8.8.0-1/lib:/cvmfs/nica.jinr.ru/sw/202309/slc7_x86-64/OpenSSL/v3.3.1-1/lib:/cvmfs/hybrilit.jinr.ru/sw/slc7_x86-64/openmpi/v5.0.7_icc2021/lib:/cvmfs/hybrilit.jinr.ru/sw/slc7_x86-64/intel/oneapi/vpl/latest/lib:/cvmfs/hybrilit.jinr.ru/sw/slc7_x86-64/intel/oneapi/tbb/latest/lib/intel64/gcc4.8:/cvmfs/hybrilit.jinr.ru/sw/slc7_x86-64/intel/oneapi/mpi/latest/libfabric/lib:/cvmfs/hybrilit.jinr.ru/sw/slc7_x86-64/intel/oneapi/mpi/latest/lib/release:/cvmfs/hybrilit.jinr.ru/sw/slc7_x86-64/intel/oneapi/mpi/latest/lib:/cvmfs/hybrilit.jinr.ru/sw/slc7_x86-64/intel/oneapi/mkl/latest/lib/intel64:/cvmfs/hybrilit.jinr.ru/sw/slc7_x86-64/intel/oneapi/itac/latest/slib:/cvmfs/hybrilit.jinr.ru/sw/slc7_x86-64/intel/oneapi/ippcp/latest/lib/intel64:/cvmfs/hybrilit.jinr.ru/sw/slc7_x86-64/intel/oneapi/ipp/latest/lib/intel64:/cvmfs/hybrilit.jinr.ru/sw/slc7_x86-64/intel/oneapi/dnnl/latest/cpu_dpcpp_gpu_dpcpp/lib:/cvmfs/hybrilit.jinr.ru/sw/slc7_x86-64/intel/oneapi/debugger/latest/dep//lib:/cvmfs/hybrilit.jinr.ru/sw/slc7_x86-64/intel/oneapi/debugger/10.1.2/libipt/intel64/lib:/cvmfs/hybrilit.jinr.ru/sw/slc7_x86-64/intel/oneapi/debugger/10.1.2/gdb/intel64/lib:/cvmfs/hybrilit.jinr.ru/sw/slc7_x86-64/intel/oneapi/dal/latest/lib/intel64:/cvmfs/hybrilit.jinr.ru/sw/slc7_x86-64/intel/oneapi/compiler/latest/linux/lib:/cvmfs/hybrilit.jinr.ru/sw/slc7_x86-64/intel/oneapi/compiler/latest/linux/lib/x64:/cvmfs/hybrilit.jinr.ru/sw/slc7_x86-64/intel/oneapi/compiler/latest/linux/lib/emu:/cvmfs/hybrilit.jinr.ru/sw/slc7_x86-64/intel/oneapi/compiler/latest/linux/compiler/lib/intel64_lin:/cvmfs/hybrilit.jinr.ru/sw/slc7_x86-64/intel/oneapi/clck/latest/lib/intel64:/cvmfs/hybrilit.jinr.ru/sw/slc7_x86-64/intel/oneapi/ccl/latest/lib/cpu_gpu_dpcpp:/cvmfs/hybrilit.jinr.ru/sw/slc7_x86-64/Python/v3.10.13/lib64:/cvmfs/hybrilit.jinr.ru/sw/slc7_x86-64/Python/v3.10.13/lib:..... 

 python ? :/cvmfs/hybrilit.jinr.ru/sw/slc7_x86-64/Python/v3.10.13/bin/python
Python 3.10.13

 mpif90 ?  /cvmfs/hybrilit.jinr.ru/sw/slc7_x86-64/openmpi/v5.0.7_icc2021/bin/mpif90
ifort (IFORT) 2021.4.0 20210910
Copyright (C) 1985-2021 Intel Corporation.  All rights reserved.


 ifort ?  /cvmfs/hybrilit.jinr.ru/sw/slc7_x86-64/intel/oneapi/compiler/latest/linux/bin/intel64/ifort
Intel(R) Fortran Intel(R) 64 Compiler Classic for applications running on Intel(R) 64, Version 2021.4.0 Build 20210910_000000
Copyright (C) 1985-2021 Intel Corporation.  All rights reserved.


 icc ?  /cvmfs/hybrilit.jinr.ru/sw/slc7_x86-64/intel/oneapi/compiler/latest/linux/bin/intel64/icc
Intel(R) C Intel(R) 64 Compiler Classic for applications running on Intel(R) 64, Version 2021.4.0 Build 20210910_000000
Copyright (C) 1985-2021 Intel Corporation.  All rights reserved.


 Intel MKL library ? MKLROOT=/cvmfs/hybrilit.jinr.ru/sw/slc7_x86-64/intel/oneapi/mkl/latest

 mpirun ? /cvmfs/hybrilit.jinr.ru/sw/slc7_x86-64/openmpi/v5.0.7_icc2021/bin/mpirun
mpirun (Open MPI) 5.0.7

Report bugs to https://www.open-mpi.org/community/help/

 cmake ? /cvmfs/hybrilit.jinr.ru/sw/slc7_x86-64/CMake/v3.29.2/bin/cmake
cmake version 3.29.2

CMake suite maintained and supported by Kitware (kitware.com/cmake).

 git ? /cvmfs/nica.jinr.ru/sw/202309/slc7_x86-64/git/v2.45.2-1/libexec/git-core/git
git version 2.45.2


 QE=/lustre/home/user/m/milias/work/software/quantum-espresso/qe-develop/q-e
ls /lustre/home/user/m/milias/work/software/quantum-espresso/qe-develop/q-e/
archive
atomic
build_gpu_cuda
build_gpu_cuda_internal
build_gpu_cuda_mkl
build_intelmpi_mkl
build_intelmpimkl_dbg
build_intelmpi_mkl_scalapack
build_intelmpi_mkl_xh
build_openmpi
build_openmpi_intelmkl_scalapack
build_openmpi_intelmkl_scalapack_again
build_openmpi_internal
build_openmpi_mkl
cmake
CMakeLists.txt
configure
CONTRIBUTING.md
COUPLE
CPV
dev-tools
dft-d3
Doc
environment_variables
EPW
external
FFTXlib
GUI
GWW
HP
include
install
KCW
KS_Solvers
LAXlib
License
logo.jpg
LR_Modules
Makefile
Modules
NEB
PHonon
PIOUD
PP
pseudo
PW
PWCOND
QEHeat
README_GPU.md
README.md
TDDFPT
test-suite
upflib
UtilXlib
XClib
XSpectra

 Current directory where this SLURM job is running /lustre/home/user/m/milias/work/software/quantum-espresso/qe-develop/q-e/build_openmpi_intelmkl_scalapack_again
 It has the disk space of (df -h) :
Filesystem                               Size  Used Avail Use% Mounted on
10.220.25.3@o2ib,10.220.25.4@o2ib:/home  650T  531T  120T  82% /lustre/home

 ls -lt /lustre/home/user/m/milias/work/software/quantum-espresso/qe-develop/q-e/build_openmpi_intelmkl_scalapack_again
total 0



 Running cmake :
-- The Fortran compiler identification is Intel 2021.4.0.20210910
-- The C compiler identification is Intel 2021.4.0.20210910
-- Detecting Fortran compiler ABI info
-- Detecting Fortran compiler ABI info - done
-- Check for working Fortran compiler: /cvmfs/hybrilit.jinr.ru/sw/slc7_x86-64/openmpi/v5.0.7_icc2021/bin/mpif90 - skipped
-- Detecting C compiler ABI info
-- Detecting C compiler ABI info - done
-- Check for working C compiler: /cvmfs/hybrilit.jinr.ru/sw/slc7_x86-64/intel/oneapi/compiler/latest/linux/bin/intel64/icc - skipped
-- Detecting C compile features
-- Detecting C compile features - done
-- Setting build type to 'Release' as none was specified
-- Enable sanitizer QE_ENABLE_SANITIZER=none
-- C preprocessor used by qe_preprocess_source in qeHelpers.cmake: /usr/bin/cpp
-- Performing Test Fortran_ISYSTEM_SUPPORTED
-- Performing Test Fortran_ISYSTEM_SUPPORTED - Success
-- Found MPI_Fortran: /cvmfs/hybrilit.jinr.ru/sw/slc7_x86-64/openmpi/v5.0.7_icc2021/bin/mpif90 (found version "3.1")
-- Found MPI: TRUE (found version "3.1") found components: Fortran
-- Selected the Fortran 'mpi' module. QE_ENABLE_MPI_MODULE=ON
-- MPI settings used by CTest
     MPIEXEC_EXECUTABLE : /cvmfs/hybrilit.jinr.ru/sw/slc7_x86-64/intel/oneapi/mpi/latest/bin/mpiexec
     MPIEXEC_NUMPROC_FLAG : -n
     MPIEXEC_PREFLAGS : 
   Tests run as : /cvmfs/hybrilit.jinr.ru/sw/slc7_x86-64/intel/oneapi/mpi/latest/bin/mpiexec -n <NUM_PROCS>  <EXECUTABLE>
-- Found Git: /cvmfs/nica.jinr.ru/sw/202309/slc7_x86-64/git/v2.45.2-1/libexec/git-core/git (found suitable version "2.45.2", minimum required is "2.13")
-- Source files are cloned from a git repository.
   sed supports -E
   Git branch: develop
   Git commit hash: 95bc91b9c3ff25f565697dd77c0850e0757537c6
-- Trying to find LAPACK from Intel MKL
-- Performing Test CMAKE_HAVE_LIBC_PTHREAD
-- Performing Test CMAKE_HAVE_LIBC_PTHREAD - Failed
-- Looking for pthread_create in pthreads
-- Looking for pthread_create in pthreads - not found
-- Looking for pthread_create in pthread
-- Looking for pthread_create in pthread - found
-- Found Threads: TRUE
-- Looking for Fortran sgemm
-- Looking for Fortran sgemm - found
-- Found BLAS: /cvmfs/hybrilit.jinr.ru/sw/slc7_x86-64/intel/oneapi/mkl/latest/lib/intel64/libmkl_intel_lp64.so;/cvmfs/hybrilit.jinr.ru/sw/slc7_x86-64/intel/oneapi/mkl/latest/lib/intel64/libmkl_sequential.so;/cvmfs/hybrilit.jinr.ru/sw/slc7_x86-64/intel/oneapi/mkl/latest/lib/intel64/libmkl_core.so;-lpthread;-lm;-ldl
-- Looking for Fortran cheev
-- Looking for Fortran cheev - found
-- Found LAPACK: /cvmfs/hybrilit.jinr.ru/sw/slc7_x86-64/intel/oneapi/mkl/latest/lib/intel64/libmkl_intel_lp64.so;/cvmfs/hybrilit.jinr.ru/sw/slc7_x86-64/intel/oneapi/mkl/latest/lib/intel64/libmkl_sequential.so;/cvmfs/hybrilit.jinr.ru/sw/slc7_x86-64/intel/oneapi/mkl/latest/lib/intel64/libmkl_core.so;-lpthread;-lm;-ldl;-lpthread;-lm;-ldl
-- Looking for Fortran zhpev
-- Looking for Fortran zhpev - found
-- Looking for Fortran pdgemm
-- Looking for Fortran pdgemm - not found
-- Looking for Fortran pdgemm
-- Looking for Fortran pdgemm - found
-- Found SCALAPACK: /cvmfs/hybrilit.jinr.ru/sw/slc7_x86-64/intel/oneapi/mkl/latest/lib/intel64/libmkl_scalapack_lp64.so;/cvmfs/hybrilit.jinr.ru/sw/slc7_x86-64/intel/oneapi/mkl/latest/lib/intel64/libmkl_blacs_openmpi_lp64.so;/cvmfs/hybrilit.jinr.ru/sw/slc7_x86-64/intel/oneapi/mkl/latest/lib/intel64/libmkl_intel_lp64.so;/cvmfs/hybrilit.jinr.ru/sw/slc7_x86-64/intel/oneapi/mkl/latest/lib/intel64/libmkl_sequential.so;/cvmfs/hybrilit.jinr.ru/sw/slc7_x86-64/intel/oneapi/mkl/latest/lib/intel64/libmkl_core.so;-lpthread;-lm;-ldl;
Project C_FLAGS:  -O3 -DNDEBUG
Project Fortran_FLAGS: -g -traceback -O3
Project INCLUDE_DIRECTORIES: /lustre/home/user/m/milias/work/software/quantum-espresso/qe-develop/q-e/include
Project EXE_LINKER_FLAGS:  
Project SHARED_LINKER_FLAGS:  
-- Installing Wannier90 via submodule
-- Installing MBD via submodule
-- Found Git: /cvmfs/nica.jinr.ru/sw/202309/slc7_x86-64/git/v2.45.2-1/libexec/git-core/git (found version "2.45.2")
-- Setting version tag to 0.13.0-2-g89a3cc1 from Git
-- Installing DeviceXlib via submodule
-- Found VendorFFTW: /cvmfs/hybrilit.jinr.ru/sw/slc7_x86-64/intel/oneapi/mkl/latest/lib/intel64/libmkl_intel_lp64.so;/cvmfs/hybrilit.jinr.ru/sw/slc7_x86-64/intel/oneapi/mkl/latest/lib/intel64/libmkl_sequential.so;/cvmfs/hybrilit.jinr.ru/sw/slc7_x86-64/intel/oneapi/mkl/latest/lib/intel64/libmkl_core.so;-lpthread;-lm;-ldl;/cvmfs/hybrilit.jinr.ru/sw/slc7_x86-64/intel/oneapi/mkl/latest/lib/intel64/libmkl_intel_lp64.so;/cvmfs/hybrilit.jinr.ru/sw/slc7_x86-64/intel/oneapi/mkl/latest/lib/intel64/libmkl_sequential.so;/cvmfs/hybrilit.jinr.ru/sw/slc7_x86-64/intel/oneapi/mkl/latest/lib/intel64/libmkl_core.so;-lpthread;-lm;-ldl;-lpthread;-lm;-ldl
-- Looking for mallinfo
-- Looking for mallinfo - found
-- Enabling tests in test-suite

Only pw and cp results from ctest are reliable, we are working on making the rest tests work reliably with ctest. To run non-pw/cp tests, make a softlink of the bin directory to the root of QE source tree and run tests in the test-suite directory under that root.

-- generating tests in pw category
-- generating tests in cp category
-- Configuring done (10.6s)
-- Generating done (5.2s)
-- Build files have been written to: /lustre/home/user/m/milias/work/software/quantum-espresso/qe-develop/q-e/build_openmpi_intelmkl_scalapack_again


 Running make -j 6 :
[  0%] Building C object UtilXlib/CMakeFiles/qe_utilx_c.dir/cptimer.c.o
[  0%] Building C object FFTXlib/src/CMakeFiles/qe_fftx_c.dir/fft_stick.c.o
[  0%] Building Fortran object UtilXlib/CMakeFiles/qe_device_lapack.dir/device_helper.f90.o
[  0%] Building Fortran object external/mbd/src/CMakeFiles/mbd.dir/mbd_constants.f90.o
[  0%] Building Fortran object external/CMakeFiles/qe_devxlib.dir/devxlib/src/device_auxfunc_mod.f90.o
[  0%] Building Fortran object external/CMakeFiles/qe_wannier90.dir/wannier90/src/constants.F90.o
[  0%] Building C object UtilXlib/CMakeFiles/qe_utilx_c.dir/copy.c.o
[  0%] Building Fortran object external/mbd/src/CMakeFiles/mbd.dir/mbd_version.f90.o
[  0%] Linking Fortran static library ../lib/libqe_device_lapack.a
[  0%] Building C object FFTXlib/src/CMakeFiles/qe_fftx_c.dir/fftw.c.o
[  0%] Building Fortran object external/CMakeFiles/qe_devxlib.dir/devxlib/src/device_fbuff.f90.o
[  0%] Building Fortran object external/CMakeFiles/qe_wannier90.dir/wannier90/src/io.F90.o
[  0%] Building C object UtilXlib/CMakeFiles/qe_utilx_c.dir/c_mkdir.c.o
[  0%] Built target qe_device_lapack
[  0%] Building Fortran object external/CMakeFiles/qe_devxlib.dir/devxlib/src/device_memcpy_mod.f90.o
[  0%] Building Fortran object external/mbd/src/CMakeFiles/mbd.dir/mbd_defaults.f90.o
[  0%] Building C object FFTXlib/src/CMakeFiles/qe_fftx_c.dir/fftw_sp.c.o
[  1%] Building C object UtilXlib/CMakeFiles/qe_utilx_c.dir/eval_infix.c.o
[  1%] Building Fortran object external/mbd/src/CMakeFiles/mbd.dir/mbd_gradients.f90.o
[  1%] Building Fortran object external/CMakeFiles/qe_wannier90.dir/wannier90/src/comms.F90.o
[  2%] Building Fortran object external/mbd/src/CMakeFiles/mbd.dir/mbd_linalg.F90.o
[  2%] Building Fortran object external/CMakeFiles/qe_devxlib.dir/devxlib/src/timer_mod.f90.o
[  2%] Building Fortran object external/CMakeFiles/qe_devxlib.dir/devxlib/src/device_memcpy.f90.o
[  2%] Building Fortran object external/mbd/src/CMakeFiles/mbd.dir/mbd_utils.F90.o
[  2%] Building C object UtilXlib/CMakeFiles/qe_utilx_c.dir/fletcher32.c.o
[  2%] Building C object UtilXlib/CMakeFiles/qe_utilx_c.dir/md5.c.o
[  2%] Building Fortran object external/mbd/src/CMakeFiles/mbd.dir/mbd_damping.F90.o
[  2%] Building Fortran object external/CMakeFiles/qe_devxlib.dir/devxlib/src/device_auxfunc.f90.o
[  2%] Building C object UtilXlib/CMakeFiles/qe_utilx_c.dir/md5_from_file.c.o
[  2%] Building Fortran object external/mbd/src/CMakeFiles/mbd.dir/mbd_formulas.f90.o
[  2%] Building C object UtilXlib/CMakeFiles/qe_utilx_c.dir/memstat.c.o
[  2%] Building Fortran object external/CMakeFiles/qe_wannier90.dir/wannier90/src/utility.F90.o
[  2%] Building C object UtilXlib/CMakeFiles/qe_utilx_c.dir/memusage.c.o
[  2%] Building C object UtilXlib/CMakeFiles/qe_utilx_c.dir/ptrace.c.o
[  2%] Linking C static library ../lib/libqe_utilx_c.a
[  2%] Built target qe_utilx_c
[  2%] Building Fortran object external/mbd/src/CMakeFiles/mbd.dir/mbd_lapack.f90.o
[  2%] Building C object FFTXlib/src/CMakeFiles/qe_fftx_c.dir/fftw_dp.c.o
[  3%] Building Fortran object external/CMakeFiles/qe_wannier90.dir/wannier90/src/parameters.F90.o
[  3%] Building Fortran object upflib/CMakeFiles/qe_xml.dir/dom.f90.o
[  3%] Building Fortran object external/mbd/src/CMakeFiles/mbd.dir/mbd_vdw_param.f90.o
[  3%] Building Fortran object upflib/CMakeFiles/qe_xml.dir/xmltools.f90.o
[  3%] Building C object external/CMakeFiles/qe_devxlib.dir/devxlib/src/timer.c.o
[  3%] Building Fortran object external/mbd/src/CMakeFiles/mbd.dir/mbd_matrix.F90.o
[  3%] Building Fortran object external/CMakeFiles/qe_devxlib.dir/devxlib/src/device_fbuff_mod.f90.o
[  3%] Building Fortran object external/CMakeFiles/qe_devxlib.dir/devxlib/src/deviceXlib_mod.f90.o
[  3%] Linking Fortran static library ../lib/libqe_devxlib.a
[  3%] Built target qe_devxlib
[  3%] Building Fortran object external/mbd/src/CMakeFiles/mbd.dir/mbd_geom.F90.o
[  3%] Building Fortran object upflib/CMakeFiles/qe_xml.dir/wxml.f90.o
[  3%] Building Fortran object external/mbd/src/CMakeFiles/mbd.dir/mbd_dipole.F90.o
[  3%] Linking Fortran static library ../lib/libqe_xml.a
[  3%] Built target qe_xml
[  3%] Building C object Modules/CMakeFiles/qe_modules_c.dir/customize_signals.c.o
[  3%] Building C object Modules/CMakeFiles/qe_modules_c.dir/qmmm_aux.c.o
[  3%] Built target gitrev
[  3%] Building C object Modules/CMakeFiles/qe_modules_c.dir/sockets.c.o
[  3%] Linking C static library ../lib/libqe_modules_c.a
[  3%] Preprocessing /lustre/home/user/m/milias/work/software/quantum-espresso/qe-develop/q-e/LAXlib/laxlib.h
/lustre/home/user/m/milias/work/software/quantum-espresso/qe-develop/q-e/LAXlib/laxlib.h:4:52: warning: missing terminating ' character [enabled by default]
 ! GNU General Public License. See the file `License'
                                                    ^
[  3%] Preprocessing /lustre/home/user/m/milias/work/software/quantum-espresso/qe-develop/q-e/LAXlib/laxlib_hi.h
/lustre/home/user/m/milias/work/software/quantum-espresso/qe-develop/q-e/LAXlib/laxlib_hi.h:4:52: warning: missing terminating ' character [enabled by default]
 ! GNU General Public License. See the file `License'
                                                    ^
[  3%] Built target qe_modules_c
[  3%] Preprocessing /lustre/home/user/m/milias/work/software/quantum-espresso/qe-develop/q-e/LAXlib/laxlib_kinds.h
[  3%] Preprocessing /lustre/home/user/m/milias/work/software/quantum-espresso/qe-develop/q-e/LAXlib/laxlib_low.h
[  3%] Building C object XClib/CMakeFiles/qe_libbeef.dir/pbecor.c.o
/lustre/home/user/m/milias/work/software/quantum-espresso/qe-develop/q-e/LAXlib/laxlib_low.h:4:52: warning: missing terminating ' character [enabled by default]
 ! GNU General Public License. See the file `License'
                                                    ^
/lustre/home/user/m/milias/work/software/quantum-espresso/qe-develop/q-e/LAXlib/laxlib_low.h:16:73: warning: missing terminating ' character [enabled by default]
     LOGICAL, INTENT(IN) :: do_distr_diag_inside_bgrp_  ! comme son nom l'indique
                                                                         ^
[  3%] Preprocessing /lustre/home/user/m/milias/work/software/quantum-espresso/qe-develop/q-e/LAXlib/laxlib_mid.h
/lustre/home/user/m/milias/work/software/quantum-espresso/qe-develop/q-e/LAXlib/laxlib_mid.h:4:52: warning: missing terminating ' character [enabled by default]
 ! GNU General Public License. See the file `License'
                                                    ^
/lustre/home/user/m/milias/work/software/quantum-espresso/qe-develop/q-e/XClib/pbecor.c(33): warning #161: unrecognized #pragma
  #pragma acc routine seq
          ^

/lustre/home/user/m/milias/work/software/quantum-espresso/qe-develop/q-e/XClib/pbecor.c(65): warning #161: unrecognized #pragma
  #pragma acc routine seq
          ^

/lustre/home/user/m/milias/work/software/quantum-espresso/qe-develop/q-e/XClib/pbecor.c(171): warning #161: unrecognized #pragma
  #pragma acc routine seq
          ^

[  3%] Preprocessing /lustre/home/user/m/milias/work/software/quantum-espresso/qe-develop/q-e/LAXlib/laxlib_param.h
[  3%] Building C object XClib/CMakeFiles/qe_libbeef.dir/beefun.c.o
/lustre/home/user/m/milias/work/software/quantum-espresso/qe-develop/q-e/LAXlib/laxlib_param.h:4:52: warning: missing terminating ' character [enabled by default]
 ! GNU General Public License. See the file `License'
                                                    ^
[  3%] Built target qe_lax_headers
In file included from /lustre/home/user/m/milias/work/software/quantum-espresso/qe-develop/q-e/XClib/beefun.c(8):
/lustre/home/user/m/milias/work/software/quantum-espresso/qe-develop/q-e/XClib/beefleg.h(18): warning #161: unrecognized #pragma
  #pragma acc routine (dgemv_) seq
          ^

In file included from /lustre/home/user/m/milias/work/software/quantum-espresso/qe-develop/q-e/XClib/beefun.c(8):
/lustre/home/user/m/milias/work/software/quantum-espresso/qe-develop/q-e/XClib/beefleg.h(20): warning #161: unrecognized #pragma
  #pragma acc routine seq
          ^

In file included from /lustre/home/user/m/milias/work/software/quantum-espresso/qe-develop/q-e/XClib/beefun.c(8):
/lustre/home/user/m/milias/work/software/quantum-espresso/qe-develop/q-e/XClib/beefleg.h(65): warning #161: unrecognized #pragma
  #pragma acc declare copyin (mi)
          ^

In file included from /lustre/home/user/m/milias/work/software/quantum-espresso/qe-develop/q-e/XClib/beefun.c(8):
/lustre/home/user/m/milias/work/software/quantum-espresso/qe-develop/q-e/XClib/beefleg.h(519): warning #161: unrecognized #pragma
  #pragma acc routine seq
          ^

In file included from /lustre/home/user/m/milias/work/software/quantum-espresso/qe-develop/q-e/XClib/beefun.c(8):
/lustre/home/user/m/milias/work/software/quantum-espresso/qe-develop/q-e/XClib/beefleg.h(521): warning #161: unrecognized #pragma
  #pragma acc routine seq
          ^

In file included from /lustre/home/user/m/milias/work/software/quantum-espresso/qe-develop/q-e/XClib/beefun.c(8):
/lustre/home/user/m/milias/work/software/quantum-espresso/qe-develop/q-e/XClib/beefleg.h(523): warning #161: unrecognized #pragma
  defLdL(2)
  ^

In file included from /lustre/home/user/m/milias/work/software/quantum-espresso/qe-develop/q-e/XClib/beefun.c(8):
/lustre/home/user/m/milias/work/software/quantum-espresso/qe-develop/q-e/XClib/beefleg.h(524): warning #161: unrecognized #pragma
  defLdL(3)
  ^

In file included from /lustre/home/user/m/milias/work/software/quantum-espresso/qe-develop/q-e/XClib/beefun.c(8):
/lustre/home/user/m/milias/work/software/quantum-espresso/qe-develop/q-e/XClib/beefleg.h(525): warning #161: unrecognized #pragma
  defLdL(4)
  ^

In file included from /lustre/home/user/m/milias/work/software/quantum-espresso/qe-develop/q-e/XClib/beefun.c(8):
/lustre/home/user/m/milias/work/software/quantum-espresso/qe-develop/q-e/XClib/beefleg.h(526): warning #161: unrecognized #pragma
  defLdL(5)
  ^

In file included from /lustre/home/user/m/milias/work/software/quantum-espresso/qe-develop/q-e/XClib/beefun.c(8):
/lustre/home/user/m/milias/work/software/quantum-espresso/qe-develop/q-e/XClib/beefleg.h(527): warning #161: unrecognized #pragma
  defLdL(6)
  ^

In file included from /lustre/home/user/m/milias/work/software/quantum-espresso/qe-develop/q-e/XClib/beefun.c(8):
/lustre/home/user/m/milias/work/software/quantum-espresso/qe-develop/q-e/XClib/beefleg.h(528): warning #161: unrecognized #pragma
  defLdL(7)
  ^

In file included from /lustre/home/user/m/milias/work/software/quantum-espresso/qe-develop/q-e/XClib/beefun.c(8):
/lustre/home/user/m/milias/work/software/quantum-espresso/qe-develop/q-e/XClib/beefleg.h(529): warning #161: unrecognized #pragma
  defLdL(8)
  ^

In file included from /lustre/home/user/m/milias/work/software/quantum-espresso/qe-develop/q-e/XClib/beefun.c(8):
/lustre/home/user/m/milias/work/software/quantum-espresso/qe-develop/q-e/XClib/beefleg.h(530): warning #161: unrecognized #pragma
  defLdL(9)
  ^

In file included from /lustre/home/user/m/milias/work/software/quantum-espresso/qe-develop/q-e/XClib/beefun.c(8):
/lustre/home/user/m/milias/work/software/quantum-espresso/qe-develop/q-e/XClib/beefleg.h(531): warning #161: unrecognized #pragma
  defLdL(10)
  ^

In file included from /lustre/home/user/m/milias/work/software/quantum-espresso/qe-develop/q-e/XClib/beefun.c(8):
/lustre/home/user/m/milias/work/software/quantum-espresso/qe-develop/q-e/XClib/beefleg.h(532): warning #161: unrecognized #pragma
  defLdL(11)
  ^

In file included from /lustre/home/user/m/milias/work/software/quantum-espresso/qe-develop/q-e/XClib/beefun.c(8):
/lustre/home/user/m/milias/work/software/quantum-espresso/qe-develop/q-e/XClib/beefleg.h(533): warning #161: unrecognized #pragma
  defLdL(12)
  ^

In file included from /lustre/home/user/m/milias/work/software/quantum-espresso/qe-develop/q-e/XClib/beefun.c(8):
/lustre/home/user/m/milias/work/software/quantum-espresso/qe-develop/q-e/XClib/beefleg.h(534): warning #161: unrecognized #pragma
  defLdL(13)
  ^

In file included from /lustre/home/user/m/milias/work/software/quantum-espresso/qe-develop/q-e/XClib/beefun.c(8):
/lustre/home/user/m/milias/work/software/quantum-espresso/qe-develop/q-e/XClib/beefleg.h(535): warning #161: unrecognized #pragma
  defLdL(14)
  ^

In file included from /lustre/home/user/m/milias/work/software/quantum-espresso/qe-develop/q-e/XClib/beefun.c(8):
/lustre/home/user/m/milias/work/software/quantum-espresso/qe-develop/q-e/XClib/beefleg.h(536): warning #161: unrecognized #pragma
  defLdL(15)
  ^

In file included from /lustre/home/user/m/milias/work/software/quantum-espresso/qe-develop/q-e/XClib/beefun.c(8):
/lustre/home/user/m/milias/work/software/quantum-espresso/qe-develop/q-e/XClib/beefleg.h(537): warning #161: unrecognized #pragma
  defLdL(16)
  ^

In file included from /lustre/home/user/m/milias/work/software/quantum-espresso/qe-develop/q-e/XClib/beefun.c(8):
/lustre/home/user/m/milias/work/software/quantum-espresso/qe-develop/q-e/XClib/beefleg.h(538): warning #161: unrecognized #pragma
  defLdL(17)
  ^

In file included from /lustre/home/user/m/milias/work/software/quantum-espresso/qe-develop/q-e/XClib/beefun.c(8):
/lustre/home/user/m/milias/work/software/quantum-espresso/qe-develop/q-e/XClib/beefleg.h(539): warning #161: unrecognized #pragma
  defLdL(18)
  ^

In file included from /lustre/home/user/m/milias/work/software/quantum-espresso/qe-develop/q-e/XClib/beefun.c(8):
/lustre/home/user/m/milias/work/software/quantum-espresso/qe-develop/q-e/XClib/beefleg.h(540): warning #161: unrecognized #pragma
  defLdL(19)
  ^

In file included from /lustre/home/user/m/milias/work/software/quantum-espresso/qe-develop/q-e/XClib/beefun.c(8):
/lustre/home/user/m/milias/work/software/quantum-espresso/qe-develop/q-e/XClib/beefleg.h(541): warning #161: unrecognized #pragma
  defLdL(20)
  ^

In file included from /lustre/home/user/m/milias/work/software/quantum-espresso/qe-develop/q-e/XClib/beefun.c(8):
/lustre/home/user/m/milias/work/software/quantum-espresso/qe-develop/q-e/XClib/beefleg.h(542): warning #161: unrecognized #pragma
  defLdL(21)
  ^

In file included from /lustre/home/user/m/milias/work/software/quantum-espresso/qe-develop/q-e/XClib/beefun.c(8):
/lustre/home/user/m/milias/work/software/quantum-espresso/qe-develop/q-e/XClib/beefleg.h(543): warning #161: unrecognized #pragma
  defLdL(22)
  ^

In file included from /lustre/home/user/m/milias/work/software/quantum-espresso/qe-develop/q-e/XClib/beefun.c(8):
/lustre/home/user/m/milias/work/software/quantum-espresso/qe-develop/q-e/XClib/beefleg.h(544): warning #161: unrecognized #pragma
  defLdL(23)
  ^

In file included from /lustre/home/user/m/milias/work/software/quantum-espresso/qe-develop/q-e/XClib/beefun.c(8):
/lustre/home/user/m/milias/work/software/quantum-espresso/qe-develop/q-e/XClib/beefleg.h(545): warning #161: unrecognized #pragma
  defLdL(24)
  ^

In file included from /lustre/home/user/m/milias/work/software/quantum-espresso/qe-develop/q-e/XClib/beefun.c(8):
/lustre/home/user/m/milias/work/software/quantum-espresso/qe-develop/q-e/XClib/beefleg.h(546): warning #161: unrecognized #pragma
  defLdL(25)
  ^

In file included from /lustre/home/user/m/milias/work/software/quantum-espresso/qe-develop/q-e/XClib/beefun.c(8):
/lustre/home/user/m/milias/work/software/quantum-espresso/qe-develop/q-e/XClib/beefleg.h(547): warning #161: unrecognized #pragma
  defLdL(26)
  ^

In file included from /lustre/home/user/m/milias/work/software/quantum-espresso/qe-develop/q-e/XClib/beefun.c(8):
/lustre/home/user/m/milias/work/software/quantum-espresso/qe-develop/q-e/XClib/beefleg.h(548): warning #161: unrecognized #pragma
  defLdL(27)
  ^

In file included from /lustre/home/user/m/milias/work/software/quantum-espresso/qe-develop/q-e/XClib/beefun.c(8):
/lustre/home/user/m/milias/work/software/quantum-espresso/qe-develop/q-e/XClib/beefleg.h(549): warning #161: unrecognized #pragma
  defLdL(28)
  ^

In file included from /lustre/home/user/m/milias/work/software/quantum-espresso/qe-develop/q-e/XClib/beefun.c(8):
/lustre/home/user/m/milias/work/software/quantum-espresso/qe-develop/q-e/XClib/beefleg.h(550): warning #161: unrecognized #pragma
  defLdL(29)
  ^

In file included from /lustre/home/user/m/milias/work/software/quantum-espresso/qe-develop/q-e/XClib/beefun.c(8):
/lustre/home/user/m/milias/work/software/quantum-espresso/qe-develop/q-e/XClib/beefleg.h(585): warning #161: unrecognized #pragma
  #pragma acc routine seq
          ^

In file included from /lustre/home/user/m/milias/work/software/quantum-espresso/qe-develop/q-e/XClib/beefun.c(8):
/lustre/home/user/m/milias/work/software/quantum-espresso/qe-develop/q-e/XClib/beefleg.h(644): warning #161: unrecognized #pragma
  #pragma acc declare copyin (beeforder)
          ^

In file included from /lustre/home/user/m/milias/work/software/quantum-espresso/qe-develop/q-e/XClib/beefun.c(10):
/lustre/home/user/m/milias/work/software/quantum-espresso/qe-develop/q-e/XClib/beefleg.h(658): warning #161: unrecognized #pragma
  #pragma acc declare copyin (beeftype)
          ^

In file included from /lustre/home/user/m/milias/work/software/quantum-espresso/qe-develop/q-e/XClib/beefun.c(10):
/lustre/home/user/m/milias/work/software/quantum-espresso/qe-develop/q-e/XClib/pbecor.h(4): warning #161: unrecognized #pragma
  #pragma acc routine seq
          ^

In file included from /lustre/home/user/m/milias/work/software/quantum-espresso/qe-develop/q-e/XClib/beefun.c(10):
/lustre/home/user/m/milias/work/software/quantum-espresso/qe-develop/q-e/XClib/pbecor.h(9): warning #161: unrecognized #pragma
  #pragma acc routine seq
          ^

/lustre/home/user/m/milias/work/software/quantum-espresso/qe-develop/q-e/XClib/beefun.c(17): warning #161: unrecognized #pragma
  #pragma acc routine seq
          ^

/lustre/home/user/m/milias/work/software/quantum-espresso/qe-develop/q-e/XClib/beefun.c(76): warning #161: unrecognized #pragma
  #pragma acc routine seq
          ^

/lustre/home/user/m/milias/work/software/quantum-espresso/qe-develop/q-e/XClib/beefun.c(210): warning #161: unrecognized #pragma
  #pragma acc routine seq
          ^

/lustre/home/user/m/milias/work/software/quantum-espresso/qe-develop/q-e/XClib/beefun.c(323): warning #161: unrecognized #pragma
  #pragma acc update device(beeforder)
          ^

/lustre/home/user/m/milias/work/software/quantum-espresso/qe-develop/q-e/XClib/beefun.c(370): warning #161: unrecognized #pragma
  #pragma acc update device(beeftype)
          ^

[  3%] Building Fortran object LAXlib/tests/CMakeFiles/test_qe_lax_lapack_zdotc.dir/test_lapack_zdotc.f90.o
[  3%] Linking Fortran executable ../bin/test_qe_lax_lapack_zdotc.x
[  3%] Linking C static library ../lib/libqe_libbeef.a
[  3%] Built target qe_libbeef
[  3%] Preprocessing /lustre/home/user/m/milias/work/software/quantum-espresso/qe-develop/q-e/KS_Solvers/ks_solver_interfaces.h
/lustre/home/user/m/milias/work/software/quantum-espresso/qe-develop/q-e/KS_Solvers/ks_solver_interfaces.h:3:52: warning: missing terminating ' character [enabled by default]
 ! GNU General Public License. See the file `License'
                                                    ^
[  3%] Built target qe_ks_headers
[  3%] Building Fortran object upflib/CMakeFiles/qe_upflib_hgh2qe_exe.dir/hgh2qe.f90.o
/lustre/home/user/m/milias/work/software/quantum-espresso/qe-develop/q-e/upflib/hgh2qe.f90(196): remark #8293: Recommended relationship between field width 'W', the number of fractional digits 'D' and the number of exponential digits 'E' in this edit descriptor is 'W>=D+E+5'.
   52 format (a15,1pe22.15e3,a8,i5,a8,1pe23.15e3,a8,1pe22.15e3,a1)
---------------------^
/lustre/home/user/m/milias/work/software/quantum-espresso/qe-develop/q-e/upflib/hgh2qe.f90(196): remark #8293: Recommended relationship between field width 'W', the number of fractional digits 'D' and the number of exponential digits 'E' in this edit descriptor is 'W>=D+E+5'.
   52 format (a15,1pe22.15e3,a8,i5,a8,1pe23.15e3,a8,1pe22.15e3,a1)
-------------------------------------------------------^
/lustre/home/user/m/milias/work/software/quantum-espresso/qe-develop/q-e/upflib/hgh2qe.f90(188): remark #8293: Recommended relationship between field width 'W', the number of fractional digits 'D' and the number of exponential digits 'E' in this edit descriptor is 'W>=D+E+5'.
   51 format (a15,1pe22.15e3,a8,i4,a8,1pe23.15e3,a8,1pe22.15e3,a1)
---------------------^
/lustre/home/user/m/milias/work/software/quantum-espresso/qe-develop/q-e/upflib/hgh2qe.f90(188): remark #8293: Recommended relationship between field width 'W', the number of fractional digits 'D' and the number of exponential digits 'E' in this edit descriptor is 'W>=D+E+5'.
   51 format (a15,1pe22.15e3,a8,i4,a8,1pe23.15e3,a8,1pe22.15e3,a1)
-------------------------------------------------------^
/lustre/home/user/m/milias/work/software/quantum-espresso/qe-develop/q-e/upflib/hgh2qe.f90(180): remark #8293: Recommended relationship between field width 'W', the number of fractional digits 'D' and the number of exponential digits 'E' in this edit descriptor is 'W>=D+E+5'.
   50 format (a15,1pe22.15e3,a8,i3,a8,1pe23.15e3,a8,1pe22.15e3,a1)
---------------------^
/lustre/home/user/m/milias/work/software/quantum-espresso/qe-develop/q-e/upflib/hgh2qe.f90(180): remark #8293: Recommended relationship between field width 'W', the number of fractional digits 'D' and the number of exponential digits 'E' in this edit descriptor is 'W>=D+E+5'.
   50 format (a15,1pe22.15e3,a8,i3,a8,1pe23.15e3,a8,1pe22.15e3,a1)
-------------------------------------------------------^
/lustre/home/user/m/milias/work/software/quantum-espresso/qe-develop/q-e/upflib/hgh2qe.f90(142): remark #8293: Recommended relationship between field width 'W', the number of fractional digits 'D' and the number of exponential digits 'E' in this edit descriptor is 'W>=D+E+5'.
 write(6,'(a24,1pe22.15e3,a)')'             z_valence="',zion,'"'
------------------^
/lustre/home/user/m/milias/work/software/quantum-espresso/qe-develop/q-e/upflib/hgh2qe.f90(182): remark #8293: Recommended relationship between field width 'W', the number of fractional digits 'D' and the number of exponential digits 'E' in this edit descriptor is 'W>=D+E+5'.
   write(6,'(a7,1pe22.15e3,a2)')'zmesh="',z,'">'
-------------------^
/lustre/home/user/m/milias/work/software/quantum-espresso/qe-develop/q-e/upflib/hgh2qe.f90(184): remark #8293: Recommended relationship between field width 'W', the number of fractional digits 'D' and the number of exponential digits 'E' in this edit descriptor is 'W>=D+E+5'.
   write(6,'(4(1x,1pe22.15e3,1x))')rr
---------------------^
/lustre/home/user/m/milias/work/software/quantum-espresso/qe-develop/q-e/upflib/hgh2qe.f90(190): remark #8293: Recommended relationship between field width 'W', the number of fractional digits 'D' and the number of exponential digits 'E' in this edit descriptor is 'W>=D+E+5'.
   write(6,'(a7,1pe22.15e3,a2)')'zmesh="',z,'">'
-------------------^
/lustre/home/user/m/milias/work/software/quantum-espresso/qe-develop/q-e/upflib/hgh2qe.f90(192): remark #8293: Recommended relationship between field width 'W', the number of fractional digits 'D' and the number of exponential digits 'E' in this edit descriptor is 'W>=D+E+5'.
   write(6,'(4(1x,1pe22.15e3,1x))')rr
---------------------^
/lustre/home/user/m/milias/work/software/quantum-espresso/qe-develop/q-e/upflib/hgh2qe.f90(198): remark #8293: Recommended relationship between field width 'W', the number of fractional digits 'D' and the number of exponential digits 'E' in this edit descriptor is 'W>=D+E+5'.
   write(6,'(a7,1pe22.15e3,a2)')'zmesh="',z,'">'
-------------------^
/lustre/home/user/m/milias/work/software/quantum-espresso/qe-develop/q-e/upflib/hgh2qe.f90(200): remark #8293: Recommended relationship between field width 'W', the number of fractional digits 'D' and the number of exponential digits 'E' in this edit descriptor is 'W>=D+E+5'.
   write(6,'(4(1x,1pe22.15e3,1x))')rr
---------------------^
/lustre/home/user/m/milias/work/software/quantum-espresso/qe-develop/q-e/upflib/hgh2qe.f90(205): remark #8293: Recommended relationship between field width 'W', the number of fractional digits 'D' and the number of exponential digits 'E' in this edit descriptor is 'W>=D+E+5'.
 write(6,'(4(1x,1pe22.15e3,1x))')rab
-------------------^
/lustre/home/user/m/milias/work/software/quantum-espresso/qe-develop/q-e/upflib/hgh2qe.f90(243): remark #8293: Recommended relationship between field width 'W', the number of fractional digits 'D' and the number of exponential digits 'E' in this edit descriptor is 'W>=D+E+5'.
 write(6,'(4(1x,1pe22.15e3,1x))')rhoatom
-------------------^
[  3%] Building Fortran object PP/CMakeFiles/qe_pp_sumpdos_exe.dir/src/sumpdos.f90.o
/lustre/home/user/m/milias/work/software/quantum-espresso/qe-develop/q-e/upflib/hgh2qe.f90(289): remark #8293: Recommended relationship between field width 'W', the number of fractional digits 'D' and the number of exponential digits 'E' in this edit descriptor is 'W>=D+E+5'.
 write(6,'(4(1x,1pe22.15e3,1x))')pot_nlcc
-------------------^
/lustre/home/user/m/milias/work/software/quantum-espresso/qe-develop/q-e/upflib/hgh2qe.f90(393): remark #8293: Recommended relationship between field width 'W', the number of fractional digits 'D' and the number of exponential digits 'E' in this edit descriptor is 'W>=D+E+5'.
   write(6,'(a15,1pe22.15e3,a)')'cutoff_radius="',rcut(ikbeta),'" ultrasoft_cutoff_radius="0.000000000000000E+000">'
--------------------^
/lustre/home/user/m/milias/work/software/quantum-espresso/qe-develop/q-e/upflib/hgh2qe.f90(394): remark #8293: Recommended relationship between field width 'W', the number of fractional digits 'D' and the number of exponential digits 'E' in this edit descriptor is 'W>=D+E+5'.
   write(6,'(4(1x,1pe22.15e3,1x))')proj(:,ikbeta)
---------------------^
[  3%] Built target test_qe_lax_lapack_zdotc
[  3%] Building Fortran object external/mbd/src/CMakeFiles/mbd.dir/mbd_ts.F90.o
[  3%] Linking Fortran executable ../bin/sumpdos.x
[  3%] Linking Fortran executable ../bin/hgh2qe.x
[  3%] Built target qe_pp_sumpdos_exe
[  3%] Building Fortran object PP/CMakeFiles/qe_pp_st_ef_exe.dir/simple_transport/src/cryst_to_car.f90.o
[  3%] Built target qe_upflib_hgh2qe_exe
[  3%] Building Fortran object PP/CMakeFiles/qe_pp_st_ef_exe.dir/simple_transport/src/lint.f90.o
[  3%] Building Fortran object PP/CMakeFiles/qe_pp_st_dos_exe.dir/simple_transport/src/smearing_mod.f90.o
[  3%] Building Fortran object PP/CMakeFiles/qe_pp_st_ef_exe.dir/simple_transport/src/ef.f90.o
[  3%] Building Fortran object PP/CMakeFiles/qe_pp_st_dos_exe.dir/simple_transport/src/cryst_to_car.f90.o
[  3%] Building Fortran object PP/CMakeFiles/qe_pp_st_dos_exe.dir/simple_transport/src/lint.f90.o
[  3%] Linking Fortran executable ../bin/ef.x
[  3%] Building Fortran object PP/CMakeFiles/qe_pp_st_dos_exe.dir/simple_transport/src/vband_ibz.f90.o
[  3%] Built target qe_pp_st_ef_exe
[  3%] Building Fortran object PP/CMakeFiles/qe_pp_st_fermiint0_exe.dir/simple_transport/src/cryst_to_car.f90.o
[  3%] Building Fortran object PP/CMakeFiles/qe_pp_st_fermiint0_exe.dir/simple_transport/src/lint.f90.o
[  3%] Linking C static library ../../lib/libqe_fftx_c.a
[  3%] Built target qe_fftx_c
[  3%] Building Fortran object external/mbd/src/CMakeFiles/mbd.dir/mbd_density.f90.o
[  3%] Building Fortran object PP/CMakeFiles/qe_pp_st_fermiint0_exe.dir/simple_transport/src/vband_ibz.f90.o
[  4%] Building Fortran object PP/CMakeFiles/qe_pp_st_fermiint1_exe.dir/simple_transport/src/cryst_to_car.f90.o
[  4%] Building Fortran object external/CMakeFiles/qe_wannier90.dir/wannier90/src/sitesym.F90.o
[  4%] Building Fortran object PP/CMakeFiles/qe_pp_st_fermiint1_exe.dir/simple_transport/src/reducegrid.f90.o
[  4%] Building Fortran object PP/CMakeFiles/qe_pp_st_fermiint1_exe.dir/simple_transport/src/lint.f90.o
[  4%] Building Fortran object PP/CMakeFiles/qe_pp_st_fermiint1_exe.dir/simple_transport/src/vband_ibz.f90.o
[  4%] Building Fortran object PP/CMakeFiles/qe_pp_st_fermiint1_exe.dir/simple_transport/src/fermi_int_1.f90.o
[  4%] Building Fortran object GWW/CMakeFiles/qe_gww_util_grap_exe.dir/util/graph.f90.o
[  4%] Linking Fortran executable ../bin/graph.x
[  4%] Building Fortran object external/CMakeFiles/qe_wannier90.dir/wannier90/src/hamiltonian.F90.o
[  4%] Built target qe_gww_util_grap_exe
[  4%] Building Fortran object GWW/CMakeFiles/qe_gww_util_abcoefftoeps_exe.dir/util/abcoeff_to_eps.f90.o
[  4%] Linking Fortran executable ../bin/abcoeff_to_eps.x
[  4%] Building Fortran object PP/CMakeFiles/qe_pp_st_dos_exe.dir/simple_transport/src/dos.f90.o
[  4%] Linking Fortran executable ../bin/dos_sp.x
[  4%] Built target qe_gww_util_abcoefftoeps_exe
[  4%] Building Fortran object GWW/CMakeFiles/qe_gww_util_memorypw4gww_exe.dir/util/memory_pw4gww.f90.o
[  4%] Linking Fortran executable ../bin/memory_pw4gww.x
[  4%] Built target qe_pp_st_dos_exe
[  4%] Building Fortran object PP/CMakeFiles/qe_pp_st_fermiint0_exe.dir/simple_transport/src/fermi_int_0.f90.o
[  4%] Building Fortran object KCW/PP/CMakeFiles/qe_kcwpp_merge_wann_exe.dir/merge_wann.f90.o
[  4%] Built target qe_gww_util_memorypw4gww_exe
[  4%] Linking Fortran executable ../../bin/merge_wann.x
[  4%] Linking Fortran executable ../bin/fermi_int_1.x
[  4%] Building Fortran object FFTXlib/src/CMakeFiles/qe_fftx.dir/fft_param.f90.o
[  4%] Building Fortran object external/CMakeFiles/qe_wannier90.dir/wannier90/src/kmesh.F90.o
[  4%] Building Fortran object FFTXlib/src/CMakeFiles/qe_fftx.dir/fftw_interfaces.f90.o
[  4%] Built target qe_kcwpp_merge_wann_exe
[  4%] Linking Fortran executable ../bin/fermi_int_0.x
[  4%] Building Fortran object external/CMakeFiles/qe_wannier90.dir/wannier90/src/ws_distance.F90.o
[  4%] Building Fortran object FFTXlib/src/CMakeFiles/qe_fftx.dir/fft_support.f90.o
[  4%] Built target qe_pp_st_fermiint1_exe
[  4%] Building Fortran object FFTXlib/src/CMakeFiles/qe_fftx.dir/stick_base.f90.o
[  4%] Building Fortran object UtilXlib/CMakeFiles/qe_utilx.dir/parallel_include.f90.o
/lustre/home/user/m/milias/work/software/quantum-espresso/qe-develop/q-e/FFTXlib/src/stick_base.f90(86): warning #6075: The data type of the actual argument does not match the definition.   [COMM]
         CALL MPI_COMM_RANK( smap%comm, smap%mype, ierr )
----------------------------------^
/lustre/home/user/m/milias/work/software/quantum-espresso/qe-develop/q-e/FFTXlib/src/stick_base.f90(86): error #6633: The type of the actual argument differs from the type of the dummy argument.   [MYPE]
         CALL MPI_COMM_RANK( smap%comm, smap%mype, ierr )
---------------------------------------------^
/lustre/home/user/m/milias/work/software/quantum-espresso/qe-develop/q-e/FFTXlib/src/stick_base.f90(86): error #6633: The type of the actual argument differs from the type of the dummy argument.   [IERR]
         CALL MPI_COMM_RANK( smap%comm, smap%mype, ierr )
---------------------------------------------------^
/lustre/home/user/m/milias/work/software/quantum-espresso/qe-develop/q-e/FFTXlib/src/stick_base.f90(87): warning #6075: The data type of the actual argument does not match the definition.   [COMM]
         CALL MPI_COMM_SIZE( smap%comm, smap%nproc, ierr )
----------------------------------^
/lustre/home/user/m/milias/work/software/quantum-espresso/qe-develop/q-e/FFTXlib/src/stick_base.f90(87): error #6633: The type of the actual argument differs from the type of the dummy argument.   [NPROC]
         CALL MPI_COMM_SIZE( smap%comm, smap%nproc, ierr )
---------------------------------------------^
/lustre/home/user/m/milias/work/software/quantum-espresso/qe-develop/q-e/FFTXlib/src/stick_base.f90(87): error #6633: The type of the actual argument differs from the type of the dummy argument.   [IERR]
         CALL MPI_COMM_SIZE( smap%comm, smap%nproc, ierr )
----------------------------------------------------^
/lustre/home/user/m/milias/work/software/quantum-espresso/qe-develop/q-e/FFTXlib/src/stick_base.f90(216): warning #6075: The data type of the actual argument does not match the definition.   [COMM]
         CALL MPI_COMM_RANK( comm, mype, ierr )
-----------------------------^
/lustre/home/user/m/milias/work/software/quantum-espresso/qe-develop/q-e/FFTXlib/src/stick_base.f90(216): error #6633: The type of the actual argument differs from the type of the dummy argument.   [MYPE]
         CALL MPI_COMM_RANK( comm, mype, ierr )
-----------------------------------^
/lustre/home/user/m/milias/work/software/quantum-espresso/qe-develop/q-e/FFTXlib/src/stick_base.f90(216): error #6633: The type of the actual argument differs from the type of the dummy argument.   [IERR]
         CALL MPI_COMM_RANK( comm, mype, ierr )
-----------------------------------------^
/lustre/home/user/m/milias/work/software/quantum-espresso/qe-develop/q-e/FFTXlib/src/stick_base.f90(217): warning #6075: The data type of the actual argument does not match the definition.   [COMM]
         CALL MPI_COMM_SIZE( comm, nproc, ierr )
-----------------------------^
/lustre/home/user/m/milias/work/software/quantum-espresso/qe-develop/q-e/FFTXlib/src/stick_base.f90(217): error #6633: The type of the actual argument differs from the type of the dummy argument.   [NPROC]
         CALL MPI_COMM_SIZE( comm, nproc, ierr )
-----------------------------------^
/lustre/home/user/m/milias/work/software/quantum-espresso/qe-develop/q-e/FFTXlib/src/stick_base.f90(217): error #6633: The type of the actual argument differs from the type of the dummy argument.   [IERR]
         CALL MPI_COMM_SIZE( comm, nproc, ierr )
------------------------------------------^
/lustre/home/user/m/milias/work/software/quantum-espresso/qe-develop/q-e/FFTXlib/src/stick_base.f90(253): warning #6075: The data type of the actual argument does not match the definition.   [SIZE]
         CALL MPI_ALLREDUCE(MPI_IN_PLACE, st, size(st), MPI_INTEGER, MPI_SUM, comm, ierr)
----------------------------------------------^
/lustre/home/user/m/milias/work/software/quantum-espresso/qe-develop/q-e/FFTXlib/src/stick_base.f90(253): warning #6075: The data type of the actual argument does not match the definition.   [COMM]
         CALL MPI_ALLREDUCE(MPI_IN_PLACE, st, size(st), MPI_INTEGER, MPI_SUM, comm, ierr)
------------------------------------------------------------------------------^
/lustre/home/user/m/milias/work/software/quantum-espresso/qe-develop/q-e/FFTXlib/src/stick_base.f90(253): error #6633: The type of the actual argument differs from the type of the dummy argument.   [IERR]
         CALL MPI_ALLREDUCE(MPI_IN_PLACE, st, size(st), MPI_INTEGER, MPI_SUM, comm, ierr)
------------------------------------------------------------------------------------^
/lustre/home/user/m/milias/work/software/quantum-espresso/qe-develop/q-e/FFTXlib/src/stick_base.f90(254): warning #6075: The data type of the actual argument does not match the definition.   [COMM]
         CALL MPI_ALLREDUCE(MPI_IN_PLACE, ngm, 1, MPI_INTEGER, MPI_SUM, comm, ierr)
------------------------------------------------------------------------^
/lustre/home/user/m/milias/work/software/quantum-espresso/qe-develop/q-e/FFTXlib/src/stick_base.f90(254): error #6633: The type of the actual argument differs from the type of the dummy argument.   [IERR]
         CALL MPI_ALLREDUCE(MPI_IN_PLACE, ngm, 1, MPI_INTEGER, MPI_SUM, comm, ierr)
------------------------------------------------------------------------------^
compilation aborted for /lustre/home/user/m/milias/work/software/quantum-espresso/qe-develop/q-e/FFTXlib/src/stick_base.f90 (code 1)
make[2]: *** [FFTXlib/src/CMakeFiles/qe_fftx.dir/stick_base.f90.o] Error 1
make[1]: *** [FFTXlib/src/CMakeFiles/qe_fftx.dir/all] Error 2
make[1]: *** Waiting for unfinished jobs....
[  4%] Building Fortran object UtilXlib/CMakeFiles/qe_utilx.dir/nvtx_wrapper.f90.o
[  4%] Built target qe_pp_st_fermiint0_exe
[  4%] Building Fortran object UtilXlib/CMakeFiles/qe_utilx.dir/find_free_unit.f90.o
[  4%] Building Fortran object UtilXlib/CMakeFiles/qe_utilx.dir/mem_counter.f90.o
[  4%] Building Fortran object external/CMakeFiles/qe_wannier90.dir/wannier90/src/disentangle.F90.o
[  4%] Building Fortran object external/CMakeFiles/qe_wannier90.dir/wannier90/src/overlap.F90.o
[  4%] Building Fortran object UtilXlib/CMakeFiles/qe_utilx.dir/util_param.f90.o
[  4%] Building Fortran object external/CMakeFiles/qe_wannier90.dir/wannier90/src/plot.F90.o
[  4%] Building Fortran object UtilXlib/CMakeFiles/qe_utilx.dir/clib_wrappers.f90.o
[  4%] Building Fortran object UtilXlib/CMakeFiles/qe_utilx.dir/clocks_handler.f90.o
[  5%] Building Fortran object UtilXlib/CMakeFiles/qe_utilx.dir/data_buffer.f90.o
[  5%] Building Fortran object UtilXlib/CMakeFiles/qe_utilx.dir/mp.f90.o
/lustre/home/user/m/milias/work/software/quantum-espresso/qe-develop/q-e/UtilXlib/mp.f90(191): warning #6075: The data type of the actual argument does not match the definition.   [ROOT]
        CALL MPI_GATHER(mydata, 1, MPI_INTEGER, alldata, 1, MPI_INTEGER, root, group, IERR)
-------------------------------------------------------------------------^
/lustre/home/user/m/milias/work/software/quantum-espresso/qe-develop/q-e/UtilXlib/mp.f90(191): warning #6075: The data type of the actual argument does not match the definition.   [GROUP]
        CALL MPI_GATHER(mydata, 1, MPI_INTEGER, alldata, 1, MPI_INTEGER, root, group, IERR)
-------------------------------------------------------------------------------^
/lustre/home/user/m/milias/work/software/quantum-espresso/qe-develop/q-e/UtilXlib/mp.f90(191): error #6633: The type of the actual argument differs from the type of the dummy argument.   [IERR]
        CALL MPI_GATHER(mydata, 1, MPI_INTEGER, alldata, 1, MPI_INTEGER, root, group, IERR)
--------------------------------------------------------------------------------------^
/lustre/home/user/m/milias/work/software/quantum-espresso/qe-develop/q-e/UtilXlib/mp.f90(216): warning #6075: The data type of the actual argument does not match the definition.   [MSGLEN]
        CALL MPI_GATHER(mydata, msglen, MPI_INTEGER, alldata, msglen, MPI_INTEGER, root, group, IERR)
--------------------------------^
/lustre/home/user/m/milias/work/software/quantum-espresso/qe-develop/q-e/UtilXlib/mp.f90(216): warning #6075: The data type of the actual argument does not match the definition.   [MSGLEN]
        CALL MPI_GATHER(mydata, msglen, MPI_INTEGER, alldata, msglen, MPI_INTEGER, root, group, IERR)
--------------------------------------------------------------^
/lustre/home/user/m/milias/work/software/quantum-espresso/qe-develop/q-e/UtilXlib/mp.f90(216): warning #6075: The data type of the actual argument does not match the definition.   [ROOT]
        CALL MPI_GATHER(mydata, msglen, MPI_INTEGER, alldata, msglen, MPI_INTEGER, root, group, IERR)
-----------------------------------------------------------------------------------^
/lustre/home/user/m/milias/work/software/quantum-espresso/qe-develop/q-e/UtilXlib/mp.f90(216): warning #6075: The data type of the actual argument does not match the definition.   [GROUP]
        CALL MPI_GATHER(mydata, msglen, MPI_INTEGER, alldata, msglen, MPI_INTEGER, root, group, IERR)
-----------------------------------------------------------------------------------------^
/lustre/home/user/m/milias/work/software/quantum-espresso/qe-develop/q-e/UtilXlib/mp.f90(216): error #6633: The type of the actual argument differs from the type of the dummy argument.   [IERR]
        CALL MPI_GATHER(mydata, msglen, MPI_INTEGER, alldata, msglen, MPI_INTEGER, root, group, IERR)
------------------------------------------------------------------------------------------------^
/lustre/home/user/m/milias/work/software/quantum-espresso/qe-develop/q-e/UtilXlib/mp.f90(244): warning #6075: The data type of the actual argument does not match the definition.   [GROUP]
        CALL mpi_comm_rank(group,taskid,ierr)
---------------------------^
/lustre/home/user/m/milias/work/software/quantum-espresso/qe-develop/q-e/UtilXlib/mp.f90(244): error #6633: The type of the actual argument differs from the type of the dummy argument.   [TASKID]
        CALL mpi_comm_rank(group,taskid,ierr)
---------------------------------^
/lustre/home/user/m/milias/work/software/quantum-espresso/qe-develop/q-e/UtilXlib/mp.f90(244): error #6633: The type of the actual argument differs from the type of the dummy argument.   [IERR]
        CALL mpi_comm_rank(group,taskid,ierr)
----------------------------------------^
/lustre/home/user/m/milias/work/software/quantum-espresso/qe-develop/q-e/UtilXlib/mp.f90(246): warning #6075: The data type of the actual argument does not match the definition.   [GROUP]
        CALL mpi_comm_size(group,numtask,ierr)
---------------------------^
/lustre/home/user/m/milias/work/software/quantum-espresso/qe-develop/q-e/UtilXlib/mp.f90(246): error #6633: The type of the actual argument differs from the type of the dummy argument.   [NUMTASK]
        CALL mpi_comm_size(group,numtask,ierr)
---------------------------------^
/lustre/home/user/m/milias/work/software/quantum-espresso/qe-develop/q-e/UtilXlib/mp.f90(246): error #6633: The type of the actual argument differs from the type of the dummy argument.   [IERR]
        CALL mpi_comm_size(group,numtask,ierr)
-----------------------------------------^
/lustre/home/user/m/milias/work/software/quantum-espresso/qe-develop/q-e/UtilXlib/mp.f90(288): warning #6075: The data type of the actual argument does not match the definition.   [GROUPID]
        CALL mpi_comm_rank( groupid, taskid, ierr)
----------------------------^
/lustre/home/user/m/milias/work/software/quantum-espresso/qe-develop/q-e/UtilXlib/mp.f90(288): error #6633: The type of the actual argument differs from the type of the dummy argument.   [TASKID]
        CALL mpi_comm_rank( groupid, taskid, ierr)
-------------------------------------^
/lustre/home/user/m/milias/work/software/quantum-espresso/qe-develop/q-e/UtilXlib/mp.f90(288): error #6633: The type of the actual argument differs from the type of the dummy argument.   [IERR]
        CALL mpi_comm_rank( groupid, taskid, ierr)
---------------------------------------------^
/lustre/home/user/m/milias/work/software/quantum-espresso/qe-develop/q-e/UtilXlib/mp.f90(312): warning #6075: The data type of the actual argument does not match the definition.   [COMM]
         CALL mpi_comm_group( comm, group, ierr )
------------------------------^
/lustre/home/user/m/milias/work/software/quantum-espresso/qe-develop/q-e/UtilXlib/mp.f90(312): error #6633: The type of the actual argument differs from the type of the dummy argument.   [GROUP]
         CALL mpi_comm_group( comm, group, ierr )
------------------------------------^
/lustre/home/user/m/milias/work/software/quantum-espresso/qe-develop/q-e/UtilXlib/mp.f90(312): error #6633: The type of the actual argument differs from the type of the dummy argument.   [IERR]
         CALL mpi_comm_group( comm, group, ierr )
-------------------------------------------^
/lustre/home/user/m/milias/work/software/quantum-espresso/qe-develop/q-e/UtilXlib/mp.f90(328): warning #6075: The data type of the actual argument does not match the definition.   [OLD_COMM]
         CALL MPI_COMM_SPLIT( old_comm, color, key, new_comm, ierr )
------------------------------^
/lustre/home/user/m/milias/work/software/quantum-espresso/qe-develop/q-e/UtilXlib/mp.f90(328): warning #6075: The data type of the actual argument does not match the definition.   [COLOR]
         CALL MPI_COMM_SPLIT( old_comm, color, key, new_comm, ierr )
----------------------------------------^
/lustre/home/user/m/milias/work/software/quantum-espresso/qe-develop/q-e/UtilXlib/mp.f90(328): warning #6075: The data type of the actual argument does not match the definition.   [KEY]
         CALL MPI_COMM_SPLIT( old_comm, color, key, new_comm, ierr )
-----------------------------------------------^
/lustre/home/user/m/milias/work/software/quantum-espresso/qe-develop/q-e/UtilXlib/mp.f90(328): error #6633: The type of the actual argument differs from the type of the dummy argument.   [NEW_COMM]
         CALL MPI_COMM_SPLIT( old_comm, color, key, new_comm, ierr )
----------------------------------------------------^
/lustre/home/user/m/milias/work/software/quantum-espresso/qe-develop/q-e/UtilXlib/mp.f90(328): error #6633: The type of the actual argument differs from the type of the dummy argument.   [IERR]
         CALL MPI_COMM_SPLIT( old_comm, color, key, new_comm, ierr )
--------------------------------------------------------------^
/lustre/home/user/m/milias/work/software/quantum-espresso/qe-develop/q-e/UtilXlib/mp.f90(346): warning #6075: The data type of the actual argument does not match the definition.   [OLD_GRP]
        CALL mpi_group_incl( old_grp, group_size, group_list, new_grp, ierr )
-----------------------------^
/lustre/home/user/m/milias/work/software/quantum-espresso/qe-develop/q-e/UtilXlib/mp.f90(346): warning #6075: The data type of the actual argument does not match the definition.   [GROUP_SIZE]
        CALL mpi_group_incl( old_grp, group_size, group_list, new_grp, ierr )
--------------------------------------^
/lustre/home/user/m/milias/work/software/quantum-espresso/qe-develop/q-e/UtilXlib/mp.f90(346): error #6633: The type of the actual argument differs from the type of the dummy argument.   [GROUP_LIST]
        CALL mpi_group_incl( old_grp, group_size, group_list, new_grp, ierr )
--------------------------------------------------^
/lustre/home/user/m/milias/work/software/quantum-espresso/qe-develop/q-e/UtilXlib/mp.f90(346): error #6633: The type of the actual argument differs from the type of the dummy argument.   [NEW_GRP]
        CALL mpi_group_incl( old_grp, group_size, group_list, new_grp, ierr )
--------------------------------------------------------------^
/lustre/home/user/m/milias/work/software/quantum-espresso/qe-develop/q-e/UtilXlib/mp.f90(346): error #6633: The type of the actual argument differs from the type of the dummy argument.   [IERR]
        CALL mpi_group_incl( old_grp, group_size, group_list, new_grp, ierr )
-----------------------------------------------------------------------^
/lustre/home/user/m/milias/work/software/quantum-espresso/qe-develop/q-e/UtilXlib/mp.f90(363): warning #6075: The data type of the actual argument does not match the definition.   [OLD_COMM]
        CALL mpi_comm_create( old_comm, new_grp, new_comm, ierr )
------------------------------^
/lustre/home/user/m/milias/work/software/quantum-espresso/qe-develop/q-e/UtilXlib/mp.f90(363): warning #6075: The data type of the actual argument does not match the definition.   [NEW_GRP]
        CALL mpi_comm_create( old_comm, new_grp, new_comm, ierr )
----------------------------------------^
/lustre/home/user/m/milias/work/software/quantum-espresso/qe-develop/q-e/UtilXlib/mp.f90(363): error #6633: The type of the actual argument differs from the type of the dummy argument.   [NEW_COMM]
        CALL mpi_comm_create( old_comm, new_grp, new_comm, ierr )
-------------------------------------------------^
/lustre/home/user/m/milias/work/software/quantum-espresso/qe-develop/q-e/UtilXlib/mp.f90(363): error #6633: The type of the actual argument differs from the type of the dummy argument.   [IERR]
        CALL mpi_comm_create( old_comm, new_grp, new_comm, ierr )
-----------------------------------------------------------^
/lustre/home/user/m/milias/work/software/quantum-espresso/qe-develop/q-e/UtilXlib/mp.f90(377): error #6633: The type of the actual argument differs from the type of the dummy argument.   [GROUP]
        CALL mpi_group_free( group, ierr )
-----------------------------^
/lustre/home/user/m/milias/work/software/quantum-espresso/qe-develop/q-e/UtilXlib/mp.f90(377): error #6633: The type of the actual argument differs from the type of the dummy argument.   [IERR]
        CALL mpi_group_free( group, ierr )
------------------------------------^
/lustre/home/user/m/milias/work/software/quantum-espresso/qe-develop/q-e/UtilXlib/mp.f90(391): error #6633: The type of the actual argument differs from the type of the dummy argument.   [COMM]
            CALL mpi_comm_free( comm, ierr )
--------------------------------^
/lustre/home/user/m/milias/work/software/quantum-espresso/qe-develop/q-e/UtilXlib/mp.f90(391): error #6633: The type of the actual argument differs from the type of the dummy argument.   [IERR]
            CALL mpi_comm_free( comm, ierr )
--------------------------------------^
/lustre/home/user/m/milias/work/software/quantum-espresso/qe-develop/q-e/UtilXlib/mp.f90(412): warning #6075: The data type of the actual argument does not match the definition.   [SIZE]
        call MPI_Waitall(size(requests), requests, istatus, ierr)
-------------------------^
/lustre/home/user/m/milias/work/software/quantum-espresso/qe-develop/q-e/UtilXlib/mp.f90(412): error #6633: The type of the actual argument differs from the type of the dummy argument.   [REQUESTS]
        call MPI_Waitall(size(requests), requests, istatus, ierr)
-----------------------------------------^
/lustre/home/user/m/milias/work/software/quantum-espresso/qe-develop/q-e/UtilXlib/mp.f90(412): error #6633: The type of the actual argument differs from the type of the dummy argument.   [ISTATUS]
        call MPI_Waitall(size(requests), requests, istatus, ierr)
---------------------------------------------------^
/lustre/home/user/m/milias/work/software/quantum-espresso/qe-develop/q-e/UtilXlib/mp.f90(412): error #6633: The type of the actual argument differs from the type of the dummy argument.   [IERR]
        call MPI_Waitall(size(requests), requests, istatus, ierr)
------------------------------------------------------------^
/lustre/home/user/m/milias/work/software/quantum-espresso/qe-develop/q-e/UtilXlib/mp.f90(433): warning #6075: The data type of the actual argument does not match the definition.   [SIZE]
          call MPI_Testall(size(requests), requests, flag, istatus, ierr)
---------------------------^
/lustre/home/user/m/milias/work/software/quantum-espresso/qe-develop/q-e/UtilXlib/mp.f90(433): error #6633: The type of the actual argument differs from the type of the dummy argument.   [REQUESTS]
          call MPI_Testall(size(requests), requests, flag, istatus, ierr)
-------------------------------------------^
/lustre/home/user/m/milias/work/software/quantum-espresso/qe-develop/q-e/UtilXlib/mp.f90(433): error #6633: The type of the actual argument differs from the type of the dummy argument.   [FLAG]
          call MPI_Testall(size(requests), requests, flag, istatus, ierr)
-----------------------------------------------------^
/lustre/home/user/m/milias/work/software/quantum-espresso/qe-develop/q-e/UtilXlib/mp.f90(433): error #6633: The type of the actual argument differs from the type of the dummy argument.   [ISTATUS]
          call MPI_Testall(size(requests), requests, flag, istatus, ierr)
-----------------------------------------------------------^
/lustre/home/user/m/milias/work/software/quantum-espresso/qe-develop/q-e/UtilXlib/mp.f90(433): error #6633: The type of the actual argument differs from the type of the dummy argument.   [IERR]
          call MPI_Testall(size(requests), requests, flag, istatus, ierr)
--------------------------------------------------------------------^
/lustre/home/user/m/milias/work/software/quantum-espresso/qe-develop/q-e/UtilXlib/mp.f90(869): warning #6075: The data type of the actual argument does not match the definition.   [MSGLEN]
             CALL MPI_SEND( msg_sour, msglen, MPI_INTEGER, dest, ip, group, ierr)
--------------------------------------^
/lustre/home/user/m/milias/work/software/quantum-espresso/qe-develop/q-e/UtilXlib/mp.f90(869): warning #6075: The data type of the actual argument does not match the definition.   [DEST]
             CALL MPI_SEND( msg_sour, msglen, MPI_INTEGER, dest, ip, group, ierr)
-----------------------------------------------------------^
/lustre/home/user/m/milias/work/software/quantum-espresso/qe-develop/q-e/UtilXlib/mp.f90(869): warning #6075: The data type of the actual argument does not match the definition.   [IP]
             CALL MPI_SEND( msg_sour, msglen, MPI_INTEGER, dest, ip, group, ierr)
-----------------------------------------------------------------^
/lustre/home/user/m/milias/work/software/quantum-espresso/qe-develop/q-e/UtilXlib/mp.f90(869): warning #6075: The data type of the actual argument does not match the definition.   [GROUP]
             CALL MPI_SEND( msg_sour, msglen, MPI_INTEGER, dest, ip, group, ierr)
---------------------------------------------------------------------^
/lustre/home/user/m/milias/work/software/quantum-espresso/qe-develop/q-e/UtilXlib/mp.f90(869): error #6633: The type of the actual argument differs from the type of the dummy argument.   [IERR]
             CALL MPI_SEND( msg_sour, msglen, MPI_INTEGER, dest, ip, group, ierr)
----------------------------------------------------------------------------^
/lustre/home/user/m/milias/work/software/quantum-espresso/qe-develop/q-e/UtilXlib/mp.f90(873): warning #6075: The data type of the actual argument does not match the definition.   [MSGLEN]
             CALL MPI_RECV( msg_dest, msglen, MPI_INTEGER, sour, ip, group, istatus, IERR )
--------------------------------------^
/lustre/home/user/m/milias/work/software/quantum-espresso/qe-develop/q-e/UtilXlib/mp.f90(873): warning #6075: The data type of the actual argument does not match the definition.   [SOUR]
             CALL MPI_RECV( msg_dest, msglen, MPI_INTEGER, sour, ip, group, istatus, IERR )
-----------------------------------------------------------^
/lustre/home/user/m/milias/work/software/quantum-espresso/qe-develop/q-e/UtilXlib/mp.f90(873): warning #6075: The data type of the actual argument does not match the definition.   [IP]
             CALL MPI_RECV( msg_dest, msglen, MPI_INTEGER, sour, ip, group, istatus, IERR )
-----------------------------------------------------------------^
/lustre/home/user/m/milias/work/software/quantum-espresso/qe-develop/q-e/UtilXlib/mp.f90(873): warning #6075: The data type of the actual argument does not match the definition.   [GROUP]
             CALL MPI_RECV( msg_dest, msglen, MPI_INTEGER, sour, ip, group, istatus, IERR )
---------------------------------------------------------------------^
/lustre/home/user/m/milias/work/software/quantum-espresso/qe-develop/q-e/UtilXlib/mp.f90(873): error #6633: The type of the actual argument differs from the type of the dummy argument.   [ISTATUS]
             CALL MPI_RECV( msg_dest, msglen, MPI_INTEGER, sour, ip, group, istatus, IERR )
----------------------------------------------------------------------------^
/tmp/ifort4uZiKo.i90(3151): catastrophic error: Too many errors, exiting
compilation aborted for /lustre/home/user/m/milias/work/software/quantum-espresso/qe-develop/q-e/UtilXlib/mp.f90 (code 1)
make[2]: *** [UtilXlib/CMakeFiles/qe_utilx.dir/mp.f90.o] Error 1
make[1]: *** [UtilXlib/CMakeFiles/qe_utilx.dir/all] Error 2
[  5%] Building Fortran object external/CMakeFiles/qe_wannier90.dir/wannier90/src/postw90/postw90_common.F90.o
[  5%] Building Fortran object external/CMakeFiles/qe_wannier90.dir/wannier90/src/transport.F90.o
[  5%] Building Fortran object external/CMakeFiles/qe_wannier90.dir/wannier90/src/wannierise.F90.o
[  5%] Building Fortran object external/mbd/src/CMakeFiles/mbd.dir/mbd_hamiltonian.F90.o
[  5%] Building Fortran object external/mbd/src/CMakeFiles/mbd.dir/mbd_rpa.F90.o
[  5%] Building Fortran object external/mbd/src/CMakeFiles/mbd.dir/mbd_scs.f90.o
[  5%] Building Fortran object external/mbd/src/CMakeFiles/mbd.dir/mbd_coulomb.f90.o
[  5%] Building Fortran object external/CMakeFiles/qe_wannier90.dir/wannier90/src/postw90/get_oper.F90.o
[  5%] Building Fortran object external/mbd/src/CMakeFiles/mbd.dir/mbd_methods.F90.o
[  5%] Building Fortran object external/mbd/src/CMakeFiles/mbd.dir/mbd.F90.o
[  5%] Linking Fortran static library ../../../lib/libmbd.a
[  5%] Built target mbd
[  5%] Building Fortran object external/CMakeFiles/qe_wannier90.dir/wannier90/src/postw90/wan_ham.F90.o
[  5%] Building Fortran object external/CMakeFiles/qe_wannier90.dir/wannier90/src/postw90/spin.F90.o
[  5%] Building Fortran object external/CMakeFiles/qe_wannier90.dir/wannier90/src/wannier_lib.F90.o
[  5%] Building Fortran object external/CMakeFiles/qe_wannier90.dir/wannier90/src/postw90/dos.F90.o
[  5%] Building Fortran object external/CMakeFiles/qe_wannier90.dir/wannier90/src/postw90/berry.F90.o
[  5%] Building Fortran object external/CMakeFiles/qe_wannier90.dir/wannier90/src/postw90/geninterp.F90.o
[  5%] Building Fortran object external/CMakeFiles/qe_wannier90.dir/wannier90/src/postw90/boltzwann.F90.o
[  5%] Building Fortran object external/CMakeFiles/qe_wannier90.dir/wannier90/src/postw90/kpath.F90.o
[  5%] Building Fortran object external/CMakeFiles/qe_wannier90.dir/wannier90/src/postw90/gyrotropic.F90.o
[  5%] Building Fortran object external/CMakeFiles/qe_wannier90.dir/wannier90/src/postw90/kslice.F90.o
[  5%] Linking Fortran static library ../lib/libqe_wannier90.a
[  5%] Built target qe_wannier90
make: *** [all] Error 2


 content of /lustre/home/user/m/milias/work/software/quantum-espresso/qe-develop/q-e/build_openmpi_intelmkl_scalapack_again/bin  :
total 2791
-rwxr-xr-x 1 milias hybrilit 1136632 May 26 23:56 fermi_int_0.x
-rwxr-xr-x 1 milias hybrilit 1132592 May 26 23:56 fermi_int_1.x
-rwxr-xr-x 1 milias hybrilit  933568 May 26 23:56 memory_pw4gww.x
-rwxr-xr-x 1 milias hybrilit  985040 May 26 23:56 merge_wann.x
-rwxr-xr-x 1 milias hybrilit  941192 May 26 23:56 abcoeff_to_eps.x
-rwxr-xr-x 1 milias hybrilit 1128880 May 26 23:56 dos_sp.x
-rwxr-xr-x 1 milias hybrilit  956248 May 26 23:56 graph.x
-rwxr-xr-x 1 milias hybrilit 1076648 May 26 23:56 ef.x
-rwxr-xr-x 1 milias hybrilit 1224768 May 26 23:56 hgh2qe.x
-rwxr-xr-x 1 milias hybrilit 1027496 May 26 23:56 sumpdos.x


 ldd /lustre/home/user/m/milias/work/software/quantum-espresso/qe-develop/q-e/build_openmpi_intelmkl_scalapack_again/bin/pw.x :
ldd: /lustre/home/user/m/milias/work/software/quantum-espresso/qe-develop/q-e/build_openmpi_intelmkl_scalapack_again/bin/pw.x: No such file or directory


 running ctest -j  6 :
Test project /lustre/home/user/m/milias/work/software/quantum-espresso/qe-develop/q-e/build_openmpi_intelmkl_scalapack_again
        Start 315: system--cp-pseudo
        Start 362: system--pw_md--md_restart_verlet-init
        Start  28: test_qe_xclib_gen_test
        Start   1: test_qe_fftx-r1-t1
        Start   3: test_qe_fftx_fft_scalar_gpu-r1-t1
        Start   5: test_qe_fftx_fft_scatter_mod_gpu-r1-t1
  1/362 Test #362: system--pw_md--md_restart_verlet-init .............................   Passed    0.03 sec
        Start 360: system--pw_md--preparation
  2/362 Test #360: system--pw_md--preparation ........................................   Passed    0.03 sec
        Start   7: test_qe_fftx_fwinv_gpu-r1-t1
  3/362 Test #315: system--cp-pseudo .................................................   Passed    0.19 sec
        Start  31: system--pw-pseudo
  4/362 Test  #28: test_qe_xclib_gen_test ............................................***Failed    0.28 sec
        Start   9: test_qe_utilx_offload_macros
  5/362 Test   #3: test_qe_fftx_fft_scalar_gpu-r1-t1 .................................***Failed    0.49 sec
        Start  10: test_qe_utilx_mp_count_nodes
  6/362 Test   #5: test_qe_fftx_fft_scatter_mod_gpu-r1-t1 ............................***Failed    0.70 sec
        Start  11: test_qe_utilx_mp_bcast_i1
  7/362 Test   #1: test_qe_fftx-r1-t1 ................................................***Failed    0.95 sec
        Start  12: test_qe_utilx_mp_bcast_iv
  8/362 Test  #31: system--pw-pseudo .................................................   Passed    0.95 sec
        Start  13: test_qe_utilx_mp_bcast_im
  9/362 Test   #7: test_qe_fftx_fwinv_gpu-r1-t1 ......................................***Failed    1.10 sec
        Start  14: test_qe_utilx_mp_bcast_it
 10/362 Test   #9: test_qe_utilx_offload_macros ......................................***Failed    1.05 sec
        Start  15: test_qe_utilx_mp_bcast_iv_buffer
 11/362 Test  #10: test_qe_utilx_mp_count_nodes ......................................***Failed    1.02 sec
        Start  16: test_qe_utilx_mp_bcast_lv_buffer
 12/362 Test  #11: test_qe_utilx_mp_bcast_i1 .........................................***Failed    0.99 sec
        Start  17: test_qe_utilx_mp_bcast_rv_buffer
 13/362 Test  #12: test_qe_utilx_mp_bcast_iv .........................................***Failed    0.95 sec
        Start  18: test_qe_utilx_mp_max_iv_buffer
 14/362 Test  #13: test_qe_utilx_mp_bcast_im .........................................***Failed    0.95 sec
        Start  19: test_qe_utilx_mp_max_rv_buffer
 15/362 Test  #14: test_qe_utilx_mp_bcast_it .........................................***Failed    1.16 sec
        Start  20: test_qe_utilx_mp_min_iv_buffer
 16/362 Test  #15: test_qe_utilx_mp_bcast_iv_buffer ..................................***Failed    1.17 sec
        Start  21: test_qe_utilx_mp_min_rv_buffer
 17/362 Test  #16: test_qe_utilx_mp_bcast_lv_buffer ..................................***Failed    1.19 sec
        Start  22: test_qe_utilx_mp_sum_iv_buffer
 18/362 Test  #17: test_qe_utilx_mp_bcast_rv_buffer ..................................***Failed    1.20 sec
        Start  23: test_qe_utilx_mp_sum_rv_buffer
 19/362 Test  #18: test_qe_utilx_mp_max_iv_buffer ....................................***Failed    1.19 sec
        Start  24: test_qe_lax-r1-t1
 20/362 Test  #20: test_qe_utilx_mp_min_iv_buffer ....................................***Failed    0.96 sec
        Start  26: test_qe_lapack_zdotc
 21/362 Test  #19: test_qe_utilx_mp_max_rv_buffer ....................................***Failed    1.40 sec
        Start  27: test_qe_xclib_exe_test
 22/362 Test  #21: test_qe_utilx_mp_min_rv_buffer ....................................***Failed    1.21 sec
        Start  29: test_qe_xclib_test_all_terms
 23/362 Test  #23: test_qe_utilx_mp_sum_rv_buffer ....................................***Failed    1.02 sec
        Start  30: test_qe_xclib_test_all_shorts
 24/362 Test  #22: test_qe_utilx_mp_sum_iv_buffer ....................................***Failed    1.39 sec
        Start 202: system--pw_plugins-correctness
 25/362 Test  #24: test_qe_lax-r1-t1 .................................................***Failed    1.20 sec
        Start 361: system--pw_md--md_restart_verlet-cleanup
 26/362 Test #361: system--pw_md--md_restart_verlet-cleanup ..........................   Passed    0.01 sec
 27/362 Test #202: system--pw_plugins-correctness ....................................***Failed    0.28 sec
 28/362 Test  #26: test_qe_lapack_zdotc ..............................................   Passed    1.20 sec
        Start   2: test_qe_fftx-r3-t1
 29/362 Test  #27: test_qe_xclib_exe_test ............................................***Failed    1.20 sec
 30/362 Test  #29: test_qe_xclib_test_all_terms ......................................***Failed    1.15 sec
 31/362 Test  #30: test_qe_xclib_test_all_shorts .....................................***Failed    1.18 sec
        Start   4: test_qe_fftx_fft_scalar_gpu-r3-t1
 32/362 Test   #2: test_qe_fftx-r3-t1 ................................................***Failed    0.79 sec
        Start   6: test_qe_fftx_fft_scatter_mod_gpu-r3-t1
 33/362 Test   #4: test_qe_fftx_fft_scalar_gpu-r3-t1 .................................***Failed    0.36 sec
        Start   8: test_qe_fftx_fwinv_gpu-r3-t1
 34/362 Test   #6: test_qe_fftx_fft_scatter_mod_gpu-r3-t1 ............................***Failed    0.37 sec
 35/362 Test   #8: test_qe_fftx_fwinv_gpu-r3-t1 ......................................***Failed    0.37 sec
        Start 323: system--cp_h2o--h2o-mt-blyp-1
 36/362 Test #323: system--cp_h2o--h2o-mt-blyp-1 .....................................***Failed  Required regular expression not found. Regex=[JOB DONE
libxc needed for this functional
]  0.23 sec
        Start 324: system--cp_h2o--h2o-mt-blyp-2
 37/362 Test #324: system--cp_h2o--h2o-mt-blyp-2 .....................................***Failed  Required regular expression not found. Regex=[JOB DONE
libxc needed for this functional
]  0.23 sec
        Start 341: system--cp_o2--o2-us-para-pbe-1
 38/362 Test #341: system--cp_o2--o2-us-para-pbe-1 ...................................***Failed  Required regular expression not found. Regex=[JOB DONE
libxc needed for this functional
]  0.27 sec
        Start 325: system--cp_h2o--h2o-mt-blyp-3
 39/362 Test #325: system--cp_h2o--h2o-mt-blyp-3 .....................................***Failed  Required regular expression not found. Regex=[JOB DONE
libxc needed for this functional
]  0.23 sec
        Start 342: system--cp_o2--o2-us-para-pbe-2
 40/362 Test #342: system--cp_o2--o2-us-para-pbe-2 ...................................***Failed  Required regular expression not found. Regex=[JOB DONE
libxc needed for this functional
]  0.22 sec
        Start 326: system--cp_h2o--h2o-mt-blyp-4
 41/362 Test #326: system--cp_h2o--h2o-mt-blyp-4 .....................................***Failed  Required regular expression not found. Regex=[JOB DONE
libxc needed for this functional
]  0.22 sec
        Start 343: system--cp_o2--o2-us-para-pbe-3
 42/362 Test #343: system--cp_o2--o2-us-para-pbe-3 ...................................***Failed  Required regular expression not found. Regex=[JOB DONE
libxc needed for this functional
]  0.23 sec
        Start 352: system--cp_sio2--sio2-us-lda-1
 43/362 Test #352: system--cp_sio2--sio2-us-lda-1 ....................................***Failed  Required regular expression not found. Regex=[JOB DONE
libxc needed for this functional
]  0.24 sec
        Start  47: system--pw_berry--berry
 44/362 Test  #47: system--pw_berry--berry ...........................................***Failed  Required regular expression not found. Regex=[JOB DONE
libxc needed for this functional
]  0.27 sec
        Start  73: system--pw_electric--electric
 45/362 Test  #73: system--pw_electric--electric .....................................***Failed  Required regular expression not found. Regex=[JOB DONE
libxc needed for this functional
]  0.22 sec
        Start 168: system--pw_metaGGA--metaGGA
 46/362 Test #168: system--pw_metaGGA--metaGGA .......................................***Failed  Required regular expression not found. Regex=[JOB DONE
libxc needed for this functional
]  0.22 sec
        Start 175: system--pw_metal--metal-tetrahedra
 47/362 Test #175: system--pw_metal--metal-tetrahedra ................................***Failed  Required regular expression not found. Regex=[JOB DONE
libxc needed for this functional
]  0.22 sec
        Start 187: system--pw_noncolin--noncolin
 48/362 Test #187: system--pw_noncolin--noncolin .....................................***Failed  Required regular expression not found. Regex=[JOB DONE
libxc needed for this functional
]  0.25 sec
        Start 224: system--pw_scf--scf-disk_io
 49/362 Test #224: system--pw_scf--scf-disk_io .......................................***Failed  Required regular expression not found. Regex=[JOB DONE
libxc needed for this functional
]  0.25 sec
        Start 243: system--pw_scf--scf
 50/362 Test #243: system--pw_scf--scf ...............................................***Failed  Required regular expression not found. Regex=[JOB DONE
libxc needed for this functional
]  0.25 sec
        Start 327: system--cp_h2o--h2o-mt-blyp-5
 51/362 Test #327: system--cp_h2o--h2o-mt-blyp-5 .....................................***Failed  Required regular expression not found. Regex=[JOB DONE
libxc needed for this functional
]  0.22 sec
        Start 344: system--cp_o2--o2-us-para-pbe-4
 52/362 Test #344: system--cp_o2--o2-us-para-pbe-4 ...................................***Failed  Required regular expression not found. Regex=[JOB DONE
libxc needed for this functional
]  0.24 sec
        Start 348: system--cp_si--si-vbc-lda-1
 53/362 Test #348: system--cp_si--si-vbc-lda-1 .......................................***Failed  Required regular expression not found. Regex=[JOB DONE
libxc needed for this functional
]  0.24 sec
        Start 353: system--cp_sio2--sio2-us-lda-2
 54/362 Test #353: system--cp_sio2--sio2-us-lda-2 ....................................***Failed  Required regular expression not found. Regex=[JOB DONE
libxc needed for this functional
]  0.24 sec
        Start  45: system--pw_berry--berry-1
 55/362 Test  #45: system--pw_berry--berry-1 .........................................***Failed  Required regular expression not found. Regex=[JOB DONE
libxc needed for this functional
]  0.27 sec
        Start  71: system--pw_electric--electric-1
 56/362 Test  #71: system--pw_electric--electric-1 ...................................***Failed  Required regular expression not found. Regex=[JOB DONE
libxc needed for this functional
]  0.22 sec
        Start  76: system--pw_eval--eval_infix
 57/362 Test  #76: system--pw_eval--eval_infix .......................................***Failed  Required regular expression not found. Regex=[JOB DONE
libxc needed for this functional
]  0.22 sec
        Start 157: system--pw_lsda--lsda
 58/362 Test #157: system--pw_lsda--lsda .............................................***Failed  Required regular expression not found. Regex=[JOB DONE
libxc needed for this functional
]  0.23 sec
        Start 165: system--pw_metaGGA--metaGGA-1
 59/362 Test #165: system--pw_metaGGA--metaGGA-1 .....................................***Failed  Required regular expression not found. Regex=[JOB DONE
libxc needed for this functional
]  0.25 sec
        Start 173: system--pw_metal--metal-tetrahedra-1
 60/362 Test #173: system--pw_metal--metal-tetrahedra-1 ..............................***Failed  Required regular expression not found. Regex=[JOB DONE
libxc needed for this functional
]  0.23 sec
        Start 176: system--pw_metal--metal
 61/362 Test #176: system--pw_metal--metal ...........................................***Failed  Required regular expression not found. Regex=[JOB DONE
libxc needed for this functional
]  0.25 sec
        Start 178: system--pw_noncolin--noncolin-1
 62/362 Test #178: system--pw_noncolin--noncolin-1 ...................................***Failed  Required regular expression not found. Regex=[JOB DONE
libxc needed for this functional
]  0.24 sec
        Start 217: system--pw_scf--scf-1
 63/362 Test #217: system--pw_scf--scf-1 .............................................***Failed  Required regular expression not found. Regex=[JOB DONE
libxc needed for this functional
]  0.23 sec
        Start 222: system--pw_scf--scf-disk_io-1
 64/362 Test #222: system--pw_scf--scf-disk_io-1 .....................................***Failed  Required regular expression not found. Regex=[JOB DONE
libxc needed for this functional
]  0.23 sec
        Start 249: system--pw_spinorbit--spinorbit
 65/362 Test #249: system--pw_spinorbit--spinorbit ...................................***Failed  Required regular expression not found. Regex=[JOB DONE
libxc needed for this functional
]  0.23 sec
        Start 267: system--pw_uspp--uspp
 66/362 Test #267: system--pw_uspp--uspp .............................................***Failed  Required regular expression not found. Regex=[JOB DONE
libxc needed for this functional
]  0.22 sec
        Start 293: system--pw_workflow_exx_nscf--ncpp-gamma-restart-1
 67/362 Test #293: system--pw_workflow_exx_nscf--ncpp-gamma-restart-1 ................***Failed  Required regular expression not found. Regex=[JOB DONE
libxc needed for this functional
]  0.27 sec
        Start 295: system--pw_workflow_exx_nscf--ncpp-k-1
 68/362 Test #295: system--pw_workflow_exx_nscf--ncpp-k-1 ............................***Failed  Required regular expression not found. Regex=[JOB DONE
libxc needed for this functional
]  0.22 sec
        Start 297: system--pw_workflow_exx_nscf--uspp-gamma-1
 69/362 Test #297: system--pw_workflow_exx_nscf--uspp-gamma-1 ........................***Failed  Required regular expression not found. Regex=[JOB DONE
libxc needed for this functional
]  0.22 sec
        Start 299: system--pw_workflow_exx_nscf--uspp-k-restart-1
 70/362 Test #299: system--pw_workflow_exx_nscf--uspp-k-restart-1 ....................***Failed  Required regular expression not found. Regex=[JOB DONE
libxc needed for this functional
]  0.24 sec
        Start 301: system--pw_workflow_exx_nscf--uspp-k-smearing-1
 71/362 Test #301: system--pw_workflow_exx_nscf--uspp-k-smearing-1 ...................***Failed  Required regular expression not found. Regex=[JOB DONE
libxc needed for this functional
]  0.23 sec
        Start 304: system--pw_workflow_relax_relax--relax-1
 72/362 Test #304: system--pw_workflow_relax_relax--relax-1 ..........................***Failed  Required regular expression not found. Regex=[JOB DONE
libxc needed for this functional
]  0.24 sec
        Start 307: system--pw_workflow_scf_dos--scf-dos-1
 73/362 Test #307: system--pw_workflow_scf_dos--scf-dos-1 ............................***Failed  Required regular expression not found. Regex=[JOB DONE
libxc needed for this functional
]  0.26 sec
        Start 310: system--pw_workflow_vc-relax_dos--vc-relax-dos-1
 74/362 Test #310: system--pw_workflow_vc-relax_dos--vc-relax-dos-1 ..................***Failed  Required regular expression not found. Regex=[JOB DONE
libxc needed for this functional
]  0.22 sec
        Start 313: system--pw_workflow_vc-relax_scf--vc-relax-scf-1
 75/362 Test #313: system--pw_workflow_vc-relax_scf--vc-relax-scf-1 ..................***Failed  Required regular expression not found. Regex=[Maximum number of iterations reached, stopping
libxc needed for this functional
]  0.23 sec
        Start 328: system--cp_h2o--h2o-mt-blyp-6
 76/362 Test #328: system--cp_h2o--h2o-mt-blyp-6 .....................................***Failed  Required regular expression not found. Regex=[JOB DONE
libxc needed for this functional
]  0.23 sec
        Start 345: system--cp_o2--o2-us-para-pbe-5
 77/362 Test #345: system--cp_o2--o2-us-para-pbe-5 ...................................***Failed  Required regular expression not found. Regex=[JOB DONE
libxc needed for this functional
]  0.23 sec
        Start 349: system--cp_si--si-vbc-lda-2
 78/362 Test #349: system--cp_si--si-vbc-lda-2 .......................................***Failed  Required regular expression not found. Regex=[JOB DONE
libxc needed for this functional
]  0.23 sec
        Start 354: system--cp_sio2--sio2-us-lda-3
 79/362 Test #354: system--cp_sio2--sio2-us-lda-3 ....................................***Failed  Required regular expression not found. Regex=[JOB DONE
libxc needed for this functional
]  0.25 sec
        Start 357: system--cp_sio2--sio2-us-pbe-1
 80/362 Test #357: system--cp_sio2--sio2-us-pbe-1 ....................................***Failed  Required regular expression not found. Regex=[JOB DONE
libxc needed for this functional
]  0.21 sec
        Start  33: system--pw_atom--atom-lsda
 81/362 Test  #33: system--pw_atom--atom-lsda ........................................***Failed  Required regular expression not found. Regex=[JOB DONE
libxc needed for this functional
]  0.24 sec
        Start  34: system--pw_atom--atom-occ1
 82/362 Test  #34: system--pw_atom--atom-occ1 ........................................***Failed  Required regular expression not found. Regex=[JOB DONE
libxc needed for this functional
]  0.23 sec
        Start  35: system--pw_atom--atom-occ2
 83/362 Test  #35: system--pw_atom--atom-occ2 ........................................***Failed  Required regular expression not found. Regex=[JOB DONE
libxc needed for this functional
]  0.24 sec
        Start  36: system--pw_atom--atom-pbe
 84/362 Test  #36: system--pw_atom--atom-pbe .........................................***Failed  Required regular expression not found. Regex=[JOB DONE
libxc needed for this functional
]  0.24 sec
        Start  37: system--pw_atom--atom-sigmapbe
 85/362 Test  #37: system--pw_atom--atom-sigmapbe ....................................***Failed  Required regular expression not found. Regex=[JOB DONE
libxc needed for this functional
]  0.26 sec
        Start  38: system--pw_atom--atom
 86/362 Test  #38: system--pw_atom--atom .............................................***Failed  Required regular expression not found. Regex=[JOB DONE
libxc needed for this functional
]  0.22 sec
        Start  40: system--pw_b3lyp--b3lyp-O
        Start  32: system--pw_atom-correctness
 87/362 Test  #40: system--pw_b3lyp--b3lyp-O .........................................***Failed  Required regular expression not found. Regex=[JOB DONE
libxc needed for this functional
]  0.24 sec
        Start  41: system--pw_b3lyp--b3lyp-h2o
 88/362 Test  #41: system--pw_b3lyp--b3lyp-h2o .......................................***Failed  Required regular expression not found. Regex=[JOB DONE
libxc needed for this functional
]  0.25 sec
        Start  42: system--pw_b3lyp--x3lyp-O
 89/362 Test  #42: system--pw_b3lyp--x3lyp-O .........................................***Failed  Required regular expression not found. Regex=[JOB DONE
libxc needed for this functional
]  0.23 sec
        Start  43: system--pw_b3lyp--x3lyp-h2o
 90/362 Test  #32: system--pw_atom-correctness .......................................***Failed    0.87 sec
 91/362 Test  #43: system--pw_b3lyp--x3lyp-h2o .......................................***Failed  Required regular expression not found. Regex=[JOB DONE
libxc needed for this functional
]  0.25 sec
        Start  46: system--pw_berry--berry-2
        Start  39: system--pw_b3lyp-correctness
 92/362 Test  #46: system--pw_berry--berry-2 .........................................***Failed  Required regular expression not found. Regex=[JOB DONE
libxc needed for this functional
]  0.25 sec
        Start  49: system--pw_cluster--cluster1
        Start  44: system--pw_berry-correctness
 93/362 Test  #49: system--pw_cluster--cluster1 ......................................***Failed  Required regular expression not found. Regex=[JOB DONE
libxc needed for this functional
]  0.24 sec
        Start  50: system--pw_cluster--cluster2
 94/362 Test  #50: system--pw_cluster--cluster2 ......................................***Failed  Required regular expression not found. Regex=[JOB DONE
libxc needed for this functional
]  0.24 sec
        Start  51: system--pw_cluster--cluster3
 95/362 Test  #39: system--pw_b3lyp-correctness ......................................***Failed    0.74 sec
 96/362 Test  #44: system--pw_berry-correctness ......................................***Failed    0.62 sec
 97/362 Test  #51: system--pw_cluster--cluster3 ......................................***Failed  Required regular expression not found. Regex=[JOB DONE
libxc needed for this functional
]  0.24 sec
        Start  52: system--pw_cluster--cluster4
 98/362 Test  #52: system--pw_cluster--cluster4 ......................................***Failed  Required regular expression not found. Regex=[JOB DONE
libxc needed for this functional
]  0.24 sec
        Start  53: system--pw_cluster--cluster5
 99/362 Test  #53: system--pw_cluster--cluster5 ......................................***Failed  Required regular expression not found. Regex=[JOB DONE
libxc needed for this functional
]  0.23 sec
        Start  54: system--pw_cluster--cluster6
100/362 Test  #54: system--pw_cluster--cluster6 ......................................***Failed  Required regular expression not found. Regex=[JOB DONE
libxc needed for this functional
]  0.23 sec
        Start  56: system--pw_dft--dft1
        Start  48: system--pw_cluster-correctness
101/362 Test  #56: system--pw_dft--dft1 ..............................................***Failed  Required regular expression not found. Regex=[JOB DONE
libxc needed for this functional
]  0.22 sec
        Start  57: system--pw_dft--dft10
102/362 Test  #57: system--pw_dft--dft10 .............................................***Failed  Required regular expression not found. Regex=[JOB DONE
libxc needed for this functional
]  0.24 sec
        Start  58: system--pw_dft--dft11
103/362 Test  #58: system--pw_dft--dft11 .............................................***Failed  Required regular expression not found. Regex=[JOB DONE
libxc needed for this functional
]  0.24 sec
        Start  59: system--pw_dft--dft2
104/362 Test  #48: system--pw_cluster-correctness ....................................***Failed    0.85 sec
105/362 Test  #59: system--pw_dft--dft2 ..............................................***Failed  Required regular expression not found. Regex=[JOB DONE
libxc needed for this functional
]  0.24 sec
        Start  60: system--pw_dft--dft3
106/362 Test  #60: system--pw_dft--dft3 ..............................................***Failed  Required regular expression not found. Regex=[JOB DONE
libxc needed for this functional
]  0.24 sec
        Start  61: system--pw_dft--dft4
107/362 Test  #61: system--pw_dft--dft4 ..............................................***Failed  Required regular expression not found. Regex=[JOB DONE
libxc needed for this functional
]  0.23 sec
        Start  62: system--pw_dft--dft5
108/362 Test  #62: system--pw_dft--dft5 ..............................................***Failed  Required regular expression not found. Regex=[JOB DONE
libxc needed for this functional
]  0.22 sec
        Start  63: system--pw_dft--dft6
109/362 Test  #63: system--pw_dft--dft6 ..............................................***Failed  Required regular expression not found. Regex=[JOB DONE
libxc needed for this functional
]  0.22 sec
        Start  64: system--pw_dft--dft7
110/362 Test  #64: system--pw_dft--dft7 ..............................................***Failed  Required regular expression not found. Regex=[JOB DONE
libxc needed for this functional
]  0.24 sec
        Start  65: system--pw_dft--dft8
111/362 Test  #65: system--pw_dft--dft8 ..............................................***Failed  Required regular expression not found. Regex=[JOB DONE
libxc needed for this functional
]  0.23 sec
        Start  66: system--pw_dft--dft9
112/362 Test  #66: system--pw_dft--dft9 ..............................................***Failed  Required regular expression not found. Regex=[JOB DONE
libxc needed for this functional
]  0.26 sec
        Start  68: system--pw_dipole--2dcutoff
        Start  55: system--pw_dft-correctness
113/362 Test  #68: system--pw_dipole--2dcutoff .......................................***Failed  Required regular expression not found. Regex=[JOB DONE
libxc needed for this functional
]  0.22 sec
        Start  69: system--pw_dipole--dipole
114/362 Test  #69: system--pw_dipole--dipole .........................................***Failed  Required regular expression not found. Regex=[JOB DONE
libxc needed for this functional
]  0.23 sec
        Start  72: system--pw_electric--electric-2
        Start  67: system--pw_dipole-correctness
115/362 Test  #72: system--pw_electric--electric-2 ...................................***Failed  Required regular expression not found. Regex=[JOB DONE
libxc needed for this functional
]  0.26 sec
        Start  75: system--pw_eval--eval_infix-2
116/362 Test  #75: system--pw_eval--eval_infix-2 .....................................***Failed  Required regular expression not found. Regex=[JOB DONE
libxc needed for this functional
]  0.26 sec
        Start  78: system--pw_gau-pbe--gau-pbe-si111
117/362 Test  #67: system--pw_dipole-correctness .....................................***Failed    0.54 sec
        Start  70: system--pw_electric-correctness
118/362 Test  #78: system--pw_gau-pbe--gau-pbe-si111 .................................***Failed  Required regular expression not found. Regex=[JOB DONE
libxc needed for this functional
]  0.28 sec
        Start  79: system--pw_gau-pbe--gau-pbe-si222
119/362 Test  #79: system--pw_gau-pbe--gau-pbe-si222 .................................***Failed  Required regular expression not found. Regex=[JOB DONE
libxc needed for this functional
]  0.23 sec
        Start  80: system--pw_gau-pbe--gau-pbe-si444
120/362 Test  #55: system--pw_dft-correctness ........................................***Failed    1.65 sec
        Start  74: system--pw_eval-correctness
121/362 Test  #70: system--pw_electric-correctness ...................................***Failed    0.68 sec
122/362 Test  #80: system--pw_gau-pbe--gau-pbe-si444 .................................***Failed  Required regular expression not found. Regex=[JOB DONE
libxc needed for this functional
]  0.25 sec
        Start  82: system--pw_hse--hse-si111
        Start  77: system--pw_gau-pbe-correctness
123/362 Test  #82: system--pw_hse--hse-si111 .........................................***Failed  Required regular expression not found. Regex=[JOB DONE
libxc needed for this functional
]  0.24 sec
        Start  83: system--pw_hse--hse-si222
124/362 Test  #74: system--pw_eval-correctness .......................................***Failed    0.48 sec
125/362 Test  #83: system--pw_hse--hse-si222 .........................................***Failed  Required regular expression not found. Regex=[JOB DONE
libxc needed for this functional
]  0.24 sec
        Start  84: system--pw_hse--hse-si444
126/362 Test  #77: system--pw_gau-pbe-correctness ....................................***Failed    0.58 sec
127/362 Test  #84: system--pw_hse--hse-si444 .........................................***Failed  Required regular expression not found. Regex=[JOB DONE
libxc needed for this functional
]  0.24 sec
        Start  86: system--pw_lattice-ibrav--lattice-ibrav-12-kauto
        Start  81: system--pw_hse-correctness
128/362 Test  #86: system--pw_lattice-ibrav--lattice-ibrav-12-kauto ..................***Failed  Required regular expression not found. Regex=[JOB DONE
libxc needed for this functional
]  0.27 sec
        Start  87: system--pw_lattice-ibrav--lattice-ibrav-12
129/362 Test  #87: system--pw_lattice-ibrav--lattice-ibrav-12 ........................***Failed  Required regular expression not found. Regex=[JOB DONE
libxc needed for this functional
]  0.23 sec
        Start  88: system--pw_lattice-ibrav--lattice-ibrav-3-kauto
130/362 Test  #81: system--pw_hse-correctness ........................................***Failed    0.55 sec
131/362 Test  #88: system--pw_lattice-ibrav--lattice-ibrav-3-kauto ...................***Failed  Required regular expression not found. Regex=[JOB DONE
libxc needed for this functional
]  0.22 sec
        Start  89: system--pw_lattice-ibrav--lattice-ibrav-3
132/362 Test  #89: system--pw_lattice-ibrav--lattice-ibrav-3 .........................***Failed  Required regular expression not found. Regex=[JOB DONE
libxc needed for this functional
]  0.24 sec
        Start  90: system--pw_lattice-ibrav--lattice-ibrav-5-kauto
133/362 Test  #90: system--pw_lattice-ibrav--lattice-ibrav-5-kauto ...................***Failed  Required regular expression not found. Regex=[JOB DONE
libxc needed for this functional
]  0.24 sec
        Start  91: system--pw_lattice-ibrav--lattice-ibrav-5
134/362 Test  #91: system--pw_lattice-ibrav--lattice-ibrav-5 .........................***Failed  Required regular expression not found. Regex=[JOB DONE
libxc needed for this functional
]  0.27 sec
        Start  92: system--pw_lattice-ibrav--lattice-ibrav0-cell_parameters+a
135/362 Test  #92: system--pw_lattice-ibrav--lattice-ibrav0-cell_parameters+a ........***Failed  Required regular expression not found. Regex=[JOB DONE
libxc needed for this functional
]  0.22 sec
        Start  93: system--pw_lattice-ibrav--lattice-ibrav0-cell_parameters+celldm
136/362 Test  #93: system--pw_lattice-ibrav--lattice-ibrav0-cell_parameters+celldm ...***Failed  Required regular expression not found. Regex=[JOB DONE
libxc needed for this functional
]  0.21 sec
        Start  94: system--pw_lattice-ibrav--lattice-ibrav0-cell_parameters-ang
137/362 Test  #94: system--pw_lattice-ibrav--lattice-ibrav0-cell_parameters-ang ......***Failed  Required regular expression not found. Regex=[JOB DONE
libxc needed for this functional
]  0.22 sec
        Start  95: system--pw_lattice-ibrav--lattice-ibrav0-cell_parameters
138/362 Test  #95: system--pw_lattice-ibrav--lattice-ibrav0-cell_parameters ..........***Failed  Required regular expression not found. Regex=[JOB DONE
libxc needed for this functional
]  0.23 sec
        Start  96: system--pw_lattice-ibrav--lattice-ibrav1-kauto
139/362 Test  #96: system--pw_lattice-ibrav--lattice-ibrav1-kauto ....................***Failed  Required regular expression not found. Regex=[JOB DONE
libxc needed for this functional
]  0.25 sec
        Start  97: system--pw_lattice-ibrav--lattice-ibrav1
140/362 Test  #97: system--pw_lattice-ibrav--lattice-ibrav1 ..........................***Failed  Required regular expression not found. Regex=[JOB DONE
libxc needed for this functional
]  0.24 sec
        Start  98: system--pw_lattice-ibrav--lattice-ibrav10-kauto
141/362 Test  #98: system--pw_lattice-ibrav--lattice-ibrav10-kauto ...................***Failed  Required regular expression not found. Regex=[JOB DONE
libxc needed for this functional
]  0.23 sec
        Start  99: system--pw_lattice-ibrav--lattice-ibrav10
142/362 Test  #99: system--pw_lattice-ibrav--lattice-ibrav10 .........................***Failed  Required regular expression not found. Regex=[JOB DONE
libxc needed for this functional
]  0.22 sec
        Start 100: system--pw_lattice-ibrav--lattice-ibrav11-kauto
143/362 Test #100: system--pw_lattice-ibrav--lattice-ibrav11-kauto ...................***Failed  Required regular expression not found. Regex=[JOB DONE
libxc needed for this functional
]  0.24 sec
        Start 101: system--pw_lattice-ibrav--lattice-ibrav11
144/362 Test #101: system--pw_lattice-ibrav--lattice-ibrav11 .........................***Failed  Required regular expression not found. Regex=[JOB DONE
libxc needed for this functional
]  0.22 sec
        Start 102: system--pw_lattice-ibrav--lattice-ibrav12-kauto
145/362 Test #102: system--pw_lattice-ibrav--lattice-ibrav12-kauto ...................***Failed  Required regular expression not found. Regex=[JOB DONE
libxc needed for this functional
]  0.24 sec
        Start 103: system--pw_lattice-ibrav--lattice-ibrav12
146/362 Test #103: system--pw_lattice-ibrav--lattice-ibrav12 .........................***Failed  Required regular expression not found. Regex=[JOB DONE
libxc needed for this functional
]  0.24 sec
        Start 104: system--pw_lattice-ibrav--lattice-ibrav13-kauto
147/362 Test #104: system--pw_lattice-ibrav--lattice-ibrav13-kauto ...................***Failed  Required regular expression not found. Regex=[JOB DONE
libxc needed for this functional
]  0.23 sec
        Start 105: system--pw_lattice-ibrav--lattice-ibrav13
148/362 Test #105: system--pw_lattice-ibrav--lattice-ibrav13 .........................***Failed  Required regular expression not found. Regex=[JOB DONE
libxc needed for this functional
]  0.23 sec
        Start 106: system--pw_lattice-ibrav--lattice-ibrav14-kauto
149/362 Test #106: system--pw_lattice-ibrav--lattice-ibrav14-kauto ...................***Failed  Required regular expression not found. Regex=[JOB DONE
libxc needed for this functional
]  0.24 sec
        Start 107: system--pw_lattice-ibrav--lattice-ibrav14
150/362 Test #107: system--pw_lattice-ibrav--lattice-ibrav14 .........................***Failed  Required regular expression not found. Regex=[JOB DONE
libxc needed for this functional
]  0.25 sec
        Start 108: system--pw_lattice-ibrav--lattice-ibrav2-kauto
151/362 Test #108: system--pw_lattice-ibrav--lattice-ibrav2-kauto ....................***Failed  Required regular expression not found. Regex=[JOB DONE
libxc needed for this functional
]  0.25 sec
        Start 109: system--pw_lattice-ibrav--lattice-ibrav2
152/362 Test #109: system--pw_lattice-ibrav--lattice-ibrav2 ..........................***Failed  Required regular expression not found. Regex=[JOB DONE
libxc needed for this functional
]  0.22 sec
        Start 110: system--pw_lattice-ibrav--lattice-ibrav3-kauto
153/362 Test #110: system--pw_lattice-ibrav--lattice-ibrav3-kauto ....................***Failed  Required regular expression not found. Regex=[JOB DONE
libxc needed for this functional
]  0.21 sec
        Start 111: system--pw_lattice-ibrav--lattice-ibrav3
154/362 Test #111: system--pw_lattice-ibrav--lattice-ibrav3 ..........................***Failed  Required regular expression not found. Regex=[JOB DONE
libxc needed for this functional
]  0.21 sec
        Start 112: system--pw_lattice-ibrav--lattice-ibrav4-kauto
155/362 Test #112: system--pw_lattice-ibrav--lattice-ibrav4-kauto ....................***Failed  Required regular expression not found. Regex=[JOB DONE
libxc needed for this functional
]  0.24 sec
        Start 113: system--pw_lattice-ibrav--lattice-ibrav4
156/362 Test #113: system--pw_lattice-ibrav--lattice-ibrav4 ..........................***Failed  Required regular expression not found. Regex=[JOB DONE
libxc needed for this functional
]  0.30 sec
        Start 114: system--pw_lattice-ibrav--lattice-ibrav5-kauto
157/362 Test #114: system--pw_lattice-ibrav--lattice-ibrav5-kauto ....................***Failed  Required regular expression not found. Regex=[JOB DONE
libxc needed for this functional
]  0.32 sec
        Start 115: system--pw_lattice-ibrav--lattice-ibrav5
158/362 Test #115: system--pw_lattice-ibrav--lattice-ibrav5 ..........................***Failed  Required regular expression not found. Regex=[JOB DONE
libxc needed for this functional
]  0.22 sec
        Start 116: system--pw_lattice-ibrav--lattice-ibrav6-kauto
159/362 Test #116: system--pw_lattice-ibrav--lattice-ibrav6-kauto ....................***Failed  Required regular expression not found. Regex=[JOB DONE
libxc needed for this functional
]  0.24 sec
        Start 117: system--pw_lattice-ibrav--lattice-ibrav6
160/362 Test #117: system--pw_lattice-ibrav--lattice-ibrav6 ..........................***Failed  Required regular expression not found. Regex=[JOB DONE
libxc needed for this functional
]  0.24 sec
        Start 118: system--pw_lattice-ibrav--lattice-ibrav7-kauto
161/362 Test #118: system--pw_lattice-ibrav--lattice-ibrav7-kauto ....................***Failed  Required regular expression not found. Regex=[JOB DONE
libxc needed for this functional
]  0.25 sec
        Start 119: system--pw_lattice-ibrav--lattice-ibrav7
162/362 Test #119: system--pw_lattice-ibrav--lattice-ibrav7 ..........................***Failed  Required regular expression not found. Regex=[JOB DONE
libxc needed for this functional
]  0.23 sec
        Start 120: system--pw_lattice-ibrav--lattice-ibrav8-kauto
163/362 Test #120: system--pw_lattice-ibrav--lattice-ibrav8-kauto ....................***Failed  Required regular expression not found. Regex=[JOB DONE
libxc needed for this functional
]  0.21 sec
        Start 121: system--pw_lattice-ibrav--lattice-ibrav8
164/362 Test #121: system--pw_lattice-ibrav--lattice-ibrav8 ..........................***Failed  Required regular expression not found. Regex=[JOB DONE
libxc needed for this functional
]  0.23 sec
        Start 122: system--pw_lattice-ibrav--lattice-ibrav9-kauto
165/362 Test #122: system--pw_lattice-ibrav--lattice-ibrav9-kauto ....................***Failed  Required regular expression not found. Regex=[JOB DONE
libxc needed for this functional
]  0.23 sec
        Start 123: system--pw_lattice-ibrav--lattice-ibrav9
166/362 Test #123: system--pw_lattice-ibrav--lattice-ibrav9 ..........................***Failed  Required regular expression not found. Regex=[JOB DONE
libxc needed for this functional
]  0.23 sec
        Start 124: system--pw_lattice-ibrav--lattice-wyckoff-sio2
167/362 Test #124: system--pw_lattice-ibrav--lattice-wyckoff-sio2 ....................***Failed  Required regular expression not found. Regex=[JOB DONE
libxc needed for this functional
]  0.26 sec
        Start 126: system--pw_lda+U--lda+U+J0
        Start  85: system--pw_lattice-ibrav-correctness
168/362 Test #126: system--pw_lda+U--lda+U+J0 ........................................***Failed  Required regular expression not found. Regex=[JOB DONE
libxc needed for this functional
]  0.24 sec
        Start 127: system--pw_lda+U--lda+U+V-user_ns
169/362 Test #127: system--pw_lda+U--lda+U+V-user_ns .................................***Failed  Required regular expression not found. Regex=[JOB DONE
libxc needed for this functional
]  0.24 sec
        Start 128: system--pw_lda+U--lda+U+V_background
170/362 Test #128: system--pw_lda+U--lda+U+V_background ..............................***Failed  Required regular expression not found. Regex=[JOB DONE
libxc needed for this functional
]  0.24 sec
        Start 129: system--pw_lda+U--lda+U+V_force_stress_ortho
171/362 Test #129: system--pw_lda+U--lda+U+V_force_stress_ortho ......................***Failed  Required regular expression not found. Regex=[JOB DONE
libxc needed for this functional
]  0.23 sec
        Start 130: system--pw_lda+U--lda+U+V_noncol_ortho
172/362 Test #130: system--pw_lda+U--lda+U+V_noncol_ortho ............................***Failed  Required regular expression not found. Regex=[JOB DONE
libxc needed for this functional
]  0.24 sec
        Start 131: system--pw_lda+U--lda+U-noU
173/362 Test #131: system--pw_lda+U--lda+U-noU .......................................***Failed  Required regular expression not found. Regex=[JOB DONE
libxc needed for this functional
]  0.24 sec
        Start 132: system--pw_lda+U--lda+U-user_ns
174/362 Test #132: system--pw_lda+U--lda+U-user_ns ...................................***Failed  Required regular expression not found. Regex=[JOB DONE
libxc needed for this functional
]  0.22 sec
        Start 133: system--pw_lda+U--lda+U
175/362 Test #133: system--pw_lda+U--lda+U ...........................................***Failed  Required regular expression not found. Regex=[JOB DONE
libxc needed for this functional
]  0.23 sec
        Start 134: system--pw_lda+U--lda+U_background_one_channel
176/362 Test #134: system--pw_lda+U--lda+U_background_one_channel ....................***Failed  Required regular expression not found. Regex=[JOB DONE
libxc needed for this functional
]  0.22 sec
        Start 135: system--pw_lda+U--lda+U_background_two_channels
177/362 Test #135: system--pw_lda+U--lda+U_background_two_channels ...................***Failed  Required regular expression not found. Regex=[JOB DONE
libxc needed for this functional
]  0.24 sec
        Start 136: system--pw_lda+U--lda+U_force
178/362 Test #136: system--pw_lda+U--lda+U_force .....................................***Failed  Required regular expression not found. Regex=[JOB DONE
libxc needed for this functional
]  0.24 sec
        Start 137: system--pw_lda+U--lda+U_force_stress_ortho
179/362 Test #137: system--pw_lda+U--lda+U_force_stress_ortho ........................***Failed  Required regular expression not found. Regex=[JOB DONE
libxc needed for this functional
]  0.22 sec
        Start 138: system--pw_lda+U--lda+U_gamma
180/362 Test #138: system--pw_lda+U--lda+U_gamma .....................................***Failed  Required regular expression not found. Regex=[JOB DONE
libxc needed for this functional
]  0.24 sec
        Start 139: system--pw_lda+U--lda+U_kind1_collin
181/362 Test #139: system--pw_lda+U--lda+U_kind1_collin ..............................***Failed  Required regular expression not found. Regex=[JOB DONE
libxc needed for this functional
]  0.24 sec
        Start 140: system--pw_lda+U--lda+U_kind1_noncollin
182/362 Test #140: system--pw_lda+U--lda+U_kind1_noncollin ...........................***Failed  Required regular expression not found. Regex=[JOB DONE
libxc needed for this functional
]  0.25 sec
        Start 141: system--pw_lda+U--lda+U_noncol_ortho
183/362 Test #141: system--pw_lda+U--lda+U_noncol_ortho ..............................***Failed  Required regular expression not found. Regex=[JOB DONE
libxc needed for this functional
]  0.24 sec
        Start 142: system--pw_lda+U--lda+U_orbital_resolved
184/362 Test #142: system--pw_lda+U--lda+U_orbital_resolved ..........................***Failed  Required regular expression not found. Regex=[JOB DONE
libxc needed for this functional
]  0.23 sec
        Start 143: system--pw_lda+U--lda+U_pseudo
185/362 Test #143: system--pw_lda+U--lda+U_pseudo ....................................***Failed  Required regular expression not found. Regex=[JOB DONE
libxc needed for this functional
]  0.23 sec
        Start 145: system--pw_libxc--gga_unpol_atom-pbe
        Start 125: system--pw_lda+U-correctness
186/362 Test  #85: system--pw_lattice-ibrav-correctness ..............................***Failed    4.48 sec
187/362 Test #145: system--pw_libxc--gga_unpol_atom-pbe ..............................***Failed  Required regular expression not found. Regex=[JOB DONE
libxc needed for this functional
]  0.25 sec
        Start 146: system--pw_libxc--hyb_gga_unpol_hse-si111
188/362 Test #146: system--pw_libxc--hyb_gga_unpol_hse-si111 .........................***Failed  Required regular expression not found. Regex=[JOB DONE
libxc needed for this functional
]  0.25 sec
        Start 147: system--pw_libxc--lda_pol_atom-lsda
189/362 Test #147: system--pw_libxc--lda_pol_atom-lsda ...............................***Failed  Required regular expression not found. Regex=[JOB DONE
libxc needed for this functional
]  0.24 sec
        Start 148: system--pw_libxc--mgga_unpol_metaGGA
190/362 Test #148: system--pw_libxc--mgga_unpol_metaGGA ..............................***Failed  Required regular expression not found. Regex=[JOB DONE
libxc needed for this functional
]  0.23 sec
        Start 150: system--pw_lsda--lsda-2
        Start 144: system--pw_libxc-correctness
191/362 Test #150: system--pw_lsda--lsda-2 ...........................................***Failed  Required regular expression not found. Regex=[JOB DONE
libxc needed for this functional
]  0.23 sec
        Start 151: system--pw_lsda--lsda-cg
192/362 Test #151: system--pw_lsda--lsda-cg ..........................................***Failed  Required regular expression not found. Regex=[JOB DONE
libxc needed for this functional
]  0.23 sec
        Start 152: system--pw_lsda--lsda-mixing_TF
193/362 Test #152: system--pw_lsda--lsda-mixing_TF ...................................***Failed  Required regular expression not found. Regex=[JOB DONE
libxc needed for this functional
]  0.26 sec
        Start 153: system--pw_lsda--lsda-mixing_localTF
194/362 Test #144: system--pw_libxc-correctness ......................................***Failed    0.82 sec
195/362 Test #153: system--pw_lsda--lsda-mixing_localTF ..............................***Failed  Required regular expression not found. Regex=[JOB DONE
libxc needed for this functional
]  0.23 sec
        Start 154: system--pw_lsda--lsda-mixing_ndim
196/362 Test #154: system--pw_lsda--lsda-mixing_ndim .................................***Failed  Required regular expression not found. Regex=[JOB DONE
libxc needed for this functional
]  0.18 sec
        Start 155: system--pw_lsda--lsda-nelup+neldw
197/362 Test #155: system--pw_lsda--lsda-nelup+neldw .................................***Failed  Required regular expression not found. Regex=[JOB DONE
libxc needed for this functional
]  0.22 sec
        Start 156: system--pw_lsda--lsda-tot_magnetization
198/362 Test #125: system--pw_lda+U-correctness ......................................***Failed    2.37 sec
199/362 Test #156: system--pw_lsda--lsda-tot_magnetization ...........................***Failed  Required regular expression not found. Regex=[JOB DONE
libxc needed for this functional
]  0.23 sec
        Start 159: system--pw_md--md-pot_extrap1
        Start 149: system--pw_lsda-correctness
200/362 Test #159: system--pw_md--md-pot_extrap1 .....................................***Failed  Required regular expression not found. Regex=[JOB DONE
libxc needed for this functional
]  0.25 sec
        Start 160: system--pw_md--md-pot_extrap2
201/362 Test #160: system--pw_md--md-pot_extrap2 .....................................***Failed  Required regular expression not found. Regex=[JOB DONE
libxc needed for this functional
]  0.23 sec
        Start 161: system--pw_md--md-wfc_extrap1
202/362 Test #161: system--pw_md--md-wfc_extrap1 .....................................***Failed  Required regular expression not found. Regex=[JOB DONE
libxc needed for this functional
]  0.23 sec
        Start 162: system--pw_md--md-wfc_extrap2
203/362 Test #162: system--pw_md--md-wfc_extrap2 .....................................***Failed  Required regular expression not found. Regex=[JOB DONE
libxc needed for this functional
]  0.23 sec
        Start 163: system--pw_md--md
204/362 Test #149: system--pw_lsda-correctness .......................................***Failed    1.08 sec
205/362 Test #163: system--pw_md--md .................................................***Failed  Required regular expression not found. Regex=[JOB DONE
libxc needed for this functional
]  0.23 sec
        Start 166: system--pw_metaGGA--metaGGA-2
        Start 158: system--pw_md-correctness
206/362 Test #166: system--pw_metaGGA--metaGGA-2 .....................................***Failed  Required regular expression not found. Regex=[JOB DONE
libxc needed for this functional
]  0.24 sec
        Start 167: system--pw_metaGGA--metaGGA-spin
207/362 Test #167: system--pw_metaGGA--metaGGA-spin ..................................***Failed  Required regular expression not found. Regex=[JOB DONE
libxc needed for this functional
]  0.24 sec
        Start 170: system--pw_metal--metal-2
        Start 164: system--pw_metaGGA-correctness
208/362 Test #158: system--pw_md-correctness .........................................***Failed    0.56 sec
209/362 Test #170: system--pw_metal--metal-2 .........................................***Failed  Required regular expression not found. Regex=[JOB DONE
libxc needed for this functional
]  0.24 sec
        Start 171: system--pw_metal--metal-fermi_dirac
210/362 Test #171: system--pw_metal--metal-fermi_dirac ...............................***Failed  Required regular expression not found. Regex=[JOB DONE
libxc needed for this functional
]  0.25 sec
        Start 172: system--pw_metal--metal-gaussian
211/362 Test #164: system--pw_metaGGA-correctness ....................................***Failed    0.64 sec
212/362 Test #172: system--pw_metal--metal-gaussian ..................................***Failed  Required regular expression not found. Regex=[JOB DONE
libxc needed for this functional
]  0.22 sec
        Start 174: system--pw_metal--metal-tetrahedra-2
213/362 Test #174: system--pw_metal--metal-tetrahedra-2 ..............................***Failed  Required regular expression not found. Regex=[JOB DONE
libxc needed for this functional
]  0.23 sec
        Start 179: system--pw_noncolin--noncolin-2
        Start 169: system--pw_metal-correctness
214/362 Test #179: system--pw_noncolin--noncolin-2 ...................................***Failed  Required regular expression not found. Regex=[JOB DONE
libxc needed for this functional
]  0.23 sec
        Start 180: system--pw_noncolin--noncolin-cg
215/362 Test #180: system--pw_noncolin--noncolin-cg ..................................***Failed  Required regular expression not found. Regex=[JOB DONE
libxc needed for this functional
]  0.22 sec
        Start 181: system--pw_noncolin--noncolin-constrain_angle
216/362 Test #181: system--pw_noncolin--noncolin-constrain_angle .....................***Failed  Required regular expression not found. Regex=[JOB DONE
libxc needed for this functional
]  0.24 sec
        Start 182: system--pw_noncolin--noncolin-constrain_atomic
217/362 Test #182: system--pw_noncolin--noncolin-constrain_atomic ....................***Failed  Required regular expression not found. Regex=[JOB DONE
libxc needed for this functional
]  0.23 sec
        Start 183: system--pw_noncolin--noncolin-constrain_total
218/362 Test #169: system--pw_metal-correctness ......................................***Failed    0.97 sec
219/362 Test #183: system--pw_noncolin--noncolin-constrain_total .....................***Failed  Required regular expression not found. Regex=[JOB DONE
libxc needed for this functional
]  0.23 sec
        Start 184: system--pw_noncolin--noncolin-hyb
220/362 Test #184: system--pw_noncolin--noncolin-hyb .................................***Failed  Required regular expression not found. Regex=[JOB DONE
libxc needed for this functional
]  0.22 sec
        Start 185: system--pw_noncolin--noncolin-pbe
221/362 Test #185: system--pw_noncolin--noncolin-pbe .................................***Failed  Required regular expression not found. Regex=[JOB DONE
libxc needed for this functional
]  0.23 sec
        Start 186: system--pw_noncolin--noncolin-rmm
222/362 Test #186: system--pw_noncolin--noncolin-rmm .................................***Failed  Required regular expression not found. Regex=[JOB DONE
libxc needed for this functional
]  0.24 sec
        Start 189: system--pw_pawatom--paw-atom
        Start 177: system--pw_noncolin-correctness
223/362 Test #189: system--pw_pawatom--paw-atom ......................................***Failed  Required regular expression not found. Regex=[JOB DONE
libxc needed for this functional
]  0.25 sec
        Start 190: system--pw_pawatom--paw-atom_l=2
224/362 Test #190: system--pw_pawatom--paw-atom_l=2 ..................................***Failed  Required regular expression not found. Regex=[JOB DONE
libxc needed for this functional
]  0.23 sec
        Start 191: system--pw_pawatom--paw-atom_lda
225/362 Test #191: system--pw_pawatom--paw-atom_lda ..................................***Failed  Required regular expression not found. Regex=[JOB DONE
libxc needed for this functional
]  0.23 sec
        Start 192: system--pw_pawatom--paw-atom_spin
226/362 Test #192: system--pw_pawatom--paw-atom_spin .................................***Failed  Required regular expression not found. Regex=[JOB DONE
libxc needed for this functional
]  0.24 sec
        Start 193: system--pw_pawatom--paw-atom_spin_lda
227/362 Test #193: system--pw_pawatom--paw-atom_spin_lda .............................***Failed  Required regular expression not found. Regex=[JOB DONE
libxc needed for this functional
]  0.24 sec
        Start 194: system--pw_pawatom--paw-atom_tqr
228/362 Test #177: system--pw_noncolin-correctness ...................................***Failed    1.30 sec
229/362 Test #194: system--pw_pawatom--paw-atom_tqr ..................................***Failed  Required regular expression not found. Regex=[JOB DONE
libxc needed for this functional
]  0.24 sec
        Start 195: system--pw_pawatom--paw-bfgs
230/362 Test #195: system--pw_pawatom--paw-bfgs ......................................***Failed  Required regular expression not found. Regex=[JOB DONE
libxc needed for this functional
]  0.23 sec
        Start 196: system--pw_pawatom--paw-vcbfgs
231/362 Test #196: system--pw_pawatom--paw-vcbfgs ....................................***Failed  Required regular expression not found. Regex=[JOB DONE
libxc needed for this functional
]  0.22 sec
        Start 198: system--pw_pbe--pbe0-si111
        Start 188: system--pw_pawatom-correctness
232/362 Test #198: system--pw_pbe--pbe0-si111 ........................................***Failed  Required regular expression not found. Regex=[JOB DONE
libxc needed for this functional
]  0.25 sec
        Start 199: system--pw_pbe--pbe0-si222
233/362 Test #199: system--pw_pbe--pbe0-si222 ........................................***Failed  Required regular expression not found. Regex=[JOB DONE
libxc needed for this functional
]  0.24 sec
        Start 200: system--pw_pbe--pbe0-si444
234/362 Test #200: system--pw_pbe--pbe0-si444 ........................................***Failed  Required regular expression not found. Regex=[JOB DONE
libxc needed for this functional
]  0.24 sec
        Start 201: system--pw_pbe--pbeq2d
235/362 Test #201: system--pw_pbe--pbeq2d ............................................***Failed  Required regular expression not found. Regex=[JOB DONE
libxc needed for this functional
]  0.23 sec
        Start 204: system--pw_realspace--cluster_gs
        Start 197: system--pw_pbe-correctness
236/362 Test #188: system--pw_pawatom-correctness ....................................***Failed    1.07 sec
237/362 Test #204: system--pw_realspace--cluster_gs ..................................***Failed  Required regular expression not found. Regex=[JOB DONE
libxc needed for this functional
]  0.26 sec
        Start 205: system--pw_realspace--cluster_gs50
238/362 Test #205: system--pw_realspace--cluster_gs50 ................................***Failed  Required regular expression not found. Regex=[JOB DONE
libxc needed for this functional
]  0.25 sec
        Start 206: system--pw_realspace--cluster_rs
239/362 Test #197: system--pw_pbe-correctness ........................................***Failed    0.71 sec
240/362 Test #206: system--pw_realspace--cluster_rs ..................................***Failed  Required regular expression not found. Regex=[JOB DONE
libxc needed for this functional
]  0.29 sec
        Start 207: system--pw_realspace--cluster_rs50
241/362 Test #207: system--pw_realspace--cluster_rs50 ................................***Failed  Required regular expression not found. Regex=[JOB DONE
libxc needed for this functional
]  0.27 sec
        Start 209: system--pw_relax--relax-damped
        Start 203: system--pw_realspace-correctness
242/362 Test #209: system--pw_relax--relax-damped ....................................***Failed  Required regular expression not found. Regex=[JOB DONE
libxc needed for this functional
]  0.28 sec
        Start 210: system--pw_relax--relax-el
243/362 Test #210: system--pw_relax--relax-el ........................................***Failed  Required regular expression not found. Regex=[JOB DONE
libxc needed for this functional
]  0.29 sec
        Start 211: system--pw_relax--relax-extfor
244/362 Test #203: system--pw_realspace-correctness ..................................***Failed    0.75 sec
245/362 Test #211: system--pw_relax--relax-extfor ....................................***Failed  Required regular expression not found. Regex=[JOB DONE
libxc needed for this functional
]  0.26 sec
        Start 212: system--pw_relax--relax-fire
246/362 Test #212: system--pw_relax--relax-fire ......................................***Failed  Required regular expression not found. Regex=[JOB DONE
libxc needed for this functional
]  0.26 sec
        Start 213: system--pw_relax--relax
247/362 Test #213: system--pw_relax--relax ...........................................***Failed  Required regular expression not found. Regex=[JOB DONE
libxc needed for this functional
]  0.24 sec
        Start 214: system--pw_relax--relax2-bfgs_ndim3
248/362 Test #214: system--pw_relax--relax2-bfgs_ndim3 ...............................***Failed  Required regular expression not found. Regex=[JOB DONE
libxc needed for this functional
]  0.24 sec
        Start 215: system--pw_relax--relax2
249/362 Test #215: system--pw_relax--relax2 ..........................................***Failed  Required regular expression not found. Regex=[JOB DONE
libxc needed for this functional
]  0.25 sec
        Start 218: system--pw_scf--scf-2
        Start 208: system--pw_relax-correctness
250/362 Test #218: system--pw_scf--scf-2 .............................................***Failed  Required regular expression not found. Regex=[JOB DONE
libxc needed for this functional
]  0.27 sec
        Start 219: system--pw_scf--scf-allfrac
251/362 Test #219: system--pw_scf--scf-allfrac .......................................***Failed  Required regular expression not found. Regex=[JOB DONE
libxc needed for this functional
]  0.25 sec
        Start 220: system--pw_scf--scf-cg-gamma
252/362 Test #220: system--pw_scf--scf-cg-gamma ......................................***Failed  Required regular expression not found. Regex=[JOB DONE
libxc needed for this functional
]  0.27 sec
        Start 221: system--pw_scf--scf-cg
253/362 Test #221: system--pw_scf--scf-cg ............................................***Failed  Required regular expression not found. Regex=[JOB DONE
libxc needed for this functional
]  0.24 sec
        Start 223: system--pw_scf--scf-disk_io-2
254/362 Test #208: system--pw_relax-correctness ......................................***Failed    1.06 sec
255/362 Test #223: system--pw_scf--scf-disk_io-2 .....................................***Failed  Required regular expression not found. Regex=[JOB DONE
libxc needed for this functional
]  0.26 sec
        Start 225: system--pw_scf--scf-gamma
256/362 Test #225: system--pw_scf--scf-gamma .........................................***Failed  Required regular expression not found. Regex=[JOB DONE
libxc needed for this functional
]  0.26 sec
        Start 226: system--pw_scf--scf-gth
257/362 Test #226: system--pw_scf--scf-gth ...........................................***Failed  Required regular expression not found. Regex=[JOB DONE
libxc needed for this functional
]  0.25 sec
        Start 227: system--pw_scf--scf-k0
258/362 Test #227: system--pw_scf--scf-k0 ............................................***Failed  Required regular expression not found. Regex=[JOB DONE
libxc needed for this functional
]  0.25 sec
        Start 228: system--pw_scf--scf-kauto
259/362 Test #228: system--pw_scf--scf-kauto .........................................***Failed  Required regular expression not found. Regex=[JOB DONE
libxc needed for this functional
]  0.25 sec
        Start 229: system--pw_scf--scf-kcrys
260/362 Test #229: system--pw_scf--scf-kcrys .........................................***Failed  Required regular expression not found. Regex=[JOB DONE
libxc needed for this functional
]  0.24 sec
        Start 230: system--pw_scf--scf-mixing_TF
261/362 Test #230: system--pw_scf--scf-mixing_TF .....................................***Failed  Required regular expression not found. Regex=[JOB DONE
libxc needed for this functional
]  0.24 sec
        Start 231: system--pw_scf--scf-mixing_beta
262/362 Test #231: system--pw_scf--scf-mixing_beta ...................................***Failed  Required regular expression not found. Regex=[JOB DONE
libxc needed for this functional
]  0.26 sec
        Start 232: system--pw_scf--scf-mixing_localTF
263/362 Test #232: system--pw_scf--scf-mixing_localTF ................................***Failed  Required regular expression not found. Regex=[JOB DONE
libxc needed for this functional
]  0.24 sec
        Start 233: system--pw_scf--scf-mixing_ndim
264/362 Test #233: system--pw_scf--scf-mixing_ndim ...................................***Failed  Required regular expression not found. Regex=[JOB DONE
libxc needed for this functional
]  0.27 sec
        Start 234: system--pw_scf--scf-ncpp
265/362 Test #234: system--pw_scf--scf-ncpp ..........................................***Failed  Required regular expression not found. Regex=[JOB DONE
libxc needed for this functional
]  0.24 sec
        Start 235: system--pw_scf--scf-nofrac
266/362 Test #235: system--pw_scf--scf-nofrac ........................................***Failed  Required regular expression not found. Regex=[JOB DONE
libxc needed for this functional
]  0.25 sec
        Start 236: system--pw_scf--scf-occ
267/362 Test #236: system--pw_scf--scf-occ ...........................................***Failed  Required regular expression not found. Regex=[JOB DONE
libxc needed for this functional
]  0.25 sec
        Start 237: system--pw_scf--scf-paro-gamma
268/362 Test #237: system--pw_scf--scf-paro-gamma ....................................***Failed  Required regular expression not found. Regex=[JOB DONE
libxc needed for this functional
]  0.26 sec
        Start 238: system--pw_scf--scf-paro-k
269/362 Test #238: system--pw_scf--scf-paro-k ........................................***Failed  Required regular expression not found. Regex=[JOB DONE
libxc needed for this functional
]  0.25 sec
        Start 239: system--pw_scf--scf-rmm-gamma
270/362 Test #239: system--pw_scf--scf-rmm-gamma .....................................***Failed  Required regular expression not found. Regex=[JOB DONE
libxc needed for this functional
]  0.25 sec
        Start 240: system--pw_scf--scf-rmm-k
271/362 Test #240: system--pw_scf--scf-rmm-k .........................................***Failed  Required regular expression not found. Regex=[JOB DONE
libxc needed for this functional
]  0.23 sec
        Start 241: system--pw_scf--scf-rmm-paro-gamma
272/362 Test #241: system--pw_scf--scf-rmm-paro-gamma ................................***Failed  Required regular expression not found. Regex=[JOB DONE
libxc needed for this functional
]  0.25 sec
        Start 242: system--pw_scf--scf-rmm-paro-k
273/362 Test #242: system--pw_scf--scf-rmm-paro-k ....................................***Failed  Required regular expression not found. Regex=[JOB DONE
libxc needed for this functional
]  0.25 sec
        Start 245: system--pw_spinorbit--spinorbit-1
        Start 216: system--pw_scf-correctness
274/362 Test #245: system--pw_spinorbit--spinorbit-1 .................................***Failed  Required regular expression not found. Regex=[JOB DONE
libxc needed for this functional
]  0.25 sec
        Start 246: system--pw_spinorbit--spinorbit-3
275/362 Test #246: system--pw_spinorbit--spinorbit-3 .................................***Failed  Required regular expression not found. Regex=[JOB DONE
libxc needed for this functional
]  0.28 sec
        Start 247: system--pw_spinorbit--spinorbit-paw
276/362 Test #247: system--pw_spinorbit--spinorbit-paw ...............................***Failed  Required regular expression not found. Regex=[JOB DONE
libxc needed for this functional
]  0.27 sec
        Start 248: system--pw_spinorbit--spinorbit-pbe
277/362 Test #248: system--pw_spinorbit--spinorbit-pbe ...............................***Failed  Required regular expression not found. Regex=[JOB DONE
libxc needed for this functional
]  0.24 sec
        Start 251: system--pw_twochem--nscf_twochem
        Start 244: system--pw_spinorbit-correctness
278/362 Test #251: system--pw_twochem--nscf_twochem ..................................***Failed  Required regular expression not found. Regex=[JOB DONE
libxc needed for this functional
]  0.26 sec
        Start 252: system--pw_twochem--relax_twochem
279/362 Test #252: system--pw_twochem--relax_twochem .................................***Failed  Required regular expression not found. Regex=[JOB DONE
libxc needed for this functional
]  0.28 sec
        Start 253: system--pw_twochem--scf_twochem
280/362 Test #253: system--pw_twochem--scf_twochem ...................................***Failed  Required regular expression not found. Regex=[JOB DONE
libxc needed for this functional
]  0.28 sec
        Start 254: system--pw_twochem--vc-relax_twochem
281/362 Test #244: system--pw_spinorbit-correctness ..................................***Failed    1.03 sec
282/362 Test #254: system--pw_twochem--vc-relax_twochem ..............................***Failed  Required regular expression not found. Regex=[JOB DONE
libxc needed for this functional
]  0.29 sec
        Start 256: system--pw_uspp--uspp-2
        Start 250: system--pw_twochem-correctness
283/362 Test #256: system--pw_uspp--uspp-2 ...........................................***Failed  Required regular expression not found. Regex=[JOB DONE
libxc needed for this functional
]  0.28 sec
        Start 257: system--pw_uspp--uspp-cg-gamma
284/362 Test #257: system--pw_uspp--uspp-cg-gamma ....................................***Failed  Required regular expression not found. Regex=[JOB DONE
libxc needed for this functional
]  0.26 sec
        Start 258: system--pw_uspp--uspp-cg
285/362 Test #258: system--pw_uspp--uspp-cg ..........................................***Failed  Required regular expression not found. Regex=[JOB DONE
libxc needed for this functional
]  0.29 sec
        Start 259: system--pw_uspp--uspp-hyb-g
286/362 Test #250: system--pw_twochem-correctness ....................................***Failed    0.88 sec
287/362 Test #259: system--pw_uspp--uspp-hyb-g .......................................***Failed  Required regular expression not found. Regex=[JOB DONE
libxc needed for this functional
]  0.29 sec
        Start 260: system--pw_uspp--uspp-hyb-k
288/362 Test #260: system--pw_uspp--uspp-hyb-k .......................................***Failed  Required regular expression not found. Regex=[JOB DONE
libxc needed for this functional
]  0.28 sec
        Start 261: system--pw_uspp--uspp-mixing_TF
289/362 Test #261: system--pw_uspp--uspp-mixing_TF ...................................***Failed  Required regular expression not found. Regex=[JOB DONE
libxc needed for this functional
]  0.25 sec
        Start 262: system--pw_uspp--uspp-mixing_localTF
290/362 Test #216: system--pw_scf-correctness ........................................***Failed    3.82 sec
291/362 Test #262: system--pw_uspp--uspp-mixing_localTF ..............................***Failed  Required regular expression not found. Regex=[JOB DONE
libxc needed for this functional
]  0.25 sec
        Start 263: system--pw_uspp--uspp-mixing_ndim
292/362 Test #263: system--pw_uspp--uspp-mixing_ndim .................................***Failed  Required regular expression not found. Regex=[JOB DONE
libxc needed for this functional
]  0.24 sec
        Start 264: system--pw_uspp--uspp-paro-gamma
293/362 Test #264: system--pw_uspp--uspp-paro-gamma ..................................***Failed  Required regular expression not found. Regex=[JOB DONE
libxc needed for this functional
]  0.27 sec
        Start 265: system--pw_uspp--uspp-paro-k
294/362 Test #265: system--pw_uspp--uspp-paro-k ......................................***Failed  Required regular expression not found. Regex=[JOB DONE
libxc needed for this functional
]  0.27 sec
        Start 266: system--pw_uspp--uspp-singlegrid
295/362 Test #266: system--pw_uspp--uspp-singlegrid ..................................***Failed  Required regular expression not found. Regex=[JOB DONE
libxc needed for this functional
]  0.25 sec
        Start 268: system--pw_uspp--uspp1-coulomb
296/362 Test #268: system--pw_uspp--uspp1-coulomb ....................................***Failed  Required regular expression not found. Regex=[JOB DONE
libxc needed for this functional
]  0.25 sec
        Start 269: system--pw_uspp--uspp1
297/362 Test #269: system--pw_uspp--uspp1 ............................................***Failed  Required regular expression not found. Regex=[JOB DONE
libxc needed for this functional
]  0.24 sec
        Start 270: system--pw_uspp--uspp2
298/362 Test #270: system--pw_uspp--uspp2 ............................................***Failed  Required regular expression not found. Regex=[JOB DONE
libxc needed for this functional
]  0.26 sec
        Start 272: system--pw_vc-relax--vc-md1
        Start 255: system--pw_uspp-correctness
299/362 Test #272: system--pw_vc-relax--vc-md1 .......................................***Failed  Required regular expression not found. Regex=[JOB DONE
libxc needed for this functional
]  0.27 sec
        Start 273: system--pw_vc-relax--vc-md2
300/362 Test #273: system--pw_vc-relax--vc-md2 .......................................***Failed  Required regular expression not found. Regex=[JOB DONE
libxc needed for this functional
]  0.27 sec
        Start 274: system--pw_vc-relax--vc-relax1
301/362 Test #274: system--pw_vc-relax--vc-relax1 ....................................***Failed  Required regular expression not found. Regex=[JOB DONE
libxc needed for this functional
]  0.25 sec
        Start 275: system--pw_vc-relax--vc-relax2
302/362 Test #275: system--pw_vc-relax--vc-relax2 ....................................***Failed  Required regular expression not found. Regex=[JOB DONE
libxc needed for this functional
]  0.20 sec
        Start 276: system--pw_vc-relax--vc-relax3
303/362 Test #276: system--pw_vc-relax--vc-relax3 ....................................***Failed  Required regular expression not found. Regex=[JOB DONE
libxc needed for this functional
]  0.27 sec
        Start 277: system--pw_vc-relax--vc-relax4
304/362 Test #277: system--pw_vc-relax--vc-relax4 ....................................***Failed  Required regular expression not found. Regex=[JOB DONE
libxc needed for this functional
]  0.27 sec
        Start 278: system--pw_vc-relax--vc-relax5
305/362 Test #278: system--pw_vc-relax--vc-relax5 ....................................***Failed  Required regular expression not found. Regex=[JOB DONE
libxc needed for this functional
]  0.24 sec
        Start 279: system--pw_vc-relax--vc-relax6
306/362 Test #255: system--pw_uspp-correctness .......................................***Failed    1.99 sec
307/362 Test #279: system--pw_vc-relax--vc-relax6 ....................................***Failed  Required regular expression not found. Regex=[JOB DONE
libxc needed for this functional
]  0.25 sec
        Start 281: system--pw_vdw--beef-spin
        Start 271: system--pw_vc-relax-correctness
308/362 Test #281: system--pw_vdw--beef-spin .........................................***Failed  Required regular expression not found. Regex=[JOB DONE
libxc needed for this functional
]  0.25 sec
        Start 282: system--pw_vdw--beef
309/362 Test #282: system--pw_vdw--beef ..............................................***Failed  Required regular expression not found. Regex=[JOB DONE
libxc needed for this functional
]  0.25 sec
        Start 283: system--pw_vdw--rVV10
310/362 Test #283: system--pw_vdw--rVV10 .............................................***Failed  Required regular expression not found. Regex=[JOB DONE
libxc needed for this functional
]  0.25 sec
        Start 284: system--pw_vdw--vdW-DF3-opt1
311/362 Test #284: system--pw_vdw--vdW-DF3-opt1 ......................................***Failed  Required regular expression not found. Regex=[JOB DONE
libxc needed for this functional
]  0.25 sec
        Start 285: system--pw_vdw--vdW-DF3-opt2
312/362 Test #271: system--pw_vc-relax-correctness ...................................***Failed    1.18 sec
313/362 Test #285: system--pw_vdw--vdW-DF3-opt2 ......................................***Failed  Required regular expression not found. Regex=[JOB DONE
libxc needed for this functional
]  0.26 sec
        Start 286: system--pw_vdw--vdw-d2
314/362 Test #286: system--pw_vdw--vdw-d2 ............................................***Failed  Required regular expression not found. Regex=[JOB DONE
libxc needed for this functional
]  0.25 sec
        Start 287: system--pw_vdw--vdw-d3
315/362 Test #287: system--pw_vdw--vdw-d3 ............................................***Failed  Required regular expression not found. Regex=[JOB DONE
libxc needed for this functional
]  0.25 sec
        Start 288: system--pw_vdw--vdw-mbd-vc-relax
316/362 Test #288: system--pw_vdw--vdw-mbd-vc-relax ..................................***Failed  Required regular expression not found. Regex=[JOB DONE
libxc needed for this functional
]  0.23 sec
        Start 289: system--pw_vdw--vdw-mbd
317/362 Test #289: system--pw_vdw--vdw-mbd ...........................................***Failed  Required regular expression not found. Regex=[JOB DONE
libxc needed for this functional
]  0.25 sec
        Start 290: system--pw_vdw--vdw-ts
318/362 Test #290: system--pw_vdw--vdw-ts ............................................***Failed  Required regular expression not found. Regex=[JOB DONE
libxc needed for this functional
]  0.24 sec
        Start 291: system--pw_vdw--xdm
319/362 Test #291: system--pw_vdw--xdm ...............................................***Failed  Required regular expression not found. Regex=[JOB DONE
libxc needed for this functional
]  0.23 sec
        Start 294: system--pw_workflow_exx_nscf--ncpp-gamma-restart-2
        Start 280: system--pw_vdw-correctness
320/362 Test #294: system--pw_workflow_exx_nscf--ncpp-gamma-restart-2 ................***Failed  Required regular expression not found. Regex=[JOB DONE
libxc needed for this functional
]  0.27 sec
        Start 296: system--pw_workflow_exx_nscf--ncpp-k-2
321/362 Test #296: system--pw_workflow_exx_nscf--ncpp-k-2 ............................***Failed  Required regular expression not found. Regex=[JOB DONE
libxc needed for this functional
]  0.25 sec
        Start 298: system--pw_workflow_exx_nscf--uspp-gamma-2
322/362 Test #298: system--pw_workflow_exx_nscf--uspp-gamma-2 ........................***Failed  Required regular expression not found. Regex=[JOB DONE
libxc needed for this functional
]  0.25 sec
        Start 300: system--pw_workflow_exx_nscf--uspp-k-restart-2
323/362 Test #300: system--pw_workflow_exx_nscf--uspp-k-restart-2 ....................***Failed  Required regular expression not found. Regex=[JOB DONE
libxc needed for this functional
]  0.25 sec
        Start 302: system--pw_workflow_exx_nscf--uspp-k-smearing-2
324/362 Test #302: system--pw_workflow_exx_nscf--uspp-k-smearing-2 ...................***Failed  Required regular expression not found. Regex=[JOB DONE
libxc needed for this functional
]  0.27 sec
        Start 305: system--pw_workflow_relax_relax--relax-2
        Start 292: system--pw_workflow_exx_nscf-correctness
325/362 Test #305: system--pw_workflow_relax_relax--relax-2 ..........................***Failed  Required regular expression not found. Regex=[JOB DONE
libxc needed for this functional
]  0.27 sec
        Start 308: system--pw_workflow_scf_dos--scf-dos-2
326/362 Test #280: system--pw_vdw-correctness ........................................***Failed    1.57 sec
        Start 303: system--pw_workflow_relax_relax-correctness
327/362 Test #308: system--pw_workflow_scf_dos--scf-dos-2 ............................***Failed  Required regular expression not found. Regex=[JOB DONE
libxc needed for this functional
]  0.26 sec
        Start 311: system--pw_workflow_vc-relax_dos--vc-relax-dos-2
328/362 Test #311: system--pw_workflow_vc-relax_dos--vc-relax-dos-2 ..................***Failed  Required regular expression not found. Regex=[JOB DONE
libxc needed for this functional
]  0.22 sec
        Start 314: system--pw_workflow_vc-relax_scf--vc-relax-scf-2
329/362 Test #303: system--pw_workflow_relax_relax-correctness .......................***Failed    0.56 sec
        Start 306: system--pw_workflow_scf_dos-correctness
330/362 Test #314: system--pw_workflow_vc-relax_scf--vc-relax-scf-2 ..................***Failed  Required regular expression not found. Regex=[JOB DONE
libxc needed for this functional
]  0.28 sec
        Start 317: system--cp_al_edft--Al
331/362 Test #317: system--cp_al_edft--Al ............................................***Failed  Required regular expression not found. Regex=[JOB DONE
libxc needed for this functional
]  0.29 sec
        Start 318: system--cp_al_edft--Al.uspp
332/362 Test #306: system--pw_workflow_scf_dos-correctness ...........................***Failed    0.58 sec
        Start 309: system--pw_workflow_vc-relax_dos-correctness
333/362 Test #318: system--cp_al_edft--Al.uspp .......................................***Failed  Required regular expression not found. Regex=[JOB DONE
libxc needed for this functional
]  0.27 sec
        Start 320: system--cp_cluster--cluster4
334/362 Test #292: system--pw_workflow_exx_nscf-correctness ..........................***Failed    1.70 sec
        Start 312: system--pw_workflow_vc-relax_scf-correctness
335/362 Test #320: system--cp_cluster--cluster4 ......................................***Failed  Required regular expression not found. Regex=[JOB DONE
libxc needed for this functional
]  0.27 sec
        Start 321: system--cp_cluster--cluster6
336/362 Test #309: system--pw_workflow_vc-relax_dos-correctness ......................***Failed    0.52 sec
        Start 316: system--cp_al_edft-correctness
337/362 Test #321: system--cp_cluster--cluster6 ......................................***Failed  Required regular expression not found. Regex=[JOB DONE
libxc needed for this functional
]  0.28 sec
        Start 329: system--cp_h2o--h2o-mt-blyp-7
338/362 Test #312: system--pw_workflow_vc-relax_scf-correctness ......................***Failed    0.53 sec
        Start 319: system--cp_cluster-correctness
339/362 Test #316: system--cp_al_edft-correctness ....................................***Failed    0.41 sec
340/362 Test #329: system--cp_h2o--h2o-mt-blyp-7 .....................................***Failed  Required regular expression not found. Regex=[JOB DONE
libxc needed for this functional
]  0.30 sec
        Start 330: system--cp_h2o--h2o-mt-blyp-cg
341/362 Test #319: system--cp_cluster-correctness ....................................***Failed    0.37 sec
342/362 Test #330: system--cp_h2o--h2o-mt-blyp-cg ....................................***Failed  Required regular expression not found. Regex=[JOB DONE
libxc needed for this functional
]  0.28 sec
        Start 332: system--cp_h2o_exx--h2o-mt-b3lyp-1
        Start 322: system--cp_h2o-correctness
343/362 Test #332: system--cp_h2o_exx--h2o-mt-b3lyp-1 ................................***Failed  Required regular expression not found. Regex=[JOB DONE
libxc needed for this functional
]  0.28 sec
        Start 333: system--cp_h2o_exx--h2o-mt-exx_fraction
344/362 Test #333: system--cp_h2o_exx--h2o-mt-exx_fraction ...........................***Failed  Required regular expression not found. Regex=[JOB DONE
libxc needed for this functional
]  0.26 sec
        Start 335: system--cp_h2o_scan_libxc--nspin1
        Start 331: system--cp_h2o_exx-correctness
345/362 Test #322: system--cp_h2o-correctness ........................................***Failed    0.77 sec
346/362 Test #335: system--cp_h2o_scan_libxc--nspin1 .................................***Failed  Required regular expression not found. Regex=[JOB DONE
libxc needed for this functional
]  0.28 sec
        Start 336: system--cp_h2o_scan_libxc--nspin2
347/362 Test #331: system--cp_h2o_exx-correctness ....................................***Failed    0.38 sec
348/362 Test #336: system--cp_h2o_scan_libxc--nspin2 .................................***Failed  Required regular expression not found. Regex=[JOB DONE
libxc needed for this functional
]  0.27 sec
        Start 338: system--cp_h2o_wf--h2o-nspin1
        Start 334: system--cp_h2o_scan_libxc-correctness
349/362 Test #338: system--cp_h2o_wf--h2o-nspin1 .....................................***Failed  Required regular expression not found. Regex=[JOB DONE
libxc needed for this functional
]  0.25 sec
        Start 339: system--cp_h2o_wf--h2o-nspin2
350/362 Test #334: system--cp_h2o_scan_libxc-correctness .............................***Failed    0.35 sec
351/362 Test #339: system--cp_h2o_wf--h2o-nspin2 .....................................***Failed  Required regular expression not found. Regex=[JOB DONE
libxc needed for this functional
]  0.27 sec
        Start 346: system--cp_o2--o2-us-para-pbe-6
        Start 337: system--cp_h2o_wf-correctness
352/362 Test #346: system--cp_o2--o2-us-para-pbe-6 ...................................***Failed  Required regular expression not found. Regex=[JOB DONE
libxc needed for this functional
]  0.27 sec
        Start 350: system--cp_si--si-vbc-lda-3
        Start 340: system--cp_o2-correctness
353/362 Test #337: system--cp_h2o_wf-correctness .....................................***Failed    0.35 sec
354/362 Test #350: system--cp_si--si-vbc-lda-3 .......................................***Failed  Required regular expression not found. Regex=[JOB DONE
libxc needed for this functional
]  0.27 sec
        Start 355: system--cp_sio2--sio2-us-lda-4
        Start 347: system--cp_si-correctness
355/362 Test #355: system--cp_sio2--sio2-us-lda-4 ....................................***Failed  Required regular expression not found. Regex=[JOB DONE
libxc needed for this functional
]  0.27 sec
        Start 356: system--cp_sio2--sio2-us-lda-cg
356/362 Test #340: system--cp_o2-correctness .........................................***Failed    0.69 sec
357/362 Test #347: system--cp_si-correctness .........................................***Failed    0.49 sec
358/362 Test #356: system--cp_sio2--sio2-us-lda-cg ...................................***Failed  Required regular expression not found. Regex=[JOB DONE
libxc needed for this functional
]  0.29 sec
        Start 358: system--cp_sio2--sio2-us-pbe-2
359/362 Test #358: system--cp_sio2--sio2-us-pbe-2 ....................................***Failed  Required regular expression not found. Regex=[JOB DONE
libxc needed for this functional
]  0.25 sec
        Start 359: system--cp_sio2--sio2-us-pbe-cg
360/362 Test #359: system--cp_sio2--sio2-us-pbe-cg ...................................***Failed  Required regular expression not found. Regex=[JOB DONE
libxc needed for this functional
]  0.27 sec
        Start  25: test_qe_lax-r4-t1
        Start 351: system--cp_sio2-correctness
361/362 Test  #25: test_qe_lax-r4-t1 .................................................***Failed    0.26 sec
362/362 Test #351: system--cp_sio2-correctness .......................................***Failed    0.72 sec

2% tests passed, 356 tests failed out of 362

Label Time Summary:
cp_al_edft                  =   2.64 sec*proc (3 tests)
cp_cluster                  =   2.56 sec*proc (3 tests)
cp_h2o                      =   8.49 sec*proc (9 tests)
cp_h2o_exx                  =   2.54 sec*proc (3 tests)
cp_h2o_scan_libxc           =   2.52 sec*proc (3 tests)
cp_h2o_wf                   =   2.43 sec*proc (3 tests)
cp_o2                       =   6.53 sec*proc (7 tests)
cp_si                       =   3.47 sec*proc (4 tests)
cp_sio2                     =   8.81 sec*proc (9 tests)
pseudo                      =   1.14 sec*proc (2 tests)
pw_atom                     =   6.60 sec*proc (7 tests)
pw_b3lyp                    =   4.60 sec*proc (5 tests)
pw_berry                    =   3.77 sec*proc (4 tests)
pw_cluster                  =   6.56 sec*proc (7 tests)
pw_dft                      =  12.01 sec*proc (12 tests)
pw_dipole                   =   2.33 sec*proc (3 tests)
pw_electric                 =   3.48 sec*proc (4 tests)
pw_eval                     =   2.39 sec*proc (3 tests)
pw_gau-pbe                  =   3.61 sec*proc (4 tests)
pw_hse                      =   3.43 sec*proc (4 tests)
pw_lattice-ibrav            =  41.63 sec*proc (40 tests)
pw_lda+U                    =  19.25 sec*proc (19 tests)
pw_libxc                    =   4.69 sec*proc (5 tests)
pw_lsda                     =   8.33 sec*proc (9 tests)
pw_md                       =   5.33 sec*proc (9 tests)
pw_metaGGA                  =   4.45 sec*proc (5 tests)
pw_metal                    =   7.56 sec*proc (8 tests)
pw_noncolin                 =  10.57 sec*proc (11 tests)
pw_pawatom                  =   8.61 sec*proc (9 tests)
pw_pbe                      =   4.54 sec*proc (5 tests)
pw_plugins                  =   0.28 sec*proc (1 test)
pw_realspace                =   5.03 sec*proc (5 tests)
pw_relax                    =   8.32 sec*proc (8 tests)
pw_scf                      =  30.77 sec*proc (28 tests)
pw_spinorbit                =   6.09 sec*proc (6 tests)
pw_twochem                  =   5.30 sec*proc (5 tests)
pw_uspp                     =  17.63 sec*proc (16 tests)
pw_vc-relax                 =   9.27 sec*proc (9 tests)
pw_vdw                      =  12.46 sec*proc (12 tests)
pw_workflow_exx_nscf        =  11.49 sec*proc (11 tests)
pw_workflow_relax_relax     =   2.58 sec*proc (3 tests)
pw_workflow_scf_dos         =   2.66 sec*proc (3 tests)
pw_workflow_vc-relax_dos    =   2.28 sec*proc (3 tests)
pw_workflow_vc-relax_scf    =   2.55 sec*proc (3 tests)
system--cp                  =  40.19 sec*proc (45 tests)
system--pw                  = 281.43 sec*proc (287 tests)
unit                        =  32.99 sec*proc (30 tests)

Total Test time (real) =  76.38 sec

The following tests FAILED:
	  1 - test_qe_fftx-r1-t1 (Failed)
	  2 - test_qe_fftx-r3-t1 (Failed)
	  3 - test_qe_fftx_fft_scalar_gpu-r1-t1 (Failed)
	  4 - test_qe_fftx_fft_scalar_gpu-r3-t1 (Failed)
	  5 - test_qe_fftx_fft_scatter_mod_gpu-r1-t1 (Failed)
	  6 - test_qe_fftx_fft_scatter_mod_gpu-r3-t1 (Failed)
	  7 - test_qe_fftx_fwinv_gpu-r1-t1 (Failed)
	  8 - test_qe_fftx_fwinv_gpu-r3-t1 (Failed)
	  9 - test_qe_utilx_offload_macros (Failed)
	 10 - test_qe_utilx_mp_count_nodes (Failed)
	 11 - test_qe_utilx_mp_bcast_i1 (Failed)
	 12 - test_qe_utilx_mp_bcast_iv (Failed)
	 13 - test_qe_utilx_mp_bcast_im (Failed)
	 14 - test_qe_utilx_mp_bcast_it (Failed)
	 15 - test_qe_utilx_mp_bcast_iv_buffer (Failed)
	 16 - test_qe_utilx_mp_bcast_lv_buffer (Failed)
	 17 - test_qe_utilx_mp_bcast_rv_buffer (Failed)
	 18 - test_qe_utilx_mp_max_iv_buffer (Failed)
	 19 - test_qe_utilx_mp_max_rv_buffer (Failed)
	 20 - test_qe_utilx_mp_min_iv_buffer (Failed)
	 21 - test_qe_utilx_mp_min_rv_buffer (Failed)
	 22 - test_qe_utilx_mp_sum_iv_buffer (Failed)
	 23 - test_qe_utilx_mp_sum_rv_buffer (Failed)
	 24 - test_qe_lax-r1-t1 (Failed)
	 25 - test_qe_lax-r4-t1 (Failed)
	 27 - test_qe_xclib_exe_test (Failed)
	 28 - test_qe_xclib_gen_test (Failed)
	 29 - test_qe_xclib_test_all_terms (Failed)
	 30 - test_qe_xclib_test_all_shorts (Failed)
	 32 - system--pw_atom-correctness (Failed)
	 33 - system--pw_atom--atom-lsda (Failed)
	 34 - system--pw_atom--atom-occ1 (Failed)
	 35 - system--pw_atom--atom-occ2 (Failed)
	 36 - system--pw_atom--atom-pbe (Failed)
	 37 - system--pw_atom--atom-sigmapbe (Failed)
	 38 - system--pw_atom--atom (Failed)
	 39 - system--pw_b3lyp-correctness (Failed)
	 40 - system--pw_b3lyp--b3lyp-O (Failed)
	 41 - system--pw_b3lyp--b3lyp-h2o (Failed)
	 42 - system--pw_b3lyp--x3lyp-O (Failed)
	 43 - system--pw_b3lyp--x3lyp-h2o (Failed)
	 44 - system--pw_berry-correctness (Failed)
	 45 - system--pw_berry--berry-1 (Failed)
	 46 - system--pw_berry--berry-2 (Failed)
	 47 - system--pw_berry--berry (Failed)
	 48 - system--pw_cluster-correctness (Failed)
	 49 - system--pw_cluster--cluster1 (Failed)
	 50 - system--pw_cluster--cluster2 (Failed)
	 51 - system--pw_cluster--cluster3 (Failed)
	 52 - system--pw_cluster--cluster4 (Failed)
	 53 - system--pw_cluster--cluster5 (Failed)
	 54 - system--pw_cluster--cluster6 (Failed)
	 55 - system--pw_dft-correctness (Failed)
	 56 - system--pw_dft--dft1 (Failed)
	 57 - system--pw_dft--dft10 (Failed)
	 58 - system--pw_dft--dft11 (Failed)
	 59 - system--pw_dft--dft2 (Failed)
	 60 - system--pw_dft--dft3 (Failed)
	 61 - system--pw_dft--dft4 (Failed)
	 62 - system--pw_dft--dft5 (Failed)
	 63 - system--pw_dft--dft6 (Failed)
	 64 - system--pw_dft--dft7 (Failed)
	 65 - system--pw_dft--dft8 (Failed)
	 66 - system--pw_dft--dft9 (Failed)
	 67 - system--pw_dipole-correctness (Failed)
	 68 - system--pw_dipole--2dcutoff (Failed)
	 69 - system--pw_dipole--dipole (Failed)
	 70 - system--pw_electric-correctness (Failed)
	 71 - system--pw_electric--electric-1 (Failed)
	 72 - system--pw_electric--electric-2 (Failed)
	 73 - system--pw_electric--electric (Failed)
	 74 - system--pw_eval-correctness (Failed)
	 75 - system--pw_eval--eval_infix-2 (Failed)
	 76 - system--pw_eval--eval_infix (Failed)
	 77 - system--pw_gau-pbe-correctness (Failed)
	 78 - system--pw_gau-pbe--gau-pbe-si111 (Failed)
	 79 - system--pw_gau-pbe--gau-pbe-si222 (Failed)
	 80 - system--pw_gau-pbe--gau-pbe-si444 (Failed)
	 81 - system--pw_hse-correctness (Failed)
	 82 - system--pw_hse--hse-si111 (Failed)
	 83 - system--pw_hse--hse-si222 (Failed)
	 84 - system--pw_hse--hse-si444 (Failed)
	 85 - system--pw_lattice-ibrav-correctness (Failed)
	 86 - system--pw_lattice-ibrav--lattice-ibrav-12-kauto (Failed)
	 87 - system--pw_lattice-ibrav--lattice-ibrav-12 (Failed)
	 88 - system--pw_lattice-ibrav--lattice-ibrav-3-kauto (Failed)
	 89 - system--pw_lattice-ibrav--lattice-ibrav-3 (Failed)
	 90 - system--pw_lattice-ibrav--lattice-ibrav-5-kauto (Failed)
	 91 - system--pw_lattice-ibrav--lattice-ibrav-5 (Failed)
	 92 - system--pw_lattice-ibrav--lattice-ibrav0-cell_parameters+a (Failed)
	 93 - system--pw_lattice-ibrav--lattice-ibrav0-cell_parameters+celldm (Failed)
	 94 - system--pw_lattice-ibrav--lattice-ibrav0-cell_parameters-ang (Failed)
	 95 - system--pw_lattice-ibrav--lattice-ibrav0-cell_parameters (Failed)
	 96 - system--pw_lattice-ibrav--lattice-ibrav1-kauto (Failed)
	 97 - system--pw_lattice-ibrav--lattice-ibrav1 (Failed)
	 98 - system--pw_lattice-ibrav--lattice-ibrav10-kauto (Failed)
	 99 - system--pw_lattice-ibrav--lattice-ibrav10 (Failed)
	100 - system--pw_lattice-ibrav--lattice-ibrav11-kauto (Failed)
	101 - system--pw_lattice-ibrav--lattice-ibrav11 (Failed)
	102 - system--pw_lattice-ibrav--lattice-ibrav12-kauto (Failed)
	103 - system--pw_lattice-ibrav--lattice-ibrav12 (Failed)
	104 - system--pw_lattice-ibrav--lattice-ibrav13-kauto (Failed)
	105 - system--pw_lattice-ibrav--lattice-ibrav13 (Failed)
	106 - system--pw_lattice-ibrav--lattice-ibrav14-kauto (Failed)
	107 - system--pw_lattice-ibrav--lattice-ibrav14 (Failed)
	108 - system--pw_lattice-ibrav--lattice-ibrav2-kauto (Failed)
	109 - system--pw_lattice-ibrav--lattice-ibrav2 (Failed)
	110 - system--pw_lattice-ibrav--lattice-ibrav3-kauto (Failed)
	111 - system--pw_lattice-ibrav--lattice-ibrav3 (Failed)
	112 - system--pw_lattice-ibrav--lattice-ibrav4-kauto (Failed)
	113 - system--pw_lattice-ibrav--lattice-ibrav4 (Failed)
	114 - system--pw_lattice-ibrav--lattice-ibrav5-kauto (Failed)
	115 - system--pw_lattice-ibrav--lattice-ibrav5 (Failed)
	116 - system--pw_lattice-ibrav--lattice-ibrav6-kauto (Failed)
	117 - system--pw_lattice-ibrav--lattice-ibrav6 (Failed)
	118 - system--pw_lattice-ibrav--lattice-ibrav7-kauto (Failed)
	119 - system--pw_lattice-ibrav--lattice-ibrav7 (Failed)
	120 - system--pw_lattice-ibrav--lattice-ibrav8-kauto (Failed)
	121 - system--pw_lattice-ibrav--lattice-ibrav8 (Failed)
	122 - system--pw_lattice-ibrav--lattice-ibrav9-kauto (Failed)
	123 - system--pw_lattice-ibrav--lattice-ibrav9 (Failed)
	124 - system--pw_lattice-ibrav--lattice-wyckoff-sio2 (Failed)
	125 - system--pw_lda+U-correctness (Failed)
	126 - system--pw_lda+U--lda+U+J0 (Failed)
	127 - system--pw_lda+U--lda+U+V-user_ns (Failed)
	128 - system--pw_lda+U--lda+U+V_background (Failed)
	129 - system--pw_lda+U--lda+U+V_force_stress_ortho (Failed)
	130 - system--pw_lda+U--lda+U+V_noncol_ortho (Failed)
	131 - system--pw_lda+U--lda+U-noU (Failed)
	132 - system--pw_lda+U--lda+U-user_ns (Failed)
	133 - system--pw_lda+U--lda+U (Failed)
	134 - system--pw_lda+U--lda+U_background_one_channel (Failed)
	135 - system--pw_lda+U--lda+U_background_two_channels (Failed)
	136 - system--pw_lda+U--lda+U_force (Failed)
	137 - system--pw_lda+U--lda+U_force_stress_ortho (Failed)
	138 - system--pw_lda+U--lda+U_gamma (Failed)
	139 - system--pw_lda+U--lda+U_kind1_collin (Failed)
	140 - system--pw_lda+U--lda+U_kind1_noncollin (Failed)
	141 - system--pw_lda+U--lda+U_noncol_ortho (Failed)
	142 - system--pw_lda+U--lda+U_orbital_resolved (Failed)
	143 - system--pw_lda+U--lda+U_pseudo (Failed)
	144 - system--pw_libxc-correctness (Failed)
	145 - system--pw_libxc--gga_unpol_atom-pbe (Failed)
	146 - system--pw_libxc--hyb_gga_unpol_hse-si111 (Failed)
	147 - system--pw_libxc--lda_pol_atom-lsda (Failed)
	148 - system--pw_libxc--mgga_unpol_metaGGA (Failed)
	149 - system--pw_lsda-correctness (Failed)
	150 - system--pw_lsda--lsda-2 (Failed)
	151 - system--pw_lsda--lsda-cg (Failed)
	152 - system--pw_lsda--lsda-mixing_TF (Failed)
	153 - system--pw_lsda--lsda-mixing_localTF (Failed)
	154 - system--pw_lsda--lsda-mixing_ndim (Failed)
	155 - system--pw_lsda--lsda-nelup+neldw (Failed)
	156 - system--pw_lsda--lsda-tot_magnetization (Failed)
	157 - system--pw_lsda--lsda (Failed)
	158 - system--pw_md-correctness (Failed)
	159 - system--pw_md--md-pot_extrap1 (Failed)
	160 - system--pw_md--md-pot_extrap2 (Failed)
	161 - system--pw_md--md-wfc_extrap1 (Failed)
	162 - system--pw_md--md-wfc_extrap2 (Failed)
	163 - system--pw_md--md (Failed)
	164 - system--pw_metaGGA-correctness (Failed)
	165 - system--pw_metaGGA--metaGGA-1 (Failed)
	166 - system--pw_metaGGA--metaGGA-2 (Failed)
	167 - system--pw_metaGGA--metaGGA-spin (Failed)
	168 - system--pw_metaGGA--metaGGA (Failed)
	169 - system--pw_metal-correctness (Failed)
	170 - system--pw_metal--metal-2 (Failed)
	171 - system--pw_metal--metal-fermi_dirac (Failed)
	172 - system--pw_metal--metal-gaussian (Failed)
	173 - system--pw_metal--metal-tetrahedra-1 (Failed)
	174 - system--pw_metal--metal-tetrahedra-2 (Failed)
	175 - system--pw_metal--metal-tetrahedra (Failed)
	176 - system--pw_metal--metal (Failed)
	177 - system--pw_noncolin-correctness (Failed)
	178 - system--pw_noncolin--noncolin-1 (Failed)
	179 - system--pw_noncolin--noncolin-2 (Failed)
	180 - system--pw_noncolin--noncolin-cg (Failed)
	181 - system--pw_noncolin--noncolin-constrain_angle (Failed)
	182 - system--pw_noncolin--noncolin-constrain_atomic (Failed)
	183 - system--pw_noncolin--noncolin-constrain_total (Failed)
	184 - system--pw_noncolin--noncolin-hyb (Failed)
	185 - system--pw_noncolin--noncolin-pbe (Failed)
	186 - system--pw_noncolin--noncolin-rmm (Failed)
	187 - system--pw_noncolin--noncolin (Failed)
	188 - system--pw_pawatom-correctness (Failed)
	189 - system--pw_pawatom--paw-atom (Failed)
	190 - system--pw_pawatom--paw-atom_l=2 (Failed)
	191 - system--pw_pawatom--paw-atom_lda (Failed)
	192 - system--pw_pawatom--paw-atom_spin (Failed)
	193 - system--pw_pawatom--paw-atom_spin_lda (Failed)
	194 - system--pw_pawatom--paw-atom_tqr (Failed)
	195 - system--pw_pawatom--paw-bfgs (Failed)
	196 - system--pw_pawatom--paw-vcbfgs (Failed)
	197 - system--pw_pbe-correctness (Failed)
	198 - system--pw_pbe--pbe0-si111 (Failed)
	199 - system--pw_pbe--pbe0-si222 (Failed)
	200 - system--pw_pbe--pbe0-si444 (Failed)
	201 - system--pw_pbe--pbeq2d (Failed)
	202 - system--pw_plugins-correctness (Failed)
	203 - system--pw_realspace-correctness (Failed)
	204 - system--pw_realspace--cluster_gs (Failed)
	205 - system--pw_realspace--cluster_gs50 (Failed)
	206 - system--pw_realspace--cluster_rs (Failed)
	207 - system--pw_realspace--cluster_rs50 (Failed)
	208 - system--pw_relax-correctness (Failed)
	209 - system--pw_relax--relax-damped (Failed)
	210 - system--pw_relax--relax-el (Failed)
	211 - system--pw_relax--relax-extfor (Failed)
	212 - system--pw_relax--relax-fire (Failed)
	213 - system--pw_relax--relax (Failed)
	214 - system--pw_relax--relax2-bfgs_ndim3 (Failed)
	215 - system--pw_relax--relax2 (Failed)
	216 - system--pw_scf-correctness (Failed)
	217 - system--pw_scf--scf-1 (Failed)
	218 - system--pw_scf--scf-2 (Failed)
	219 - system--pw_scf--scf-allfrac (Failed)
	220 - system--pw_scf--scf-cg-gamma (Failed)
	221 - system--pw_scf--scf-cg (Failed)
	222 - system--pw_scf--scf-disk_io-1 (Failed)
	223 - system--pw_scf--scf-disk_io-2 (Failed)
	224 - system--pw_scf--scf-disk_io (Failed)
	225 - system--pw_scf--scf-gamma (Failed)
	226 - system--pw_scf--scf-gth (Failed)
	227 - system--pw_scf--scf-k0 (Failed)
	228 - system--pw_scf--scf-kauto (Failed)
	229 - system--pw_scf--scf-kcrys (Failed)
	230 - system--pw_scf--scf-mixing_TF (Failed)
	231 - system--pw_scf--scf-mixing_beta (Failed)
	232 - system--pw_scf--scf-mixing_localTF (Failed)
	233 - system--pw_scf--scf-mixing_ndim (Failed)
	234 - system--pw_scf--scf-ncpp (Failed)
	235 - system--pw_scf--scf-nofrac (Failed)
	236 - system--pw_scf--scf-occ (Failed)
	237 - system--pw_scf--scf-paro-gamma (Failed)
	238 - system--pw_scf--scf-paro-k (Failed)
	239 - system--pw_scf--scf-rmm-gamma (Failed)
	240 - system--pw_scf--scf-rmm-k (Failed)
	241 - system--pw_scf--scf-rmm-paro-gamma (Failed)
	242 - system--pw_scf--scf-rmm-paro-k (Failed)
	243 - system--pw_scf--scf (Failed)
	244 - system--pw_spinorbit-correctness (Failed)
	245 - system--pw_spinorbit--spinorbit-1 (Failed)
	246 - system--pw_spinorbit--spinorbit-3 (Failed)
	247 - system--pw_spinorbit--spinorbit-paw (Failed)
	248 - system--pw_spinorbit--spinorbit-pbe (Failed)
	249 - system--pw_spinorbit--spinorbit (Failed)
	250 - system--pw_twochem-correctness (Failed)
	251 - system--pw_twochem--nscf_twochem (Failed)
	252 - system--pw_twochem--relax_twochem (Failed)
	253 - system--pw_twochem--scf_twochem (Failed)
	254 - system--pw_twochem--vc-relax_twochem (Failed)
	255 - system--pw_uspp-correctness (Failed)
	256 - system--pw_uspp--uspp-2 (Failed)
	257 - system--pw_uspp--uspp-cg-gamma (Failed)
	258 - system--pw_uspp--uspp-cg (Failed)
	259 - system--pw_uspp--uspp-hyb-g (Failed)
	260 - system--pw_uspp--uspp-hyb-k (Failed)
	261 - system--pw_uspp--uspp-mixing_TF (Failed)
	262 - system--pw_uspp--uspp-mixing_localTF (Failed)
	263 - system--pw_uspp--uspp-mixing_ndim (Failed)
	264 - system--pw_uspp--uspp-paro-gamma (Failed)
	265 - system--pw_uspp--uspp-paro-k (Failed)
	266 - system--pw_uspp--uspp-singlegrid (Failed)
	267 - system--pw_uspp--uspp (Failed)
	268 - system--pw_uspp--uspp1-coulomb (Failed)
	269 - system--pw_uspp--uspp1 (Failed)
	270 - system--pw_uspp--uspp2 (Failed)
	271 - system--pw_vc-relax-correctness (Failed)
	272 - system--pw_vc-relax--vc-md1 (Failed)
	273 - system--pw_vc-relax--vc-md2 (Failed)
	274 - system--pw_vc-relax--vc-relax1 (Failed)
	275 - system--pw_vc-relax--vc-relax2 (Failed)
	276 - system--pw_vc-relax--vc-relax3 (Failed)
	277 - system--pw_vc-relax--vc-relax4 (Failed)
	278 - system--pw_vc-relax--vc-relax5 (Failed)
	279 - system--pw_vc-relax--vc-relax6 (Failed)
	280 - system--pw_vdw-correctness (Failed)
	281 - system--pw_vdw--beef-spin (Failed)
	282 - system--pw_vdw--beef (Failed)
	283 - system--pw_vdw--rVV10 (Failed)
	284 - system--pw_vdw--vdW-DF3-opt1 (Failed)
	285 - system--pw_vdw--vdW-DF3-opt2 (Failed)
	286 - system--pw_vdw--vdw-d2 (Failed)
	287 - system--pw_vdw--vdw-d3 (Failed)
	288 - system--pw_vdw--vdw-mbd-vc-relax (Failed)
	289 - system--pw_vdw--vdw-mbd (Failed)
	290 - system--pw_vdw--vdw-ts (Failed)
	291 - system--pw_vdw--xdm (Failed)
	292 - system--pw_workflow_exx_nscf-correctness (Failed)
	293 - system--pw_workflow_exx_nscf--ncpp-gamma-restart-1 (Failed)
	294 - system--pw_workflow_exx_nscf--ncpp-gamma-restart-2 (Failed)
	295 - system--pw_workflow_exx_nscf--ncpp-k-1 (Failed)
	296 - system--pw_workflow_exx_nscf--ncpp-k-2 (Failed)
	297 - system--pw_workflow_exx_nscf--uspp-gamma-1 (Failed)
	298 - system--pw_workflow_exx_nscf--uspp-gamma-2 (Failed)
	299 - system--pw_workflow_exx_nscf--uspp-k-restart-1 (Failed)
	300 - system--pw_workflow_exx_nscf--uspp-k-restart-2 (Failed)
	301 - system--pw_workflow_exx_nscf--uspp-k-smearing-1 (Failed)
	302 - system--pw_workflow_exx_nscf--uspp-k-smearing-2 (Failed)
	303 - system--pw_workflow_relax_relax-correctness (Failed)
	304 - system--pw_workflow_relax_relax--relax-1 (Failed)
	305 - system--pw_workflow_relax_relax--relax-2 (Failed)
	306 - system--pw_workflow_scf_dos-correctness (Failed)
	307 - system--pw_workflow_scf_dos--scf-dos-1 (Failed)
	308 - system--pw_workflow_scf_dos--scf-dos-2 (Failed)
	309 - system--pw_workflow_vc-relax_dos-correctness (Failed)
	310 - system--pw_workflow_vc-relax_dos--vc-relax-dos-1 (Failed)
	311 - system--pw_workflow_vc-relax_dos--vc-relax-dos-2 (Failed)
	312 - system--pw_workflow_vc-relax_scf-correctness (Failed)
	313 - system--pw_workflow_vc-relax_scf--vc-relax-scf-1 (Failed)
	314 - system--pw_workflow_vc-relax_scf--vc-relax-scf-2 (Failed)
	316 - system--cp_al_edft-correctness (Failed)
	317 - system--cp_al_edft--Al (Failed)
	318 - system--cp_al_edft--Al.uspp (Failed)
	319 - system--cp_cluster-correctness (Failed)
	320 - system--cp_cluster--cluster4 (Failed)
	321 - system--cp_cluster--cluster6 (Failed)
	322 - system--cp_h2o-correctness (Failed)
	323 - system--cp_h2o--h2o-mt-blyp-1 (Failed)
	324 - system--cp_h2o--h2o-mt-blyp-2 (Failed)
	325 - system--cp_h2o--h2o-mt-blyp-3 (Failed)
	326 - system--cp_h2o--h2o-mt-blyp-4 (Failed)
	327 - system--cp_h2o--h2o-mt-blyp-5 (Failed)
	328 - system--cp_h2o--h2o-mt-blyp-6 (Failed)
	329 - system--cp_h2o--h2o-mt-blyp-7 (Failed)
	330 - system--cp_h2o--h2o-mt-blyp-cg (Failed)
	331 - system--cp_h2o_exx-correctness (Failed)
	332 - system--cp_h2o_exx--h2o-mt-b3lyp-1 (Failed)
	333 - system--cp_h2o_exx--h2o-mt-exx_fraction (Failed)
	334 - system--cp_h2o_scan_libxc-correctness (Failed)
	335 - system--cp_h2o_scan_libxc--nspin1 (Failed)
	336 - system--cp_h2o_scan_libxc--nspin2 (Failed)
	337 - system--cp_h2o_wf-correctness (Failed)
	338 - system--cp_h2o_wf--h2o-nspin1 (Failed)
	339 - system--cp_h2o_wf--h2o-nspin2 (Failed)
	340 - system--cp_o2-correctness (Failed)
	341 - system--cp_o2--o2-us-para-pbe-1 (Failed)
	342 - system--cp_o2--o2-us-para-pbe-2 (Failed)
	343 - system--cp_o2--o2-us-para-pbe-3 (Failed)
	344 - system--cp_o2--o2-us-para-pbe-4 (Failed)
	345 - system--cp_o2--o2-us-para-pbe-5 (Failed)
	346 - system--cp_o2--o2-us-para-pbe-6 (Failed)
	347 - system--cp_si-correctness (Failed)
	348 - system--cp_si--si-vbc-lda-1 (Failed)
	349 - system--cp_si--si-vbc-lda-2 (Failed)
	350 - system--cp_si--si-vbc-lda-3 (Failed)
	351 - system--cp_sio2-correctness (Failed)
	352 - system--cp_sio2--sio2-us-lda-1 (Failed)
	353 - system--cp_sio2--sio2-us-lda-2 (Failed)
	354 - system--cp_sio2--sio2-us-lda-3 (Failed)
	355 - system--cp_sio2--sio2-us-lda-4 (Failed)
	356 - system--cp_sio2--sio2-us-lda-cg (Failed)
	357 - system--cp_sio2--sio2-us-pbe-1 (Failed)
	358 - system--cp_sio2--sio2-us-pbe-2 (Failed)
	359 - system--cp_sio2--sio2-us-pbe-cg (Failed)
Errors while running CTest
Output from these tests are in: /lustre/home/user/m/milias/work/software/quantum-espresso/qe-develop/q-e/build_openmpi_intelmkl_scalapack_again/Testing/Temporary/LastTest.log
Use "--rerun-failed --output-on-failure" to re-run the failed cases verbosely.


 End of script. Date & Time is Mon May 26 23:58:22 MSK 2025 

