
Running on host n05p016
Time is Wed May 21 16:44:59 MSK 2025 


Job user is SLURM_JOB_USER= milias
User job SLURM_JOB_NAME=QEctest has assigned ID SLURM_JOBID=12242651
This job was submitted from the computer SLURM_SUBMIT_HOST=space06.hydra.local
and from the home directory SLURM_SUBMIT_DIR:
/lustre/home/user/m/milias/work/projects/open-collection/theoretical_chemistry/software/quantum-espresso-ase/buildup_on_servers/jinr_ru/hydra_jinr_ru/intel_error
Job is running on the cluster compute node: SLURM_CLUSTER_NAME=gvr
and is employing SLURM_JOB_NUM_NODES=1 node/nodes:
SLURM_JOB_NODELIST = n05p016
Job partition is SLURM_JOB_PARTITION=slo-ice 

Number of allocated CPUs on each single node, SLURM_CPUS_ON_NODE=6 .
Number of all reserved threads over ALL nodes, SLURM_NTASKS=6 .
Job has reserved memory per node, SLURM_MEM_PER_NODE=32768 MB of memory

generated machinefile for MPI, nodes.slo-ice.12242651
-rw-r--r-- 1 milias hybrilit 48 May 21 16:45 /lustre/home/user/m/milias/work/projects/open-collection/theoretical_chemistry/software/quantum-espresso-ase/buildup_on_servers/jinr_ru/hydra_jinr_ru/intel_error/nodes.slo-ice.12242651
containing:
n05p016
n05p016
n05p016
n05p016
n05p016
n05p016
The node's CPU model name	: Intel(R) Xeon(R) Platinum 8368Q CPU @ 2.60GHz
BTW, this node has total 152 CPUs available for an EXCLUSIVE job.
Based on reserved memory, this node got 6 CPUs allocated for SLURM calculations.
This job wants SLURM_NTASKS=6 threads . 

 adding git module from source /cvmfs/nica.jinr.ru/sw/os/login.sh :
Script called without parameters. Defaulting to latest version of modules. For certain version use:
login.sh legacy - for packages from before 23.09.23 release
login.sh latest - for packages starting from 23.09.23 release
Loading git/v2.45.2-1
  Loading requirement: OpenSSH/v9.7.1-2 OpenSSL/v3.3.1-1 curl/v8.8.0-1


 loaded modules:
Currently Loaded Modulefiles:
 1) GVR/v1.0-1      4) Python/v3.10.13         7) OpenSSL/v3.3.1-1 <aL>  
 2) intel/v2021.1   5) CMake/v3.29.2           8) curl/v8.8.0-1 <aL>     
 3) BASE/1.0        6) OpenSSH/v9.7.1-2 <aL>   9) git/v2.45.2-1          

Key:
<module-tag>  <aL>=auto-loaded  

Running on host n05p016
Time is Wed May 21 16:45:00 MSK 2025 


 The total memory at the node (in GB)
              total        used        free      shared  buff/cache   available
Mem:           1991         153        1294           2         543        1833
Swap:             3           0           3
Total:         1995         153        1298




 My PATH=/cvmfs/nica.jinr.ru/sw/202309/slc7_x86-64/git/v2.45.2-1/libexec/git-core:/cvmfs/nica.jinr.ru/sw/202309/slc7_x86-64/git/v2.45.2-1/bin:/cvmfs/nica.jinr.ru/sw/202309/slc7_x86-64/curl/v8.8.0-1/bin:/cvmfs/nica.jinr.ru/sw/202309/slc7_x86-64/OpenSSL/v3.3.1-1/bin:/cvmfs/nica.jinr.ru/sw/202309/slc7_x86-64/OpenSSH/v9.7.1-2/sbin:/cvmfs/nica.jinr.ru/sw/202309/slc7_x86-64/OpenSSH/v9.7.1-2/bin:/cvmfs/nica.jinr.ru/sw/202309/slc7_x86-64/EnvironmentModules/v5.4.0-1/bin:/cvmfs/nica.jinr.ru/sw/os/linux/bin/:/cvmfs/hybrilit.jinr.ru/sw/slc7_x86-64/CMake/v3.29.2/bin:/cvmfs/hybrilit.jinr.ru/sw/slc7_x86-64/Python/v3.10.13/bin:/cvmfs/hybrilit.jinr.ru/sw/slc7_x86-64/intel/v2021.1/dev-utilities/2021.1.1/bin:/cvmfs/hybrilit.jinr.ru/sw/slc7_x86-64/intel/v2021.1/intelpython/latest/bin:/cvmfs/hybrilit.jinr.ru/sw/slc7_x86-64/intel/v2021.1/intelpython/latest/condabin:/cvmfs/hybrilit.jinr.ru/sw/slc7_x86-64/intel/v2021.1/clck/2021.1.1/bin/intel64:/cvmfs/hybrilit.jinr.ru/sw/slc7_x86-64/intel/v2021.1/mkl/latest/bin/intel64:/cvmfs/hybrilit.jinr.ru/sw/slc7_x86-64/intel/v2021.1/debugger/10.0.0/gdb/intel64/bin:/cvmfs/hybrilit.jinr.ru/sw/slc7_x86-64/intel/v2021.1/vpl/2021.1.1/bin:/cvmfs/hybrilit.jinr.ru/sw/slc7_x86-64/intel/v2021.1/compiler/2021.1.1/linux/bin/intel64:/cvmfs/hybrilit.jinr.ru/sw/slc7_x86-64/intel/v2021.1/compiler/2021.1.1/linux/bin:/cvmfs/hybrilit.jinr.ru/sw/slc7_x86-64/intel/v2021.1/compiler/2021.1.1/linux/ioc/bin:/cvmfs/hybrilit.jinr.ru/sw/slc7_x86-64/intel/v2021.1/advisor/2021.1.1/bin64:/cvmfs/hybrilit.jinr.ru/sw/slc7_x86-64/intel/v2021.1/inspector/2021.1.1/bin64:/cvmfs/hybrilit.jinr.ru/sw/slc7_x86-64/intel/v2021.1/mpi/2021.1.1/libfabric/bin:/cvmfs/hybrilit.jinr.ru/sw/slc7_x86-64/intel/v2021.1/mpi/2021.1.1/bin:/cvmfs/hybrilit.jinr.ru/sw/slc7_x86-64/intel/v2021.1/itac/2021.1.1/bin:/cvmfs/hybrilit.jinr.ru/sw/slc7_x86-64/intel/v2021.1/vtune/2021.1.1/bin64:/cvmfs/hybrilit.jinr.ru/sw/slc7_x86-64/intel/v2021.1/dpcpp-ct/2021.1.1/bin:/lustre/home/user/m/milias/work/software/wien2k/wien2k_23.2_intelserial_mkl:/lustre/home/user/m/milias/work/software/wien2k/wien2k_23.2_intelserial_mkl/SRC_structeditor/bin:/lustre/home/user/m/milias/work/software/wien2k/wien2k_23.2_intelserial_mkl/SRC_IRelast/script-elastic:/lustre/home/user/m/milias/work/software/ams/linux.openmpi/ams2021.107/bin:/usr/local/bin:/usr/bin:/usr/local/sbin:/usr/sbin:/opt/puppetlabs/bin:.:/lustre/home/user/m/milias/work/software/wien2k/wien2k_23.2_intelserial_mkl:.:/lustre/home/user/m/milias/.local/bin:/lustre/home/user/m/milias/bin


 My LD_LIBRARY_PATH=/cvmfs/nica.jinr.ru/sw/202309/slc7_x86-64/curl/v8.8.0-1/lib:/cvmfs/nica.jinr.ru/sw/202309/slc7_x86-64/OpenSSL/v3.3.1-1/lib:/cvmfs/hybrilit.jinr.ru/sw/slc7_x86-64/Python/v3.10.13/lib64:/cvmfs/hybrilit.jinr.ru/sw/slc7_x86-64/Python/v3.10.13/lib:/cvmfs/hybrilit.jinr.ru/sw/slc7_x86-64/intel/v2021.1/mkl/latest/lib/intel64:/cvmfs/hybrilit.jinr.ru/sw/slc7_x86-64/intel/v2021.1/debugger/10.0.0/dep/lib:/cvmfs/hybrilit.jinr.ru/sw/slc7_x86-64/intel/v2021.1/debugger/10.0.0/libipt/intel64/lib:/cvmfs/hybrilit.jinr.ru/sw/slc7_x86-64/intel/v2021.1/debugger/10.0.0/gdb/intel64/lib:/cvmfs/hybrilit.jinr.ru/sw/slc7_x86-64/intel/v2021.1/tbb/2021.1.1/env/../lib/intel64/gcc4.8:/cvmfs/hybrilit.jinr.ru/sw/slc7_x86-64/intel/v2021.1/ippcp/2021.1.1/lib/intel64:/cvmfs/hybrilit.jinr.ru/sw/slc7_x86-64/intel/v2021.1/vpl/2021.1.1/lib:/cvmfs/hybrilit.jinr.ru/sw/slc7_x86-64/intel/v2021.1/ccl/2021.1.1/lib/cpu_gpu_dpcpp:/cvmfs/hybrilit.jinr.ru/sw/slc7_x86-64/intel/v2021.1/compiler/2021.1.1/linux/lib:/cvmfs/hybrilit.jinr.ru/sw/slc7_x86-64/intel/v2021.1/compiler/2021.1.1/linux/lib/x64:/cvmfs/hybrilit.jinr.ru/sw/slc7_x86-64/intel/v2021.1/compiler/2021.1.1/linux/lib/emu:/cvmfs/hybrilit.jinr.ru/sw/slc7_x86-64/intel/v2021.1/compiler/2021.1.1/linux/compiler/lib/intel64_lin:/cvmfs/hybrilit.jinr.ru/sw/slc7_x86-64/intel/v2021.1/compiler/2021.1.1/linux/compiler/lib:/cvmfs/hybrilit.jinr.ru/sw/slc7_x86-64/intel/v2021.1/mpi/2021.1.1//libfabric/lib:/cvmfs/hybrilit.jinr.ru/sw/slc7_x86-64/intel/v2021.1/mpi/2021.1.1//lib/release:/cvmfs/hybrilit.jinr.ru/sw/slc7_x86-64/intel/v2021.1/mpi/2021.1.1//lib:/cvmfs/hybrilit.jinr.ru/sw/slc7_x86-64/intel/v2021.1/itac/2021.1.1/slib:/cvmfs/hybrilit.jinr.ru/sw/slc7_x86-64/intel/v2021.1/dal/2021.1.1/lib/intel64:/cvmfs/hybrilit.jinr.ru/sw/slc7_x86-64/intel/v2021.1/dnnl/2021.1.1/cpu_dpcpp_gpu_dpcpp/lib:/cvmfs/hybrilit.jinr.ru/sw/slc7_x86-64/intel/v2021.1/ipp/2021.1.1/lib/intel64:..... 

 python -v :Python 3.10.13

 ifort -V: Intel(R) Fortran Intel(R) 64 Compiler Classic for applications running on Intel(R) 64, Version 2021.1 Build 20201112_000000
Copyright (C) 1985-2020 Intel Corporation.  All rights reserved.


 mpiifort -V: Intel(R) Fortran Intel(R) 64 Compiler Classic for applications running on Intel(R) 64, Version 2021.1 Build 20201112_000000
Copyright (C) 1985-2020 Intel Corporation.  All rights reserved.


 Intel MKL library ? MKLROOT=/cvmfs/hybrilit.jinr.ru/sw/slc7_x86-64/intel/v2021.1/mkl/latest 

 mpirun ? /cvmfs/hybrilit.jinr.ru/sw/slc7_x86-64/intel/v2021.1/intelpython/latest/bin/mpirun
Intel(R) MPI Library for Linux* OS, Version 2021.1 Build 20201112 (id: b9c9d2fc5)
Copyright 2003-2020, Intel Corporation.

 cmake ? /cvmfs/hybrilit.jinr.ru/sw/slc7_x86-64/CMake/v3.29.2/bin/cmake
cmake version 3.29.2

CMake suite maintained and supported by Kitware (kitware.com/cmake).

 git ? /cvmfs/nica.jinr.ru/sw/202309/slc7_x86-64/git/v2.45.2-1/libexec/git-core/git
git version 2.45.2

 Current directory where this SLURM job is running /lustre/home/user/m/milias/work/software/quantum-espresso/qe-develop/q-e/build_intelmpi_mkl_xh
 It has the disk space of (df -h) :
Filesystem                               Size  Used Avail Use% Mounted on
10.220.25.3@o2ib,10.220.25.4@o2ib:/home  650T  534T  117T  83% /lustre/home


 content of /lustre/home/user/m/milias/work/software/quantum-espresso/qe-develop/q-e/build_intelmpi_mkl_xh :
atomic
bin
CMakeCache.txt
CMakeFiles
CMakeGraphVizOptions.cmake
cmake_install.cmake
COUPLE
CPV
CTestTestfile.cmake
dft-d3
EPW
external
FFTXlib
git-rev.h
GUI
GWW
HP
KCW
KS_Solvers
LAXlib
lib
LR_Modules
Makefile
Modules
NEB
PHonon
PIOUD
PP
PW
PWCOND
qeConfig.cmake
qeConfigVersion.cmake
QEHeat
quantum_espresso.pc
TDDFPT
test-suite
upflib
UtilXlib
XClib
XSpectra

 running ctest  -j 6
Test project /lustre/home/user/m/milias/work/software/quantum-espresso/qe-develop/q-e/build_intelmpi_mkl_xh
        Start 315: system--cp-pseudo
        Start 362: system--pw_md--md_restart_verlet-init
        Start  28: test_qe_xclib_gen_test
        Start   1: test_qe_fftx-r1-t1
        Start   3: test_qe_fftx_fft_scalar_gpu-r1-t1
        Start   5: test_qe_fftx_fft_scatter_mod_gpu-r1-t1
  1/362 Test #362: system--pw_md--md_restart_verlet-init .............................   Passed    0.04 sec
        Start 360: system--pw_md--preparation
  2/362 Test #360: system--pw_md--preparation ........................................   Passed    0.02 sec
        Start   7: test_qe_fftx_fwinv_gpu-r1-t1
  3/362 Test #315: system--cp-pseudo .................................................   Passed    0.17 sec
        Start  31: system--pw-pseudo
  4/362 Test   #5: test_qe_fftx_fft_scatter_mod_gpu-r1-t1 ............................   Passed    0.34 sec
        Start   9: test_qe_utilx_offload_macros
  5/362 Test  #31: system--pw-pseudo .................................................   Passed    1.11 sec
        Start  10: test_qe_utilx_mp_count_nodes
  6/362 Test  #28: test_qe_xclib_gen_test ............................................   Passed    5.04 sec
        Start  11: test_qe_utilx_mp_bcast_i1
  7/362 Test   #1: test_qe_fftx-r1-t1 ................................................   Passed    6.32 sec
        Start  12: test_qe_utilx_mp_bcast_iv
  8/362 Test   #7: test_qe_fftx_fwinv_gpu-r1-t1 ......................................   Passed    6.84 sec
        Start  13: test_qe_utilx_mp_bcast_im
  9/362 Test   #3: test_qe_fftx_fft_scalar_gpu-r1-t1 .................................   Passed    7.19 sec
        Start  14: test_qe_utilx_mp_bcast_it
 10/362 Test   #9: test_qe_utilx_offload_macros ......................................   Passed    7.18 sec
        Start  15: test_qe_utilx_mp_bcast_iv_buffer
 11/362 Test  #10: test_qe_utilx_mp_count_nodes ......................................   Passed    6.75 sec
        Start  16: test_qe_utilx_mp_bcast_lv_buffer
 12/362 Test  #12: test_qe_utilx_mp_bcast_iv .........................................   Passed    2.20 sec
        Start  17: test_qe_utilx_mp_bcast_rv_buffer
 13/362 Test  #11: test_qe_utilx_mp_bcast_i1 .........................................   Passed    4.01 sec
        Start  18: test_qe_utilx_mp_max_iv_buffer
 14/362 Test  #14: test_qe_utilx_mp_bcast_it .........................................   Passed    2.37 sec
        Start  19: test_qe_utilx_mp_max_rv_buffer
 15/362 Test  #13: test_qe_utilx_mp_bcast_im .........................................   Passed    3.17 sec
        Start  20: test_qe_utilx_mp_min_iv_buffer
 16/362 Test  #15: test_qe_utilx_mp_bcast_iv_buffer ..................................   Passed    3.04 sec
        Start  21: test_qe_utilx_mp_min_rv_buffer
 17/362 Test  #16: test_qe_utilx_mp_bcast_lv_buffer ..................................   Passed    3.08 sec
        Start  22: test_qe_utilx_mp_sum_iv_buffer
 18/362 Test  #17: test_qe_utilx_mp_bcast_rv_buffer ..................................   Passed    3.06 sec
        Start  23: test_qe_utilx_mp_sum_rv_buffer
 19/362 Test  #18: test_qe_utilx_mp_max_iv_buffer ....................................   Passed    3.04 sec
        Start  24: test_qe_lax-r1-t1
 20/362 Test  #19: test_qe_utilx_mp_max_rv_buffer ....................................   Passed    3.14 sec
        Start  26: test_qe_lapack_zdotc
 21/362 Test  #21: test_qe_utilx_mp_min_rv_buffer ....................................   Passed    2.64 sec
        Start  27: test_qe_xclib_exe_test
 22/362 Test  #20: test_qe_utilx_mp_min_iv_buffer ....................................   Passed    3.65 sec
        Start  29: test_qe_xclib_test_all_terms
 23/362 Test  #22: test_qe_utilx_mp_sum_iv_buffer ....................................   Passed    3.12 sec
        Start  30: test_qe_xclib_test_all_shorts
 24/362 Test  #23: test_qe_utilx_mp_sum_rv_buffer ....................................   Passed    3.18 sec
        Start 202: system--pw_plugins-correctness
 25/362 Test  #26: test_qe_lapack_zdotc ..............................................   Passed    2.38 sec
        Start 361: system--pw_md--md_restart_verlet-cleanup
 26/362 Test #361: system--pw_md--md_restart_verlet-cleanup ..........................   Passed    0.04 sec
 27/362 Test #202: system--pw_plugins-correctness ....................................***Failed    1.42 sec
 28/362 Test  #24: test_qe_lax-r1-t1 .................................................   Passed    4.50 sec
        Start   2: test_qe_fftx-r3-t1
 29/362 Test  #27: test_qe_xclib_exe_test ............................................   Passed    7.50 sec
 30/362 Test  #29: test_qe_xclib_test_all_terms ......................................   Passed   11.76 sec
 31/362 Test   #2: test_qe_fftx-r3-t1 ................................................   Passed    9.92 sec
        Start 323: system--cp_h2o--h2o-mt-blyp-1
 32/362 Test  #30: test_qe_xclib_test_all_shorts .....................................   Passed   15.75 sec
 33/362 Test #323: system--cp_h2o--h2o-mt-blyp-1 .....................................   Passed   27.30 sec
        Start 324: system--cp_h2o--h2o-mt-blyp-2
 34/362 Test #324: system--cp_h2o--h2o-mt-blyp-2 .....................................***Failed  Required regular expression not found. Regex=[JOB DONE
libxc needed for this functional
]  0.64 sec
        Start 341: system--cp_o2--o2-us-para-pbe-1
 35/362 Test #341: system--cp_o2--o2-us-para-pbe-1 ...................................   Passed   17.45 sec
        Start 325: system--cp_h2o--h2o-mt-blyp-3
 36/362 Test #325: system--cp_h2o--h2o-mt-blyp-3 .....................................***Failed  Required regular expression not found. Regex=[JOB DONE
libxc needed for this functional
]  0.71 sec
        Start 342: system--cp_o2--o2-us-para-pbe-2
 37/362 Test #342: system--cp_o2--o2-us-para-pbe-2 ...................................***Failed  Required regular expression not found. Regex=[JOB DONE
libxc needed for this functional
]  2.38 sec
        Start 326: system--cp_h2o--h2o-mt-blyp-4
 38/362 Test #326: system--cp_h2o--h2o-mt-blyp-4 .....................................***Failed  Required regular expression not found. Regex=[JOB DONE
libxc needed for this functional
]  0.68 sec
        Start 343: system--cp_o2--o2-us-para-pbe-3
 39/362 Test #343: system--cp_o2--o2-us-para-pbe-3 ...................................***Failed  Required regular expression not found. Regex=[JOB DONE
libxc needed for this functional
]  2.22 sec
        Start 352: system--cp_sio2--sio2-us-lda-1
 40/362 Test #352: system--cp_sio2--sio2-us-lda-1 ....................................***Failed  Required regular expression not found. Regex=[JOB DONE
libxc needed for this functional
]  1.39 sec
        Start  47: system--pw_berry--berry
 41/362 Test  #47: system--pw_berry--berry ...........................................   Passed    1.53 sec
        Start  73: system--pw_electric--electric
 42/362 Test  #73: system--pw_electric--electric .....................................   Passed   13.56 sec
        Start 168: system--pw_metaGGA--metaGGA
 43/362 Test #168: system--pw_metaGGA--metaGGA .......................................   Passed    1.27 sec
        Start 175: system--pw_metal--metal-tetrahedra
 44/362 Test #175: system--pw_metal--metal-tetrahedra ................................   Passed    0.77 sec
        Start 187: system--pw_noncolin--noncolin
 45/362 Test #187: system--pw_noncolin--noncolin .....................................   Passed    3.53 sec
        Start 224: system--pw_scf--scf-disk_io
 46/362 Test #224: system--pw_scf--scf-disk_io .......................................   Passed    0.61 sec
        Start 243: system--pw_scf--scf
 47/362 Test #243: system--pw_scf--scf ...............................................   Passed    0.58 sec
        Start 327: system--cp_h2o--h2o-mt-blyp-5
 48/362 Test #327: system--cp_h2o--h2o-mt-blyp-5 .....................................***Failed  Required regular expression not found. Regex=[JOB DONE
libxc needed for this functional
]  0.66 sec
        Start 344: system--cp_o2--o2-us-para-pbe-4
 49/362 Test #344: system--cp_o2--o2-us-para-pbe-4 ...................................***Failed  Required regular expression not found. Regex=[JOB DONE
libxc needed for this functional
]  2.21 sec
        Start 348: system--cp_si--si-vbc-lda-1
 50/362 Test #348: system--cp_si--si-vbc-lda-1 .......................................***Failed  Required regular expression not found. Regex=[JOB DONE
libxc needed for this functional
]  0.63 sec
        Start 353: system--cp_sio2--sio2-us-lda-2
 51/362 Test #353: system--cp_sio2--sio2-us-lda-2 ....................................***Failed  Required regular expression not found. Regex=[JOB DONE
libxc needed for this functional
]  0.56 sec
        Start  45: system--pw_berry--berry-1
 52/362 Test  #45: system--pw_berry--berry-1 .........................................   Passed    2.66 sec
        Start  71: system--pw_electric--electric-1
 53/362 Test  #71: system--pw_electric--electric-1 ...................................   Passed    3.35 sec
        Start  76: system--pw_eval--eval_infix
 54/362 Test  #76: system--pw_eval--eval_infix .......................................   Passed    0.72 sec
        Start 157: system--pw_lsda--lsda
 55/362 Test #157: system--pw_lsda--lsda .............................................   Passed    1.95 sec
        Start 165: system--pw_metaGGA--metaGGA-1
 56/362 Test #165: system--pw_metaGGA--metaGGA-1 .....................................   Passed    1.54 sec
        Start 173: system--pw_metal--metal-tetrahedra-1
 57/362 Test #173: system--pw_metal--metal-tetrahedra-1 ..............................   Passed    0.93 sec
        Start 176: system--pw_metal--metal
 58/362 Test #176: system--pw_metal--metal ...........................................   Passed    0.73 sec
        Start 178: system--pw_noncolin--noncolin-1
 59/362 Test #178: system--pw_noncolin--noncolin-1 ...................................   Passed    2.97 sec
        Start 217: system--pw_scf--scf-1
 60/362 Test #217: system--pw_scf--scf-1 .............................................   Passed    0.82 sec
        Start 222: system--pw_scf--scf-disk_io-1
 61/362 Test #222: system--pw_scf--scf-disk_io-1 .....................................   Passed    0.75 sec
        Start 249: system--pw_spinorbit--spinorbit
 62/362 Test #249: system--pw_spinorbit--spinorbit ...................................   Passed    2.69 sec
        Start 267: system--pw_uspp--uspp
 63/362 Test #267: system--pw_uspp--uspp .............................................   Passed    1.01 sec
        Start 293: system--pw_workflow_exx_nscf--ncpp-gamma-restart-1
 64/362 Test #293: system--pw_workflow_exx_nscf--ncpp-gamma-restart-1 ................   Passed    6.10 sec
        Start 295: system--pw_workflow_exx_nscf--ncpp-k-1
 65/362 Test #295: system--pw_workflow_exx_nscf--ncpp-k-1 ............................   Passed    3.51 sec
        Start 297: system--pw_workflow_exx_nscf--uspp-gamma-1
 66/362 Test #297: system--pw_workflow_exx_nscf--uspp-gamma-1 ........................   Passed    1.40 sec
        Start 299: system--pw_workflow_exx_nscf--uspp-k-restart-1
 67/362 Test #299: system--pw_workflow_exx_nscf--uspp-k-restart-1 ....................   Passed   34.48 sec
        Start 301: system--pw_workflow_exx_nscf--uspp-k-smearing-1
 68/362 Test #301: system--pw_workflow_exx_nscf--uspp-k-smearing-1 ...................   Passed    6.75 sec
        Start 304: system--pw_workflow_relax_relax--relax-1
 69/362 Test #304: system--pw_workflow_relax_relax--relax-1 ..........................   Passed   15.25 sec
        Start 307: system--pw_workflow_scf_dos--scf-dos-1
 70/362 Test #307: system--pw_workflow_scf_dos--scf-dos-1 ............................   Passed    0.70 sec
        Start 310: system--pw_workflow_vc-relax_dos--vc-relax-dos-1
 71/362 Test #310: system--pw_workflow_vc-relax_dos--vc-relax-dos-1 ..................   Passed    3.41 sec
        Start 313: system--pw_workflow_vc-relax_scf--vc-relax-scf-1
 72/362 Test #313: system--pw_workflow_vc-relax_scf--vc-relax-scf-1 ..................   Passed    3.88 sec
        Start 328: system--cp_h2o--h2o-mt-blyp-6
 73/362 Test #328: system--cp_h2o--h2o-mt-blyp-6 .....................................***Failed  Required regular expression not found. Regex=[JOB DONE
libxc needed for this functional
]  0.68 sec
        Start 345: system--cp_o2--o2-us-para-pbe-5
 74/362 Test #345: system--cp_o2--o2-us-para-pbe-5 ...................................***Failed  Required regular expression not found. Regex=[JOB DONE
libxc needed for this functional
]  2.21 sec
        Start 349: system--cp_si--si-vbc-lda-2
 75/362 Test #349: system--cp_si--si-vbc-lda-2 .......................................***Failed  Required regular expression not found. Regex=[JOB DONE
libxc needed for this functional
]  0.49 sec
        Start 354: system--cp_sio2--sio2-us-lda-3
 76/362 Test #354: system--cp_sio2--sio2-us-lda-3 ....................................***Failed  Required regular expression not found. Regex=[JOB DONE
libxc needed for this functional
]  0.47 sec
        Start 357: system--cp_sio2--sio2-us-pbe-1
 77/362 Test #357: system--cp_sio2--sio2-us-pbe-1 ....................................***Failed  Required regular expression not found. Regex=[JOB DONE
libxc needed for this functional
]  1.99 sec
        Start  33: system--pw_atom--atom-lsda
 78/362 Test  #33: system--pw_atom--atom-lsda ........................................   Passed    1.02 sec
        Start  34: system--pw_atom--atom-occ1
 79/362 Test  #34: system--pw_atom--atom-occ1 ........................................   Passed    8.39 sec
        Start  35: system--pw_atom--atom-occ2
 80/362 Test  #35: system--pw_atom--atom-occ2 ........................................   Passed    6.68 sec
        Start  36: system--pw_atom--atom-pbe
 81/362 Test  #36: system--pw_atom--atom-pbe .........................................   Passed    0.96 sec
        Start  37: system--pw_atom--atom-sigmapbe
 82/362 Test  #37: system--pw_atom--atom-sigmapbe ....................................   Passed    1.85 sec
        Start  38: system--pw_atom--atom
 83/362 Test  #38: system--pw_atom--atom .............................................   Passed    0.73 sec
        Start  40: system--pw_b3lyp--b3lyp-O
        Start  32: system--pw_atom-correctness
 84/362 Test  #32: system--pw_atom-correctness .......................................   Passed    2.01 sec
 85/362 Test  #40: system--pw_b3lyp--b3lyp-O .........................................   Passed    6.12 sec
        Start  41: system--pw_b3lyp--b3lyp-h2o
 86/362 Test  #41: system--pw_b3lyp--b3lyp-h2o .......................................   Passed    9.38 sec
        Start  42: system--pw_b3lyp--x3lyp-O
 87/362 Test  #42: system--pw_b3lyp--x3lyp-O .........................................   Passed    5.43 sec
        Start  43: system--pw_b3lyp--x3lyp-h2o
 88/362 Test  #43: system--pw_b3lyp--x3lyp-h2o .......................................   Passed    6.78 sec
        Start  46: system--pw_berry--berry-2
        Start  39: system--pw_b3lyp-correctness
 89/362 Test  #39: system--pw_b3lyp-correctness ......................................   Passed    1.85 sec
 90/362 Test  #46: system--pw_berry--berry-2 .........................................   Passed    2.98 sec
        Start  49: system--pw_cluster--cluster1
        Start  44: system--pw_berry-correctness
 91/362 Test  #44: system--pw_berry-correctness ......................................   Passed    0.77 sec
 92/362 Test  #49: system--pw_cluster--cluster1 ......................................   Passed    1.41 sec
        Start  50: system--pw_cluster--cluster2
 93/362 Test  #50: system--pw_cluster--cluster2 ......................................   Passed    4.40 sec
        Start  51: system--pw_cluster--cluster3
 94/362 Test  #51: system--pw_cluster--cluster3 ......................................   Passed    5.51 sec
        Start  52: system--pw_cluster--cluster4
 95/362 Test  #52: system--pw_cluster--cluster4 ......................................   Passed    1.56 sec
        Start  53: system--pw_cluster--cluster5
 96/362 Test  #53: system--pw_cluster--cluster5 ......................................   Passed    1.45 sec
        Start  54: system--pw_cluster--cluster6
 97/362 Test  #54: system--pw_cluster--cluster6 ......................................   Passed    2.50 sec
        Start  56: system--pw_dft--dft1
        Start  48: system--pw_cluster-correctness
 98/362 Test  #56: system--pw_dft--dft1 ..............................................   Passed    0.61 sec
        Start  57: system--pw_dft--dft10
 99/362 Test  #57: system--pw_dft--dft10 .............................................   Passed    0.63 sec
        Start  58: system--pw_dft--dft11
100/362 Test  #48: system--pw_cluster-correctness ....................................   Passed    1.65 sec
101/362 Test  #58: system--pw_dft--dft11 .............................................   Passed    0.60 sec
        Start  59: system--pw_dft--dft2
102/362 Test  #59: system--pw_dft--dft2 ..............................................   Passed    0.60 sec
        Start  60: system--pw_dft--dft3
103/362 Test  #60: system--pw_dft--dft3 ..............................................   Passed    0.59 sec
        Start  61: system--pw_dft--dft4
104/362 Test  #61: system--pw_dft--dft4 ..............................................   Passed    0.59 sec
        Start  62: system--pw_dft--dft5
105/362 Test  #62: system--pw_dft--dft5 ..............................................   Passed    0.59 sec
        Start  63: system--pw_dft--dft6
106/362 Test  #63: system--pw_dft--dft6 ..............................................   Passed    0.64 sec
        Start  64: system--pw_dft--dft7
107/362 Test  #64: system--pw_dft--dft7 ..............................................   Passed    0.61 sec
        Start  65: system--pw_dft--dft8
108/362 Test  #65: system--pw_dft--dft8 ..............................................   Passed    0.61 sec
        Start  66: system--pw_dft--dft9
109/362 Test  #66: system--pw_dft--dft9 ..............................................   Passed    0.62 sec
        Start  68: system--pw_dipole--2dcutoff
        Start  55: system--pw_dft-correctness
110/362 Test  #55: system--pw_dft-correctness ........................................   Passed    3.21 sec
111/362 Test  #68: system--pw_dipole--2dcutoff .......................................   Passed    5.09 sec
        Start  69: system--pw_dipole--dipole
112/362 Test  #69: system--pw_dipole--dipole .........................................   Passed    2.60 sec
        Start  72: system--pw_electric--electric-2
        Start  67: system--pw_dipole-correctness
113/362 Test  #67: system--pw_dipole-correctness .....................................   Passed    0.70 sec
114/362 Test  #72: system--pw_electric--electric-2 ...................................   Passed  1521.50 sec
        Start  75: system--pw_eval--eval_infix-2
        Start  70: system--pw_electric-correctness
115/362 Test  #75: system--pw_eval--eval_infix-2 .....................................   Passed    1.09 sec
        Start  78: system--pw_gau-pbe--gau-pbe-si111
        Start  74: system--pw_eval-correctness
116/362 Test  #70: system--pw_electric-correctness ...................................***Failed    1.70 sec
117/362 Test  #74: system--pw_eval-correctness .......................................   Passed    0.95 sec
118/362 Test  #78: system--pw_gau-pbe--gau-pbe-si111 .................................   Passed    1.47 sec
        Start  79: system--pw_gau-pbe--gau-pbe-si222
119/362 Test  #79: system--pw_gau-pbe--gau-pbe-si222 .................................   Passed    3.18 sec
        Start  80: system--pw_gau-pbe--gau-pbe-si444
120/362 Test  #80: system--pw_gau-pbe--gau-pbe-si444 .................................   Passed   15.51 sec
        Start  82: system--pw_hse--hse-si111
        Start  77: system--pw_gau-pbe-correctness
121/362 Test  #77: system--pw_gau-pbe-correctness ....................................   Passed    1.23 sec
122/362 Test  #82: system--pw_hse--hse-si111 .........................................   Passed    1.48 sec
        Start  83: system--pw_hse--hse-si222
123/362 Test  #83: system--pw_hse--hse-si222 .........................................   Passed    3.10 sec
        Start  84: system--pw_hse--hse-si444
124/362 Test  #84: system--pw_hse--hse-si444 .........................................   Passed   15.62 sec
        Start  86: system--pw_lattice-ibrav--lattice-ibrav-12-kauto
        Start  81: system--pw_hse-correctness
125/362 Test  #81: system--pw_hse-correctness ........................................   Passed    1.25 sec
126/362 Test  #86: system--pw_lattice-ibrav--lattice-ibrav-12-kauto ..................   Passed    1.31 sec
        Start  87: system--pw_lattice-ibrav--lattice-ibrav-12
127/362 Test  #87: system--pw_lattice-ibrav--lattice-ibrav-12 ........................   Passed    0.87 sec
        Start  88: system--pw_lattice-ibrav--lattice-ibrav-3-kauto
128/362 Test  #88: system--pw_lattice-ibrav--lattice-ibrav-3-kauto ...................   Passed    0.79 sec
        Start  89: system--pw_lattice-ibrav--lattice-ibrav-3
129/362 Test  #89: system--pw_lattice-ibrav--lattice-ibrav-3 .........................   Passed    0.73 sec
        Start  90: system--pw_lattice-ibrav--lattice-ibrav-5-kauto
130/362 Test  #90: system--pw_lattice-ibrav--lattice-ibrav-5-kauto ...................   Passed    0.81 sec
        Start  91: system--pw_lattice-ibrav--lattice-ibrav-5
131/362 Test  #91: system--pw_lattice-ibrav--lattice-ibrav-5 .........................   Passed    0.68 sec
        Start  92: system--pw_lattice-ibrav--lattice-ibrav0-cell_parameters+a
132/362 Test  #92: system--pw_lattice-ibrav--lattice-ibrav0-cell_parameters+a ........   Passed    0.84 sec
        Start  93: system--pw_lattice-ibrav--lattice-ibrav0-cell_parameters+celldm
133/362 Test  #93: system--pw_lattice-ibrav--lattice-ibrav0-cell_parameters+celldm ...   Passed    0.84 sec
        Start  94: system--pw_lattice-ibrav--lattice-ibrav0-cell_parameters-ang
134/362 Test  #94: system--pw_lattice-ibrav--lattice-ibrav0-cell_parameters-ang ......   Passed    0.83 sec
        Start  95: system--pw_lattice-ibrav--lattice-ibrav0-cell_parameters
135/362 Test  #95: system--pw_lattice-ibrav--lattice-ibrav0-cell_parameters ..........   Passed    0.84 sec
        Start  96: system--pw_lattice-ibrav--lattice-ibrav1-kauto
136/362 Test  #96: system--pw_lattice-ibrav--lattice-ibrav1-kauto ....................   Passed    0.75 sec
        Start  97: system--pw_lattice-ibrav--lattice-ibrav1
137/362 Test  #97: system--pw_lattice-ibrav--lattice-ibrav1 ..........................   Passed    0.70 sec
        Start  98: system--pw_lattice-ibrav--lattice-ibrav10-kauto
138/362 Test  #98: system--pw_lattice-ibrav--lattice-ibrav10-kauto ...................   Passed    0.84 sec
        Start  99: system--pw_lattice-ibrav--lattice-ibrav10
139/362 Test  #99: system--pw_lattice-ibrav--lattice-ibrav10 .........................   Passed    0.70 sec
        Start 100: system--pw_lattice-ibrav--lattice-ibrav11-kauto
140/362 Test #100: system--pw_lattice-ibrav--lattice-ibrav11-kauto ...................   Passed    1.16 sec
        Start 101: system--pw_lattice-ibrav--lattice-ibrav11
141/362 Test #101: system--pw_lattice-ibrav--lattice-ibrav11 .........................   Passed    0.82 sec
        Start 102: system--pw_lattice-ibrav--lattice-ibrav12-kauto
142/362 Test #102: system--pw_lattice-ibrav--lattice-ibrav12-kauto ...................   Passed    1.23 sec
        Start 103: system--pw_lattice-ibrav--lattice-ibrav12
143/362 Test #103: system--pw_lattice-ibrav--lattice-ibrav12 .........................   Passed    1.02 sec
        Start 104: system--pw_lattice-ibrav--lattice-ibrav13-kauto
144/362 Test #104: system--pw_lattice-ibrav--lattice-ibrav13-kauto ...................   Passed    0.81 sec
        Start 105: system--pw_lattice-ibrav--lattice-ibrav13
145/362 Test #105: system--pw_lattice-ibrav--lattice-ibrav13 .........................   Passed    0.63 sec
        Start 106: system--pw_lattice-ibrav--lattice-ibrav14-kauto
146/362 Test #106: system--pw_lattice-ibrav--lattice-ibrav14-kauto ...................   Passed    1.01 sec
        Start 107: system--pw_lattice-ibrav--lattice-ibrav14
147/362 Test #107: system--pw_lattice-ibrav--lattice-ibrav14 .........................   Passed    0.63 sec
        Start 108: system--pw_lattice-ibrav--lattice-ibrav2-kauto
148/362 Test #108: system--pw_lattice-ibrav--lattice-ibrav2-kauto ....................   Passed    0.64 sec
        Start 109: system--pw_lattice-ibrav--lattice-ibrav2
149/362 Test #109: system--pw_lattice-ibrav--lattice-ibrav2 ..........................   Passed    0.60 sec
        Start 110: system--pw_lattice-ibrav--lattice-ibrav3-kauto
150/362 Test #110: system--pw_lattice-ibrav--lattice-ibrav3-kauto ....................   Passed    0.71 sec
        Start 111: system--pw_lattice-ibrav--lattice-ibrav3
151/362 Test #111: system--pw_lattice-ibrav--lattice-ibrav3 ..........................   Passed    0.82 sec
        Start 112: system--pw_lattice-ibrav--lattice-ibrav4-kauto
152/362 Test #112: system--pw_lattice-ibrav--lattice-ibrav4-kauto ....................   Passed    1.01 sec
        Start 113: system--pw_lattice-ibrav--lattice-ibrav4
153/362 Test #113: system--pw_lattice-ibrav--lattice-ibrav4 ..........................   Passed    0.86 sec
        Start 114: system--pw_lattice-ibrav--lattice-ibrav5-kauto
154/362 Test #114: system--pw_lattice-ibrav--lattice-ibrav5-kauto ....................   Passed    0.86 sec
        Start 115: system--pw_lattice-ibrav--lattice-ibrav5
155/362 Test #115: system--pw_lattice-ibrav--lattice-ibrav5 ..........................   Passed    0.75 sec
        Start 116: system--pw_lattice-ibrav--lattice-ibrav6-kauto
156/362 Test #116: system--pw_lattice-ibrav--lattice-ibrav6-kauto ....................   Passed    1.02 sec
        Start 117: system--pw_lattice-ibrav--lattice-ibrav6
157/362 Test #117: system--pw_lattice-ibrav--lattice-ibrav6 ..........................   Passed    0.83 sec
        Start 118: system--pw_lattice-ibrav--lattice-ibrav7-kauto
158/362 Test #118: system--pw_lattice-ibrav--lattice-ibrav7-kauto ....................   Passed    1.01 sec
        Start 119: system--pw_lattice-ibrav--lattice-ibrav7
159/362 Test #119: system--pw_lattice-ibrav--lattice-ibrav7 ..........................   Passed    0.83 sec
        Start 120: system--pw_lattice-ibrav--lattice-ibrav8-kauto
160/362 Test #120: system--pw_lattice-ibrav--lattice-ibrav8-kauto ....................   Passed    1.23 sec
        Start 121: system--pw_lattice-ibrav--lattice-ibrav8
161/362 Test #121: system--pw_lattice-ibrav--lattice-ibrav8 ..........................   Passed    0.99 sec
        Start 122: system--pw_lattice-ibrav--lattice-ibrav9-kauto
162/362 Test #122: system--pw_lattice-ibrav--lattice-ibrav9-kauto ....................   Passed    1.06 sec
        Start 123: system--pw_lattice-ibrav--lattice-ibrav9
163/362 Test #123: system--pw_lattice-ibrav--lattice-ibrav9 ..........................   Passed    0.83 sec
        Start 124: system--pw_lattice-ibrav--lattice-wyckoff-sio2
164/362 Test #124: system--pw_lattice-ibrav--lattice-wyckoff-sio2 ....................   Passed    3.56 sec
        Start 126: system--pw_lda+U--lda+U+J0
        Start  85: system--pw_lattice-ibrav-correctness
165/362 Test  #85: system--pw_lattice-ibrav-correctness ..............................   Passed   14.90 sec
166/362 Test #126: system--pw_lda+U--lda+U+J0 ........................................   Passed   37.97 sec
        Start 127: system--pw_lda+U--lda+U+V-user_ns
167/362 Test #127: system--pw_lda+U--lda+U+V-user_ns .................................   Passed    8.61 sec
        Start 128: system--pw_lda+U--lda+U+V_background
168/362 Test #128: system--pw_lda+U--lda+U+V_background ..............................   Passed    4.71 sec
        Start 129: system--pw_lda+U--lda+U+V_force_stress_ortho
169/362 Test #129: system--pw_lda+U--lda+U+V_force_stress_ortho ......................   Passed   13.52 sec
        Start 130: system--pw_lda+U--lda+U+V_noncol_ortho
170/362 Test #130: system--pw_lda+U--lda+U+V_noncol_ortho ............................   Passed   28.32 sec
        Start 131: system--pw_lda+U--lda+U-noU
171/362 Test #131: system--pw_lda+U--lda+U-noU .......................................   Passed    6.28 sec
        Start 132: system--pw_lda+U--lda+U-user_ns
172/362 Test #132: system--pw_lda+U--lda+U-user_ns ...................................   Passed    7.87 sec
        Start 133: system--pw_lda+U--lda+U
173/362 Test #133: system--pw_lda+U--lda+U ...........................................   Passed    6.91 sec
        Start 134: system--pw_lda+U--lda+U_background_one_channel
174/362 Test #134: system--pw_lda+U--lda+U_background_one_channel ....................   Passed   37.71 sec
        Start 135: system--pw_lda+U--lda+U_background_two_channels
175/362 Test #135: system--pw_lda+U--lda+U_background_two_channels ...................   Passed   33.12 sec
        Start 136: system--pw_lda+U--lda+U_force
176/362 Test #136: system--pw_lda+U--lda+U_force .....................................   Passed    7.14 sec
        Start 137: system--pw_lda+U--lda+U_force_stress_ortho
177/362 Test #137: system--pw_lda+U--lda+U_force_stress_ortho ........................   Passed    5.92 sec
        Start 138: system--pw_lda+U--lda+U_gamma
178/362 Test #138: system--pw_lda+U--lda+U_gamma .....................................   Passed    3.25 sec
        Start 139: system--pw_lda+U--lda+U_kind1_collin
179/362 Test #139: system--pw_lda+U--lda+U_kind1_collin ..............................   Passed    8.31 sec
        Start 140: system--pw_lda+U--lda+U_kind1_noncollin
180/362 Test #140: system--pw_lda+U--lda+U_kind1_noncollin ...........................   Passed   13.05 sec
        Start 141: system--pw_lda+U--lda+U_noncol_ortho
181/362 Test #141: system--pw_lda+U--lda+U_noncol_ortho ..............................   Passed   10.56 sec
        Start 142: system--pw_lda+U--lda+U_orbital_resolved
182/362 Test #142: system--pw_lda+U--lda+U_orbital_resolved ..........................   Passed    7.43 sec
        Start 143: system--pw_lda+U--lda+U_pseudo
183/362 Test #143: system--pw_lda+U--lda+U_pseudo ....................................   Passed    3.41 sec
        Start 145: system--pw_libxc--gga_unpol_atom-pbe
        Start 125: system--pw_lda+U-correctness
184/362 Test #145: system--pw_libxc--gga_unpol_atom-pbe ..............................   Passed    0.54 sec
        Start 146: system--pw_libxc--hyb_gga_unpol_hse-si111
185/362 Test #146: system--pw_libxc--hyb_gga_unpol_hse-si111 .........................   Passed    0.49 sec
        Start 147: system--pw_libxc--lda_pol_atom-lsda
186/362 Test #147: system--pw_libxc--lda_pol_atom-lsda ...............................   Passed    0.55 sec
        Start 148: system--pw_libxc--mgga_unpol_metaGGA
187/362 Test #148: system--pw_libxc--mgga_unpol_metaGGA ..............................   Passed    0.53 sec
        Start 150: system--pw_lsda--lsda-2
        Start 144: system--pw_libxc-correctness
188/362 Test #144: system--pw_libxc-correctness ......................................   Passed    0.35 sec
189/362 Test #125: system--pw_lda+U-correctness ......................................   Passed    3.66 sec
190/362 Test #150: system--pw_lsda--lsda-2 ...........................................   Passed    2.32 sec
        Start 151: system--pw_lsda--lsda-cg
191/362 Test #151: system--pw_lsda--lsda-cg ..........................................   Passed    1.63 sec
        Start 152: system--pw_lsda--lsda-mixing_TF
192/362 Test #152: system--pw_lsda--lsda-mixing_TF ...................................   Passed    1.31 sec
        Start 153: system--pw_lsda--lsda-mixing_localTF
193/362 Test #153: system--pw_lsda--lsda-mixing_localTF ..............................   Passed    1.30 sec
        Start 154: system--pw_lsda--lsda-mixing_ndim
194/362 Test #154: system--pw_lsda--lsda-mixing_ndim .................................   Passed    1.35 sec
        Start 155: system--pw_lsda--lsda-nelup+neldw
195/362 Test #155: system--pw_lsda--lsda-nelup+neldw .................................   Passed    1.25 sec
        Start 156: system--pw_lsda--lsda-tot_magnetization
196/362 Test #156: system--pw_lsda--lsda-tot_magnetization ...........................   Passed    1.19 sec
        Start 159: system--pw_md--md-pot_extrap1
        Start 149: system--pw_lsda-correctness
197/362 Test #149: system--pw_lsda-correctness .......................................   Passed    1.42 sec
198/362 Test #159: system--pw_md--md-pot_extrap1 .....................................   Passed    2.87 sec
        Start 160: system--pw_md--md-pot_extrap2
199/362 Test #160: system--pw_md--md-pot_extrap2 .....................................   Passed    2.63 sec
        Start 161: system--pw_md--md-wfc_extrap1
200/362 Test #161: system--pw_md--md-wfc_extrap1 .....................................   Passed    2.54 sec
        Start 162: system--pw_md--md-wfc_extrap2
201/362 Test #162: system--pw_md--md-wfc_extrap2 .....................................   Passed    2.64 sec
        Start 163: system--pw_md--md
202/362 Test #163: system--pw_md--md .................................................   Passed    2.29 sec
        Start 166: system--pw_metaGGA--metaGGA-2
        Start 158: system--pw_md-correctness
203/362 Test #166: system--pw_metaGGA--metaGGA-2 .....................................   Passed    1.23 sec
        Start 167: system--pw_metaGGA--metaGGA-spin
204/362 Test #158: system--pw_md-correctness .........................................   Passed    1.27 sec
205/362 Test #167: system--pw_metaGGA--metaGGA-spin ..................................   Passed    0.52 sec
        Start 170: system--pw_metal--metal-2
        Start 164: system--pw_metaGGA-correctness
206/362 Test #164: system--pw_metaGGA-correctness ....................................   Passed    0.75 sec
207/362 Test #170: system--pw_metal--metal-2 .........................................   Passed    0.86 sec
        Start 171: system--pw_metal--metal-fermi_dirac
208/362 Test #171: system--pw_metal--metal-fermi_dirac ...............................   Passed    0.64 sec
        Start 172: system--pw_metal--metal-gaussian
209/362 Test #172: system--pw_metal--metal-gaussian ..................................   Passed    0.64 sec
        Start 174: system--pw_metal--metal-tetrahedra-2
210/362 Test #174: system--pw_metal--metal-tetrahedra-2 ..............................   Passed    0.82 sec
        Start 179: system--pw_noncolin--noncolin-2
        Start 169: system--pw_metal-correctness
211/362 Test #169: system--pw_metal-correctness ......................................   Passed    1.69 sec
212/362 Test #179: system--pw_noncolin--noncolin-2 ...................................   Passed    2.73 sec
        Start 180: system--pw_noncolin--noncolin-cg
213/362 Test #180: system--pw_noncolin--noncolin-cg ..................................   Passed    4.13 sec
        Start 181: system--pw_noncolin--noncolin-constrain_angle
214/362 Test #181: system--pw_noncolin--noncolin-constrain_angle .....................   Passed    2.51 sec
        Start 182: system--pw_noncolin--noncolin-constrain_atomic
215/362 Test #182: system--pw_noncolin--noncolin-constrain_atomic ....................   Passed    6.89 sec
        Start 183: system--pw_noncolin--noncolin-constrain_total
216/362 Test #183: system--pw_noncolin--noncolin-constrain_total .....................   Passed    8.90 sec
        Start 184: system--pw_noncolin--noncolin-hyb
217/362 Test #184: system--pw_noncolin--noncolin-hyb .................................   Passed    1.81 sec
        Start 185: system--pw_noncolin--noncolin-pbe
218/362 Test #185: system--pw_noncolin--noncolin-pbe .................................   Passed    3.23 sec
        Start 186: system--pw_noncolin--noncolin-rmm
219/362 Test #186: system--pw_noncolin--noncolin-rmm .................................   Passed    3.18 sec
        Start 189: system--pw_pawatom--paw-atom
        Start 177: system--pw_noncolin-correctness
220/362 Test #189: system--pw_pawatom--paw-atom ......................................   Passed    1.85 sec
        Start 190: system--pw_pawatom--paw-atom_l=2
221/362 Test #177: system--pw_noncolin-correctness ...................................   Passed    3.12 sec
222/362 Test #190: system--pw_pawatom--paw-atom_l=2 ..................................   Passed    3.68 sec
        Start 191: system--pw_pawatom--paw-atom_lda
223/362 Test #191: system--pw_pawatom--paw-atom_lda ..................................   Passed    1.24 sec
        Start 192: system--pw_pawatom--paw-atom_spin
224/362 Test #192: system--pw_pawatom--paw-atom_spin .................................   Passed    2.75 sec
        Start 193: system--pw_pawatom--paw-atom_spin_lda
225/362 Test #193: system--pw_pawatom--paw-atom_spin_lda .............................   Passed    3.17 sec
        Start 194: system--pw_pawatom--paw-atom_tqr
226/362 Test #194: system--pw_pawatom--paw-atom_tqr ..................................   Passed    2.50 sec
        Start 195: system--pw_pawatom--paw-bfgs
227/362 Test #195: system--pw_pawatom--paw-bfgs ......................................   Passed    4.21 sec
        Start 196: system--pw_pawatom--paw-vcbfgs
228/362 Test #196: system--pw_pawatom--paw-vcbfgs ....................................   Passed    2.76 sec
        Start 198: system--pw_pbe--pbe0-si111
        Start 188: system--pw_pawatom-correctness
229/362 Test #198: system--pw_pbe--pbe0-si111 ........................................   Passed    1.55 sec
        Start 199: system--pw_pbe--pbe0-si222
230/362 Test #188: system--pw_pawatom-correctness ....................................   Passed    2.28 sec
231/362 Test #199: system--pw_pbe--pbe0-si222 ........................................   Passed    3.31 sec
        Start 200: system--pw_pbe--pbe0-si444
232/362 Test #200: system--pw_pbe--pbe0-si444 ........................................   Passed   16.58 sec
        Start 201: system--pw_pbe--pbeq2d
233/362 Test #201: system--pw_pbe--pbeq2d ............................................   Passed    8.99 sec
        Start 204: system--pw_realspace--cluster_gs
        Start 197: system--pw_pbe-correctness
234/362 Test #197: system--pw_pbe-correctness ........................................   Passed    2.10 sec
235/362 Test #204: system--pw_realspace--cluster_gs ..................................   Passed    5.57 sec
        Start 205: system--pw_realspace--cluster_gs50
236/362 Test #205: system--pw_realspace--cluster_gs50 ................................   Passed    4.12 sec
        Start 206: system--pw_realspace--cluster_rs
237/362 Test #206: system--pw_realspace--cluster_rs ..................................   Passed    7.87 sec
        Start 207: system--pw_realspace--cluster_rs50
238/362 Test #207: system--pw_realspace--cluster_rs50 ................................   Passed    4.77 sec
        Start 209: system--pw_relax--relax-damped
        Start 203: system--pw_realspace-correctness
239/362 Test #203: system--pw_realspace-correctness ..................................   Passed    2.34 sec
240/362 Test #209: system--pw_relax--relax-damped ....................................   Passed    8.26 sec
        Start 210: system--pw_relax--relax-el
241/362 Test #210: system--pw_relax--relax-el ........................................   Passed   16.44 sec
        Start 211: system--pw_relax--relax-extfor
242/362 Test #211: system--pw_relax--relax-extfor ....................................   Passed    6.58 sec
        Start 212: system--pw_relax--relax-fire
243/362 Test #212: system--pw_relax--relax-fire ......................................   Passed    5.57 sec
        Start 213: system--pw_relax--relax
244/362 Test #213: system--pw_relax--relax ...........................................   Passed    5.20 sec
        Start 214: system--pw_relax--relax2-bfgs_ndim3
245/362 Test #214: system--pw_relax--relax2-bfgs_ndim3 ...............................   Passed    4.15 sec
        Start 215: system--pw_relax--relax2
246/362 Test #215: system--pw_relax--relax2 ..........................................   Passed    7.80 sec
        Start 218: system--pw_scf--scf-2
        Start 208: system--pw_relax-correctness
247/362 Test #218: system--pw_scf--scf-2 .............................................   Passed    1.02 sec
        Start 219: system--pw_scf--scf-allfrac
248/362 Test #219: system--pw_scf--scf-allfrac .......................................   Passed    0.82 sec
        Start 220: system--pw_scf--scf-cg-gamma
249/362 Test #208: system--pw_relax-correctness ......................................   Passed    2.71 sec
250/362 Test #220: system--pw_scf--scf-cg-gamma ......................................   Passed    1.64 sec
        Start 221: system--pw_scf--scf-cg
251/362 Test #221: system--pw_scf--scf-cg ............................................   Passed    1.89 sec
        Start 223: system--pw_scf--scf-disk_io-2
252/362 Test #223: system--pw_scf--scf-disk_io-2 .....................................   Passed    0.84 sec
        Start 225: system--pw_scf--scf-gamma
253/362 Test #225: system--pw_scf--scf-gamma .........................................   Passed    0.80 sec
        Start 226: system--pw_scf--scf-gth
254/362 Test #226: system--pw_scf--scf-gth ...........................................   Passed    5.92 sec
        Start 227: system--pw_scf--scf-k0
255/362 Test #227: system--pw_scf--scf-k0 ............................................   Passed    0.79 sec
        Start 228: system--pw_scf--scf-kauto
256/362 Test #228: system--pw_scf--scf-kauto .........................................   Passed    0.79 sec
        Start 229: system--pw_scf--scf-kcrys
257/362 Test #229: system--pw_scf--scf-kcrys .........................................   Passed    0.87 sec
        Start 230: system--pw_scf--scf-mixing_TF
258/362 Test #230: system--pw_scf--scf-mixing_TF .....................................   Passed    0.76 sec
        Start 231: system--pw_scf--scf-mixing_beta
259/362 Test #231: system--pw_scf--scf-mixing_beta ...................................   Passed    0.79 sec
        Start 232: system--pw_scf--scf-mixing_localTF
260/362 Test #232: system--pw_scf--scf-mixing_localTF ................................   Passed    0.76 sec
        Start 233: system--pw_scf--scf-mixing_ndim
261/362 Test #233: system--pw_scf--scf-mixing_ndim ...................................   Passed    0.79 sec
        Start 234: system--pw_scf--scf-ncpp
262/362 Test #234: system--pw_scf--scf-ncpp ..........................................   Passed    0.78 sec
        Start 235: system--pw_scf--scf-nofrac
263/362 Test #235: system--pw_scf--scf-nofrac ........................................   Passed    0.74 sec
        Start 236: system--pw_scf--scf-occ
264/362 Test #236: system--pw_scf--scf-occ ...........................................   Passed    0.78 sec
        Start 237: system--pw_scf--scf-paro-gamma
265/362 Test #237: system--pw_scf--scf-paro-gamma ....................................   Passed    1.76 sec
        Start 238: system--pw_scf--scf-paro-k
266/362 Test #238: system--pw_scf--scf-paro-k ........................................   Passed    1.21 sec
        Start 239: system--pw_scf--scf-rmm-gamma
267/362 Test #239: system--pw_scf--scf-rmm-gamma .....................................   Passed    1.32 sec
        Start 240: system--pw_scf--scf-rmm-k
268/362 Test #240: system--pw_scf--scf-rmm-k .........................................   Passed    1.09 sec
        Start 241: system--pw_scf--scf-rmm-paro-gamma
269/362 Test #241: system--pw_scf--scf-rmm-paro-gamma ................................   Passed    1.62 sec
        Start 242: system--pw_scf--scf-rmm-paro-k
270/362 Test #242: system--pw_scf--scf-rmm-paro-k ....................................   Passed    1.15 sec
        Start 245: system--pw_spinorbit--spinorbit-1
        Start 216: system--pw_scf-correctness
271/362 Test #245: system--pw_spinorbit--spinorbit-1 .................................   Passed    1.70 sec
        Start 246: system--pw_spinorbit--spinorbit-3
272/362 Test #246: system--pw_spinorbit--spinorbit-3 .................................   Passed    1.70 sec
        Start 247: system--pw_spinorbit--spinorbit-paw
273/362 Test #216: system--pw_scf-correctness ........................................   Passed    8.50 sec
274/362 Test #247: system--pw_spinorbit--spinorbit-paw ...............................   Passed    7.20 sec
        Start 248: system--pw_spinorbit--spinorbit-pbe
275/362 Test #248: system--pw_spinorbit--spinorbit-pbe ...............................   Passed    3.36 sec
        Start 251: system--pw_twochem--nscf_twochem
        Start 244: system--pw_spinorbit-correctness
276/362 Test #251: system--pw_twochem--nscf_twochem ..................................   Passed    1.00 sec
        Start 252: system--pw_twochem--relax_twochem
277/362 Test #244: system--pw_spinorbit-correctness ..................................   Passed    1.78 sec
278/362 Test #252: system--pw_twochem--relax_twochem .................................   Passed    3.05 sec
        Start 253: system--pw_twochem--scf_twochem
279/362 Test #253: system--pw_twochem--scf_twochem ...................................   Passed    0.96 sec
        Start 254: system--pw_twochem--vc-relax_twochem
280/362 Test #254: system--pw_twochem--vc-relax_twochem ..............................   Passed    5.40 sec
        Start 256: system--pw_uspp--uspp-2
        Start 250: system--pw_twochem-correctness
281/362 Test #256: system--pw_uspp--uspp-2 ...........................................   Passed    1.17 sec
        Start 257: system--pw_uspp--uspp-cg-gamma
282/362 Test #250: system--pw_twochem-correctness ....................................   Passed    1.99 sec
283/362 Test #257: system--pw_uspp--uspp-cg-gamma ....................................   Passed    0.94 sec
        Start 258: system--pw_uspp--uspp-cg
284/362 Test #258: system--pw_uspp--uspp-cg ..........................................   Passed    1.04 sec
        Start 259: system--pw_uspp--uspp-hyb-g
285/362 Test #259: system--pw_uspp--uspp-hyb-g .......................................   Passed    1.92 sec
        Start 260: system--pw_uspp--uspp-hyb-k
286/362 Test #260: system--pw_uspp--uspp-hyb-k .......................................   Passed    3.54 sec
        Start 261: system--pw_uspp--uspp-mixing_TF
287/362 Test #261: system--pw_uspp--uspp-mixing_TF ...................................   Passed    0.84 sec
        Start 262: system--pw_uspp--uspp-mixing_localTF
288/362 Test #262: system--pw_uspp--uspp-mixing_localTF ..............................   Passed    0.95 sec
        Start 263: system--pw_uspp--uspp-mixing_ndim
289/362 Test #263: system--pw_uspp--uspp-mixing_ndim .................................   Passed    1.10 sec
        Start 264: system--pw_uspp--uspp-paro-gamma
290/362 Test #264: system--pw_uspp--uspp-paro-gamma ..................................   Passed    1.07 sec
        Start 265: system--pw_uspp--uspp-paro-k
291/362 Test #265: system--pw_uspp--uspp-paro-k ......................................   Passed    1.07 sec
        Start 266: system--pw_uspp--uspp-singlegrid
292/362 Test #266: system--pw_uspp--uspp-singlegrid ..................................   Passed    1.08 sec
        Start 268: system--pw_uspp--uspp1-coulomb
293/362 Test #268: system--pw_uspp--uspp1-coulomb ....................................   Passed    4.01 sec
        Start 269: system--pw_uspp--uspp1
294/362 Test #269: system--pw_uspp--uspp1 ............................................   Passed    5.76 sec
        Start 270: system--pw_uspp--uspp2
295/362 Test #270: system--pw_uspp--uspp2 ............................................   Passed    1.62 sec
        Start 272: system--pw_vc-relax--vc-md1
        Start 255: system--pw_uspp-correctness
296/362 Test #255: system--pw_uspp-correctness .......................................   Passed    5.37 sec
297/362 Test #272: system--pw_vc-relax--vc-md1 .......................................   Passed    9.22 sec
        Start 273: system--pw_vc-relax--vc-md2
298/362 Test #273: system--pw_vc-relax--vc-md2 .......................................   Passed    7.63 sec
        Start 274: system--pw_vc-relax--vc-relax1
299/362 Test #274: system--pw_vc-relax--vc-relax1 ....................................   Passed   10.95 sec
        Start 275: system--pw_vc-relax--vc-relax2
300/362 Test #275: system--pw_vc-relax--vc-relax2 ....................................   Passed    4.27 sec
        Start 276: system--pw_vc-relax--vc-relax3
301/362 Test #276: system--pw_vc-relax--vc-relax3 ....................................   Passed    7.40 sec
        Start 277: system--pw_vc-relax--vc-relax4
302/362 Test #277: system--pw_vc-relax--vc-relax4 ....................................   Passed    2.81 sec
        Start 278: system--pw_vc-relax--vc-relax5
303/362 Test #278: system--pw_vc-relax--vc-relax5 ....................................   Passed    4.47 sec
        Start 279: system--pw_vc-relax--vc-relax6
304/362 Test #279: system--pw_vc-relax--vc-relax6 ....................................   Passed    3.89 sec
        Start 281: system--pw_vdw--beef-spin
        Start 271: system--pw_vc-relax-correctness
305/362 Test #271: system--pw_vc-relax-correctness ...................................   Passed    3.54 sec
306/362 Test #281: system--pw_vdw--beef-spin .........................................   Passed   67.47 sec
        Start 282: system--pw_vdw--beef
307/362 Test #282: system--pw_vdw--beef ..............................................   Passed   42.44 sec
        Start 283: system--pw_vdw--rVV10
308/362 Test #283: system--pw_vdw--rVV10 .............................................   Passed    2.01 sec
        Start 284: system--pw_vdw--vdW-DF3-opt1
309/362 Test #284: system--pw_vdw--vdW-DF3-opt1 ......................................   Passed   43.09 sec
        Start 285: system--pw_vdw--vdW-DF3-opt2
310/362 Test #285: system--pw_vdw--vdW-DF3-opt2 ......................................   Passed   37.74 sec
        Start 286: system--pw_vdw--vdw-d2
311/362 Test #286: system--pw_vdw--vdw-d2 ............................................   Passed    1.41 sec
        Start 287: system--pw_vdw--vdw-d3
312/362 Test #287: system--pw_vdw--vdw-d3 ............................................   Passed    2.13 sec
        Start 288: system--pw_vdw--vdw-mbd-vc-relax
313/362 Test #288: system--pw_vdw--vdw-mbd-vc-relax ..................................   Passed    9.10 sec
        Start 289: system--pw_vdw--vdw-mbd
314/362 Test #289: system--pw_vdw--vdw-mbd ...........................................   Passed   15.76 sec
        Start 290: system--pw_vdw--vdw-ts
315/362 Test #290: system--pw_vdw--vdw-ts ............................................   Passed    1.26 sec
        Start 291: system--pw_vdw--xdm
316/362 Test #291: system--pw_vdw--xdm ...............................................   Passed    2.60 sec
        Start 294: system--pw_workflow_exx_nscf--ncpp-gamma-restart-2
        Start 280: system--pw_vdw-correctness
317/362 Test #280: system--pw_vdw-correctness ........................................   Passed    4.71 sec
318/362 Test #294: system--pw_workflow_exx_nscf--ncpp-gamma-restart-2 ................   Passed    4.92 sec
        Start 296: system--pw_workflow_exx_nscf--ncpp-k-2
319/362 Test #296: system--pw_workflow_exx_nscf--ncpp-k-2 ............................   Passed    3.24 sec
        Start 298: system--pw_workflow_exx_nscf--uspp-gamma-2
320/362 Test #298: system--pw_workflow_exx_nscf--uspp-gamma-2 ........................   Passed    1.14 sec
        Start 300: system--pw_workflow_exx_nscf--uspp-k-restart-2
321/362 Test #300: system--pw_workflow_exx_nscf--uspp-k-restart-2 ....................   Passed   14.58 sec
        Start 302: system--pw_workflow_exx_nscf--uspp-k-smearing-2
322/362 Test #302: system--pw_workflow_exx_nscf--uspp-k-smearing-2 ...................   Passed    8.66 sec
        Start 305: system--pw_workflow_relax_relax--relax-2
        Start 292: system--pw_workflow_exx_nscf-correctness
323/362 Test #305: system--pw_workflow_relax_relax--relax-2 ..........................   Passed    1.77 sec
        Start 308: system--pw_workflow_scf_dos--scf-dos-2
        Start 303: system--pw_workflow_relax_relax-correctness
324/362 Test #303: system--pw_workflow_relax_relax-correctness .......................   Passed    1.39 sec
325/362 Test #292: system--pw_workflow_exx_nscf-correctness ..........................   Passed    3.61 sec
326/362 Test #308: system--pw_workflow_scf_dos--scf-dos-2 ............................   Passed    2.03 sec
        Start 311: system--pw_workflow_vc-relax_dos--vc-relax-dos-2
        Start 306: system--pw_workflow_scf_dos-correctness
327/362 Test #306: system--pw_workflow_scf_dos-correctness ...........................   Passed    1.09 sec
328/362 Test #311: system--pw_workflow_vc-relax_dos--vc-relax-dos-2 ..................   Passed    2.54 sec
        Start 314: system--pw_workflow_vc-relax_scf--vc-relax-scf-2
        Start 309: system--pw_workflow_vc-relax_dos-correctness
329/362 Test #309: system--pw_workflow_vc-relax_dos-correctness ......................   Passed    1.09 sec
330/362 Test #314: system--pw_workflow_vc-relax_scf--vc-relax-scf-2 ..................   Passed    2.59 sec
        Start 317: system--cp_al_edft--Al
        Start 312: system--pw_workflow_vc-relax_scf-correctness
331/362 Test #312: system--pw_workflow_vc-relax_scf-correctness ......................   Passed    1.13 sec
332/362 Test #317: system--cp_al_edft--Al ............................................   Passed    4.42 sec
        Start 318: system--cp_al_edft--Al.uspp
333/362 Test #318: system--cp_al_edft--Al.uspp .......................................***Failed  Required regular expression not found. Regex=[JOB DONE
libxc needed for this functional
]  1.39 sec
        Start 320: system--cp_cluster--cluster4
        Start 316: system--cp_al_edft-correctness
334/362 Test #316: system--cp_al_edft-correctness ....................................***Failed    0.76 sec
335/362 Test #320: system--cp_cluster--cluster4 ......................................   Passed    8.87 sec
        Start 321: system--cp_cluster--cluster6
336/362 Test #321: system--cp_cluster--cluster6 ......................................   Passed    7.55 sec
        Start 329: system--cp_h2o--h2o-mt-blyp-7
        Start 319: system--cp_cluster-correctness
337/362 Test #319: system--cp_cluster-correctness ....................................***Failed    0.60 sec
338/362 Test #329: system--cp_h2o--h2o-mt-blyp-7 .....................................***Failed  Required regular expression not found. Regex=[JOB DONE
libxc needed for this functional
]  0.78 sec
        Start 330: system--cp_h2o--h2o-mt-blyp-cg
339/362 Test #330: system--cp_h2o--h2o-mt-blyp-cg ....................................   Passed   22.25 sec
        Start 332: system--cp_h2o_exx--h2o-mt-b3lyp-1
        Start 322: system--cp_h2o-correctness
340/362 Test #322: system--cp_h2o-correctness ........................................***Failed    1.90 sec
341/362 Test #332: system--cp_h2o_exx--h2o-mt-b3lyp-1 ................................   Passed   43.21 sec
        Start 333: system--cp_h2o_exx--h2o-mt-exx_fraction
342/362 Test #333: system--cp_h2o_exx--h2o-mt-exx_fraction ...........................   Passed   27.88 sec
        Start 335: system--cp_h2o_scan_libxc--nspin1
        Start 331: system--cp_h2o_exx-correctness
343/362 Test #335: system--cp_h2o_scan_libxc--nspin1 .................................   Passed    0.56 sec
        Start 336: system--cp_h2o_scan_libxc--nspin2
344/362 Test #331: system--cp_h2o_exx-correctness ....................................   Passed    0.95 sec
345/362 Test #336: system--cp_h2o_scan_libxc--nspin2 .................................   Passed    0.47 sec
        Start 338: system--cp_h2o_wf--h2o-nspin1
        Start 334: system--cp_h2o_scan_libxc-correctness
346/362 Test #334: system--cp_h2o_scan_libxc-correctness .............................   Passed    0.22 sec
347/362 Test #338: system--cp_h2o_wf--h2o-nspin1 .....................................   Passed    2.48 sec
        Start 339: system--cp_h2o_wf--h2o-nspin2
348/362 Test #339: system--cp_h2o_wf--h2o-nspin2 .....................................   Passed    9.55 sec
        Start 346: system--cp_o2--o2-us-para-pbe-6
        Start 337: system--cp_h2o_wf-correctness
349/362 Test #337: system--cp_h2o_wf-correctness .....................................   Passed    0.97 sec
350/362 Test #346: system--cp_o2--o2-us-para-pbe-6 ...................................***Failed  Required regular expression not found. Regex=[JOB DONE
libxc needed for this functional
]  2.22 sec
        Start 350: system--cp_si--si-vbc-lda-3
        Start 340: system--cp_o2-correctness
351/362 Test #350: system--cp_si--si-vbc-lda-3 .......................................***Failed  Required regular expression not found. Regex=[JOB DONE
libxc needed for this functional
]  0.53 sec
        Start 355: system--cp_sio2--sio2-us-lda-4
        Start 347: system--cp_si-correctness
352/362 Test #340: system--cp_o2-correctness .........................................***Failed    0.81 sec
353/362 Test #355: system--cp_sio2--sio2-us-lda-4 ....................................***Failed  Required regular expression not found. Regex=[JOB DONE
libxc needed for this functional
]  0.56 sec
        Start 356: system--cp_sio2--sio2-us-lda-cg
354/362 Test #347: system--cp_si-correctness .........................................***Failed    0.58 sec
355/362 Test #356: system--cp_sio2--sio2-us-lda-cg ...................................***Failed  Required regular expression not found. Regex=[JOB DONE
libxc needed for this functional
] 21.35 sec
        Start 358: system--cp_sio2--sio2-us-pbe-2
356/362 Test #358: system--cp_sio2--sio2-us-pbe-2 ....................................***Failed  Required regular expression not found. Regex=[JOB DONE
libxc needed for this functional
]  0.67 sec
        Start 359: system--cp_sio2--sio2-us-pbe-cg
357/362 Test #359: system--cp_sio2--sio2-us-pbe-cg ...................................***Failed  Required regular expression not found. Regex=[JOB DONE
libxc needed for this functional
] 87.29 sec
        Start   4: test_qe_fftx_fft_scalar_gpu-r3-t1
        Start   6: test_qe_fftx_fft_scatter_mod_gpu-r3-t1
358/362 Test   #6: test_qe_fftx_fft_scatter_mod_gpu-r3-t1 ............................   Passed    0.23 sec
        Start   8: test_qe_fftx_fwinv_gpu-r3-t1
359/362 Test   #4: test_qe_fftx_fft_scalar_gpu-r3-t1 .................................   Passed    0.43 sec
        Start 351: system--cp_sio2-correctness
360/362 Test   #8: test_qe_fftx_fwinv_gpu-r3-t1 ......................................   Passed    0.68 sec
        Start  25: test_qe_lax-r4-t1
361/362 Test #351: system--cp_sio2-correctness .......................................***Failed    1.05 sec
362/362 Test  #25: test_qe_lax-r4-t1 .................................................   Passed    1.38 sec

91% tests passed, 31 tests failed out of 362

Label Time Summary:
cp_al_edft                  =  23.99 sec*proc (3 tests)
cp_cluster                  =  66.29 sec*proc (3 tests)
cp_h2o                      = 216.67 sec*proc (9 tests)
cp_h2o_exx                  = 285.31 sec*proc (3 tests)
cp_h2o_scan_libxc           =   4.34 sec*proc (3 tests)
cp_h2o_wf                   =  49.09 sec*proc (3 tests)
cp_o2                       = 115.57 sec*proc (7 tests)
cp_si                       =   7.17 sec*proc (4 tests)
cp_sio2                     = 458.14 sec*proc (9 tests)
pseudo                      =   1.28 sec*proc (2 tests)
pw_atom                     =  80.55 sec*proc (7 tests)
pw_b3lyp                    = 112.69 sec*proc (5 tests)
pw_berry                    =  29.44 sec*proc (4 tests)
pw_cluster                  =  68.99 sec*proc (7 tests)
pw_dft                      =  29.95 sec*proc (12 tests)
pw_dipole                   =  31.44 sec*proc (3 tests)
pw_electric                 = 6155.32 sec*proc (4 tests)
pw_eval                     =   8.19 sec*proc (3 tests)
pw_gau-pbe                  =  81.86 sec*proc (4 tests)
pw_hse                      =  82.08 sec*proc (4 tests)
pw_lattice-ibrav            = 160.72 sec*proc (40 tests)
pw_lda+U                    = 980.06 sec*proc (19 tests)
pw_libxc                    =   8.81 sec*proc (5 tests)
pw_lsda                     =  50.66 sec*proc (9 tests)
pw_md                       =  53.22 sec*proc (9 tests)
pw_metaGGA                  =  18.96 sec*proc (5 tests)
pw_metal                    =  23.23 sec*proc (8 tests)
pw_noncolin                 = 162.65 sec*proc (11 tests)
pw_pawatom                  =  90.90 sec*proc (9 tests)
pw_pbe                      = 123.80 sec*proc (5 tests)
pw_plugins                  =   1.42 sec*proc (1 test)
pw_realspace                =  91.65 sec*proc (5 tests)
pw_relax                    = 218.74 sec*proc (8 tests)
pw_scf                      = 135.26 sec*proc (28 tests)
pw_spinorbit                =  68.44 sec*proc (6 tests)
pw_twochem                  =  43.69 sec*proc (5 tests)
pw_uspp                     = 113.86 sec*proc (16 tests)
pw_vc-relax                 = 206.19 sec*proc (9 tests)
pw_vdw                      = 904.71 sec*proc (12 tests)
pw_workflow_exx_nscf        = 342.75 sec*proc (11 tests)
pw_workflow_relax_relax     =  69.49 sec*proc (3 tests)
pw_workflow_scf_dos         =  12.03 sec*proc (3 tests)
pw_workflow_vc-relax_dos    =  24.91 sec*proc (3 tests)
pw_workflow_vc-relax_scf    =  27.01 sec*proc (3 tests)
system--cp                  = 1226.74 sec*proc (45 tests)
system--pw                  = 10614.80 sec*proc (287 tests)
unit                        = 160.56 sec*proc (30 tests)

Total Test time (real) = 2966.16 sec

The following tests FAILED:
	 70 - system--pw_electric-correctness (Failed)
	202 - system--pw_plugins-correctness (Failed)
	316 - system--cp_al_edft-correctness (Failed)
	318 - system--cp_al_edft--Al.uspp (Failed)
	319 - system--cp_cluster-correctness (Failed)
	322 - system--cp_h2o-correctness (Failed)
	324 - system--cp_h2o--h2o-mt-blyp-2 (Failed)
	325 - system--cp_h2o--h2o-mt-blyp-3 (Failed)
	326 - system--cp_h2o--h2o-mt-blyp-4 (Failed)
	327 - system--cp_h2o--h2o-mt-blyp-5 (Failed)
	328 - system--cp_h2o--h2o-mt-blyp-6 (Failed)
	329 - system--cp_h2o--h2o-mt-blyp-7 (Failed)
	340 - system--cp_o2-correctness (Failed)
	342 - system--cp_o2--o2-us-para-pbe-2 (Failed)
	343 - system--cp_o2--o2-us-para-pbe-3 (Failed)
	344 - system--cp_o2--o2-us-para-pbe-4 (Failed)
	345 - system--cp_o2--o2-us-para-pbe-5 (Failed)
	346 - system--cp_o2--o2-us-para-pbe-6 (Failed)
	347 - system--cp_si-correctness (Failed)
	348 - system--cp_si--si-vbc-lda-1 (Failed)
	349 - system--cp_si--si-vbc-lda-2 (Failed)
	350 - system--cp_si--si-vbc-lda-3 (Failed)
	351 - system--cp_sio2-correctness (Failed)
	352 - system--cp_sio2--sio2-us-lda-1 (Failed)
	353 - system--cp_sio2--sio2-us-lda-2 (Failed)
	354 - system--cp_sio2--sio2-us-lda-3 (Failed)
	355 - system--cp_sio2--sio2-us-lda-4 (Failed)
	356 - system--cp_sio2--sio2-us-lda-cg (Failed)
	357 - system--cp_sio2--sio2-us-pbe-1 (Failed)
	358 - system--cp_sio2--sio2-us-pbe-2 (Failed)
	359 - system--cp_sio2--sio2-us-pbe-cg (Failed)
Errors while running CTest
Output from these tests are in: /lustre/home/user/m/milias/work/software/quantum-espresso/qe-develop/q-e/build_intelmpi_mkl_xh/Testing/Temporary/LastTest.log
Use "--rerun-failed --output-on-failure" to re-run the failed cases verbosely.
