
Job user is SLURM_JOB_USER= mirilias
User job SLURM_JOB_NAME=DIRAC has assigned ID SLURM_JOBID=9369293
This job was submitted from the computer SLURM_SUBMIT_HOST=login23.mogon
 and from the home directory SLURM_SUBMIT_DIR=/gpfs/fs1/home/mirilias/work/projects/open-collection/theoretical_chemistry/software_runs/dirac/servers/mogonII_HIM
Job is running on the cluster compute node: SLURM_CLUSTER_NAME=mogon2
and is employing SLURM_JOB_NUM_NODES=1 node/nodes:
SLURM_JOB_NODELIST = z0231

Job partition is SLURM_JOB_PARTITION=devel 


The job requests SLURM_CPUS_ON_NODE=40 CPU per task.

Loading lang/Python/3.6.1-intel-2017.02
  Loading requirement: compiler/GCCcore/6.3.0 compiler/icc/2017.2.174-GCC-6.3.0
    compiler/ifort/2017.2.174-GCC-6.3.0 toolchain/iccifort/2017.2.174-GCC-6.3.0
    mpi/impi/2017.2.174-iccifort-2017.2.174-GCC-6.3.0
    toolchain/iimpi/2017.02-GCC-6.3.0
    numlib/imkl/2017.2.174-iimpi-2017.02-GCC-6.3.0 toolchain/intel/2017.02

 List of all loaded modules:
Currently Loaded Modulefiles:
 1) compiler/GCCcore/6.3.0                             10) devel/CMake/3.18.4  
 2) compiler/icc/2017.2.174-GCC-6.3.0                  
 3) compiler/ifort/2017.2.174-GCC-6.3.0                
 4) toolchain/iccifort/2017.2.174-GCC-6.3.0            
 5) mpi/impi/2017.2.174-iccifort-2017.2.174-GCC-6.3.0  
 6) toolchain/iimpi/2017.02-GCC-6.3.0                  
 7) numlib/imkl/2017.2.174-iimpi-2017.02-GCC-6.3.0     
 8) toolchain/intel/2017.02                            
 9) lang/Python/3.6.1-intel-2017.02                    

Running on host z0231.mogon
Time is Wed Jul  7 17:37:53 CEST 2021 

The node's CPU model name	: Intel(R) Xeon(R) CPU E5-2630 v4 @ 2.20GHz
This node has total 40 CPUs available for an EXCLUSIVE job.
This node has 8 CPUs allocated for SLURM calculations.

 The memory at the node (in GB)
              total        used        free      shared  buff/cache   available
Mem:             62           2          59           0           0          56
Swap:             0           0           0
Total:           62           2          59



 ifort -V: Intel(R) Fortran Intel(R) 64 Compiler for applications running on Intel(R) 64, Version 17.0.2.174 Build 20170213
Copyright (C) 1985-2017 Intel Corporation.  All rights reserved.

mpif90 -V: Intel(R) Fortran Intel(R) 64 Compiler for applications running on Intel(R) 64, Version 17.0.2.174 Build 20170213
Copyright (C) 1985-2017 Intel Corporation.  All rights reserved.

mpicc -V: Intel(R) C Intel(R) 64 Compiler for applications running on Intel(R) 64, Version 17.0.2.174 Build 20170213
Copyright (C) 1985-2017 Intel Corporation.  All rights reserved.

mpicxx -V: Intel(R) C++ Intel(R) 64 Compiler for applications running on Intel(R) 64, Version 17.0.2.174 Build 20170213
Copyright (C) 1985-2017 Intel Corporation.  All rights reserved.

Python -v :Python 3.6.1
cmake ? /cluster/easybuild/broadwell/software/CMake/3.18.4/bin/cmake
cmake version 3.18.4

CMake suite maintained and supported by Kitware (kitware.com/cmake).
ctest ? /cluster/easybuild/broadwell/software/CMake/3.18.4/bin/ctest
ctest version 3.18.4

CMake suite maintained and supported by Kitware (kitware.com/cmake).

 mpirun ? /home/mirilias/work/software/open-mpi/openmpi-4.1.1-intel-2017.02-i8/bin/mpirun
mpirun (Open MPI) 4.1.1

Report bugs to http://www.open-mpi.org/community/help/

My PATH=/home/mirilias/work/software/open-mpi/openmpi-4.1.1-intel-2017.02-i8/bin:/cluster/easybuild/broadwell/software/CMake/3.18.4/bin:/cluster/easybuild/broadwell/software/lang/Python/3.6.1-intel-2017.02/bin:/cluster/easybuild/broadwell/software/numlib/imkl/2017.2.174-iimpi-2017.02-GCC-6.3.0/mkl/bin:/cluster/easybuild/broadwell/software/numlib/imkl/2017.2.174-iimpi-2017.02-GCC-6.3.0/bin:/cluster/easybuild/broadwell/software/mpi/impi/2017.2.174-iccifort-2017.2.174-GCC-6.3.0/bin64:/cluster/easybuild/broadwell/software/compiler/ifort/2017.2.174-GCC-6.3.0/compilers_and_libraries_2017.2.174/linux/bin/intel64:/cluster/easybuild/broadwell/software/compiler/icc/2017.2.174-GCC-6.3.0/compilers_and_libraries_2017.2.174/linux/bin/intel64:/cluster/easybuild/broadwell/software/compiler/GCCcore/6.3.0/bin:/home/mirilias/work/software/open-mpi/openmpi-4.1.1-intel-2017.02-i8/bin:/usr/share/Modules/bin:/usr/lpp/mmfs/bin:/usr/local/bin:/usr/bin:/usr/local/sbin:/usr/sbin:/var/cfengine/bin:.

DIRAC_MPI_COMMAND=mpirun -np 2

ldd /home/mirilias/work/software/dirac/trunk_production/build_openmpi_intel_mklpar_i8/dirac.x:
	linux-vdso.so.1 (0x00007fff0d69b000)
	libmkl_intel_ilp64.so => /cluster/easybuild/broadwell/software/numlib/imkl/2017.2.174-iimpi-2017.02-GCC-6.3.0/mkl/lib/intel64/libmkl_intel_ilp64.so (0x00007fc79a473000)
	libmkl_intel_thread.so => /cluster/easybuild/broadwell/software/numlib/imkl/2017.2.174-iimpi-2017.02-GCC-6.3.0/mkl/lib/intel64/libmkl_intel_thread.so (0x00007fc7989e1000)
	libmkl_core.so => /cluster/easybuild/broadwell/software/numlib/imkl/2017.2.174-iimpi-2017.02-GCC-6.3.0/mkl/lib/intel64/libmkl_core.so (0x00007fc796eee000)
	libiomp5.so => /cluster/easybuild/broadwell/software/lang/Python/3.6.1-intel-2017.02/lib/libiomp5.so (0x00007fc796afb000)
	libmpi.so.40 => /home/mirilias/work/software/open-mpi/openmpi-4.1.1-intel-2017.02-i8/lib/libmpi.so.40 (0x00007fc7967af000)
	libimf.so => /cluster/easybuild/broadwell/software/numlib/imkl/2017.2.174-iimpi-2017.02-GCC-6.3.0/lib/intel64/libimf.so (0x00007fc7962c3000)
	libsvml.so => /cluster/easybuild/broadwell/software/numlib/imkl/2017.2.174-iimpi-2017.02-GCC-6.3.0/lib/intel64/libsvml.so (0x00007fc7953b8000)
	libirng.so => /cluster/easybuild/broadwell/software/numlib/imkl/2017.2.174-iimpi-2017.02-GCC-6.3.0/lib/intel64/libirng.so (0x00007fc795043000)
	libstdc++.so.6 => /cluster/easybuild/broadwell/software/compiler/GCCcore/6.3.0/lib64/libstdc++.so.6 (0x00007fc79ae92000)
	libm.so.6 => /lib64/libm.so.6 (0x00007fc794cc1000)
	libgcc_s.so.1 => /cluster/easybuild/broadwell/software/compiler/GCCcore/6.3.0/lib64/libgcc_s.so.1 (0x00007fc79ae6a000)
	libirc.so => /cluster/easybuild/broadwell/software/numlib/imkl/2017.2.174-iimpi-2017.02-GCC-6.3.0/lib/intel64/libirc.so (0x00007fc794a57000)
	libpthread.so.0 => /lib64/libpthread.so.0 (0x00007fc794837000)
	libc.so.6 => /lib64/libc.so.6 (0x00007fc794474000)
	libdl.so.2 => /lib64/libdl.so.2 (0x00007fc794270000)
	libz.so.1 => /lib64/libz.so.1 (0x00007fc794059000)
	libmpi_usempi_ignore_tkr.so.40 => /home/mirilias/work/software/open-mpi/openmpi-4.1.1-intel-2017.02-i8/lib/libmpi_usempi_ignore_tkr.so.40 (0x00007fc793e4e000)
	libmpi_mpifh.so.40 => /home/mirilias/work/software/open-mpi/openmpi-4.1.1-intel-2017.02-i8/lib/libmpi_mpifh.so.40 (0x00007fc793bd8000)
	/lib64/ld-linux-x86-64.so.2 (0x00007fc79adfd000)
	libopen-rte.so.40 => /home/mirilias/work/software/open-mpi/openmpi-4.1.1-intel-2017.02-i8/lib/libopen-rte.so.40 (0x00007fc793911000)
	libopen-orted-mpir.so => /home/mirilias/work/software/open-mpi/openmpi-4.1.1-intel-2017.02-i8/lib/libopen-orted-mpir.so (0x00007fc79370f000)
	libopen-pal.so.40 => /home/mirilias/work/software/open-mpi/openmpi-4.1.1-intel-2017.02-i8/lib/libopen-pal.so.40 (0x00007fc7933cf000)
	libudev.so.1 => /lib64/libudev.so.1 (0x00007fc79313a000)
	librt.so.1 => /lib64/librt.so.1 (0x00007fc792f32000)
	libutil.so.1 => /lib64/libutil.so.1 (0x00007fc792d2e000)
	libintlc.so.5 => /cluster/easybuild/broadwell/software/numlib/imkl/2017.2.174-iimpi-2017.02-GCC-6.3.0/lib/intel64/libintlc.so.5 (0x00007fc792ac4000)
	libifport.so.5 => /cluster/easybuild/broadwell/software/numlib/imkl/2017.2.174-iimpi-2017.02-GCC-6.3.0/lib/intel64/libifport.so.5 (0x00007fc792895000)
	libifcoremt.so.5 => /cluster/easybuild/broadwell/software/numlib/imkl/2017.2.174-iimpi-2017.02-GCC-6.3.0/lib/intel64/libifcoremt.so.5 (0x00007fc792505000)
	libmount.so.1 => /lib64/libmount.so.1 (0x00007fc7922ab000)
	libblkid.so.1 => /lib64/libblkid.so.1 (0x00007fc792058000)
	libuuid.so.1 => /lib64/libuuid.so.1 (0x00007fc791e50000)
	libselinux.so.1 => /lib64/libselinux.so.1 (0x00007fc791c26000)
	libpcre2-8.so.0 => /lib64/libpcre2-8.so.0 (0x00007fc7919a2000)

DIRAC scratch directory space, /lustre/miifs03/scratch/m2_him_exp
Filesystem                                      Size  Used Avail Use% Mounted on
10.85.200.10@o2ib2:10.85.200.11@o2ib2:/miifs03  1.1P  385T  736T  35% /lustre/miifs03

 For comparison, /tmp local disk;  df -h /tmp/.
Filesystem      Size  Used Avail Use% Mounted on
/dev/sda3        20G  4.4G   16G  22% /


SLURM_NPROCS=8, then divided by 2,  NUMTHR=4

I am in: /home/mirilias/work/software/dirac/trunk_production/build_openmpi_intel_mklpar_i8
Running 'ctest -VV -j4'
UpdateCTestConfiguration  from :/home/mirilias/work/software/dirac/trunk_production/build_openmpi_intel_mklpar_i8/DartConfiguration.tcl
Parse Config file:/home/mirilias/work/software/dirac/trunk_production/build_openmpi_intel_mklpar_i8/DartConfiguration.tcl
UpdateCTestConfiguration  from :/home/mirilias/work/software/dirac/trunk_production/build_openmpi_intel_mklpar_i8/DartConfiguration.tcl
Parse Config file:/home/mirilias/work/software/dirac/trunk_production/build_openmpi_intel_mklpar_i8/DartConfiguration.tcl
Test project /home/mirilias/work/software/dirac/trunk_production/build_openmpi_intel_mklpar_i8
Constructing a list of tests
Done constructing a list of tests
Updating test list for fixtures
Added 0 tests to meet fixture requirements
Checking test dependency graph...
Checking test dependency graph end
test 27
        Start  27: eomea_energy_symmetry

27: Test command: /cluster/easybuild/broadwell/software/lang/Python/3.6.1-intel-2017.02/bin/python "/home/mirilias/work/software/dirac/trunk_production/test/eomea_energy_symmetry/test" "--binary-dir=/home/mirilias/work/software/dirac/trunk_production/build_openmpi_intel_mklpar_i8" "--work-dir=/home/mirilias/work/software/dirac/trunk_production/build_openmpi_intel_mklpar_i8/test/eomea_energy_symmetry" "--verbose"
27: Test timeout computed to be: 1500
test 52
        Start  52: ihfscc_newshift

52: Test command: /cluster/easybuild/broadwell/software/lang/Python/3.6.1-intel-2017.02/bin/python "/home/mirilias/work/software/dirac/trunk_production/test/ihfscc_newshift/test" "--binary-dir=/home/mirilias/work/software/dirac/trunk_production/build_openmpi_intel_mklpar_i8" "--work-dir=/home/mirilias/work/software/dirac/trunk_production/build_openmpi_intel_mklpar_i8/test/ihfscc_newshift" "--verbose"
52: Test timeout computed to be: 1500
test 92
        Start  92: ecp

92: Test command: /cluster/easybuild/broadwell/software/lang/Python/3.6.1-intel-2017.02/bin/python "/home/mirilias/work/software/dirac/trunk_production/test/ecp/test" "--binary-dir=/home/mirilias/work/software/dirac/trunk_production/build_openmpi_intel_mklpar_i8" "--work-dir=/home/mirilias/work/software/dirac/trunk_production/build_openmpi_intel_mklpar_i8/test/ecp" "--verbose"
92: Test timeout computed to be: 1500
test 93
        Start  93: ecp_nio6

93: Test command: /cluster/easybuild/broadwell/software/lang/Python/3.6.1-intel-2017.02/bin/python "/home/mirilias/work/software/dirac/trunk_production/test/ecp_nio6/test" "--binary-dir=/home/mirilias/work/software/dirac/trunk_production/build_openmpi_intel_mklpar_i8" "--work-dir=/home/mirilias/work/software/dirac/trunk_production/build_openmpi_intel_mklpar_i8/test/ecp_nio6" "--verbose"
93: Test timeout computed to be: 1500
92: ERROR: crash during ['python', '/home/mirilias/work/software/dirac/trunk_production/build_openmpi_intel_mklpar_i8/pam', '--dirac=/home/mirilias/work/software/dirac/trunk_production/build_openmpi_intel_mklpar_i8/dirac.x', '--noarch', '--nobackup', '--inp=HF.inp', '--mol=HI_arep.mol']
92: 
92:  **** dirac-executable stderr console output : **** 
92: --------------------------------------------------------------------------
92: Primary job  terminated normally, but 1 process returned
92: a non-zero exit code. Per user-direction, the job has been aborted.
92: --------------------------------------------------------------------------
92: --------------------------------------------------------------------------
92: mpirun noticed that process rank 0 with PID 531448 on node z0231 exited on signal 11 (Segmentation fault).
92: --------------------------------------------------------------------------
92: 
92: directory: /gpfs/fs1/home/mirilias/work/software/dirac/trunk_production/build_openmpi_intel_mklpar_i8/test/ecp
92:    inputs: HI_arep.mol  &  HF.inp
92: 
92: running test: HF HI_arep
93: ERROR: crash during ['python', '/home/mirilias/work/software/dirac/trunk_production/build_openmpi_intel_mklpar_i8/pam', '--dirac=/home/mirilias/work/software/dirac/trunk_production/build_openmpi_intel_mklpar_i8/dirac.x', '--noarch', '--nobackup', '--put', 'DFPCMO', '--inp=NiO6_d8_ECP10SF_4PC.inp', '--mol=NiO6_d8_ECP10SF_4PC.mol']
93: 
93:  **** dirac-executable stderr console output : **** 
93: --------------------------------------------------------------------------
93: Primary job  terminated normally, but 1 process returned
93: a non-zero exit code. Per user-direction, the job has been aborted.
93: --------------------------------------------------------------------------
93: --------------------------------------------------------------------------
93: mpirun noticed that process rank 0 with PID 531447 on node z0231 exited on signal 11 (Segmentation fault).
93: --------------------------------------------------------------------------
93: 
93: directory: /gpfs/fs1/home/mirilias/work/software/dirac/trunk_production/build_openmpi_intel_mklpar_i8/test/ecp_nio6
93:    inputs: NiO6_d8_ECP10SF_4PC.mol  &  NiO6_d8_ECP10SF_4PC.inp
93: 
93: running test: NiO6_d8_ECP10SF_4PC NiO6_d8_ECP10SF_4PC
52: ERROR: crash during ['python', '/home/mirilias/work/software/dirac/trunk_production/build_openmpi_intel_mklpar_i8/pam', '--dirac=/home/mirilias/work/software/dirac/trunk_production/build_openmpi_intel_mklpar_i8/dirac.x', '--noarch', '--nobackup', '--inp=rb2.inp', '--mol=rb2.mol']
52: 
52:  **** dirac-executable stderr console output : **** 
52: --------------------------------------------------------------------------
52: By default, for Open MPI 4.0 and later, infiniband ports on a device
52: are not used by default.  The intent is to use UCX for these devices.
52: You can override this policy by setting the btl_openib_allow_ib MCA parameter
52: to true.
52: 
52:   Local host:              z0231
52:   Local adapter:           hfi1_0
52:   Local port:              1
52: 
52: --------------------------------------------------------------------------
52: --------------------------------------------------------------------------
52: WARNING: There was an error initializing an OpenFabrics device.
52: 
52:   Local host:   z0231
52:   Local device: hfi1_0
52: --------------------------------------------------------------------------
52: --------------------------------------------------------------------------
52: Primary job  terminated normally, but 1 process returned
52: a non-zero exit code. Per user-direction, the job has been aborted.
52: --------------------------------------------------------------------------
52: --------------------------------------------------------------------------
52: mpirun noticed that process rank 0 with PID 531449 on node z0231 exited on signal 11 (Segmentation fault).
52: --------------------------------------------------------------------------
52: [z0231.mogon:531430] 1 more process has sent help message help-mpi-btl-openib.txt / ib port not selected
52: [z0231.mogon:531430] Set MCA parameter "orte_base_help_aggregate" to 0 to see all help / error messages
52: [z0231.mogon:531430] 1 more process has sent help message help-mpi-btl-openib.txt / error in device init
52: 
52: directory: /gpfs/fs1/home/mirilias/work/software/dirac/trunk_production/build_openmpi_intel_mklpar_i8/test/ihfscc_newshift
52:    inputs: rb2.mol  &  rb2.inp
52: 
52: running test: rb2 rb2
  1/163 Test  #92: ecp ........................................***Failed    4.74 sec
test 4
        Start   4: geo_opt

4: Test command: /cluster/easybuild/broadwell/software/lang/Python/3.6.1-intel-2017.02/bin/python "/home/mirilias/work/software/dirac/trunk_production/test/geo_opt/test" "--binary-dir=/home/mirilias/work/software/dirac/trunk_production/build_openmpi_intel_mklpar_i8" "--work-dir=/home/mirilias/work/software/dirac/trunk_production/build_openmpi_intel_mklpar_i8/test/geo_opt" "--verbose"
4: Test timeout computed to be: 1500
  2/163 Test  #52: ihfscc_newshift ............................***Failed    4.76 sec
test 28
        Start  28: eomee_energy_symmetry

28: Test command: /cluster/easybuild/broadwell/software/lang/Python/3.6.1-intel-2017.02/bin/python "/home/mirilias/work/software/dirac/trunk_production/test/eomee_energy_symmetry/test" "--binary-dir=/home/mirilias/work/software/dirac/trunk_production/build_openmpi_intel_mklpar_i8" "--work-dir=/home/mirilias/work/software/dirac/trunk_production/build_openmpi_intel_mklpar_i8/test/eomee_energy_symmetry" "--verbose"
28: Test timeout computed to be: 1500
  3/163 Test  #93: ecp_nio6 ...................................***Failed    4.76 sec
test 80
        Start  80: cc_frozen_open_shell

80: Test command: /cluster/easybuild/broadwell/software/lang/Python/3.6.1-intel-2017.02/bin/python "/home/mirilias/work/software/dirac/trunk_production/test/cc_frozen_open_shell/test" "--binary-dir=/home/mirilias/work/software/dirac/trunk_production/build_openmpi_intel_mklpar_i8" "--work-dir=/home/mirilias/work/software/dirac/trunk_production/build_openmpi_intel_mklpar_i8/test/cc_frozen_open_shell" "--verbose"
80: Test timeout computed to be: 1500
80: 
80: running test: cc_ru Ru
80: passed
80: 
80: running test: cc_ru_nosym Ru_nosym
80: passed
  4/163 Test  #80: cc_frozen_open_shell .......................   Passed  196.51 sec
test 26
        Start  26: eomee_energy_symmetry_cvs

26: Test command: /cluster/easybuild/broadwell/software/lang/Python/3.6.1-intel-2017.02/bin/python "/home/mirilias/work/software/dirac/trunk_production/test/eomee_energy_symmetry_cvs/test" "--binary-dir=/home/mirilias/work/software/dirac/trunk_production/build_openmpi_intel_mklpar_i8" "--work-dir=/home/mirilias/work/software/dirac/trunk_production/build_openmpi_intel_mklpar_i8/test/eomee_energy_symmetry_cvs" "--verbose"
26: Test timeout computed to be: 1500
27: 
27: running test: eom_ea_dc_noinv_full_nooverlap_6roots f2_c2v_turbomole-dz
27: passed
27: 
27: running test: eom_ea_dc_noinv_full_nooverlap_6roots f2_d2_turbomole-dz
27: passed
27: 
27: running test: eom_ea_dc_noinv_full_nooverlap_6roots f2_c2_turbomole-dz
27: passed
27: 
27: running test: eom_ea_dc_noinv_full_nooverlap_6roots f2_cs_turbomole-dz
27: passed
27: 
27: running test: eom_ea_dc_noinv_full_nooverlap_c1_6roots f2_c1_turbomole-dz
27: passed
27: 
27: running test: eom_ea_dc_noinv_full_nooverlap_c_oo_v_Omega f2_c_oo_v_turbomole-dz
27: passed
27: 
27: running test: eom_ea_dc_noinv_full_nooverlap_c_oo_v_-Omega f2_c_oo_v_turbomole-dz
27: passed
27: 
27: running test: eom_ea_dc_inv_full_nooverlap_6roots f2_d2h_turbomole-dz
27: passed
27: 
27: running test: eom_ea_dc_inv_full_nooverlap_6roots f2_c2h_turbomole-dz
27: passed
27: 
27: running test: eom_ea_dc_inv_full_nooverlap_ci_6roots f2_ci_turbomole-dz
27: passed
27: 
27: running test: eom_ea_dc_inv_full_nooverlap_d_oo_h_Omega f2_d_oo_h_turbomole-dz
27: passed
27: 
27: running test: eom_ea_dc_inv_full_nooverlap_d_oo_h_-Omega f2_d_oo_h_turbomole-dz
27: passed
27: 
27: running test: eom_ea_dc_noinv_overlap_6roots f2_c2v_turbomole-dz
27: passed
27: 
27: running test: eom_ea_dc_noinv_overlap_6roots f2_d2_turbomole-dz
27: passed
27: 
27: running test: eom_ea_dc_noinv_overlap_6roots f2_c2_turbomole-dz
27: passed
27: 
27: running test: eom_ea_dc_noinv_overlap_6roots f2_cs_turbomole-dz
27: passed
27: 
27: running test: eom_ea_dc_noinv_overlap_c_oo_v_Omega f2_c_oo_v_turbomole-dz
27: passed
27: 
27: running test: eom_ea_dc_noinv_overlap_c_oo_v_-Omega f2_c_oo_v_turbomole-dz
27: passed
27: 
27: running test: eom_ea_dc_inv_overlap_6roots f2_d2h_turbomole-dz
27: passed
27: 
27: running test: eom_ea_dc_inv_overlap_6roots f2_c2h_turbomole-dz
27: passed
27: 
27: running test: eom_ea_dc_inv_overlap_d_oo_h_Omega f2_d_oo_h_turbomole-dz
27: passed
27: 
27: running test: eom_ea_dc_inv_overlap_d_oo_h_-Omega f2_d_oo_h_turbomole-dz
27: passed
  5/163 Test  #27: eomea_energy_symmetry ......................   Passed  207.13 sec
test 8
        Start   8: response_pv_nmr

8: Test command: /cluster/easybuild/broadwell/software/lang/Python/3.6.1-intel-2017.02/bin/python "/home/mirilias/work/software/dirac/trunk_production/test/response_pv_nmr/test" "--binary-dir=/home/mirilias/work/software/dirac/trunk_production/build_openmpi_intel_mklpar_i8" "--work-dir=/home/mirilias/work/software/dirac/trunk_production/build_openmpi_intel_mklpar_i8/test/response_pv_nmr" "--verbose"
8: Test timeout computed to be: 1500
28: 
28: running test: eom_ee_dc_noinv_nooverlap_8roots f2_c2v_turbomole-dz
28: passed
28: 
28: running test: eom_ee_dc_noinv_nooverlap_8roots f2_d2_turbomole-dz
28: passed
28: 
28: running test: eom_ee_dc_noinv_nooverlap_8roots f2_c2_turbomole-dz
28: passed
28: 
28: running test: eom_ee_dc_noinv_nooverlap_8roots f2_cs_turbomole-dz
28: passed
28: 
28: running test: eom_ee_dc_noinv_nooverlap_c1_8roots f2_c1_turbomole-dz
28: passed
28: 
28: running test: eom_ee_dc_noinv_nooverlap_c_oo_v_Omega_28roots f2_c_oo_v_turbomole-dz
28: passed
28: 
28: running test: eom_ee_dc_noinv_nooverlap_c_oo_v_-Omega_28roots f2_c_oo_v_turbomole-dz
28: passed
28: 
28: running test: eom_ee_dc_inv_nooverlap_16roots f2_d2h_turbomole-dz
28: passed
28: 
28: running test: eom_ee_dc_inv_nooverlap_ci_16roots f2_ci_turbomole-dz
28: passed
28: 
28: running test: eom_ee_dc_inv_nooverlap_d_oo_h_Omega_28roots f2_d_oo_h_turbomole-dz
28: passed
28: 
28: running test: eom_ee_dc_inv_nooverlap_d_oo_h_-Omega_28roots f2_d_oo_h_turbomole-dz
28: passed
28: 
28: running test: eom_ee_dc_noinv_overlap_8roots f2_c2v_turbomole-dz
28: passed
28: 
28: running test: eom_ee_dc_noinv_overlap_c_oo_v_Omega_28roots f2_c_oo_v_turbomole-dz
28: passed
28: 
28: running test: eom_ee_dc_noinv_overlap_c_oo_v_-Omega_28roots f2_c_oo_v_turbomole-dz
28: passed
28: 
28: running test: eom_ee_dc_inv_overlap_16roots f2_d2h_turbomole-dz
28: passed
28: 
28: running test: eom_ee_dc_inv_overlap_d_oo_h_Omega_28roots f2_d_oo_h_turbomole-dz
28: passed
28: 
28: running test: eom_ee_dc_inv_overlap_d_oo_h_-Omega_28roots f2_d_oo_h_turbomole-dz
28: passed
  6/163 Test  #28: eomee_energy_symmetry ......................   Passed  223.97 sec
test 22
        Start  22: eomip_energy_symmetry

22: Test command: /cluster/easybuild/broadwell/software/lang/Python/3.6.1-intel-2017.02/bin/python "/home/mirilias/work/software/dirac/trunk_production/test/eomip_energy_symmetry/test" "--binary-dir=/home/mirilias/work/software/dirac/trunk_production/build_openmpi_intel_mklpar_i8" "--work-dir=/home/mirilias/work/software/dirac/trunk_production/build_openmpi_intel_mklpar_i8/test/eomip_energy_symmetry" "--verbose"
22: Test timeout computed to be: 1500
4: 
4: running test: acetone acetone
4: passed
4: 
4: running test: HeH+ HeH+
4: passed
4: 
4: running test: HCCF.x2c_zdipf.scf_mp2_geopt HCCF.sto-2g
4: passed
4: 
4: running test: 1.3.5_trisilacyclohexane 1.3.5_trisilacyclohexane
4: passed
4: 
4: running test: HeH+.geomopt.x2c.scf_cc HeH+.sto-2g
4: passed
  7/163 Test   #4: geo_opt ....................................   Passed  290.58 sec
test 48
        Start  48: fscc_restart

48: Test command: /cluster/easybuild/broadwell/software/lang/Python/3.6.1-intel-2017.02/bin/python "/home/mirilias/work/software/dirac/trunk_production/test/fscc_restart/test" "--binary-dir=/home/mirilias/work/software/dirac/trunk_production/build_openmpi_intel_mklpar_i8" "--work-dir=/home/mirilias/work/software/dirac/trunk_production/build_openmpi_intel_mklpar_i8/test/fscc_restart" "--verbose"
48: Test timeout computed to be: 1500
8: 
8: running test: shielding_dc H2O2
8: passed
8: 
8: running test: shielding_nr H2O2
8: passed
8: 
8: running test: spinspin_dc H2O2
8: passed
8: 
8: running test: spinspin_nr H2O2
8: passed
  8/163 Test   #8: response_pv_nmr ............................   Passed  158.33 sec
test 11
        Start  11: electrostatic_potential

11: Test command: /cluster/easybuild/broadwell/software/lang/Python/3.6.1-intel-2017.02/bin/python "/home/mirilias/work/software/dirac/trunk_production/test/electrostatic_potential/test" "--binary-dir=/home/mirilias/work/software/dirac/trunk_production/build_openmpi_intel_mklpar_i8" "--work-dir=/home/mirilias/work/software/dirac/trunk_production/build_openmpi_intel_mklpar_i8/test/electrostatic_potential" "--verbose"
11: Test timeout computed to be: 1500
26: 
26: running test: eom_ee_dc_noinv_c_oo_v f2_c_oo_v_turbomole-dz
26: passed
26: 
26: running test: eom_ee_dc_noinv f2_d2_turbomole-dz
26: passed
26: 
26: running test: eom_ee_dc_noinv f2_c2_turbomole-dz
26: passed
26: 
26: running test: eom_ee_dc_noinv f2_cs_turbomole-dz
26: passed
26: 
26: running test: eom_ee_dc_noinv_c2v f2_c2v_turbomole-dz
26: passed
26: 
26: running test: eom_ee_dc_inv_d_oo_h f2_d_oo_h_turbomole-dz
26: passed
26: 
26: running test: eom_ee_dc_inv f2_d2h_turbomole-dz
26: passed
26: 
26: running test: eom_ee_dc_inv f2_c2h_turbomole-dz
26: passed
26: 
26: running test: eom_ee_dc_inv_ci f2_ci_turbomole-dz
26: passed
26: 
26: running test: eom_ee_dc_noinv_nooverlap_c_oo_v f2_c_oo_v_turbomole-dz
26: passed
26: 
26: running test: eom_ee_dc_noinv_nooverlap f2_d2_turbomole-dz
26: passed
26: 
26: running test: eom_ee_dc_noinv_nooverlap f2_c2v_turbomole-dz
26: passed
26: 
26: running test: eom_ee_dc_noinv_nooverlap f2_c2_turbomole-dz
26: passed
26: 
26: running test: eom_ee_dc_noinv_nooverlap f2_cs_turbomole-dz
26: passed
26: 
26: running test: eom_ee_dc_noinv_nooverlap_c1 f2_c1_turbomole-dz
26: passed
26: 
26: running test: eom_ee_dc_inv_nooverlap_d_oo_h f2_d_oo_h_turbomole-dz
26: passed
26: 
26: running test: eom_ee_dc_inv_nooverlap f2_d2h_turbomole-dz
26: passed
26: 
26: running test: eom_ee_dc_inv_nooverlap f2_c2h_turbomole-dz
26: passed
26: 
26: running test: eom_ee_dc_inv_nooverlap_ci f2_ci_turbomole-dz
26: passed
  9/163 Test  #26: eomee_energy_symmetry_cvs ..................   Passed  171.77 sec
test 24
        Start  24: eomee_energy_symmetry_eigenvalue_shift

24: Test command: /cluster/easybuild/broadwell/software/lang/Python/3.6.1-intel-2017.02/bin/python "/home/mirilias/work/software/dirac/trunk_production/test/eomee_energy_symmetry_eigenvalue_shift/test" "--binary-dir=/home/mirilias/work/software/dirac/trunk_production/build_openmpi_intel_mklpar_i8" "--work-dir=/home/mirilias/work/software/dirac/trunk_production/build_openmpi_intel_mklpar_i8/test/eomee_energy_symmetry_eigenvalue_shift" "--verbose"
24: Test timeout computed to be: 1500
22: 
22: running test: eom_ip_dc_noinv_c_oo_v f2_c_oo_v_turbomole-dz
22: passed
22: 
22: running test: eom_ip_dc_noinv f2_d2_turbomole-dz
22: passed
22: 
22: running test: eom_ip_dc_noinv f2_c2v_turbomole-dz
22: passed
22: 
22: running test: eom_ip_dc_noinv f2_c2_turbomole-dz
22: passed
22: 
22: running test: eom_ip_dc_noinv f2_cs_turbomole-dz
22: passed
22: 
22: running test: eom_ip_dc_inv_d_oo_h f2_d_oo_h_turbomole-dz
22: passed
22: 
22: running test: eom_ip_dc_inv f2_d2h_turbomole-dz
22: passed
22: 
22: running test: eom_ip_dc_inv f2_c2h_turbomole-dz
22: passed
22: 
22: running test: eom_ip_dc_inv_ci f2_ci_turbomole-dz
22: passed
22: 
22: running test: eom_ip_dc_noinv_full_nooverlap_c_oo_v_Omega f2_c_oo_v_turbomole-dz
22: passed
22: 
22: running test: eom_ip_dc_noinv_full_nooverlap_c_oo_v_-Omega f2_c_oo_v_turbomole-dz
22: passed
22: 
22: running test: eom_ip_dc_noinv_full_nooverlap f2_d2_turbomole-dz
22: passed
22: 
22: running test: eom_ip_dc_noinv_full_nooverlap f2_c2v_turbomole-dz
22: passed
22: 
22: running test: eom_ip_dc_noinv_full_nooverlap f2_c2_turbomole-dz
22: passed
22: 
22: running test: eom_ip_dc_noinv_full_nooverlap f2_cs_turbomole-dz
22: passed
22: 
22: running test: eom_ip_dc_noinv_full_nooverlap_c1 f2_c1_turbomole-dz
22: passed
22: 
22: running test: eom_ip_dc_inv_full_nooverlap_d_oo_h_Omega f2_d_oo_h_turbomole-dz
22: passed
22: 
22: running test: eom_ip_dc_inv_full_nooverlap_d_oo_h_-Omega f2_d_oo_h_turbomole-dz
22: passed
22: 
22: running test: eom_ip_dc_inv_full_nooverlap f2_d2h_turbomole-dz
22: passed
22: 
22: running test: eom_ip_dc_inv_full_nooverlap f2_c2h_turbomole-dz
22: passed
22: 
22: running test: eom_ip_dc_inv_full_nooverlap_ci f2_ci_turbomole-dz
22: passed
 10/163 Test  #22: eomip_energy_symmetry ......................   Passed  174.54 sec
test 25
        Start  25: eomip_energy_symmetry_cvs

25: Test command: /cluster/easybuild/broadwell/software/lang/Python/3.6.1-intel-2017.02/bin/python "/home/mirilias/work/software/dirac/trunk_production/test/eomip_energy_symmetry_cvs/test" "--binary-dir=/home/mirilias/work/software/dirac/trunk_production/build_openmpi_intel_mklpar_i8" "--work-dir=/home/mirilias/work/software/dirac/trunk_production/build_openmpi_intel_mklpar_i8/test/eomip_energy_symmetry_cvs" "--verbose"
25: Test timeout computed to be: 1500
48: 
48: running test: fsccsd_integrals Mg
48: passed
48: 
48: running test: fsccsd_restart_s00_a Mg
48: passed
48: 
48: running test: fsccsd_restart_s00_b Mg
48: passed
48: 
48: running test: fsccsd_restart_s01_a Mg
48: passed
48: 
48: running test: fsccsd_restart_s01_b Mg
48: passed
48: 
48: running test: fsccsd_restart_s10_a Mg
48: passed
48: 
48: running test: fsccsd_restart_s10_b Mg
48: passed
48: 
48: running test: fsccsd_restart_s11_a Mg
48: passed
48: 
48: running test: fsccsd_restart_s11_b Mg
48: passed
48: 
48: running test: fsccsd_restart_s02_a Mg
48: passed
48: 
48: running test: fsccsd_restart_s02_b Mg
48: passed
48: 
48: running test: fsccsd_restart_s20_a Mg
48: passed
48: 
48: running test: fsccsd_restart_s20_b Mg
48: passed
48: 
48: running test: ihfscc_oh-_to_oh+_integrals_035 oh+2h2o
48: passed
48: 
48: running test: ihfscc_oh-_to_oh+_restart_a_025 oh+2h2o
48: passed
48: 
48: running test: ihfscc_oh-_to_oh+_restart_b_025 oh+2h2o
48: passed
48: 
48: running test: ihfscc_oh-_to_oh+_all_norst_025 oh+2h2o
48: passed
 11/163 Test  #48: fscc_restart ...............................   Passed  119.97 sec
test 126
        Start 126: symmetry_scf_energy

126: Test command: /cluster/easybuild/broadwell/software/lang/Python/3.6.1-intel-2017.02/bin/python "/home/mirilias/work/software/dirac/trunk_production/test/symmetry_scf_energy/test" "--binary-dir=/home/mirilias/work/software/dirac/trunk_production/build_openmpi_intel_mklpar_i8" "--work-dir=/home/mirilias/work/software/dirac/trunk_production/build_openmpi_intel_mklpar_i8/test/symmetry_scf_energy" "--verbose"
126: Test timeout computed to be: 1500
11: 
11: running test: nuc_part ne
11: passed
11: 
11: running test: el_part-coarse ne
11: passed
11: 
11: running test: nuc_part CH4
11: passed
11: 
11: running test: el_part-levy-CH4 CH4
11: passed
11: 
11: running test: el_part-points CH4
11: passed
 12/163 Test  #11: electrostatic_potential ....................   Passed  151.53 sec
test 23
        Start  23: eomip_energy_symmetry_eigenvalue_shift

23: Test command: /cluster/easybuild/broadwell/software/lang/Python/3.6.1-intel-2017.02/bin/python "/home/mirilias/work/software/dirac/trunk_production/test/eomip_energy_symmetry_eigenvalue_shift/test" "--binary-dir=/home/mirilias/work/software/dirac/trunk_production/build_openmpi_intel_mklpar_i8" "--work-dir=/home/mirilias/work/software/dirac/trunk_production/build_openmpi_intel_mklpar_i8/test/eomip_energy_symmetry_eigenvalue_shift" "--verbose"
23: Test timeout computed to be: 1500
24: 
24: running test: eom_ee_dc_noinv_c_oo_v f2_c_oo_v_turbomole-dz
24: passed
24: 
24: running test: eom_ee_dc_noinv f2_c2v_turbomole-dz
24: passed
24: 
24: running test: eom_ee_dc_inv_d_oo_h f2_d_oo_h_turbomole-dz
24: passed
24: 
24: running test: eom_ee_dc_inv f2_d2h_turbomole-dz
24: passed
24: 
24: running test: eom_ee_dc_inv f2_c2h_turbomole-dz
24: passed
24: 
24: running test: eom_ee_dc_inv_ci f2_ci_turbomole-dz
24: passed
24: 
24: running test: eom_ee_dc_noinv_full_nooverlap f2_d2_turbomole-dz
24: passed
24: 
24: running test: eom_ee_dc_noinv_full_nooverlap f2_c2v_turbomole-dz
24: passed
24: 
24: running test: eom_ee_dc_noinv_full_nooverlap f2_c2_turbomole-dz
24: passed
24: 
24: running test: eom_ee_dc_noinv_full_nooverlap f2_cs_turbomole-dz
24: passed
24: 
24: running test: eom_ee_dc_noinv_full_nooverlap_c1 f2_c1_turbomole-dz
24: passed
24: 
24: running test: eom_ee_dc_inv_full_nooverlap f2_d2h_turbomole-dz
24: passed
24: 
24: running test: eom_ee_dc_inv_full_nooverlap f2_c2h_turbomole-dz
24: passed
24: 
24: running test: eom_ee_dc_inv_full_nooverlap_ci f2_ci_turbomole-dz
24: passed
 13/163 Test  #24: eomee_energy_symmetry_eigenvalue_shift .....   Passed  144.04 sec
test 5
        Start   5: geo_opt_xyz

5: Test command: /cluster/easybuild/broadwell/software/lang/Python/3.6.1-intel-2017.02/bin/python "/home/mirilias/work/software/dirac/trunk_production/test/geo_opt_xyz/test" "--binary-dir=/home/mirilias/work/software/dirac/trunk_production/build_openmpi_intel_mklpar_i8" "--work-dir=/home/mirilias/work/software/dirac/trunk_production/build_openmpi_intel_mklpar_i8/test/geo_opt_xyz" "--verbose"
5: Test timeout computed to be: 1500
25: 
25: running test: eom_ip_dc_noinv_c_oo_v f2_c_oo_v_turbomole-dz
25: passed
25: 
25: running test: eom_ip_dc_noinv f2_d2_turbomole-dz
25: passed
25: 
25: running test: eom_ip_dc_noinv f2_c2v_turbomole-dz
25: passed
25: 
25: running test: eom_ip_dc_noinv f2_c2_turbomole-dz
25: passed
25: 
25: running test: eom_ip_dc_noinv f2_cs_turbomole-dz
25: passed
25: 
25: running test: eom_ip_dc_inv_d_oo_h f2_d_oo_h_turbomole-dz
25: passed
25: 
25: running test: eom_ip_dc_inv f2_d2h_turbomole-dz
25: passed
25: 
25: running test: eom_ip_dc_inv f2_c2h_turbomole-dz
25: passed
25: 
25: running test: eom_ip_dc_inv_ci f2_ci_turbomole-dz
25: passed
25: 
25: running test: eom_ip_dc_noinv_full_nooverlap_c_oo_v_Omega f2_c_oo_v_turbomole-dz
25: passed
25: 
25: running test: eom_ip_dc_noinv_full_nooverlap f2_d2_turbomole-dz
25: passed
25: 
25: running test: eom_ip_dc_noinv_full_nooverlap f2_c2v_turbomole-dz
25: passed
25: 
25: running test: eom_ip_dc_noinv_full_nooverlap f2_c2_turbomole-dz
25: passed
25: 
25: running test: eom_ip_dc_noinv_full_nooverlap f2_cs_turbomole-dz
25: passed
25: 
25: running test: eom_ip_dc_noinv_full_nooverlap_c1 f2_c1_turbomole-dz
25: passed
25: 
25: running test: eom_ip_dc_inv_full_nooverlap_d_oo_h_Omega f2_d_oo_h_turbomole-dz
25: passed
25: 
25: running test: eom_ip_dc_inv_full_nooverlap f2_d2h_turbomole-dz
25: passed
25: 
25: running test: eom_ip_dc_inv_full_nooverlap f2_c2h_turbomole-dz
25: passed
25: 
25: running test: eom_ip_dc_inv_full_nooverlap_ci f2_ci_turbomole-dz
25: passed
 14/163 Test  #25: eomip_energy_symmetry_cvs ..................   Passed  143.03 sec
test 79
        Start  79: cc_gradient

79: Test command: /cluster/easybuild/broadwell/software/lang/Python/3.6.1-intel-2017.02/bin/python "/home/mirilias/work/software/dirac/trunk_production/test/cc_gradient/test" "--binary-dir=/home/mirilias/work/software/dirac/trunk_production/build_openmpi_intel_mklpar_i8" "--work-dir=/home/mirilias/work/software/dirac/trunk_production/build_openmpi_intel_mklpar_i8/test/cc_gradient" "--verbose"
79: Test timeout computed to be: 1500
126: 
126: running test: dc ne_auto
126: passed
126: 
126: running test: dc ne_c1
126: passed
126: 
126: running test: dc ne_c2
126: passed
126: 
126: running test: dc ne_c2h
126: passed
126: 
126: running test: dc ne_c2v
126: passed
126: 
126: running test: dc ne_ci
126: passed
126: 
126: running test: dc ne_cs
126: passed
126: 
126: running test: dc ne_d2
126: passed
126: 
126: running test: dc ne_d2h
126: passed
126: 
126: running test: dc_sof ne_auto
126: passed
126: 
126: running test: dc_sof ne_c1
126: passed
126: 
126: running test: dc_sof ne_c2
126: passed
126: 
126: running test: dc_sof ne_c2h
126: passed
126: 
126: running test: dc_sof ne_c2v
126: passed
126: 
126: running test: dc_sof ne_ci
126: passed
126: 
126: running test: dc_sof ne_cs
126: passed
126: 
126: running test: dc_sof ne_d2
126: passed
126: 
126: running test: dc_sof ne_d2h
126: passed
126: 
126: running test: dc_urkbal ne_auto
126: passed
126: 
126: running test: dc_urkbal ne_c1
126: passed
126: 
126: running test: dc_urkbal ne_c2
126: passed
126: 
126: running test: dc_urkbal ne_c2h
126: passed
126: 
126: running test: dc_urkbal ne_c2v
126: passed
126: 
126: running test: dc_urkbal ne_ci
126: passed
126: 
126: running test: dc_urkbal ne_cs
126: passed
126: 
126: running test: dc_urkbal ne_d2
126: passed
126: 
126: running test: dc_urkbal ne_d2h
126: passed
126: 
126: running test: nr ne_auto
126: passed
126: 
126: running test: nr ne_c1
126: passed
126: 
126: running test: nr ne_c2
126: passed
126: 
126: running test: nr ne_c2h
126: passed
126: 
126: running test: nr ne_c2v
126: passed
126: 
126: running test: nr ne_ci
126: passed
126: 
126: running test: nr ne_cs
126: passed
126: 
126: running test: nr ne_d2
126: passed
126: 
126: running test: nr ne_d2h
126: passed
126: 
126: running test: x2c ne_auto
126: passed
126: 
126: running test: x2c ne_c1
126: passed
126: 
126: running test: x2c ne_c2
126: passed
126: 
126: running test: x2c ne_c2h
126: passed
126: 
126: running test: x2c ne_c2v
126: passed
126: 
126: running test: x2c ne_ci
126: passed
126: 
126: running test: x2c ne_cs
126: passed
126: 
126: running test: x2c ne_d2
126: passed
126: 
126: running test: x2c ne_d2h
126: passed
126: 
126: running test: x2c4 ne_auto
126: passed
126: 
126: running test: x2c4 ne_c1
126: passed
126: 
126: running test: x2c4 ne_c2
126: passed
126: 
126: running test: x2c4 ne_c2h
126: passed
126: 
126: running test: x2c4 ne_c2v
126: passed
126: 
126: running test: x2c4 ne_ci
126: passed
126: 
126: running test: x2c4 ne_cs
126: passed
126: 
126: running test: x2c4 ne_d2
126: passed
126: 
126: running test: x2c4 ne_d2h
126: passed
 15/163 Test #126: symmetry_scf_energy ........................   Passed  150.05 sec
test 43
        Start  43: fde_export_density

43: Test command: /cluster/easybuild/broadwell/software/lang/Python/3.6.1-intel-2017.02/bin/python "/home/mirilias/work/software/dirac/trunk_production/test/fde_export_density/test" "--binary-dir=/home/mirilias/work/software/dirac/trunk_production/build_openmpi_intel_mklpar_i8" "--work-dir=/home/mirilias/work/software/dirac/trunk_production/build_openmpi_intel_mklpar_i8/test/fde_export_density" "--verbose"
43: Test timeout computed to be: 1500
23: 
23: running test: eom_ip_dc_noinv_c_oo_v f2_c_oo_v_turbomole-dz
23: passed
23: 
23: running test: eom_ip_dc_noinv f2_d2_turbomole-dz
23: passed
23: 
23: running test: eom_ip_dc_noinv f2_c2v_turbomole-dz
23: passed
23: 
23: running test: eom_ip_dc_noinv f2_c2_turbomole-dz
23: passed
23: 
23: running test: eom_ip_dc_noinv f2_cs_turbomole-dz
23: passed
23: 
23: running test: eom_ip_dc_inv_d_oo_h f2_d_oo_h_turbomole-dz
23: passed
23: 
23: running test: eom_ip_dc_inv f2_d2h_turbomole-dz
23: passed
23: 
23: running test: eom_ip_dc_inv f2_c2h_turbomole-dz
23: passed
23: 
23: running test: eom_ip_dc_inv_ci f2_ci_turbomole-dz
23: passed
23: 
23: running test: eom_ip_dc_noinv_full_nooverlap_c_oo_v_Omega f2_c_oo_v_turbomole-dz
23: passed
23: 
23: running test: eom_ip_dc_noinv_full_nooverlap f2_d2_turbomole-dz
23: passed
23: 
23: running test: eom_ip_dc_noinv_full_nooverlap f2_c2v_turbomole-dz
23: passed
23: 
23: running test: eom_ip_dc_noinv_full_nooverlap f2_c2_turbomole-dz
23: passed
23: 
23: running test: eom_ip_dc_noinv_full_nooverlap f2_cs_turbomole-dz
23: passed
23: 
23: running test: eom_ip_dc_noinv_full_nooverlap_c1 f2_c1_turbomole-dz
23: passed
23: 
23: running test: eom_ip_dc_inv_full_nooverlap_d_oo_h_Omega f2_d_oo_h_turbomole-dz
23: passed
23: 
23: running test: eom_ip_dc_inv_full_nooverlap f2_d2h_turbomole-dz
23: passed
23: 
23: running test: eom_ip_dc_inv_full_nooverlap f2_c2h_turbomole-dz
23: passed
23: 
23: running test: eom_ip_dc_inv_full_nooverlap_ci f2_ci_turbomole-dz
23: passed
 16/163 Test  #23: eomip_energy_symmetry_eigenvalue_shift .....   Passed  132.20 sec
test 35
        Start  35: dft_geo_opt

35: Test command: /cluster/easybuild/broadwell/software/lang/Python/3.6.1-intel-2017.02/bin/python "/home/mirilias/work/software/dirac/trunk_production/test/dft_geo_opt/test" "--binary-dir=/home/mirilias/work/software/dirac/trunk_production/build_openmpi_intel_mklpar_i8" "--work-dir=/home/mirilias/work/software/dirac/trunk_production/build_openmpi_intel_mklpar_i8/test/dft_geo_opt" "--verbose"
35: Test timeout computed to be: 1500
5: 
5: running test: geopt.levyle.scf_sto3g_skb acetone
5: passed
5: 
5: running test: geopt.levyle.scf_sto3g_skb_nosym acetone
5: passed
5: 
5: running test: geopt.x2c.scf_sto2g H2O_bent
5: passed
5: 
5: running test: geopt.x2c.scf_sto2g_nosym H2O_bent
5: passed
 17/163 Test   #5: geo_opt_xyz ................................   Passed  133.98 sec
test 40
        Start  40: fde_static-vemb_dipole

40: Test command: /cluster/easybuild/broadwell/software/lang/Python/3.6.1-intel-2017.02/bin/python "/home/mirilias/work/software/dirac/trunk_production/test/fde_static-vemb_dipole/test" "--binary-dir=/home/mirilias/work/software/dirac/trunk_production/build_openmpi_intel_mklpar_i8" "--work-dir=/home/mirilias/work/software/dirac/trunk_production/build_openmpi_intel_mklpar_i8/test/fde_static-vemb_dipole" "--verbose"
40: Test timeout computed to be: 1500
79: 
79: running test: ccsd_gradient_dc CO_auto
79: passed
79: 
79: running test: ccsd_gradient_x2c CO_auto
79: passed
79: 
79: running test: ccsd_gradient_dc CO_c2v
79: passed
79: 
79: running test: ccsd_gradient_pv h2o2
79: passed
 18/163 Test  #79: cc_gradient ................................   Passed  111.33 sec
test 63
        Start  63: krci_energy_q_corrections

63: Test command: /cluster/easybuild/broadwell/software/lang/Python/3.6.1-intel-2017.02/bin/python "/home/mirilias/work/software/dirac/trunk_production/test/krci_energy_q_corrections/test" "--binary-dir=/home/mirilias/work/software/dirac/trunk_production/build_openmpi_intel_mklpar_i8" "--work-dir=/home/mirilias/work/software/dirac/trunk_production/build_openmpi_intel_mklpar_i8/test/krci_energy_q_corrections" "--verbose"
63: Test timeout computed to be: 1500
43: 
43: running test: fde_dc_hf_exportdens_short water.sto6g
43: passed
43: 
43: running test: fde_dc_lda_exportdens_short water.sto6g
43: passed
43: 
43: running test: fde_dc_mp2_exportdens_short water.sto6g
43: passed
43: 
43: running test: fde_dc_ccsd_exportdens_short water.sto6g
43: passed
43: 
43: running test: fde_dc_hf_exportdens_oldesp_short water.sto6g
43: passed
43: 
43: running test: fde_dc_lda_exportdens_oldesp_short water.sto6g
43: passed
43: 
43: running test: fde_dc_mp2_exportdens_oldesp_short water.sto6g
43: passed
43: 
43: running test: fde_dc_ccsd_exportdens_oldesp_short water.sto6g
43: passed
 19/163 Test  #43: fde_export_density .........................   Passed  120.97 sec
test 61
        Start  61: visual_lao_symmetry

61: Test command: /cluster/easybuild/broadwell/software/lang/Python/3.6.1-intel-2017.02/bin/python "/home/mirilias/work/software/dirac/trunk_production/test/visual_lao_symmetry/test" "--binary-dir=/home/mirilias/work/software/dirac/trunk_production/build_openmpi_intel_mklpar_i8" "--work-dir=/home/mirilias/work/software/dirac/trunk_production/build_openmpi_intel_mklpar_i8/test/visual_lao_symmetry" "--verbose"
61: Test timeout computed to be: 1500
40: 
40: running test: fde_dc_lda_short water.sto6g
40: passed
40: 
40: running test: fde_dc_lda_short water.sto6g
40: passed
40: 
40: running test: fde_ll_lda_short water.sto6g
40: passed
40: 
40: running test: fde_ll_lda_short water.sto6g
40: passed
40: 
40: running test: fde_twocomp_lda_short water.sto6g
40: passed
40: 
40: running test: fde_twocomp_lda_short water.sto6g
40: passed
40: 
40: running test: fde_dc_cc_short water.sto6g
40: passed
40: 
40: running test: fde_dc_cc_short water.sto6g
40: passed
 20/163 Test  #40: fde_static-vemb_dipole .....................   Passed   94.24 sec
test 2
        Start   2: dft_alda

2: Test command: /cluster/easybuild/broadwell/software/lang/Python/3.6.1-intel-2017.02/bin/python "/home/mirilias/work/software/dirac/trunk_production/test/dft_alda/test" "--binary-dir=/home/mirilias/work/software/dirac/trunk_production/build_openmpi_intel_mklpar_i8" "--work-dir=/home/mirilias/work/software/dirac/trunk_production/build_openmpi_intel_mklpar_i8/test/dft_alda" "--verbose"
2: Test timeout computed to be: 1500
63: 
63: running test: scf-casscf h2o
63: finished (no reference)
63: 
63: running test: krci-q h2o
63: passed
 21/163 Test  #63: krci_energy_q_corrections ..................   Passed   88.80 sec
test 47
        Start  47: frozen_orbitals

47: Test command: /cluster/easybuild/broadwell/software/lang/Python/3.6.1-intel-2017.02/bin/python "/home/mirilias/work/software/dirac/trunk_production/test/frozen_orbitals/test" "--binary-dir=/home/mirilias/work/software/dirac/trunk_production/build_openmpi_intel_mklpar_i8" "--work-dir=/home/mirilias/work/software/dirac/trunk_production/build_openmpi_intel_mklpar_i8/test/frozen_orbitals" "--verbose"
47: Test timeout computed to be: 1500
35: 
35: running test: lda_numgra h2
35: passed
35: 
35: running test: lda_numgra_x2c h2
35: passed
35: 
35: running test: geop_numgra h2
35: passed
35: 
35: running test: lda h2o
35: passed
 22/163 Test  #35: dft_geo_opt ................................   Passed  108.02 sec
test 1
        Start   1: dft_alda_xcfun

1: Test command: /cluster/easybuild/broadwell/software/lang/Python/3.6.1-intel-2017.02/bin/python "/home/mirilias/work/software/dirac/trunk_production/test/dft_alda_xcfun/test" "--binary-dir=/home/mirilias/work/software/dirac/trunk_production/build_openmpi_intel_mklpar_i8" "--work-dir=/home/mirilias/work/software/dirac/trunk_production/build_openmpi_intel_mklpar_i8/test/dft_alda_xcfun" "--verbose"
1: Test timeout computed to be: 1500
61: 
61: running test: response_london_bz co2_d2h
61: finished (no reference)
61: 
61: running test: vis_shield_natural_zz co2_d2h
61: passed
61: 
61: running test: response_london_symcon_bz co2_d2h
61: finished (no reference)
61: 
61: running test: vis_shield_symmetric_zz co2_d2h
61: passed
61: 
61: running test: vis_shield_none_zz co2_d2h
61: passed
61: 
61: running test: response_london_symcon_bz co2_c2
61: finished (no reference)
61: 
61: running test: vis_shield_symmetric_zz co2_c2
61: passed
61: 
61: running test: vis_shield_none_zz co2_c2
61: passed
61: 
61: running test: response_london_symcon_bz co2_c2h
61: finished (no reference)
61: 
61: running test: vis_shield_symmetric_zz co2_c2h
61: passed
61: 
61: running test: vis_shield_none_zz co2_c2h
61: passed
61: 
61: running test: response_london_symcon_bz co2_c2v
61: finished (no reference)
61: 
61: running test: vis_shield_symmetric_zz co2_c2v
61: passed
61: 
61: running test: vis_shield_none_zz co2_c2v
61: passed
61: 
61: running test: response_london_symcon_bz co2_ci
61: finished (no reference)
61: 
61: running test: vis_shield_symmetric_zz co2_ci
61: passed
61: 
61: running test: vis_shield_none_zz co2_ci
61: passed
61: 
61: running test: response_london_symcon_bz co2_cs
61: finished (no reference)
61: 
61: running test: vis_shield_symmetric_zz co2_cs
61: passed
61: 
61: running test: vis_shield_none_zz co2_cs
61: passed
61: 
61: running test: response_london_symcon_bz co2_d2
61: finished (no reference)
61: 
61: running test: vis_shield_symmetric_zz co2_d2
61: passed
61: 
61: running test: vis_shield_none_zz co2_d2
61: passed
 23/163 Test  #61: visual_lao_symmetry ........................   Passed   80.05 sec
test 137
        Start 137: spinrot

137: Test command: /cluster/easybuild/broadwell/software/lang/Python/3.6.1-intel-2017.02/bin/python "/home/mirilias/work/software/dirac/trunk_production/test/spinrot/test" "--binary-dir=/home/mirilias/work/software/dirac/trunk_production/build_openmpi_intel_mklpar_i8" "--work-dir=/home/mirilias/work/software/dirac/trunk_production/build_openmpi_intel_mklpar_i8/test/spinrot" "--verbose"
137: Test timeout computed to be: 1500
2: 
2: running test: pbe0_alda+ zn
2: passed
2: 
2: running test: pbe0_alda- zn
2: passed
2: 
2: running test: pbe0_alda zn
2: passed
2: 
2: running test: pbe0_xalda+ zn
2: passed
2: 
2: running test: pbe0_xalda- zn
2: passed
2: 
2: running test: pbe0_xalda zn
2: passed
 24/163 Test   #2: dft_alda ...................................   Passed   83.41 sec
test 56
        Start  56: mcscf_energy

56: Test command: /cluster/easybuild/broadwell/software/lang/Python/3.6.1-intel-2017.02/bin/python "/home/mirilias/work/software/dirac/trunk_production/test/mcscf_energy/test" "--binary-dir=/home/mirilias/work/software/dirac/trunk_production/build_openmpi_intel_mklpar_i8" "--work-dir=/home/mirilias/work/software/dirac/trunk_production/build_openmpi_intel_mklpar_i8/test/mcscf_energy" "--verbose"
56: Test timeout computed to be: 1500
47: 
47: running test: O O
47: finished (no reference)
47: 
47: running test: H2O H2O
47: passed
47: 
47: running test: O.2c_iotc O
47: finished (no reference)
47: 
47: running test: H2O.2c_iotc H2O
47: passed
47: 
47: running test: O.2c_iotc_noamfi O
47: finished (no reference)
47: 
47: running test: H2O.2c_iotc_noamfi H2O
47: passed
 25/163 Test  #47: frozen_orbitals ............................   Passed   82.74 sec
test 42
        Start  42: fde_response_autodiff

42: Test command: /cluster/easybuild/broadwell/software/lang/Python/3.6.1-intel-2017.02/bin/python "/home/mirilias/work/software/dirac/trunk_production/test/fde_response_autodiff/test" "--binary-dir=/home/mirilias/work/software/dirac/trunk_production/build_openmpi_intel_mklpar_i8" "--work-dir=/home/mirilias/work/software/dirac/trunk_production/build_openmpi_intel_mklpar_i8/test/fde_response_autodiff" "--verbose"
42: Test timeout computed to be: 1500
1: 
1: running test: pbe0_alda+ zn
1: passed
1: 
1: running test: pbe0_alda- zn
1: passed
1: 
1: running test: pbe0_alda zn
1: passed
1: 
1: running test: pbe0_xalda+ zn
1: passed
1: 
1: running test: pbe0_xalda- zn
1: passed
1: 
1: running test: pbe0_xalda zn
1: passed
 26/163 Test   #1: dft_alda_xcfun .............................   Passed   79.00 sec
test 158
        Start 158: lao_shield_rearranged

158: Test command: /cluster/easybuild/broadwell/software/lang/Python/3.6.1-intel-2017.02/bin/python "/home/mirilias/work/software/dirac/trunk_production/test/lao_shield_rearranged/test" "--binary-dir=/home/mirilias/work/software/dirac/trunk_production/build_openmpi_intel_mklpar_i8" "--work-dir=/home/mirilias/work/software/dirac/trunk_production/build_openmpi_intel_mklpar_i8/test/lao_shield_rearranged" "--verbose"
158: Test timeout computed to be: 1500
137: 
137: running test with input files ['spinrot.inp', 'H2_cc-pVDZ-sym.mol'] and args --mw=100 --aw=128
137: passed
137: 
137: running test with input files ['spinrot.inp', 'HF_cc-pVDZ-sym.mol'] and args --mw=100 --aw=128
137: passed
137: 
137: running test with input files ['spinrot.inp', 'SF6_3-21G-sym.mol'] and args --mw=100 --aw=128
137: passed
137: 
137: running test with input files ['spinrot-LL.inp', 'H2_cc-pVDZ-sym.mol'] and args --mw=100 --aw=128
137: passed
137: 
137: running test with input files ['spinrot-LL.inp', 'HF_cc-pVDZ-sym.mol'] and args --mw=100 --aw=128
137: passed
137: 
137: running test with input files ['spinrot-LL.inp', 'SF6_3-21G-sym.mol'] and args --mw=100 --aw=128
137: passed
 27/163 Test #137: spinrot ....................................   Passed   73.84 sec
test 160
        Start 160: atomic_x2c_spinfree_energy

160: Test command: /cluster/easybuild/broadwell/software/lang/Python/3.6.1-intel-2017.02/bin/python "/home/mirilias/work/software/dirac/trunk_production/test/atomic_x2c_spinfree_energy/test" "--binary-dir=/home/mirilias/work/software/dirac/trunk_production/build_openmpi_intel_mklpar_i8" "--work-dir=/home/mirilias/work/software/dirac/trunk_production/build_openmpi_intel_mklpar_i8/test/atomic_x2c_spinfree_energy" "--verbose"
160: Test timeout computed to be: 1500
158: 
158: running test: scf co2_c1
158: finished (no reference)
158: 
158: running test: lao_shield_lr_rearranged co2_c1
158: passed
158: 
158: running test: lao_shield_lr_rearranged_septep co2_c1
158: passed
158: 
158: running test: lao_shield_rearranged_sc co2_c1
158: passed
158: 
158: running test: lao_shield_rearranged_sc_septep co2_c1
158: passed
 28/163 Test #158: lao_shield_rearranged ......................   Passed   65.61 sec
test 145
        Start 145: dft_overlap_diagnostic

145: Test command: /cluster/easybuild/broadwell/software/lang/Python/3.6.1-intel-2017.02/bin/python "/home/mirilias/work/software/dirac/trunk_production/test/dft_overlap_diagnostic/test" "--binary-dir=/home/mirilias/work/software/dirac/trunk_production/build_openmpi_intel_mklpar_i8" "--work-dir=/home/mirilias/work/software/dirac/trunk_production/build_openmpi_intel_mklpar_i8/test/dft_overlap_diagnostic" "--verbose"
145: Test timeout computed to be: 1500
42: 
42: running test: hf_lda+tfk_vemb-read_short water.sto6g.c2v
42: passed
42: 
42: running test: hf_lda+tfk_vemb-read_nofdekern_short water.sto6g.c2v
42: passed
42: 
42: running test: lda+tfk_vemb-read_short water.sto6g.c2v
42: passed
42: 
42: running test: lda+tfk_vemb-read_nofdekern_short water.sto6g.c2v
42: passed
42: 
42: running test: pbe+pw91k_vemb-update_short water.sto6g.c2v
42: passed
42: 
42: running test: hf_pbe+pw91k_vemb-update_short water.sto6g.c2v
42: passed
42: 
42: running test: pbe+pw91k_vemb-update_nofdekern_short water.sto6g.c2v
42: passed
42: 
42: running test: hf_pbe+pw91k_vemb-update_nofdekern_short water.sto6g.c2v
42: passed
42: 
42: running test: mp2_pbe+pw91k_vemb-update_short water.sto6g.c2v
42: passed
 29/163 Test  #42: fde_response_autodiff ......................   Passed   74.03 sec
test 49
        Start  49: cc_restart

49: Test command: /cluster/easybuild/broadwell/software/lang/Python/3.6.1-intel-2017.02/bin/python "/home/mirilias/work/software/dirac/trunk_production/test/cc_restart/test" "--binary-dir=/home/mirilias/work/software/dirac/trunk_production/build_openmpi_intel_mklpar_i8" "--work-dir=/home/mirilias/work/software/dirac/trunk_production/build_openmpi_intel_mklpar_i8/test/cc_restart" "--verbose"
49: Test timeout computed to be: 1500
160: 
160: running test: atoms atoms
160: finished (no reference)
160: 
160: running test: atoms atoms
160: finished (no reference)
160: 
160: running test: large-molecular-x2c-spinfree sf6
160: passed
160: 
160: running test: large-molecular-x2c-spinfree-end sf6
160: passed
160: 
160: running test: large-molecular-x2c-spinfree-beg sf6
160: passed
160: 
160: running test: large-atomic-x2c-spinfree sf6
160: passed
 30/163 Test #160: atomic_x2c_spinfree_energy .................   Passed   64.36 sec
test 81
        Start  81: cc_mcscf

81: Test command: /cluster/easybuild/broadwell/software/lang/Python/3.6.1-intel-2017.02/bin/python "/home/mirilias/work/software/dirac/trunk_production/test/cc_mcscf/test" "--binary-dir=/home/mirilias/work/software/dirac/trunk_production/build_openmpi_intel_mklpar_i8" "--work-dir=/home/mirilias/work/software/dirac/trunk_production/build_openmpi_intel_mklpar_i8/test/cc_mcscf" "--verbose"
81: Test timeout computed to be: 1500
56: 
56: running test: Be.gascip.bss+mfsso.krmc Be.gascip
56: passed
56: 
56: running test: Be Be
56: passed
56: 
56: running test: Be.linear Be.linear
56: passed
 31/163 Test  #56: mcscf_energy ...............................   Passed   90.83 sec
test 58
        Start  58: response_nmr_spin-spin

58: Test command: /cluster/easybuild/broadwell/software/lang/Python/3.6.1-intel-2017.02/bin/python "/home/mirilias/work/software/dirac/trunk_production/test/response_nmr_spin-spin/test" "--binary-dir=/home/mirilias/work/software/dirac/trunk_production/build_openmpi_intel_mklpar_i8" "--work-dir=/home/mirilias/work/software/dirac/trunk_production/build_openmpi_intel_mklpar_i8/test/response_nmr_spin-spin" "--verbose"
58: Test timeout computed to be: 1500
49: 
49: running test: ccsd_integrals H2O
49: passed
49: 
49: running test: ccsd_restart H2O
49: passed
49: 
49: running test: ccsd_restart_othergeo H2O_2
49: passed
 32/163 Test  #49: cc_restart .................................   Passed   58.46 sec
test 131
        Start 131: cosci_energy

131: Test command: /cluster/easybuild/broadwell/software/lang/Python/3.6.1-intel-2017.02/bin/python "/home/mirilias/work/software/dirac/trunk_production/test/cosci_energy/test" "--binary-dir=/home/mirilias/work/software/dirac/trunk_production/build_openmpi_intel_mklpar_i8" "--work-dir=/home/mirilias/work/software/dirac/trunk_production/build_openmpi_intel_mklpar_i8/test/cosci_energy" "--verbose"
131: Test timeout computed to be: 1500
81: 
81: running test: ccsd_mcscf_o2 O2_d2h
81: passed
 33/163 Test  #81: cc_mcscf ...................................   Passed   60.79 sec
test 159
        Start 159: atomic_x2c_2esoc_models_energy

159: Test command: /cluster/easybuild/broadwell/software/lang/Python/3.6.1-intel-2017.02/bin/python "/home/mirilias/work/software/dirac/trunk_production/test/atomic_x2c_2esoc_models_energy/test" "--binary-dir=/home/mirilias/work/software/dirac/trunk_production/build_openmpi_intel_mklpar_i8" "--work-dir=/home/mirilias/work/software/dirac/trunk_production/build_openmpi_intel_mklpar_i8/test/atomic_x2c_2esoc_models_energy" "--verbose"
159: Test timeout computed to be: 1500
58: 
58: running test with input files ['bss_rkb+mfsso.spsp.inp', 'H2O.mol'] and args --mw=100 --aw=128
58: passed
58: 
58: running test with input files ['spsp.inp', 'H2O.mol'] and args --mw=100 --aw=128
58: passed
58: 
58: running test with input files ['bss.spsp.inp', 'H2O.mol'] and args --mw=100 --aw=128
58: passed
58: 
58: running test with input files ['bss+mfsso.spsp.inp', 'H2O.mol'] and args --mw=100 --aw=128
58: passed
 34/163 Test  #58: response_nmr_spin-spin .....................   Passed   62.14 sec
test 41
        Start  41: fde_open-shell

41: Test command: /cluster/easybuild/broadwell/software/lang/Python/3.6.1-intel-2017.02/bin/python "/home/mirilias/work/software/dirac/trunk_production/test/fde_open-shell/test" "--binary-dir=/home/mirilias/work/software/dirac/trunk_production/build_openmpi_intel_mklpar_i8" "--work-dir=/home/mirilias/work/software/dirac/trunk_production/build_openmpi_intel_mklpar_i8/test/fde_open-shell" "--verbose"
41: Test timeout computed to be: 1500
145: 
145: running test: dc h2o_c1
145: passed
145: 
145: running test: dc ne_auto
145: passed
145: 
145: running test: dc ne_c1
145: passed
145: 
145: running test: dc ne_c2
145: passed
145: 
145: running test: dc ne_c2h
145: passed
145: 
145: running test: dc ne_c2v
145: passed
145: 
145: running test: dc ne_ci
145: passed
145: 
145: running test: dc ne_cs
145: passed
145: 
145: running test: dc ne_d2
145: passed
145: 
145: running test: dc ne_d2h
145: passed
145: 
145: running test: nr h2o_c1
145: passed
145: 
145: running test: nr h2o_auto
145: passed
145: 
145: running test: nr ne_auto
145: passed
145: 
145: running test: nr ne_c1
145: passed
145: 
145: running test: nr ne_c2
145: passed
145: 
145: running test: nr ne_c2h
145: passed
145: 
145: running test: nr ne_c2v
145: passed
145: 
145: running test: nr ne_ci
145: passed
145: 
145: running test: nr ne_cs
145: passed
145: 
145: running test: nr ne_d2
145: passed
145: 
145: running test: nr ne_d2h
145: passed
 35/163 Test #145: dft_overlap_diagnostic .....................   Passed   84.24 sec
test 36
        Start  36: dft_response

36: Test command: /cluster/easybuild/broadwell/software/lang/Python/3.6.1-intel-2017.02/bin/python "/home/mirilias/work/software/dirac/trunk_production/test/dft_response/test" "--binary-dir=/home/mirilias/work/software/dirac/trunk_production/build_openmpi_intel_mklpar_i8" "--work-dir=/home/mirilias/work/software/dirac/trunk_production/build_openmpi_intel_mklpar_i8/test/dft_response" "--verbose"
36: Test timeout computed to be: 1500
159: 
159: running test: he he
159: passed
159: 
159: running test: li li
159: passed
159: 
159: running test: lihe-4c lihe
159: passed
159: 
159: running test: molecular-x2c-amfisoc lihe
159: passed
159: 
159: running test: atoms atoms
159: finished (no reference)
159: 
159: running test: atoms atoms
159: finished (no reference)
159: 
159: running test: large-molecular-x2c-amfisoc sf6
159: passed
159: 
159: running test: large-atomic-x2c-amfisoc sf6
159: passed
 36/163 Test #159: atomic_x2c_2esoc_models_energy .............   Passed   46.70 sec
test 157
        Start 157: pcm_response

157: Test command: /cluster/easybuild/broadwell/software/lang/Python/3.6.1-intel-2017.02/bin/python "/home/mirilias/work/software/dirac/trunk_production/test/pcm_response/test" "--binary-dir=/home/mirilias/work/software/dirac/trunk_production/build_openmpi_intel_mklpar_i8" "--work-dir=/home/mirilias/work/software/dirac/trunk_production/build_openmpi_intel_mklpar_i8/test/pcm_response" "--verbose"
157: Test timeout computed to be: 1500
131: 
131: running test: ci F
131: passed
131: 
131: running test: bss.ci F
131: passed
131: 
131: running test: bss_sfBso1.ci F
131: passed
131: 
131: running test: bss_sfEso1.ci F
131: passed
131: 
131: running test: bss_rkb.ci F
131: passed
131: 
131: running test: bss+mfsso.ci F
131: passed
131: 
131: running test: bss_sfBso1+mfsso.ci F
131: passed
131: 
131: running test: bss_sfEso1+mfsso.ci F
131: passed
131: 
131: running test: bss_rkb+mfsso.ci F
131: passed
131: 
131: running test: dkh2.ci F
131: passed
131: 
131: running test: dkh2+mfsso.ci F
131: passed
131: 
131: running test: dkh2sfBso1+mfsso.ci F
131: passed
131: 
131: running test: dkh2sfEso1+mfsso.ci F
131: passed
131: 
131: running test: dkh2sfBso1.ci F
131: passed
131: 
131: running test: dkh2sfEso1.ci F
131: passed
131: 
131: running test: ci Z86_Flike
131: passed
131: 
131: running test: bss.ci Z86_Flike
131: passed
131: 
131: running test: dkh2.ci Z86_Flike
131: passed
131: 
131: running test: bss_rkb.ci Z86_Flike
131: passed
131: 
131: running test: dkh2+mfsso_Flike.ci Z86_Flike
131: passed
131: 
131: running test: dkh2sfBso1.ci Z86_Flike
131: passed
131: 
131: running test: dkh2sfBso1+mfsso.ci_Flike Z86_Flike
131: passed
131: 
131: running test: bss+mfsso.ci_Flike Z86_Flike
131: passed
 37/163 Test #131: cosci_energy ...............................   Passed   59.71 sec
test 114
        Start 114: visual_lao_shielding

114: Test command: /cluster/easybuild/broadwell/software/lang/Python/3.6.1-intel-2017.02/bin/python "/home/mirilias/work/software/dirac/trunk_production/test/visual_lao_shielding/test" "--binary-dir=/home/mirilias/work/software/dirac/trunk_production/build_openmpi_intel_mklpar_i8" "--work-dir=/home/mirilias/work/software/dirac/trunk_production/build_openmpi_intel_mklpar_i8/test/visual_lao_shielding" "--verbose"
114: Test timeout computed to be: 1500
41: 
41: running test: fde_dc_lda_short water.sto6g
41: passed
41: 
41: running test: fde_dc_hf_short water.sto6g
41: passed
41: 
41: running test: fde_ll_hf_short water.sto6g
41: passed
41: 
41: running test: fde_dc_lda_short water.sto6g.c2v
41: passed
41: 
41: running test: fde_dc_hf_short water.sto6g.c2v
41: passed
41: 
41: running test: fde_ll_hf_short water.sto6g.c2v
41: passed
 38/163 Test  #41: fde_open-shell .............................   Passed   57.41 sec
test 21
        Start  21: eomcc_long

21: Test command: /cluster/easybuild/broadwell/software/lang/Python/3.6.1-intel-2017.02/bin/python "/home/mirilias/work/software/dirac/trunk_production/test/eomcc_long/test" "--binary-dir=/home/mirilias/work/software/dirac/trunk_production/build_openmpi_intel_mklpar_i8" "--work-dir=/home/mirilias/work/software/dirac/trunk_production/build_openmpi_intel_mklpar_i8/test/eomcc_long" "--verbose"
21: Test timeout computed to be: 1500
36: 
36: running test: lda_default_dc he
36: passed
36: 
36: running test: lda_default_ll he
36: passed
36: 
36: running test: lda_default_nr he
36: passed
36: 
36: running test: lda_default_x2c he
36: passed
36: 
36: running test: lda_default_x2c4 he
36: passed
36: 
36: running test: blyp_sdft he
36: passed
36: 
36: running test: lda_sdft he
36: passed
36: 
36: running test: lda_sdft_collinear he
36: passed
36: 
36: running test: lda_nosdft he
36: passed
36: 
36: running test: blyp_qr_sdft hcl
36: passed
36: 
36: running test: blyp_qr_nosdft hcl
36: passed
36: 
36: running test: lda_qr_sdft hcl
36: passed
36: 
36: running test: b3lyp hf
36: passed
36: 
36: running test: blyp hf
36: passed
36: 
36: running test: lda hf
36: passed
 39/163 Test  #36: dft_response ...............................   Passed   56.50 sec
test 44
        Start  44: fde_interaction_energy

44: Test command: /cluster/easybuild/broadwell/software/lang/Python/3.6.1-intel-2017.02/bin/python "/home/mirilias/work/software/dirac/trunk_production/test/fde_interaction_energy/test" "--binary-dir=/home/mirilias/work/software/dirac/trunk_production/build_openmpi_intel_mklpar_i8" "--work-dir=/home/mirilias/work/software/dirac/trunk_production/build_openmpi_intel_mklpar_i8/test/fde_interaction_energy" "--verbose"
44: Test timeout computed to be: 1500
157: 
157: running test: pcm-scf-levy CH4
157: finished (no reference)
157: 
157: running test: pcm-levy CH4
157: passed
157: 
157: running test: pcm-levy-skipoit CH4
157: passed
157: 
157: running test: pcm-scf-levy H2O
157: finished (no reference)
157: 
157: running test: pcm-levy H2O
157: passed
157: 
157: running test: pcm-levy-skipoit H2O
157: passed
157: 
157: running test: pcm-scf-dc CH4
157: finished (no reference)
157: 
157: running test: pcm-dc CH4
157: passed
157: 
157: running test: pcm-dc-skipoit CH4
157: passed
157: 
157: running test: pcm-scf-dc H2O
157: finished (no reference)
157: 
157: running test: pcm-dc H2O
157: passed
157: 
157: running test: pcm-dc-skipoit H2O
157: passed
 40/163 Test #157: pcm_response ...............................   Passed   45.86 sec
test 38
        Start  38: dft_response_xcfun

38: Test command: /cluster/easybuild/broadwell/software/lang/Python/3.6.1-intel-2017.02/bin/python "/home/mirilias/work/software/dirac/trunk_production/test/dft_response_xcfun/test" "--binary-dir=/home/mirilias/work/software/dirac/trunk_production/build_openmpi_intel_mklpar_i8" "--work-dir=/home/mirilias/work/software/dirac/trunk_production/build_openmpi_intel_mklpar_i8/test/dft_response_xcfun" "--verbose"
38: Test timeout computed to be: 1500
114: 
114: running test: rsp_ll_nolao hf
114: finished (no reference)
114: 
114: running test: vis_ll_nolao hf
114: passed
114: 
114: running test: rsp_ll_lao hf
114: finished (no reference)
114: 
114: running test: vis_ll_lao hf
114: passed
114: 
114: running test: rsp_dc_nolao hf
114: finished (no reference)
114: 
114: running test: vis_dc_nolao hf
114: passed
114: 
114: running test: rsp_dc_lao_nc hf
114: finished (no reference)
114: 
114: running test: vis_dc_lao_nc hf
114: passed
114: 
114: running test: vis_dc_lao_none_after_nc hf
114: passed
114: 
114: running test: rsp_dc_lao_sc hf
114: finished (no reference)
114: 
114: running test: vis_dc_lao_sc hf
114: passed
114: 
114: running test: vis_dc_lao_none_after_sc hf
114: passed
114: 
114: running test: rsp_dc_lao_g987 hf
114: finished (no reference)
114: 
114: running test: vis_dc_lao_reorth_g987_select_all hf
114: passed
114: 
114: running test: vis_dc_lao_reorth_g987_select_35 hf
114: passed
114: 
114: running test: rsp_dc_lao_g123 hf
114: finished (no reference)
114: 
114: running test: vis_dc_lao_reorth_g123_select_all hf
114: passed
114: 
114: running test: vis_dc_lao_reorth_g123_select_35 hf
114: passed
 41/163 Test #114: visual_lao_shielding .......................   Passed   50.27 sec
test 45
        Start  45: fde_response_mag

45: Test command: /cluster/easybuild/broadwell/software/lang/Python/3.6.1-intel-2017.02/bin/python "/home/mirilias/work/software/dirac/trunk_production/test/fde_response_mag/test" "--binary-dir=/home/mirilias/work/software/dirac/trunk_production/build_openmpi_intel_mklpar_i8" "--work-dir=/home/mirilias/work/software/dirac/trunk_production/build_openmpi_intel_mklpar_i8/test/fde_response_mag" "--verbose"
45: Test timeout computed to be: 1500
21: 
21: running test: eom_ip_dc_sym h2o
21: passed
21: 
21: running test: eom_ee_dc_sym_overlap h2o
21: passed
21: 
21: running test: eom_ee_dc_sym h2o
21: passed
21: 
21: running test: eom_ip_linear f2
21: passed
21: 
21: running test: eom_ea_linear f2
21: passed
 42/163 Test  #21: eomcc_long .................................   Passed   50.86 sec
test 39
        Start  39: efg

39: Test command: /cluster/easybuild/broadwell/software/lang/Python/3.6.1-intel-2017.02/bin/python "/home/mirilias/work/software/dirac/trunk_production/test/efg/test" "--binary-dir=/home/mirilias/work/software/dirac/trunk_production/build_openmpi_intel_mklpar_i8" "--work-dir=/home/mirilias/work/software/dirac/trunk_production/build_openmpi_intel_mklpar_i8/test/efg" "--verbose"
39: Test timeout computed to be: 1500
44: 
44: running test: fde_nr_pbe_update h2o
44: passed
44: 
44: running test: fde_ll_pbe_update h2o
44: passed
44: 
44: running test: fde_x2c-sf_pbe_update h2o
44: passed
44: 
44: running test: fde_sfdc_pbe_update h2o
44: passed
44: 
44: running test: fde_x2c_pbe_update h2o
44: passed
44: 
44: running test: fde_dc_pbe_update h2o
44: passed
 43/163 Test  #44: fde_interaction_energy .....................   Passed   51.27 sec
test 66
        Start  66: nmqm_property_krci

66: Test command: /cluster/easybuild/broadwell/software/lang/Python/3.6.1-intel-2017.02/bin/python "/home/mirilias/work/software/dirac/trunk_production/test/nmqm_property_krci/test" "--binary-dir=/home/mirilias/work/software/dirac/trunk_production/build_openmpi_intel_mklpar_i8" "--work-dir=/home/mirilias/work/software/dirac/trunk_production/build_openmpi_intel_mklpar_i8/test/nmqm_property_krci" "--verbose"
66: Test timeout computed to be: 1500
38: 
38: running test: blyp_sdft he
38: passed
38: 
38: running test: lda_sdft he
38: passed
38: 
38: running test: b3lyp hf
38: passed
38: 
38: running test: blyp hf
38: passed
38: 
38: running test: lda hf
38: passed
38: 
38: running test: pbex hf
38: passed
38: 
38: running test: pbec hf
38: passed
38: 
38: running test: pbe0 hf
38: passed
38: 
38: running test: pbe hf
38: passed
 44/163 Test  #38: dft_response_xcfun .........................   Passed   49.50 sec
test 46
        Start  46: fde_response_shield

46: Test command: /cluster/easybuild/broadwell/software/lang/Python/3.6.1-intel-2017.02/bin/python "/home/mirilias/work/software/dirac/trunk_production/test/fde_response_shield/test" "--binary-dir=/home/mirilias/work/software/dirac/trunk_production/build_openmpi_intel_mklpar_i8" "--work-dir=/home/mirilias/work/software/dirac/trunk_production/build_openmpi_intel_mklpar_i8/test/fde_response_shield" "--verbose"
46: Test timeout computed to be: 1500
45: 
45: running test: dc_pbe h2o-1
45: finished (no reference)
45: 
45: running test: dc_pbe_getfrozen h2o-2
45: finished (no reference)
45: 
45: running test: dc_pbe_magn_g0_vw11_vw11 h2o-1
45: passed
 45/163 Test  #45: fde_response_mag ...........................   Passed   48.82 sec
test 34
        Start  34: dft_ao_eval

34: Test command: /cluster/easybuild/broadwell/software/lang/Python/3.6.1-intel-2017.02/bin/python "/home/mirilias/work/software/dirac/trunk_production/test/dft_ao_eval/test" "--binary-dir=/home/mirilias/work/software/dirac/trunk_production/build_openmpi_intel_mklpar_i8" "--work-dir=/home/mirilias/work/software/dirac/trunk_production/build_openmpi_intel_mklpar_i8/test/dft_ao_eval" "--verbose"
34: Test timeout computed to be: 1500
39: 
39: running test: zerofield HF.p-ccpvdz
39: passed
39: 
39: running test: scf.ccsd.1 HF.p-ccpvdz
39: passed
39: 
39: running test: scf.ccsd.m1 HF.p-ccpvdz
39: passed
39: 
39: running test: bss+mfsso.zerofield HF.p-ccpvdz
39: passed
39: 
39: running test: bss.zerofield HF.p-ccpvdz
39: passed
39: 
39: running test: bss.scf.ccsd.1 HF.p-ccpvdz
39: passed
39: 
39: running test: bss.scf.ccsd.m1 HF.p-ccpvdz
39: passed
 46/163 Test  #39: efg ........................................   Passed   47.96 sec
test 6
        Start   6: geo_opt_symm_xyz

6: Test command: /cluster/easybuild/broadwell/software/lang/Python/3.6.1-intel-2017.02/bin/python "/home/mirilias/work/software/dirac/trunk_production/test/geo_opt_symm_xyz/test" "--binary-dir=/home/mirilias/work/software/dirac/trunk_production/build_openmpi_intel_mklpar_i8" "--work-dir=/home/mirilias/work/software/dirac/trunk_production/build_openmpi_intel_mklpar_i8/test/geo_opt_symm_xyz" "--verbose"
6: Test timeout computed to be: 1500
66: 
66: running test: BeH_nmqm_key BeH
66: passed
66: 
66: running test: BeH_nmqm_def BeH
66: passed
 47/163 Test  #66: nmqm_property_krci .........................   Passed   45.65 sec
test 60
        Start  60: visual_lao_current

60: Test command: /cluster/easybuild/broadwell/software/lang/Python/3.6.1-intel-2017.02/bin/python "/home/mirilias/work/software/dirac/trunk_production/test/visual_lao_current/test" "--binary-dir=/home/mirilias/work/software/dirac/trunk_production/build_openmpi_intel_mklpar_i8" "--work-dir=/home/mirilias/work/software/dirac/trunk_production/build_openmpi_intel_mklpar_i8/test/visual_lao_current" "--verbose"
60: Test timeout computed to be: 1500
46: 
46: running test: dc_pbe h2o-1
46: finished (no reference)
46: 
46: running test: dc_pbe_getfrozen h2o-2
46: finished (no reference)
46: 
46: running test: dc_pbe_updatevemb_shield_g0_v_w11 h2o-1
46: passed
 48/163 Test  #46: fde_response_shield ........................   Passed   40.92 sec
test 102
        Start 102: open-shells

102: Test command: /cluster/easybuild/broadwell/software/lang/Python/3.6.1-intel-2017.02/bin/python "/home/mirilias/work/software/dirac/trunk_production/test/open-shells/test" "--binary-dir=/home/mirilias/work/software/dirac/trunk_production/build_openmpi_intel_mklpar_i8" "--work-dir=/home/mirilias/work/software/dirac/trunk_production/build_openmpi_intel_mklpar_i8/test/open-shells" "--verbose"
102: Test timeout computed to be: 1500
34: 
34: running test: blyp_cartesian CH4_cartesian
34: passed
34: 
34: running test: blyp_cartesian FH_cartesian
34: passed
34: 
34: running test: blyp_cartesian H2O_cartesian
34: passed
34: 
34: running test: blyp_cartesian SF6_cartesian
34: passed
34: 
34: running test: blyp_spherical CH4_spherical
34: passed
34: 
34: running test: blyp_spherical FH_spherical
34: passed
34: 
34: running test: blyp_spherical H2O_spherical
34: passed
34: 
34: running test: blyp_spherical SF6_spherical
34: passed
 49/163 Test  #34: dft_ao_eval ................................   Passed   31.30 sec
test 51
        Start  51: fscc_highspin

51: Test command: /cluster/easybuild/broadwell/software/lang/Python/3.6.1-intel-2017.02/bin/python "/home/mirilias/work/software/dirac/trunk_production/test/fscc_highspin/test" "--binary-dir=/home/mirilias/work/software/dirac/trunk_production/build_openmpi_intel_mklpar_i8" "--work-dir=/home/mirilias/work/software/dirac/trunk_production/build_openmpi_intel_mklpar_i8/test/fscc_highspin" "--verbose"
51: Test timeout computed to be: 1500
6: 
6: running test: geopt.levyl.scf.sto-2g NH3.c3v
6: passed
6: 
6: running test: geopt_nortsd.levyl.scf.sto-2g CH4.td
6: passed
 50/163 Test   #6: geo_opt_symm_xyz ...........................   Passed   41.31 sec
test 53
        Start  53: geo_opt_saddle

53: Test command: /cluster/easybuild/broadwell/software/lang/Python/3.6.1-intel-2017.02/bin/python "/home/mirilias/work/software/dirac/trunk_production/test/geo_opt_saddle/test" "--binary-dir=/home/mirilias/work/software/dirac/trunk_production/build_openmpi_intel_mklpar_i8" "--work-dir=/home/mirilias/work/software/dirac/trunk_production/build_openmpi_intel_mklpar_i8/test/geo_opt_saddle" "--verbose"
53: Test timeout computed to be: 1500
60: 
60: running test: dc_symmetric h2o
60: finished (no reference)
60: 
60: running test: vis_jbz_dc_symmetric h2o
60: passed
60: 
60: running test: vis_jbz_dc_none_from_symmetric h2o
60: passed
60: 
60: running test: vis_divjbz_dc_nolao h2o
60: passed
60: 
60: running test: vis_divjbz_dc_nolao h2o
60: passed
60: 
60: running test: dc_natural h2o
60: finished (no reference)
60: 
60: running test: vis_jbz_dc_natural h2o
60: passed
60: 
60: running test: vis_jbz_dc_none_from_natural h2o
60: passed
 51/163 Test  #60: visual_lao_current .........................   Passed   43.12 sec
test 138
        Start 138: rotg

138: Test command: /cluster/easybuild/broadwell/software/lang/Python/3.6.1-intel-2017.02/bin/python "/home/mirilias/work/software/dirac/trunk_production/test/rotg/test" "--binary-dir=/home/mirilias/work/software/dirac/trunk_production/build_openmpi_intel_mklpar_i8" "--work-dir=/home/mirilias/work/software/dirac/trunk_production/build_openmpi_intel_mklpar_i8/test/rotg" "--verbose"
138: Test timeout computed to be: 1500
51: 
51: running test: dc.1el.2fs X2.1s1p1d.asd
51: passed
51: 
51: running test: dc.1el.2fs X2.1s1p1d.D2h
51: passed
51: 
51: running test: hf O2
51: passed
51: 
51: running test: fsccsd O2
51: passed
51: 
51: running test: fsccsd_IE2 O2
51: passed
51: 
51: running test: uccsd O2
51: passed
51: 
51: running test: uccsd_linsym O2
51: passed
 52/163 Test  #51: fscc_highspin ..............................   Passed   36.93 sec
test 32
        Start  32: cisd_energy

32: Test command: /cluster/easybuild/broadwell/software/lang/Python/3.6.1-intel-2017.02/bin/python "/home/mirilias/work/software/dirac/trunk_production/test/cisd_energy/test" "--binary-dir=/home/mirilias/work/software/dirac/trunk_production/build_openmpi_intel_mklpar_i8" "--work-dir=/home/mirilias/work/software/dirac/trunk_production/build_openmpi_intel_mklpar_i8/test/cisd_energy" "--verbose"
32: Test timeout computed to be: 1500
102: 
102: running test: B.x2c.scf_2P12 B
102: passed
102: 
102: running test: B.x2c.scf_2P32 B
102: passed
102: 
102: running test: C.x2c.scf_LS C
102: passed
102: 
102: running test: C.x2c.scf_HS C
102: passed
102: 
102: running test: N.x2c.scf_LS N
102: passed
102: 
102: running test: N.x2c.scf_HS N
102: passed
102: 
102: running test: O.x2c.scf_LS O
102: passed
102: 
102: running test: O.x2c.scf_HS O
102: passed
102: 
102: running test: F.x2c.scf_2P12 F
102: passed
102: 
102: running test: F.x2c.scf_2P32 F
102: passed
102: 
102: running test: CH.x2c.scf_mj.2Pi12 CH.lsym
102: passed
102: 
102: running test: CH.x2c.scf_mj.2Pi32 CH.lsym
102: passed
102: 
102: running test: CH.x2c.scf.2Pi12 CH.lsym
102: passed
102: 
102: running test: CH.x2c.scf.2Pi32_reord CH.lsym
102: passed
102: 
102: running test: CO.x2c.scf CO.sto-2g
102: passed
102: 
102: running test: CO_1p.x2c.scf_4sigma CO.sto-2g
102: passed
102: 
102: running test: CO_1p.x2c.scf_5sigma CO.sto-2g
102: passed
 53/163 Test #102: open-shells ................................   Passed   42.57 sec
test 12
        Start  12: mp2_properties

12: Test command: /cluster/easybuild/broadwell/software/lang/Python/3.6.1-intel-2017.02/bin/python "/home/mirilias/work/software/dirac/trunk_production/test/mp2_properties/test" "--binary-dir=/home/mirilias/work/software/dirac/trunk_production/build_openmpi_intel_mklpar_i8" "--work-dir=/home/mirilias/work/software/dirac/trunk_production/build_openmpi_intel_mklpar_i8/test/mp2_properties" "--verbose"
12: Test timeout computed to be: 1500
53: 
53: running test with input files ['minimum.inp', 'ethane_1.mol'] and args None
53: passed
53: 
53: running test with input files ['saddle.inp', 'ethane_1.mol'] and args None
53: passed
53: 
53: running test with input files ['constrained.inp', 'ethane_2.mol'] and args None
53: passed
53: 
53: running test with input files ['findre.inp', 'ethane_2.mol'] and args None
53: passed
 54/163 Test  #53: geo_opt_saddle .............................   Passed   33.91 sec
test 37
        Start  37: dft_response_symmetry

37: Test command: /cluster/easybuild/broadwell/software/lang/Python/3.6.1-intel-2017.02/bin/python "/home/mirilias/work/software/dirac/trunk_production/test/dft_response_symmetry/test" "--binary-dir=/home/mirilias/work/software/dirac/trunk_production/build_openmpi_intel_mklpar_i8" "--work-dir=/home/mirilias/work/software/dirac/trunk_production/build_openmpi_intel_mklpar_i8/test/dft_response_symmetry" "--verbose"
37: Test timeout computed to be: 1500
138: 
138: running test with input files ['rotg.inp', 'H2-sym.mol'] and args --mw=100 --aw=128
138: passed
138: 
138: running test with input files ['rotg.inp', 'HF-sym.mol'] and args --mw=100 --aw=128
138: passed
138: 
138: running test with input files ['rotg.inp', 'HF.mol'] and args --mw=100 --aw=128
138: passed
138: 
138: running test with input files ['rotg.inp', 'OCS-sym.mol'] and args --mw=100 --aw=128
138: passed
138: 
138: running test with input files ['rotg.inp', 'CH3F-sym.mol'] and args --mw=100 --aw=128
138: passed
138: 
138: running test with input files ['rotg-LL.inp', 'H2-sym.mol'] and args --mw=100 --aw=128
138: passed
138: 
138: running test with input files ['rotg-LL.inp', 'HF-sym.mol'] and args --mw=100 --aw=128
138: passed
138: 
138: running test with input files ['rotg-LL.inp', 'HF.mol'] and args --mw=100 --aw=128
138: passed
138: 
138: running test with input files ['rotg-LL.inp', 'OCS-sym.mol'] and args --mw=100 --aw=128
138: passed
138: 
138: running test with input files ['rotg-LL.inp', 'CH3F-sym.mol'] and args --mw=100 --aw=128
138: passed
 55/163 Test #138: rotg .......................................   Passed   40.61 sec
test 146
        Start 146: dft_minnesota

146: Test command: /cluster/easybuild/broadwell/software/lang/Python/3.6.1-intel-2017.02/bin/python "/home/mirilias/work/software/dirac/trunk_production/test/dft_minnesota/test" "--binary-dir=/home/mirilias/work/software/dirac/trunk_production/build_openmpi_intel_mklpar_i8" "--work-dir=/home/mirilias/work/software/dirac/trunk_production/build_openmpi_intel_mklpar_i8/test/dft_minnesota" "--verbose"
146: Test timeout computed to be: 1500
32: 
32: running test: cisd F
32: passed
32: 
32: running test: F.bss+mfsso.cisd F
32: passed
32: 
32: running test: F.bss_sfEso1+mfsso.cisd F
32: passed
32: 
32: running test: F.bss.cisd F
32: passed
32: 
32: running test: F.bss_rkb.cisd F
32: passed
32: 
32: running test: F.dkh2_sfEso1+mfsso.cisd F
32: passed
32: 
32: running test: F.bss_rkb+mfsso.cisd F
32: passed
32: 
32: running test: F.bss_sfEso1.cisd F
32: passed
32: 
32: running test: F.bss_sfBso1.cisd F
32: passed
32: 
32: running test: F.dkh2_sfBso1.cisd F
32: passed
32: 
32: running test: F.dkh2_sfEso1.cisd F
32: passed
 56/163 Test  #32: cisd_energy ................................   Passed   40.74 sec
test 161
        Start 161: pe_energy

161: Test command: /cluster/easybuild/broadwell/software/lang/Python/3.6.1-intel-2017.02/bin/python "/home/mirilias/work/software/dirac/trunk_production/test/pe_energy/test" "--binary-dir=/home/mirilias/work/software/dirac/trunk_production/build_openmpi_intel_mklpar_i8" "--work-dir=/home/mirilias/work/software/dirac/trunk_production/build_openmpi_intel_mklpar_i8/test/pe_energy" "--verbose"
161: Test timeout computed to be: 1500
12: 
12: running test: mp2_gradient H2O2
12: passed
12: 
12: running test: mp2mmf_gradient H2O2
12: passed
 57/163 Test  #12: mp2_properties .............................   Passed   41.13 sec
test 117
        Start 117: xyz_symmetry_recognition

117: Test command: /cluster/easybuild/broadwell/software/lang/Python/3.6.1-intel-2017.02/bin/python "/home/mirilias/work/software/dirac/trunk_production/test/xyz_symmetry_recognition/test" "--binary-dir=/home/mirilias/work/software/dirac/trunk_production/build_openmpi_intel_mklpar_i8" "--work-dir=/home/mirilias/work/software/dirac/trunk_production/build_openmpi_intel_mklpar_i8/test/xyz_symmetry_recognition" "--verbose"
117: Test timeout computed to be: 1500
37: 
37: running test: ll ne_auto
37: passed
37: 
37: running test: ll ne_c1
37: passed
37: 
37: running test: ll ne_c2
37: passed
37: 
37: running test: ll ne_c2h
37: passed
37: 
37: running test: ll ne_c2v
37: passed
37: 
37: running test: ll ne_ci
37: passed
37: 
37: running test: ll ne_cs
37: passed
37: 
37: running test: ll ne_d2
37: passed
37: 
37: running test: ll ne_d2h
37: passed
 58/163 Test  #37: dft_response_symmetry ......................   Passed   38.88 sec
test 77
        Start  77: cc_essential

77: Test command: /cluster/easybuild/broadwell/software/lang/Python/3.6.1-intel-2017.02/bin/python "/home/mirilias/work/software/dirac/trunk_production/test/cc_essential/test" "--binary-dir=/home/mirilias/work/software/dirac/trunk_production/build_openmpi_intel_mklpar_i8" "--work-dir=/home/mirilias/work/software/dirac/trunk_production/build_openmpi_intel_mklpar_i8/test/cc_essential" "--verbose"
77: Test timeout computed to be: 1500
146: 
146: running test: m05 hf
146: passed
146: 
146: running test: m06-l hf
146: passed
146: 
146: running test: m06 hf
146: passed
 59/163 Test #146: dft_minnesota ..............................   Passed   38.84 sec
test 59
        Start  59: response_qr

59: Test command: /cluster/easybuild/broadwell/software/lang/Python/3.6.1-intel-2017.02/bin/python "/home/mirilias/work/software/dirac/trunk_production/test/response_qr/test" "--binary-dir=/home/mirilias/work/software/dirac/trunk_production/build_openmpi_intel_mklpar_i8" "--work-dir=/home/mirilias/work/software/dirac/trunk_production/build_openmpi_intel_mklpar_i8/test/response_qr" "--verbose"
59: Test timeout computed to be: 1500
161: 
161: running test: dc ch2o
161: passed
161: 
161: running test: x2c ch2o
161: passed
161: 
161: running test: dc-pbe ch2o
161: passed
161: 
161: running test: levy ch2o
161: passed
161: 
161: running test: spinfree ch2o
161: passed
161: 
161: running test: nonrel ch2o
161: passed
161: 
161: running test: dc_xyz ch2o
161: passed
 60/163 Test #161: pe_energy ..................................   Passed   38.92 sec
test 7
        Start   7: london_properties_symmetry

7: Test command: /cluster/easybuild/broadwell/software/lang/Python/3.6.1-intel-2017.02/bin/python "/home/mirilias/work/software/dirac/trunk_production/test/london_properties_symmetry/test" "--binary-dir=/home/mirilias/work/software/dirac/trunk_production/build_openmpi_intel_mklpar_i8" "--work-dir=/home/mirilias/work/software/dirac/trunk_production/build_openmpi_intel_mklpar_i8/test/london_properties_symmetry" "--verbose"
7: Test timeout computed to be: 1500
117: 
117: running test with input files ['test_xyz.inp', 'molecule01.xyz'] and args None
117: passed
117: 
117: running test with input files ['test_xyz.inp', 'molecule02.xyz'] and args None
117: passed
117: 
117: running test with input files ['test_xyz.inp', 'molecule03.xyz'] and args None
117: passed
117: 
117: running test with input files ['test_xyz.inp', 'molecule04.xyz'] and args None
117: passed
117: 
117: running test with input files ['test_xyz.inp', 'molecule05.xyz'] and args None
117: passed
117: 
117: running test with input files ['test_xyz.inp', 'molecule06.xyz'] and args None
117: passed
117: 
117: running test with input files ['test_xyz.inp', 'molecule07.xyz'] and args None
117: passed
117: 
117: running test with input files ['test_xyz.inp', 'molecule08.xyz'] and args None
117: passed
117: 
117: running test with input files ['test_xyz.inp', 'molecule09.xyz'] and args None
117: passed
117: 
117: running test with input files ['test_xyz.inp', 'molecule10.xyz'] and args None
117: passed
117: 
117: running test with input files ['test_xyz.inp', 'molecule11.xyz'] and args None
117: passed
117: 
117: running test with input files ['test_xyz.inp', 'molecule12.xyz'] and args None
117: passed
117: 
117: running test with input files ['test_xyz.inp', 'molecule13.xyz'] and args None
117: passed
117: 
117: running test with input files ['test_xyz.inp', 'molecule14.xyz'] and args None
117: passed
117: 
117: running test with input files ['test_xyz.inp', 'molecule15.xyz'] and args None
117: passed
117: 
117: running test with input files ['test_xyz.inp', 'molecule16.xyz'] and args None
117: passed
117: 
117: running test with input files ['test_xyz.inp', 'molecule17.xyz'] and args None
117: passed
117: 
117: running test with input files ['test_xyz.inp', 'molecule18.xyz'] and args None
117: passed
 61/163 Test #117: xyz_symmetry_recognition ...................   Passed   36.93 sec
test 50
        Start  50: fscc

50: Test command: /cluster/easybuild/broadwell/software/lang/Python/3.6.1-intel-2017.02/bin/python "/home/mirilias/work/software/dirac/trunk_production/test/fscc/test" "--binary-dir=/home/mirilias/work/software/dirac/trunk_production/build_openmpi_intel_mklpar_i8" "--work-dir=/home/mirilias/work/software/dirac/trunk_production/build_openmpi_intel_mklpar_i8/test/fscc" "--verbose"
50: Test timeout computed to be: 1500
77: 
77: running test: ccsd.small.ion H2O
77: passed
77: 
77: running test: ccsd.small H2O
77: passed
77: 
77: running test: ccsd_gradient_sf CO_auto
77: passed
77: 
77: running test: eom_ee_dc_inv_nooverlap_16roots f2_c2h_turbomole-dz
77: passed
 62/163 Test  #77: cc_essential ...............................   Passed   33.80 sec
test 62
        Start  62: xyz_input

62: Test command: /cluster/easybuild/broadwell/software/lang/Python/3.6.1-intel-2017.02/bin/python "/home/mirilias/work/software/dirac/trunk_production/test/xyz_input/test" "--binary-dir=/home/mirilias/work/software/dirac/trunk_production/build_openmpi_intel_mklpar_i8" "--work-dir=/home/mirilias/work/software/dirac/trunk_production/build_openmpi_intel_mklpar_i8/test/xyz_input" "--verbose"
62: Test timeout computed to be: 1500
50: 
50: running test: sf.scf Mg
50: passed
50: 
50: running test: so-fsccsd_IH Mg
50: passed
50: 
50: running test: fsccsd Mg
50: passed
50: 
50: running test: bss+mfsso.fsccsd_IH Mg
50: passed
 63/163 Test  #50: fscc .......................................   Passed   24.20 sec
test 89
        Start  89: dft_lao_mag_prop

89: Test command: /cluster/easybuild/broadwell/software/lang/Python/3.6.1-intel-2017.02/bin/python "/home/mirilias/work/software/dirac/trunk_production/test/dft_lao_mag_prop/test" "--binary-dir=/home/mirilias/work/software/dirac/trunk_production/build_openmpi_intel_mklpar_i8" "--work-dir=/home/mirilias/work/software/dirac/trunk_production/build_openmpi_intel_mklpar_i8/test/dft_lao_mag_prop" "--verbose"
89: Test timeout computed to be: 1500
59: 
59: running test: qrpa1 LiH
59: passed
59: 
59: running test: excprp1 LiH
59: passed
59: 
59: running test: tpa1 He
59: passed
 64/163 Test  #59: response_qr ................................   Passed   33.03 sec
test 10
        Start  10: molecular_mean_field_hamiltonian_schemes

10: Test command: /cluster/easybuild/broadwell/software/lang/Python/3.6.1-intel-2017.02/bin/python "/home/mirilias/work/software/dirac/trunk_production/test/molecular_mean_field_hamiltonian_schemes/test" "--binary-dir=/home/mirilias/work/software/dirac/trunk_production/build_openmpi_intel_mklpar_i8" "--work-dir=/home/mirilias/work/software/dirac/trunk_production/build_openmpi_intel_mklpar_i8/test/molecular_mean_field_hamiltonian_schemes" "--verbose"
10: Test timeout computed to be: 1500
7: 
7: running test: sdft_lda_dc_shielding hf_c1
7: passed
7: 
7: running test: sdft_lda_dc_shielding hf_c2v
7: passed
7: 
7: running test: sdft_lda_dc_shielding hf_c2
7: passed
7: 
7: running test: sdft_b3lyp_dc_shielding hf_c1
7: passed
7: 
7: running test: sdft_b3lyp_dc_shielding hf_c2v
7: passed
7: 
7: running test: sdft_b3lyp_dc_shielding hf_c2
7: passed
 65/163 Test   #7: london_properties_symmetry .................   Passed   26.77 sec
test 127
        Start 127: atomic_supersymmetry

127: Test command: /cluster/easybuild/broadwell/software/lang/Python/3.6.1-intel-2017.02/bin/python "/home/mirilias/work/software/dirac/trunk_production/test/atomic_supersymmetry/test" "--binary-dir=/home/mirilias/work/software/dirac/trunk_production/build_openmpi_intel_mklpar_i8" "--work-dir=/home/mirilias/work/software/dirac/trunk_production/build_openmpi_intel_mklpar_i8/test/atomic_supersymmetry" "--verbose"
127: Test timeout computed to be: 1500
62: 
62: running test: hf ethanol
62: passed
62: 
62: running test: emb methanol
62: passed
62: 
62: running test: heh+ heh
62: passed
 66/163 Test  #62: xyz_input ..................................   Passed   31.48 sec
test 125
        Start 125: visual_general

125: Test command: /cluster/easybuild/broadwell/software/lang/Python/3.6.1-intel-2017.02/bin/python "/home/mirilias/work/software/dirac/trunk_production/test/visual_general/test" "--binary-dir=/home/mirilias/work/software/dirac/trunk_production/build_openmpi_intel_mklpar_i8" "--work-dir=/home/mirilias/work/software/dirac/trunk_production/build_openmpi_intel_mklpar_i8/test/visual_general" "--verbose"
125: Test timeout computed to be: 1500
89: 
89: running test: sdft_lda_dc_nc_rkb hehe
89: passed
89: 
89: running test: sdft_lda_dc_nc_rkb_g987 hehe
89: passed
89: 
89: running test: sdft_lda_dc_sc_rkb hehe
89: passed
89: 
89: running test: sdft_lda_dc_sc_rkb_g987 hehe
89: passed
89: 
89: running test: sdft_b3lyp_dc_nc_rkb hehe
89: passed
89: 
89: running test: sdft_b3lyp_dc_nc_rkb_g987 hehe
89: passed
89: 
89: running test: sdft_b3lyp_dc_sc_rkb hehe
89: passed
89: 
89: running test: sdft_b3lyp_dc_sc_rkb_g987 hehe
89: passed
 67/163 Test  #89: dft_lao_mag_prop ...........................   Passed   31.25 sec
test 162
        Start 162: pe_response

162: Test command: /cluster/easybuild/broadwell/software/lang/Python/3.6.1-intel-2017.02/bin/python "/home/mirilias/work/software/dirac/trunk_production/test/pe_response/test" "--binary-dir=/home/mirilias/work/software/dirac/trunk_production/build_openmpi_intel_mklpar_i8" "--work-dir=/home/mirilias/work/software/dirac/trunk_production/build_openmpi_intel_mklpar_i8/test/pe_response" "--verbose"
162: Test timeout computed to be: 1500
10: 
10: running test: 4dcg_mmf_x fo
10: passed
10: 
10: running test: 4dcg_mmf_xx fo
10: passed
10: 
10: running test: 2dcg_x2c fo
10: passed
10: 
10: running test: 2dcg_mmf fo
10: passed
 68/163 Test  #10: molecular_mean_field_hamiltonian_schemes ...   Passed   30.77 sec
test 113
        Start 113: visual_div_rot

113: Test command: /cluster/easybuild/broadwell/software/lang/Python/3.6.1-intel-2017.02/bin/python "/home/mirilias/work/software/dirac/trunk_production/test/visual_div_rot/test" "--binary-dir=/home/mirilias/work/software/dirac/trunk_production/build_openmpi_intel_mklpar_i8" "--work-dir=/home/mirilias/work/software/dirac/trunk_production/build_openmpi_intel_mklpar_i8/test/visual_div_rot" "--verbose"
113: Test timeout computed to be: 1500
127: 
127: running test: Nb Nb
127: passed
127: 
127: running test: Nblin Nblin
127: passed
127: 
127: running test: cc_x2cmmf Ne
127: passed
 69/163 Test #127: atomic_supersymmetry .......................   Passed   32.10 sec
test 103
        Start 103: projection_analysis

103: Test command: /cluster/easybuild/broadwell/software/lang/Python/3.6.1-intel-2017.02/bin/python "/home/mirilias/work/software/dirac/trunk_production/test/projection_analysis/test" "--binary-dir=/home/mirilias/work/software/dirac/trunk_production/build_openmpi_intel_mklpar_i8" "--work-dir=/home/mirilias/work/software/dirac/trunk_production/build_openmpi_intel_mklpar_i8/test/projection_analysis" "--verbose"
103: Test timeout computed to be: 1500
125: 
125: running test: response_ez_ez_dc ne_d2h
125: finished (no reference)
125: 
125: running test: visual_zo_dc ne_d2h
125: passed
125: 
125: running test: visual_ez_ez_dc ne_d2h
125: passed
125: 
125: running test: response_bz_bz_dc ne_d2h
125: finished (no reference)
125: 
125: running test: visual_bz_bz_dc ne_d2h
125: passed
125: 
125: running test: response_1z_bz_dc co_c1
125: finished (no reference)
125: 
125: running test: visual_1z_bz_dc co_c1
125: passed
125: 
125: running test: visual_1z_bz_only_para_dc co_c1
125: passed
125: 
125: running test: response_1z_2z_dc co_c1
125: finished (no reference)
125: 
125: running test: visual_1z_2z_dc co_c1
125: passed
 70/163 Test #125: visual_general .............................   Passed   29.22 sec
test 70
        Start  70: basis_automatic_augmentation

70: Test command: /cluster/easybuild/broadwell/software/lang/Python/3.6.1-intel-2017.02/bin/python "/home/mirilias/work/software/dirac/trunk_production/test/basis_automatic_augmentation/test" "--binary-dir=/home/mirilias/work/software/dirac/trunk_production/build_openmpi_intel_mklpar_i8" "--work-dir=/home/mirilias/work/software/dirac/trunk_production/build_openmpi_intel_mklpar_i8/test/basis_automatic_augmentation" "--verbose"
70: Test timeout computed to be: 1500
162: 
162: running test: pe-sf-static-no-ep ch2o
162: finished (no reference)
162: 
162: running test: pe-dc-static-no-ep ch2o
162: passed
162: 
162: running test: pe-dc-gspol-static-no-ep ch2o
162: passed
162: 
162: running test: pe-eef-dc-static-no-ep ch2o
162: passed
 71/163 Test #162: pe_response ................................   Passed   28.56 sec
test 19
        Start  19: cc_energy_and_mp2_dipole

19: Test command: /cluster/easybuild/broadwell/software/lang/Python/3.6.1-intel-2017.02/bin/python "/home/mirilias/work/software/dirac/trunk_production/test/cc_energy_and_mp2_dipole/test" "--binary-dir=/home/mirilias/work/software/dirac/trunk_production/build_openmpi_intel_mklpar_i8" "--work-dir=/home/mirilias/work/software/dirac/trunk_production/build_openmpi_intel_mklpar_i8/test/cc_energy_and_mp2_dipole" "--verbose"
19: Test timeout computed to be: 1500
103: 
103: running test: H H
103: finished (no reference)
103: 
103: running test: C C
103: finished (no reference)
103: 
103: running test: CH4 CH4
103: passed
103: 
103: running test: CH4_repolar CH4
103: passed
103: 
103: running test: CH4_C1 CH4
103: passed
 72/163 Test #103: projection_analysis ........................   Passed   26.76 sec
test 156
        Start 156: pcm_energy

156: Test command: /cluster/easybuild/broadwell/software/lang/Python/3.6.1-intel-2017.02/bin/python "/home/mirilias/work/software/dirac/trunk_production/test/pcm_energy/test" "--binary-dir=/home/mirilias/work/software/dirac/trunk_production/build_openmpi_intel_mklpar_i8" "--work-dir=/home/mirilias/work/software/dirac/trunk_production/build_openmpi_intel_mklpar_i8/test/pcm_energy" "--verbose"
156: Test timeout computed to be: 1500
113: 
113: running test with input files ['response_1z_bz.inp', 'co.mol'] and args --get="DFCOEF PAMXVC"
113: finished (no reference)
113: 
113: running test with input files ['visual_1z_bz.inp', 'co.mol'] and args --copy="DFCOEF PAMXVC"
113: passed
113: 
113: running test with input files ['visual_1z_bz_only_para.inp', 'co.mol'] and args --copy="DFCOEF PAMXVC"
113: passed
113: 
113: running test with input files ['visual_divj.inp', 'co.mol'] and args --copy="DFCOEF PAMXVC"
113: passed
113: 
113: running test with input files ['visual_divs.inp', 'co.mol'] and args --copy="DFCOEF PAMXVC"
113: passed
113: 
113: running test with input files ['visual_j.inp', 'co.mol'] and args --copy="DFCOEF PAMXVC"
113: passed
113: 
113: running test with input files ['visual_jdia.inp', 'co.mol'] and args --copy="DFCOEF PAMXVC"
113: passed
113: 
113: running test with input files ['visual_rotj.inp', 'co.mol'] and args --copy="DFCOEF PAMXVC"
113: passed
113: 
113: running test with input files ['visual_jpara.inp', 'co.mol'] and args --copy="DFCOEF PAMXVC"
113: passed
113: 
113: running test with input files ['visual_s.inp', 'co.mol'] and args --copy="DFCOEF PAMXVC"
113: passed
113: 
113: running test with input files ['visual_rots.inp', 'co.mol'] and args --copy="DFCOEF PAMXVC"
113: passed
 73/163 Test #113: visual_div_rot .............................   Passed   28.48 sec
test 121
        Start 121: localization

121: Test command: /cluster/easybuild/broadwell/software/lang/Python/3.6.1-intel-2017.02/bin/python "/home/mirilias/work/software/dirac/trunk_production/test/localization/test" "--binary-dir=/home/mirilias/work/software/dirac/trunk_production/build_openmpi_intel_mklpar_i8" "--work-dir=/home/mirilias/work/software/dirac/trunk_production/build_openmpi_intel_mklpar_i8/test/localization" "--verbose"
121: Test timeout computed to be: 1500
70: 
70: running test: hf Turbomole-DZP
70: passed
70: 
70: running test: hf Turbomole-TZVPP
70: passed
70: 
70: running test: hf aug-cc-pVDZ
70: passed
70: 
70: running test: hf d-a-Turbomole-DZP
70: passed
70: 
70: running test: hf d-aug-cc-pVDZ
70: passed
70: 
70: running test: hf d-aug-dyall.v2z
70: passed
70: 
70: running test: hf dyall.v2z
70: passed
70: 
70: running test: hf s-a-Turbomole-DZP
70: passed
70: 
70: running test: hf s-a-Turbomole-TZVPP
70: passed
70: 
70: running test: hf t-aug-cc-pVDZ
70: passed
 74/163 Test  #70: basis_automatic_augmentation ...............   Passed   27.49 sec
test 163
        Start 163: pe_exc

163: Test command: /cluster/easybuild/broadwell/software/lang/Python/3.6.1-intel-2017.02/bin/python "/home/mirilias/work/software/dirac/trunk_production/test/pe_exc/test" "--binary-dir=/home/mirilias/work/software/dirac/trunk_production/build_openmpi_intel_mklpar_i8" "--work-dir=/home/mirilias/work/software/dirac/trunk_production/build_openmpi_intel_mklpar_i8/test/pe_exc" "--verbose"
163: Test timeout computed to be: 1500
156: 
156: running test: nonrel CH4
156: passed
156: 
156: running test: levy CH4
156: passed
156: 
156: running test: dc CH4
156: passed
156: 
156: running test: dc-skipss CH4
156: passed
156: 
156: running test: dc-lda CH4
156: passed
156: 
156: running test: levy-lda CH4
156: passed
156: 
156: running test: spinfree CH4
156: passed
 75/163 Test #156: pcm_energy .................................   Passed   24.64 sec
test 107
        Start 107: response_lao_shield

107: Test command: /cluster/easybuild/broadwell/software/lang/Python/3.6.1-intel-2017.02/bin/python "/home/mirilias/work/software/dirac/trunk_production/test/response_lao_shield/test" "--binary-dir=/home/mirilias/work/software/dirac/trunk_production/build_openmpi_intel_mklpar_i8" "--work-dir=/home/mirilias/work/software/dirac/trunk_production/build_openmpi_intel_mklpar_i8/test/response_lao_shield" "--verbose"
107: Test timeout computed to be: 1500
121: 
121: running test: H H
121: finished (no reference)
121: 
121: running test: C C
121: finished (no reference)
121: 
121: running test: O O
121: finished (no reference)
121: 
121: running test: CH4locmul_full CH4
121: passed
121: 
121: running test: CH4locprj_full CH4
121: passed
121: 
121: running test: CH4locprj_comb CH4
121: passed
121: 
121: running test: CH4locprj_diag CH4
121: passed
121: 
121: running test: H2Olocmul_full H2O
121: passed
121: 
121: running test: H2Olocprj_full H2O
121: passed
121: 
121: running test: H2Olocprj_comb H2O
121: passed
121: 
121: running test: H2Olocprj_diag H2O
121: passed
 76/163 Test #121: localization ...............................   Passed   25.82 sec
test 68
        Start  68: acmoin

68: Test command: /cluster/easybuild/broadwell/software/lang/Python/3.6.1-intel-2017.02/bin/python "/home/mirilias/work/software/dirac/trunk_production/test/acmoin/test" "--binary-dir=/home/mirilias/work/software/dirac/trunk_production/build_openmpi_intel_mklpar_i8" "--work-dir=/home/mirilias/work/software/dirac/trunk_production/build_openmpi_intel_mklpar_i8/test/acmoin" "--verbose"
68: Test timeout computed to be: 1500
19: 
19: running test: sf.scf H2O
19: passed
19: 
19: running test: so-ccsd H2O
19: passed
19: 
19: running test: ccsd H2O
19: passed
 77/163 Test  #19: cc_energy_and_mp2_dipole ...................   Passed   27.41 sec
test 151
        Start 151: nucl_anapole_cc_finite_field

151: Test command: /cluster/easybuild/broadwell/software/lang/Python/3.6.1-intel-2017.02/bin/python "/home/mirilias/work/software/dirac/trunk_production/test/nucl_anapole_cc_finite_field/test" "--binary-dir=/home/mirilias/work/software/dirac/trunk_production/build_openmpi_intel_mklpar_i8" "--work-dir=/home/mirilias/work/software/dirac/trunk_production/build_openmpi_intel_mklpar_i8/test/nucl_anapole_cc_finite_field" "--verbose"
151: Test timeout computed to be: 1500
163: 
163: running test: pe-dc-exc lih
163: finished (no reference)
163: 
163: running test: pe-sf-exc lih
163: passed
163: 
163: running test: pe-x2c-exc lih
163: passed
163: 
163: running test: pe-eef-dc-exc lih
163: passed
163: 
163: running test: pe-dc-gspol-exc lih
163: passed
163: 
163: running test: pe-dc-exc-pbe0 lih
163: passed
 78/163 Test #163: pe_exc .....................................   Passed   26.53 sec
test 65
        Start  65: general_property_krci

65: Test command: /cluster/easybuild/broadwell/software/lang/Python/3.6.1-intel-2017.02/bin/python "/home/mirilias/work/software/dirac/trunk_production/test/general_property_krci/test" "--binary-dir=/home/mirilias/work/software/dirac/trunk_production/build_openmpi_intel_mklpar_i8" "--work-dir=/home/mirilias/work/software/dirac/trunk_production/build_openmpi_intel_mklpar_i8/test/general_property_krci" "--verbose"
65: Test timeout computed to be: 1500
107: 
107: running test: LiH.levyle.shield_lao_go=cm LiH.lsym.dir
107: passed
107: 
107: running test: LiH.dc_ukb.shield_lao_go=cm LiH.lsym.dir
107: passed
107: 
107: running test: LiH.dc_rkb.shield_lao_go=cm LiH.lsym.dir
107: passed
107: 
107: running test: LiH.dc_sf.shield_lao_go=cm LiH.lsym.dir
107: passed
107: 
107: running test: LiH.bss.shield_lao_go=cm LiH.lsym.dir
107: passed
107: 
107: running test: LiH.bss+mfsso.shield_lao_go=cm LiH.lsym.dir
107: passed
107: 
107: running test: LiH.bss_sfB.shield_lao_go=cm LiH.lsym.dir
107: passed
 79/163 Test #107: response_lao_shield ........................   Passed   22.37 sec
test 67
        Start  67: eedm_mhyp_ensps_krci

67: Test command: /cluster/easybuild/broadwell/software/lang/Python/3.6.1-intel-2017.02/bin/python "/home/mirilias/work/software/dirac/trunk_production/test/eedm_mhyp_ensps_krci/test" "--binary-dir=/home/mirilias/work/software/dirac/trunk_production/build_openmpi_intel_mklpar_i8" "--work-dir=/home/mirilias/work/software/dirac/trunk_production/build_openmpi_intel_mklpar_i8/test/eedm_mhyp_ensps_krci" "--verbose"
67: Test timeout computed to be: 1500
151: 
151: running test with input files ['MgF.dc_rkb.scf_relcc_Wa-xalpha.1e-6.inp', 'MgF.sto-2g.Cs_y.mol'] and args None
151: passed
151: 
151: running test with input files ['MgOH.dc_rkb.scf_relcc_Wa-xalpha.-1e-6.inp', 'MgOH.sto-2g.Cs_y.mol'] and args None
151: passed
 80/163 Test #151: nucl_anapole_cc_finite_field ...............   Passed   23.41 sec
test 78
        Start  78: cc_linear

78: Test command: /cluster/easybuild/broadwell/software/lang/Python/3.6.1-intel-2017.02/bin/python "/home/mirilias/work/software/dirac/trunk_production/test/cc_linear/test" "--binary-dir=/home/mirilias/work/software/dirac/trunk_production/build_openmpi_intel_mklpar_i8" "--work-dir=/home/mirilias/work/software/dirac/trunk_production/build_openmpi_intel_mklpar_i8/test/cc_linear" "--verbose"
78: Test timeout computed to be: 1500
68: 
68: running test: H H
68: passed
68: 
68: running test: H_Cs H_Cs
68: passed
68: 
68: running test: N N
68: passed
68: 
68: running test: N_Cs N_Cs
68: passed
68: 
68: running test: NH3 NH3
68: passed
68: 
68: running test: H_sf H
68: passed
68: 
68: running test: H_Cs_sf H_Cs
68: passed
68: 
68: running test: N_sf N
68: passed
68: 
68: running test: N_Cs_sf N_Cs
68: passed
68: 
68: running test: NH3_sf NH3
68: passed
 81/163 Test  #68: acmoin .....................................   Passed   24.00 sec
test 98
        Start  98: mcscf_properties

98: Test command: /cluster/easybuild/broadwell/software/lang/Python/3.6.1-intel-2017.02/bin/python "/home/mirilias/work/software/dirac/trunk_production/test/mcscf_properties/test" "--binary-dir=/home/mirilias/work/software/dirac/trunk_production/build_openmpi_intel_mklpar_i8" "--work-dir=/home/mirilias/work/software/dirac/trunk_production/build_openmpi_intel_mklpar_i8/test/mcscf_properties" "--verbose"
98: Test timeout computed to be: 1500
65: 
65: running test: BeH BeH
65: passed
 82/163 Test  #65: general_property_krci ......................   Passed   24.50 sec
test 20
        Start  20: eomcc

20: Test command: /cluster/easybuild/broadwell/software/lang/Python/3.6.1-intel-2017.02/bin/python "/home/mirilias/work/software/dirac/trunk_production/test/eomcc/test" "--binary-dir=/home/mirilias/work/software/dirac/trunk_production/build_openmpi_intel_mklpar_i8" "--work-dir=/home/mirilias/work/software/dirac/trunk_production/build_openmpi_intel_mklpar_i8/test/eomcc" "--verbose"
20: Test timeout computed to be: 1500
67: 
67: running test: BeH BeH
67: passed
 83/163 Test  #67: eedm_mhyp_ensps_krci .......................   Passed   24.47 sec
test 90
        Start  90: dft_pp86

90: Test command: /cluster/easybuild/broadwell/software/lang/Python/3.6.1-intel-2017.02/bin/python "/home/mirilias/work/software/dirac/trunk_production/test/dft_pp86/test" "--binary-dir=/home/mirilias/work/software/dirac/trunk_production/build_openmpi_intel_mklpar_i8" "--work-dir=/home/mirilias/work/software/dirac/trunk_production/build_openmpi_intel_mklpar_i8/test/dft_pp86" "--verbose"
90: Test timeout computed to be: 1500
98: 
98: running test: Be Be
98: passed
 84/163 Test  #98: mcscf_properties ...........................   Passed   23.68 sec
test 136
        Start 136: spinorbit-from-spinfree

136: Test command: /cluster/easybuild/broadwell/software/lang/Python/3.6.1-intel-2017.02/bin/python "/home/mirilias/work/software/dirac/trunk_production/test/spinorbit-from-spinfree/test" "--binary-dir=/home/mirilias/work/software/dirac/trunk_production/build_openmpi_intel_mklpar_i8" "--work-dir=/home/mirilias/work/software/dirac/trunk_production/build_openmpi_intel_mklpar_i8/test/spinorbit-from-spinfree" "--verbose"
136: Test timeout computed to be: 1500
78: 
78: running test: cc N2.ccpVDZ
78: passed
78: 
78: running test: x2c_scf_moltra N2.ccpVDZ
78: passed
78: 
78: running test: x2c_relcc N2.ccpVDZ
78: passed
 85/163 Test  #78: cc_linear ..................................   Passed   24.30 sec
test 115
        Start 115: visual_frac_occupation

115: Test command: /cluster/easybuild/broadwell/software/lang/Python/3.6.1-intel-2017.02/bin/python "/home/mirilias/work/software/dirac/trunk_production/test/visual_frac_occupation/test" "--binary-dir=/home/mirilias/work/software/dirac/trunk_production/build_openmpi_intel_mklpar_i8" "--work-dir=/home/mirilias/work/software/dirac/trunk_production/build_openmpi_intel_mklpar_i8/test/visual_frac_occupation" "--verbose"
115: Test timeout computed to be: 1500
90: 
90: running test: pp86 ne
90: passed
90: 
90: running test: pp86_ggakey ne
90: passed
90: 
90: running test: pp86_xcfun ne
90: passed
90: 
90: running test: pw86x ne
90: passed
90: 
90: running test: pw86x_xcfun ne
90: passed
90: 
90: running test: p86c ne
90: passed
90: 
90: running test: p86c_xcfun ne
90: passed
 86/163 Test  #90: dft_pp86 ...................................   Passed   21.06 sec
test 83
        Start  83: cosci_methods

83: Test command: /cluster/easybuild/broadwell/software/lang/Python/3.6.1-intel-2017.02/bin/python "/home/mirilias/work/software/dirac/trunk_production/test/cosci_methods/test" "--binary-dir=/home/mirilias/work/software/dirac/trunk_production/build_openmpi_intel_mklpar_i8" "--work-dir=/home/mirilias/work/software/dirac/trunk_production/build_openmpi_intel_mklpar_i8/test/cosci_methods" "--verbose"
83: Test timeout computed to be: 1500
20: 
20: running test: eom_ip h2o
20: passed
20: 
20: running test: eom_ip_dc_sym_overlap h2o
20: passed
20: 
20: running test: eom_ee_linear_0g f2
20: passed
 87/163 Test  #20: eomcc ......................................   Passed   21.54 sec
test 108
        Start 108: response_lao_magnetiz

108: Test command: /cluster/easybuild/broadwell/software/lang/Python/3.6.1-intel-2017.02/bin/python "/home/mirilias/work/software/dirac/trunk_production/test/response_lao_magnetiz/test" "--binary-dir=/home/mirilias/work/software/dirac/trunk_production/build_openmpi_intel_mklpar_i8" "--work-dir=/home/mirilias/work/software/dirac/trunk_production/build_openmpi_intel_mklpar_i8/test/response_lao_magnetiz" "--verbose"
108: Test timeout computed to be: 1500
115: 
115: running test: density_1s he
115: passed
115: 
115: running test: density_4s he
115: passed
115: 
115: running test: density_total he
115: passed
115: 
115: running test: density_1s ne
115: passed
115: 
115: running test: density_4s ne
115: passed
115: 
115: running test: density_total ne
115: passed
115: 
115: running test: density_total_orbstring ne
115: passed
115: 
115: running test: density_n n
115: passed
 88/163 Test #115: visual_frac_occupation .....................   Passed   20.83 sec
test 57
        Start  57: response_excitation_energies

57: Test command: /cluster/easybuild/broadwell/software/lang/Python/3.6.1-intel-2017.02/bin/python "/home/mirilias/work/software/dirac/trunk_production/test/response_excitation_energies/test" "--binary-dir=/home/mirilias/work/software/dirac/trunk_production/build_openmpi_intel_mklpar_i8" "--work-dir=/home/mirilias/work/software/dirac/trunk_production/build_openmpi_intel_mklpar_i8/test/response_excitation_energies" "--verbose"
57: Test timeout computed to be: 1500
136: 
136: running test with input files ['Rn.x2c.scf_2fs_1iter.inp', 'Rn.v2z.D2h.mol'] and args  --noarch --gb=1.777 --ag=3 --put="DFPCMO.Rn.x2c_sf.scf.v2z.D2h=DFPCMO"
136: passed
136: 
136: running test with input files ['Tl.x2c.resolve_2fs_fromSFMO.inp', 'Tl.v2z.D2h.mol'] and args  --noarch --gb=1.777 --ag=3 --put="DFPCMO.Tl.x2c_sf.scf.v2z.D2h=DFPCMO"
136: passed
136: 
136: running test with input files ['Tl.x2c.resolve_2fs.inp', 'Tl.v2z.D2h.mol'] and args  --noarch --gb=1.777 --ag=3 --put="DFPCMO.Tl.x2c.scf.v2z.D2h=DFPCMO"
136: passed
 89/163 Test #136: spinorbit-from-spinfree ....................   Passed   22.63 sec
test 9
        Start   9: krci_energy

9: Test command: /cluster/easybuild/broadwell/software/lang/Python/3.6.1-intel-2017.02/bin/python "/home/mirilias/work/software/dirac/trunk_production/test/krci_energy/test" "--binary-dir=/home/mirilias/work/software/dirac/trunk_production/build_openmpi_intel_mklpar_i8" "--work-dir=/home/mirilias/work/software/dirac/trunk_production/build_openmpi_intel_mklpar_i8/test/krci_energy" "--verbose"
9: Test timeout computed to be: 1500
57: 
57: running test: PBE CO
57: passed
57: 
57: running test: PBE_skipep CO
57: passed
 90/163 Test  #57: response_excitation_energies ...............   Passed   24.83 sec
test 152
        Start 152: magn_hyperfine_finite_field

152: Test command: /cluster/easybuild/broadwell/software/lang/Python/3.6.1-intel-2017.02/bin/python "/home/mirilias/work/software/dirac/trunk_production/test/magn_hyperfine_finite_field/test" "--binary-dir=/home/mirilias/work/software/dirac/trunk_production/build_openmpi_intel_mklpar_i8" "--work-dir=/home/mirilias/work/software/dirac/trunk_production/build_openmpi_intel_mklpar_i8/test/magn_hyperfine_finite_field" "--verbose"
152: Test timeout computed to be: 1500
108: 
108: running test: LiH.dc_ukb.linresp_ep_magnetiz_lao-go_cm LiH.lsym
108: passed
108: 
108: running test: LiH.dc_rkb.linresp_ee_magnetiz_lao-go_cm LiH.lsym
108: passed
108: 
108: running test: LiH.levyle.linresp_magnetiz_lao-go_cm LiH.lsym
108: passed
108: 
108: running test: LiH.dc_ukb.linresp_ep_magnetiz_lao-go_1 LiH.C1
108: passed
108: 
108: running test: LiH.dc_rkb.linresp_ee_magnetiz_lao-go_1 LiH.C1
108: passed
108: 
108: running test: LiH.levyle.linresp_magnetiz_lao-go_1 LiH.C1
108: passed
 91/163 Test #108: response_lao_magnetiz ......................   Passed   28.37 sec
test 72
        Start  72: basis_input

72: Test command: /cluster/easybuild/broadwell/software/lang/Python/3.6.1-intel-2017.02/bin/python "/home/mirilias/work/software/dirac/trunk_production/test/basis_input/test" "--binary-dir=/home/mirilias/work/software/dirac/trunk_production/build_openmpi_intel_mklpar_i8" "--work-dir=/home/mirilias/work/software/dirac/trunk_production/build_openmpi_intel_mklpar_i8/test/basis_input" "--verbose"
72: Test timeout computed to be: 1500
83: 
83: running test: ci.1 O
83: passed
83: 
83: running test: ci.2 O
83: passed
83: 
83: running test: ci.3 O
83: passed
83: 
83: running test: ci.4 O
83: passed
83: 
83: running test: O.bss_sfB.scf_ci O
83: passed
83: 
83: running test: O.bss+mfsso.postscf.ci O
83: passed
83: 
83: running test: O.bss+mfsso.scf_ci O
83: passed
83: 
83: running test: O.bss.scf_ci O
83: passed
 92/163 Test  #83: cosci_methods ..............................   Passed   29.58 sec
test 155
        Start 155: esr

155: Test command: /cluster/easybuild/broadwell/software/lang/Python/3.6.1-intel-2017.02/bin/python "/home/mirilias/work/software/dirac/trunk_production/test/esr/test" "--binary-dir=/home/mirilias/work/software/dirac/trunk_production/build_openmpi_intel_mklpar_i8" "--work-dir=/home/mirilias/work/software/dirac/trunk_production/build_openmpi_intel_mklpar_i8/test/esr" "--verbose"
155: Test timeout computed to be: 1500
9: 
9: running test: be.d2h Be.d2h
9: passed
9: 
9: running test: f F
9: passed
 93/163 Test   #9: krci_energy ................................   Passed   28.15 sec
test 149
        Start 149: e_edm_finite_field

149: Test command: /cluster/easybuild/broadwell/software/lang/Python/3.6.1-intel-2017.02/bin/python "/home/mirilias/work/software/dirac/trunk_production/test/e_edm_finite_field/test" "--binary-dir=/home/mirilias/work/software/dirac/trunk_production/build_openmpi_intel_mklpar_i8" "--work-dir=/home/mirilias/work/software/dirac/trunk_production/build_openmpi_intel_mklpar_i8/test/e_edm_finite_field" "--verbose"
149: Test timeout computed to be: 1500
152: 
152: running test with input files ['Cl-.dc_rkb.1fs.scf_fscc10.inp', 'Cl.ccpVDZ.C2.mol'] and args --put "DFPCMO.Cl-.C2.ccpVDZ=DFPCMO"
152: passed
 94/163 Test #152: magn_hyperfine_finite_field ................   Passed   18.61 sec
test 150
        Start 150: ne_sps_finite_field

150: Test command: /cluster/easybuild/broadwell/software/lang/Python/3.6.1-intel-2017.02/bin/python "/home/mirilias/work/software/dirac/trunk_production/test/ne_sps_finite_field/test" "--binary-dir=/home/mirilias/work/software/dirac/trunk_production/build_openmpi_intel_mklpar_i8" "--work-dir=/home/mirilias/work/software/dirac/trunk_production/build_openmpi_intel_mklpar_i8/test/ne_sps_finite_field" "--verbose"
150: Test timeout computed to be: 1500
72: 
72: running test: ch4 ch4_temp
72: passed
72: 
72: running test: ch4 ch4_explicit
72: passed
72: 
72: running test: ch4 ch4_explicit_small
72: passed
72: 
72: running test: ch4 ch4_family
72: passed
72: 
72: running test: ch4 ch4_dualfamily
72: passed
72: 
72: running test: ch4 ch4_basis
72: passed
72: 
72: running test: ch4 ch4_bsse
72: passed
72: 
72: running test: ch4 ch4_basis_vtz
72: passed
72: 
72: running test: ch4 ch4_multibasis_vtz
72: passed
72: 
72: running test: ch4 ch4_molfbas
72: passed
 95/163 Test  #72: basis_input ................................   Passed   18.53 sec
test 132
        Start 132: lucita_q_corrections

132: Test command: /cluster/easybuild/broadwell/software/lang/Python/3.6.1-intel-2017.02/bin/python "/home/mirilias/work/software/dirac/trunk_production/test/lucita_q_corrections/test" "--binary-dir=/home/mirilias/work/software/dirac/trunk_production/build_openmpi_intel_mklpar_i8" "--work-dir=/home/mirilias/work/software/dirac/trunk_production/build_openmpi_intel_mklpar_i8/test/lucita_q_corrections" "--verbose"
132: Test timeout computed to be: 1500
155: 
155: running test: esr CN
155: passed
155: 
155: running test: esr_mp2 CN
155: passed
 96/163 Test #155: esr ........................................   Passed   18.92 sec
test 3
        Start   3: stex

3: Test command: /cluster/easybuild/broadwell/software/lang/Python/3.6.1-intel-2017.02/bin/python "/home/mirilias/work/software/dirac/trunk_production/test/stex/test" "--binary-dir=/home/mirilias/work/software/dirac/trunk_production/build_openmpi_intel_mklpar_i8" "--work-dir=/home/mirilias/work/software/dirac/trunk_production/build_openmpi_intel_mklpar_i8/test/stex" "--verbose"
3: Test timeout computed to be: 1500
149: 
149: running test with input files ['MgF.dc_rkb.scf_relcc_eedm.1e-4.inp', 'MgF.sto-2g.C2v.mol'] and args None
149: passed
149: 
149: running test with input files ['MgF.dc_rkb.scf_relcc-oe_eedm.1e-4.inp', 'MgF.sto-2g.C2v.mol'] and args None
149: passed
 97/163 Test #149: e_edm_finite_field .........................   Passed   16.85 sec
test 87
        Start  87: dft_cam

87: Test command: /cluster/easybuild/broadwell/software/lang/Python/3.6.1-intel-2017.02/bin/python "/home/mirilias/work/software/dirac/trunk_production/test/dft_cam/test" "--binary-dir=/home/mirilias/work/software/dirac/trunk_production/build_openmpi_intel_mklpar_i8" "--work-dir=/home/mirilias/work/software/dirac/trunk_production/build_openmpi_intel_mklpar_i8/test/dft_cam" "--verbose"
87: Test timeout computed to be: 1500
3: 
3: running test: gs LiH-c1
3: finished (no reference)
3: 
3: running test: ion LiH-c1
3: finished (no reference)
3: 
3: running test: stex LiH-c1
3: passed
 98/163 Test   #3: stex .......................................   Passed   13.39 sec
test 54
        Start  54: huckel_start

54: Test command: /cluster/easybuild/broadwell/software/lang/Python/3.6.1-intel-2017.02/bin/python "/home/mirilias/work/software/dirac/trunk_production/test/huckel_start/test" "--binary-dir=/home/mirilias/work/software/dirac/trunk_production/build_openmpi_intel_mklpar_i8" "--work-dir=/home/mirilias/work/software/dirac/trunk_production/build_openmpi_intel_mklpar_i8/test/huckel_start" "--verbose"
54: Test timeout computed to be: 1500
150: 
150: running test with input files ['MgF.dc_rkb.scf_relcc_nesps-pvc.1e-4.inp', 'MgF.sto-2g.C2v.mol'] and args None
150: passed
150: 
150: running test with input files ['MgF.dc_rkb.scf_relcc_nesps-fc.1e-4.inp', 'MgF.sto-2g.C2v.mol'] and args None
150: passed
 99/163 Test #150: ne_sps_finite_field ........................   Passed   16.91 sec
test 153
        Start 153: nmqm_operator

153: Test command: /cluster/easybuild/broadwell/software/lang/Python/3.6.1-intel-2017.02/bin/python "/home/mirilias/work/software/dirac/trunk_production/test/nmqm_operator/test" "--binary-dir=/home/mirilias/work/software/dirac/trunk_production/build_openmpi_intel_mklpar_i8" "--work-dir=/home/mirilias/work/software/dirac/trunk_production/build_openmpi_intel_mklpar_i8/test/nmqm_operator" "--verbose"
153: Test timeout computed to be: 1500
132: 
132: running test: lucita-q h2o
132: passed
100/163 Test #132: lucita_q_corrections .......................   Passed   16.81 sec
test 82
        Start  82: cosci_energy_spinfree

82: Test command: /cluster/easybuild/broadwell/software/lang/Python/3.6.1-intel-2017.02/bin/python "/home/mirilias/work/software/dirac/trunk_production/test/cosci_energy_spinfree/test" "--binary-dir=/home/mirilias/work/software/dirac/trunk_production/build_openmpi_intel_mklpar_i8" "--work-dir=/home/mirilias/work/software/dirac/trunk_production/build_openmpi_intel_mklpar_i8/test/cosci_energy_spinfree" "--verbose"
82: Test timeout computed to be: 1500
87: 
87: running test: camb3lyp ne
87: passed
87: 
87: running test: camb3lyp_explicit ne
87: passed
87: 
87: running test: b3lyp ne
87: passed
87: 
87: running test: b3lyp_via_cam ne
87: passed
101/163 Test  #87: dft_cam ....................................   Passed   16.26 sec
test 74
        Start  74: bsse

74: Test command: /cluster/easybuild/broadwell/software/lang/Python/3.6.1-intel-2017.02/bin/python "/home/mirilias/work/software/dirac/trunk_production/test/bsse/test" "--binary-dir=/home/mirilias/work/software/dirac/trunk_production/build_openmpi_intel_mklpar_i8" "--work-dir=/home/mirilias/work/software/dirac/trunk_production/build_openmpi_intel_mklpar_i8/test/bsse" "--verbose"
74: Test timeout computed to be: 1500
82: 
82: running test: ci F
82: passed
82: 
82: running test: bss_rkb_sfB.ci F
82: passed
82: 
82: running test: bss_rkb_sfE.ci F
82: passed
82: 
82: running test: bss_sfB.ci F
82: passed
102/163 Test  #82: cosci_energy_spinfree ......................   Passed   11.31 sec
test 75
        Start  75: bss_energy

75: Test command: /cluster/easybuild/broadwell/software/lang/Python/3.6.1-intel-2017.02/bin/python "/home/mirilias/work/software/dirac/trunk_production/test/bss_energy/test" "--binary-dir=/home/mirilias/work/software/dirac/trunk_production/build_openmpi_intel_mklpar_i8" "--work-dir=/home/mirilias/work/software/dirac/trunk_production/build_openmpi_intel_mklpar_i8/test/bss_energy" "--verbose"
75: Test timeout computed to be: 1500
54: 
54: running test: H H
54: finished (no reference)
54: 
54: running test: B B
54: finished (no reference)
54: 
54: running test: HF BH3
54: passed
103/163 Test  #54: huckel_start ...............................   Passed   13.76 sec
test 106
        Start 106: response_hf_polarizability

106: Test command: /cluster/easybuild/broadwell/software/lang/Python/3.6.1-intel-2017.02/bin/python "/home/mirilias/work/software/dirac/trunk_production/test/response_hf_polarizability/test" "--binary-dir=/home/mirilias/work/software/dirac/trunk_production/build_openmpi_intel_mklpar_i8" "--work-dir=/home/mirilias/work/software/dirac/trunk_production/build_openmpi_intel_mklpar_i8/test/response_hf_polarizability" "--verbose"
106: Test timeout computed to be: 1500
153: 
153: running test with input files ['MgF.dc_rkb.scf_prptra_nmqm.inp', 'MgF.sto-2g.C2v.mol'] and args None
153: passed
153: 
153: running test with input files ['MgF.dc_rkb.scf_prptra_nmqm_def.inp', 'MgF.sto-2g.C2v.mol'] and args None
153: passed
153: 
153: running test with input files ['MgF.dc_rkb.scf_relcc_nmqm.1e-4.inp', 'MgF.sto-2g.C2v.mol'] and args None
153: passed
104/163 Test #153: nmqm_operator ..............................   Passed   14.49 sec
test 30
        Start  30: eomee_fc_cvs

30: Test command: /cluster/easybuild/broadwell/software/lang/Python/3.6.1-intel-2017.02/bin/python "/home/mirilias/work/software/dirac/trunk_production/test/eomee_fc_cvs/test" "--binary-dir=/home/mirilias/work/software/dirac/trunk_production/build_openmpi_intel_mklpar_i8" "--work-dir=/home/mirilias/work/software/dirac/trunk_production/build_openmpi_intel_mklpar_i8/test/eomee_fc_cvs" "--verbose"
30: Test timeout computed to be: 1500
74: 
74: running test: x2c.scf_autoocc HF.sto-2g.lsym
74: passed
74: 
74: running test: x2c.scf_autoocc.xyz HF
74: passed
74: 
74: running test: Gh_HF.x2c.scf Gh_HF.sto-2g.lsym
74: passed
74: 
74: running test: Gh_HF.x2c.scf.xyz_GhH Gh_HF
74: passed
74: 
74: running test: x2c.scf_autoocc HGh_F.sto-2g.lsym
74: passed
74: 
74: running test: x2c.scf_autoocc.xyz_GhF HGh_F
74: passed
105/163 Test  #74: bsse .......................................   Passed   14.48 sec
test 84
        Start  84: cosci_tmom

84: Test command: /cluster/easybuild/broadwell/software/lang/Python/3.6.1-intel-2017.02/bin/python "/home/mirilias/work/software/dirac/trunk_production/test/cosci_tmom/test" "--binary-dir=/home/mirilias/work/software/dirac/trunk_production/build_openmpi_intel_mklpar_i8" "--work-dir=/home/mirilias/work/software/dirac/trunk_production/build_openmpi_intel_mklpar_i8/test/cosci_tmom" "--verbose"
84: Test timeout computed to be: 1500
75: 
75: running test: HF.bss.cc Z80H.lsym.dir
75: passed
75: 
75: running test: HF.bss_sfb.cc_cisd Z80H.lsym.dir
75: passed
75: 
75: running test: HF.dk2_sfb.pnuc.cc_cisd Z80H.lsym.dir
75: passed
106/163 Test  #75: bss_energy .................................   Passed   13.10 sec
test 101
        Start 101: mp2_natural_orbitals

101: Test command: /cluster/easybuild/broadwell/software/lang/Python/3.6.1-intel-2017.02/bin/python "/home/mirilias/work/software/dirac/trunk_production/test/mp2_natural_orbitals/test" "--binary-dir=/home/mirilias/work/software/dirac/trunk_production/build_openmpi_intel_mklpar_i8" "--work-dir=/home/mirilias/work/software/dirac/trunk_production/build_openmpi_intel_mklpar_i8/test/mp2_natural_orbitals" "--verbose"
101: Test timeout computed to be: 1500
30: 
30: running test: fc_cvs_eom_ee_sym h2o
30: passed
30: 
30: running test: fc_cvs_eom_ee_nosym h2o
30: passed
107/163 Test  #30: eomee_fc_cvs ...............................   Passed   12.27 sec
test 118
        Start 118: zora

118: Test command: /cluster/easybuild/broadwell/software/lang/Python/3.6.1-intel-2017.02/bin/python "/home/mirilias/work/software/dirac/trunk_production/test/zora/test" "--binary-dir=/home/mirilias/work/software/dirac/trunk_production/build_openmpi_intel_mklpar_i8" "--work-dir=/home/mirilias/work/software/dirac/trunk_production/build_openmpi_intel_mklpar_i8/test/zora" "--verbose"
118: Test timeout computed to be: 1500
106: 
106: running test: dc H2O
106: passed
106: 
106: running test: bss H2O
106: passed
106: 
106: running test: bss+mfsso H2O
106: passed
106: 
106: running test: bss_rkb+mfsso H2O
106: passed
108/163 Test #106: response_hf_polarizability .................   Passed   14.04 sec
test 144
        Start 144: fscc_intensities

144: Test command: /cluster/easybuild/broadwell/software/lang/Python/3.6.1-intel-2017.02/bin/python "/home/mirilias/work/software/dirac/trunk_production/test/fscc_intensities/test" "--binary-dir=/home/mirilias/work/software/dirac/trunk_production/build_openmpi_intel_mklpar_i8" "--work-dir=/home/mirilias/work/software/dirac/trunk_production/build_openmpi_intel_mklpar_i8/test/fscc_intensities" "--verbose"
144: Test timeout computed to be: 1500
84: 
84: running test: cosci.Li2 Li2
84: passed
84: 
84: running test: cosci.H3 H3
84: passed
109/163 Test  #84: cosci_tmom .................................   Passed   13.38 sec
test 112
        Start 112: symmetry_recognition

112: Test command: /cluster/easybuild/broadwell/software/lang/Python/3.6.1-intel-2017.02/bin/python "/home/mirilias/work/software/dirac/trunk_production/test/symmetry_recognition/test" "--binary-dir=/home/mirilias/work/software/dirac/trunk_production/build_openmpi_intel_mklpar_i8" "--work-dir=/home/mirilias/work/software/dirac/trunk_production/build_openmpi_intel_mklpar_i8/test/symmetry_recognition" "--verbose"
112: Test timeout computed to be: 1500
101: 
101: running test: hf cinfv
101: passed
101: 
101: running test: hf c2v
101: passed
101: 
101: running test: f2 dinfh
101: passed
110/163 Test #101: mp2_natural_orbitals .......................   Passed   12.85 sec
test 96
        Start  96: krci_properties_perm_dipmom

96: Test command: /cluster/easybuild/broadwell/software/lang/Python/3.6.1-intel-2017.02/bin/python "/home/mirilias/work/software/dirac/trunk_production/test/krci_properties_perm_dipmom/test" "--binary-dir=/home/mirilias/work/software/dirac/trunk_production/build_openmpi_intel_mklpar_i8" "--work-dir=/home/mirilias/work/software/dirac/trunk_production/build_openmpi_intel_mklpar_i8/test/krci_properties_perm_dipmom" "--verbose"
96: Test timeout computed to be: 1500
118: 
118: running test: 1el.dirac U.dyall.2p
118: passed
118: 
118: running test: 1el.diracsf U.dyall.2p
118: passed
118: 
118: running test: 1el.zora U.dyall.2p
118: passed
118: 
118: running test: 1el.zorasf U.dyall.2p
118: passed
118: 
118: running test: 1el.zorasc U.dyall.2p
118: passed
118: 
118: running test: 1el.zorascsf U.dyall.2p
118: passed
111/163 Test #118: zora .......................................   Passed   12.30 sec
test 135
        Start 135: operators_mo_mtx_elements

135: Test command: /cluster/easybuild/broadwell/software/lang/Python/3.6.1-intel-2017.02/bin/python "/home/mirilias/work/software/dirac/trunk_production/test/operators_mo_mtx_elements/test" "--binary-dir=/home/mirilias/work/software/dirac/trunk_production/build_openmpi_intel_mklpar_i8" "--work-dir=/home/mirilias/work/software/dirac/trunk_production/build_openmpi_intel_mklpar_i8/test/operators_mo_mtx_elements" "--verbose"
135: Test timeout computed to be: 1500
144: 
144: running test: excitations H2O
144: passed
112/163 Test #144: fscc_intensities ...........................   Passed   12.29 sec
test 109
        Start 109: response_lao_magnetiz_dft

109: Test command: /cluster/easybuild/broadwell/software/lang/Python/3.6.1-intel-2017.02/bin/python "/home/mirilias/work/software/dirac/trunk_production/test/response_lao_magnetiz_dft/test" "--binary-dir=/home/mirilias/work/software/dirac/trunk_production/build_openmpi_intel_mklpar_i8" "--work-dir=/home/mirilias/work/software/dirac/trunk_production/build_openmpi_intel_mklpar_i8/test/response_lao_magnetiz_dft" "--verbose"
109: Test timeout computed to be: 1500
112: 
112: running test: lda H2O
112: passed
112: 
112: running test: lda CH4
112: passed
112: 
112: running test: lda SF6
112: passed
112: 
112: running test: lda transCHFCHF
112: passed
113/163 Test #112: symmetry_recognition .......................   Passed   12.38 sec
test 71
        Start  71: basis_contraction

71: Test command: /cluster/easybuild/broadwell/software/lang/Python/3.6.1-intel-2017.02/bin/python "/home/mirilias/work/software/dirac/trunk_production/test/basis_contraction/test" "--binary-dir=/home/mirilias/work/software/dirac/trunk_production/build_openmpi_intel_mklpar_i8" "--work-dir=/home/mirilias/work/software/dirac/trunk_production/build_openmpi_intel_mklpar_i8/test/basis_contraction" "--verbose"
71: Test timeout computed to be: 1500
71: 
71: running test: dhf H2O.large+small
71: passed
71: 
71: running test: dhf H2O.usingfiles
71: passed
114/163 Test  #71: basis_contraction ..........................   Passed    5.93 sec
test 88
        Start  88: dft_erf_xcfun

88: Test command: /cluster/easybuild/broadwell/software/lang/Python/3.6.1-intel-2017.02/bin/python "/home/mirilias/work/software/dirac/trunk_production/test/dft_erf_xcfun/test" "--binary-dir=/home/mirilias/work/software/dirac/trunk_production/build_openmpi_intel_mklpar_i8" "--work-dir=/home/mirilias/work/software/dirac/trunk_production/build_openmpi_intel_mklpar_i8/test/dft_erf_xcfun" "--verbose"
88: Test timeout computed to be: 1500
96: 
96: running test: h3 H3
96: passed
115/163 Test  #96: krci_properties_perm_dipmom ................   Passed   12.30 sec
test 13
        Start  13: ffpt_dipmom_polariz_relcc

13: Test command: /cluster/easybuild/broadwell/software/lang/Python/3.6.1-intel-2017.02/bin/python "/home/mirilias/work/software/dirac/trunk_production/test/ffpt_dipmom_polariz_relcc/test" "--binary-dir=/home/mirilias/work/software/dirac/trunk_production/build_openmpi_intel_mklpar_i8" "--work-dir=/home/mirilias/work/software/dirac/trunk_production/build_openmpi_intel_mklpar_i8/test/ffpt_dipmom_polariz_relcc" "--verbose"
13: Test timeout computed to be: 1500
135: 
135: running test with input files ['Ne.dc_sf.2fs.scf_prptra_x-y-z-dipole.inp', 'Rn_Ne-like.mol'] and args None
135: passed
135: 
135: running test with input files ['Ne.levyle.2fs.scf_prptra_xy2z3.inp', 'Rn_Ne-like.mol'] and args None
135: passed
135: 
135: running test with input files ['Ne.dc_rkb.2fs.scf_prptra_dsigmadot-nucfield.inp', 'Rn_Ne-like.mol'] and args None
135: passed
135: 
135: running test with input files ['Ne.dc_rkb.2fs.scf_prptra_ibetagama_edm.inp', 'Rn_Ne-like.mol'] and args None
135: passed
135: 
135: running test with input files ['Ne.dc_rkb.2fs.scf_prptra_alpha_fc.inp', 'Rn_Ne-like.mol'] and args None
135: passed
116/163 Test #135: operators_mo_mtx_elements ..................   Passed   11.88 sec
test 31
        Start  31: eomip_fc_cvs

31: Test command: /cluster/easybuild/broadwell/software/lang/Python/3.6.1-intel-2017.02/bin/python "/home/mirilias/work/software/dirac/trunk_production/test/eomip_fc_cvs/test" "--binary-dir=/home/mirilias/work/software/dirac/trunk_production/build_openmpi_intel_mklpar_i8" "--work-dir=/home/mirilias/work/software/dirac/trunk_production/build_openmpi_intel_mklpar_i8/test/eomip_fc_cvs" "--verbose"
31: Test timeout computed to be: 1500
109: 
109: running test: dc_pbe hf
109: finished (no reference)
109: 
109: running test: dc_pbe_magn_sc_g0 hf
109: passed
117/163 Test #109: response_lao_magnetiz_dft ..................   Passed   11.91 sec
test 29
        Start  29: count_cc_memory

29: Test command: /cluster/easybuild/broadwell/software/lang/Python/3.6.1-intel-2017.02/bin/python "/home/mirilias/work/software/dirac/trunk_production/test/count_cc_memory/test" "--binary-dir=/home/mirilias/work/software/dirac/trunk_production/build_openmpi_intel_mklpar_i8" "--work-dir=/home/mirilias/work/software/dirac/trunk_production/build_openmpi_intel_mklpar_i8/test/count_cc_memory" "--verbose"
29: Test timeout computed to be: 1500
88: 
88: running test: ldaerf he
88: passed
88: 
88: running test: ldaerf ne
88: passed
88: 
88: running test: ldaerf_jt he
88: passed
88: 
88: running test: ldaerf_jt ne
88: passed
118/163 Test  #88: dft_erf_xcfun ..............................   Passed   11.86 sec
test 105
        Start 105: response_C6

105: Test command: /cluster/easybuild/broadwell/software/lang/Python/3.6.1-intel-2017.02/bin/python "/home/mirilias/work/software/dirac/trunk_production/test/response_C6/test" "--binary-dir=/home/mirilias/work/software/dirac/trunk_production/build_openmpi_intel_mklpar_i8" "--work-dir=/home/mirilias/work/software/dirac/trunk_production/build_openmpi_intel_mklpar_i8/test/response_C6" "--verbose"
105: Test timeout computed to be: 1500
31: 
31: running test: fc_cvs_eom_ip_sym h2o
31: passed
31: 
31: running test: fc_cvs_eom_ip_nosym h2o
31: passed
119/163 Test  #31: eomip_fc_cvs ...............................   Passed   10.61 sec
test 55
        Start  55: lucita_large

55: Test command: /cluster/easybuild/broadwell/software/lang/Python/3.6.1-intel-2017.02/bin/python "/home/mirilias/work/software/dirac/trunk_production/test/lucita_large/test" "--binary-dir=/home/mirilias/work/software/dirac/trunk_production/build_openmpi_intel_mklpar_i8" "--work-dir=/home/mirilias/work/software/dirac/trunk_production/build_openmpi_intel_mklpar_i8/test/lucita_large" "--verbose"
55: Test timeout computed to be: 1500
29: 
29: running test with input files ['H2O.ae4z.x2c.scf_countmem-relcc.inp', 'H2O.xyz'] and args  --mw=32 --nw=32 --aw=64 --put "DFPCMO.H2O.x2c.ae4z=DFPCMO" 
29: passed
120/163 Test  #29: count_cc_memory ............................   Passed   10.57 sec
test 130
        Start 130: response_nonrel

130: Test command: /cluster/easybuild/broadwell/software/lang/Python/3.6.1-intel-2017.02/bin/python "/home/mirilias/work/software/dirac/trunk_production/test/response_nonrel/test" "--binary-dir=/home/mirilias/work/software/dirac/trunk_production/build_openmpi_intel_mklpar_i8" "--work-dir=/home/mirilias/work/software/dirac/trunk_production/build_openmpi_intel_mklpar_i8/test/response_nonrel" "--verbose"
130: Test timeout computed to be: 1500
13: 
13: running test with input files ['BeH.x2c_scf_relcc_+0.0005.inp', 'BeH.sto-2g.C2v.mol'] and args --noarch --put "DFPCMO.BeH.x2c_scf_sto-2g.C2v=DFPCMO"
13: passed
13: 
13: running test with input files ['BeH.x2c_scf_relcc_-0.0005.inp', 'BeH.sto-2g.C2v.mol'] and args --noarch --put "DFPCMO.BeH.x2c_scf_sto-2g.C2v=DFPCMO"
13: passed
13: 
13: running test with input files ['BeH.x2c_scf_dipmom.inp', 'BeH.sto-2g.C2v.mol'] and args --noarch --put "DFPCMO.BeH.x2c_scf_sto-2g.C2v=DFPCMO"
13: passed
121/163 Test  #13: ffpt_dipmom_polariz_relcc ..................   Passed   11.75 sec
test 86
        Start  86: dft_betasigma

86: Test command: /cluster/easybuild/broadwell/software/lang/Python/3.6.1-intel-2017.02/bin/python "/home/mirilias/work/software/dirac/trunk_production/test/dft_betasigma/test" "--binary-dir=/home/mirilias/work/software/dirac/trunk_production/build_openmpi_intel_mklpar_i8" "--work-dir=/home/mirilias/work/software/dirac/trunk_production/build_openmpi_intel_mklpar_i8/test/dft_betasigma" "--verbose"
86: Test timeout computed to be: 1500
105: 
105: running test: C6 Ne
105: passed
122/163 Test #105: response_C6 ................................   Passed    6.66 sec
test 141
        Start 141: bed_anisotropic

141: Test command: /cluster/easybuild/broadwell/software/lang/Python/3.6.1-intel-2017.02/bin/python "/home/mirilias/work/software/dirac/trunk_production/test/bed_anisotropic/test" "--binary-dir=/home/mirilias/work/software/dirac/trunk_production/build_openmpi_intel_mklpar_i8" "--work-dir=/home/mirilias/work/software/dirac/trunk_production/build_openmpi_intel_mklpar_i8/test/bed_anisotropic" "--verbose"
141: Test timeout computed to be: 1500
130: 
130: running test: levy-leblond hf
130: passed
130: 
130: running test: nonrel hf
130: found error which is expected/accepted: ERROR: response with .NONREL not possible
123/163 Test #130: response_nonrel ............................   Passed    6.38 sec
test 97
        Start  97: linear_structures

97: Test command: /cluster/easybuild/broadwell/software/lang/Python/3.6.1-intel-2017.02/bin/python "/home/mirilias/work/software/dirac/trunk_production/test/linear_structures/test" "--binary-dir=/home/mirilias/work/software/dirac/trunk_production/build_openmpi_intel_mklpar_i8" "--work-dir=/home/mirilias/work/software/dirac/trunk_production/build_openmpi_intel_mklpar_i8/test/linear_structures" "--verbose"
97: Test timeout computed to be: 1500
55: 
55: running test: HBr HBr
55: passed
124/163 Test  #55: lucita_large ...............................   Passed   10.27 sec
test 122
        Start 122: krci_properties_omega_tdm

122: Test command: /cluster/easybuild/broadwell/software/lang/Python/3.6.1-intel-2017.02/bin/python "/home/mirilias/work/software/dirac/trunk_production/test/krci_properties_omega_tdm/test" "--binary-dir=/home/mirilias/work/software/dirac/trunk_production/build_openmpi_intel_mklpar_i8" "--work-dir=/home/mirilias/work/software/dirac/trunk_production/build_openmpi_intel_mklpar_i8/test/krci_properties_omega_tdm" "--verbose"
122: Test timeout computed to be: 1500
86: 
86: running test: lda_sigma he
86: passed
86: 
86: running test: lda_betasigma he
86: passed
86: 
86: running test: blyp_sigma he
86: passed
86: 
86: running test: blyp_betasigma he
86: passed
125/163 Test  #86: dft_betasigma ..............................   Passed   10.33 sec
test 95
        Start  95: gaunt

95: Test command: /cluster/easybuild/broadwell/software/lang/Python/3.6.1-intel-2017.02/bin/python "/home/mirilias/work/software/dirac/trunk_production/test/gaunt/test" "--binary-dir=/home/mirilias/work/software/dirac/trunk_production/build_openmpi_intel_mklpar_i8" "--work-dir=/home/mirilias/work/software/dirac/trunk_production/build_openmpi_intel_mklpar_i8/test/gaunt" "--verbose"
95: Test timeout computed to be: 1500
141: 
141: running test: AnisotropicKedge H2O
141: passed
126/163 Test #141: bed_anisotropic ............................   Passed   10.58 sec
test 69
        Start  69: atomic_start

69: Test command: /cluster/easybuild/broadwell/software/lang/Python/3.6.1-intel-2017.02/bin/python "/home/mirilias/work/software/dirac/trunk_production/test/atomic_start/test" "--binary-dir=/home/mirilias/work/software/dirac/trunk_production/build_openmpi_intel_mklpar_i8" "--work-dir=/home/mirilias/work/software/dirac/trunk_production/build_openmpi_intel_mklpar_i8/test/atomic_start" "--verbose"
69: Test timeout computed to be: 1500
97: 
97: running test: x2c.scf HeNe2.lsym1
97: passed
97: 
97: running test: x2c.scf He2Ne2.lsym1
97: passed
97: 
97: running test: x2c.scf HeNe3.lsym
97: passed
97: 
97: running test: x2c.molecule.scf HeNe2
97: passed
127/163 Test  #97: linear_structures ..........................   Passed   10.19 sec
test 148
        Start 148: projection_analysis_overlaps

148: Test command: /cluster/easybuild/broadwell/software/lang/Python/3.6.1-intel-2017.02/bin/python "/home/mirilias/work/software/dirac/trunk_production/test/projection_analysis_overlaps/test" "--binary-dir=/home/mirilias/work/software/dirac/trunk_production/build_openmpi_intel_mklpar_i8" "--work-dir=/home/mirilias/work/software/dirac/trunk_production/build_openmpi_intel_mklpar_i8/test/projection_analysis_overlaps" "--verbose"
148: Test timeout computed to be: 1500
95: 
95: running test: gaunt Ne.C2
95: passed
128/163 Test  #95: gaunt ......................................   Passed    6.18 sec
test 133
        Start 133: x2c-SCF_to_4c-SCF

133: Test command: /cluster/easybuild/broadwell/software/lang/Python/3.6.1-intel-2017.02/bin/python "/home/mirilias/work/software/dirac/trunk_production/test/x2c-SCF_to_4c-SCF/test" "--binary-dir=/home/mirilias/work/software/dirac/trunk_production/build_openmpi_intel_mklpar_i8" "--work-dir=/home/mirilias/work/software/dirac/trunk_production/build_openmpi_intel_mklpar_i8/test/x2c-SCF_to_4c-SCF" "--verbose"
133: Test timeout computed to be: 1500
122: 
122: running test: h2 H2
122: passed
129/163 Test #122: krci_properties_omega_tdm ..................   Passed   10.47 sec
test 100
        Start 100: mp2_srdft_energies

100: Test command: /cluster/easybuild/broadwell/software/lang/Python/3.6.1-intel-2017.02/bin/python "/home/mirilias/work/software/dirac/trunk_production/test/mp2_srdft_energies/test" "--binary-dir=/home/mirilias/work/software/dirac/trunk_production/build_openmpi_intel_mklpar_i8" "--work-dir=/home/mirilias/work/software/dirac/trunk_production/build_openmpi_intel_mklpar_i8/test/mp2_srdft_energies" "--verbose"
100: Test timeout computed to be: 1500
69: 
69: running test: H H
69: finished (no reference)
69: 
69: running test: O O
69: finished (no reference)
69: 
69: running test: O_atom O
69: passed
69: 
69: running test: H2O H2O
69: passed
130/163 Test  #69: atomic_start ...............................   Passed    9.52 sec
test 134
        Start 134: import_mos

134: Test command: /cluster/easybuild/broadwell/software/lang/Python/3.6.1-intel-2017.02/bin/python "/home/mirilias/work/software/dirac/trunk_production/test/import_mos/test" "--binary-dir=/home/mirilias/work/software/dirac/trunk_production/build_openmpi_intel_mklpar_i8" "--work-dir=/home/mirilias/work/software/dirac/trunk_production/build_openmpi_intel_mklpar_i8/test/import_mos" "--verbose"
134: Test timeout computed to be: 1500
148: 
148: running test: F.x2c.scf.sto2g F
148: passed
148: 
148: running test: P.x2c.scf.sto2g P
148: passed
148: 
148: running test: PF5.x2c.scf.sto2g PF5
148: passed
148: 
148: running test: PF5.x2c.projanal.sto2g PF5
148: passed
131/163 Test #148: projection_analysis_overlaps ...............   Passed    9.16 sec
test 140
        Start 140: bed_isotropic

140: Test command: /cluster/easybuild/broadwell/software/lang/Python/3.6.1-intel-2017.02/bin/python "/home/mirilias/work/software/dirac/trunk_production/test/bed_isotropic/test" "--binary-dir=/home/mirilias/work/software/dirac/trunk_production/build_openmpi_intel_mklpar_i8" "--work-dir=/home/mirilias/work/software/dirac/trunk_production/build_openmpi_intel_mklpar_i8/test/bed_isotropic" "--verbose"
140: Test timeout computed to be: 1500
133: 
133: running test: x2c H2O
133: found error which is expected/accepted: 2
133: 
133: running test: 4c H2O
133: found error which is expected/accepted: 2
133: 
133: running test: x2c-SCF_to_4c-SCF H2O
133: found error which is expected/accepted: 2
132/163 Test #133: x2c-SCF_to_4c-SCF ..........................   Passed    9.03 sec
test 104
        Start 104: pvc_scf

104: Test command: /cluster/easybuild/broadwell/software/lang/Python/3.6.1-intel-2017.02/bin/python "/home/mirilias/work/software/dirac/trunk_production/test/pvc_scf/test" "--binary-dir=/home/mirilias/work/software/dirac/trunk_production/build_openmpi_intel_mklpar_i8" "--work-dir=/home/mirilias/work/software/dirac/trunk_production/build_openmpi_intel_mklpar_i8/test/pvc_scf" "--verbose"
104: Test timeout computed to be: 1500
100: 
100: running test: srLDA He2
100: passed
100: 
100: running test: srPBEH He2
100: passed
100: 
100: running test: srPBES He2
100: passed
133/163 Test #100: mp2_srdft_energies .........................   Passed    8.61 sec
test 128
        Start 128: scf_levelshift

128: Test command: /cluster/easybuild/broadwell/software/lang/Python/3.6.1-intel-2017.02/bin/python "/home/mirilias/work/software/dirac/trunk_production/test/scf_levelshift/test" "--binary-dir=/home/mirilias/work/software/dirac/trunk_production/build_openmpi_intel_mklpar_i8" "--work-dir=/home/mirilias/work/software/dirac/trunk_production/build_openmpi_intel_mklpar_i8/test/scf_levelshift" "--verbose"
128: Test timeout computed to be: 1500
104: 
104: running test: point_charge h2o2
104: passed
104: 
104: running test: gaussian_model h2o2
104: passed
134/163 Test #104: pvc_scf ....................................   Passed    8.15 sec
test 139
        Start 139: molecular_mean_field_restart

139: Test command: /cluster/easybuild/broadwell/software/lang/Python/3.6.1-intel-2017.02/bin/python "/home/mirilias/work/software/dirac/trunk_production/test/molecular_mean_field_restart/test" "--binary-dir=/home/mirilias/work/software/dirac/trunk_production/build_openmpi_intel_mklpar_i8" "--work-dir=/home/mirilias/work/software/dirac/trunk_production/build_openmpi_intel_mklpar_i8/test/molecular_mean_field_restart" "--verbose"
139: Test timeout computed to be: 1500
134: 
134: running test: scf-nr-molcas h2o-cc-pV5Z-nosym
134: passed
134: 
134: running test: scf-nr-molcas fh-cc-pV5Z-nosym
134: passed
134: 
134: running test: scf-nr-respect h2o-cc-pVTZ-nosym
134: passed
134: 
134: running test: scf-nr-turbomole h2o-cc-pV5Z-nosym-tm
134: passed
135/163 Test #134: import_mos .................................   Passed    9.06 sec
test 154
        Start 154: laplace

154: Test command: /cluster/easybuild/broadwell/software/lang/Python/3.6.1-intel-2017.02/bin/python "/home/mirilias/work/software/dirac/trunk_production/test/laplace/test" "--binary-dir=/home/mirilias/work/software/dirac/trunk_production/build_openmpi_intel_mklpar_i8" "--work-dir=/home/mirilias/work/software/dirac/trunk_production/build_openmpi_intel_mklpar_i8/test/laplace" "--verbose"
154: Test timeout computed to be: 1500
140: 
140: running test: bed Mg
140: passed
136/163 Test #140: bed_isotropic ..............................   Passed    9.04 sec
test 33
        Start  33: cosci_average

33: Test command: /cluster/easybuild/broadwell/software/lang/Python/3.6.1-intel-2017.02/bin/python "/home/mirilias/work/software/dirac/trunk_production/test/cosci_average/test" "--binary-dir=/home/mirilias/work/software/dirac/trunk_production/build_openmpi_intel_mklpar_i8" "--work-dir=/home/mirilias/work/software/dirac/trunk_production/build_openmpi_intel_mklpar_i8/test/cosci_average" "--verbose"
33: Test timeout computed to be: 1500
128: 
128: running test: levelshift_virtuals Mg
128: passed
137/163 Test #128: scf_levelshift .............................   Passed    7.78 sec
test 120
        Start 120: dft_grid_export_import

120: Test command: /cluster/easybuild/broadwell/software/lang/Python/3.6.1-intel-2017.02/bin/python "/home/mirilias/work/software/dirac/trunk_production/test/dft_grid_export_import/test" "--binary-dir=/home/mirilias/work/software/dirac/trunk_production/build_openmpi_intel_mklpar_i8" "--work-dir=/home/mirilias/work/software/dirac/trunk_production/build_openmpi_intel_mklpar_i8/test/dft_grid_export_import" "--verbose"
120: Test timeout computed to be: 1500
33: 
33: running test: V_5+.x2c.scf V.v2z.Dinfh
33: passed
33: 
33: running test: V.x2c.2fs.scf_os-ds_ovlsel_cosci V.v2z.Dinfh
33: passed
138/163 Test  #33: cosci_average ..............................   Passed    6.89 sec
test 119
        Start 119: dft_ac

119: Test command: /cluster/easybuild/broadwell/software/lang/Python/3.6.1-intel-2017.02/bin/python "/home/mirilias/work/software/dirac/trunk_production/test/dft_ac/test" "--binary-dir=/home/mirilias/work/software/dirac/trunk_production/build_openmpi_intel_mklpar_i8" "--work-dir=/home/mirilias/work/software/dirac/trunk_production/build_openmpi_intel_mklpar_i8/test/dft_ac" "--verbose"
119: Test timeout computed to be: 1500
154: 
154: running test: lap_fix_number h2o
154: passed
154: 
154: running test: lap_fix_tolerance h2o
154: passed
154: 
154: running test: lap_restart h2o
154: passed
139/163 Test #154: laplace ....................................   Passed    7.71 sec
test 111
        Start 111: response_rkbimp_shield

111: Test command: /cluster/easybuild/broadwell/software/lang/Python/3.6.1-intel-2017.02/bin/python "/home/mirilias/work/software/dirac/trunk_production/test/response_rkbimp_shield/test" "--binary-dir=/home/mirilias/work/software/dirac/trunk_production/build_openmpi_intel_mklpar_i8" "--work-dir=/home/mirilias/work/software/dirac/trunk_production/build_openmpi_intel_mklpar_i8/test/response_rkbimp_shield" "--verbose"
111: Test timeout computed to be: 1500
139: 
139: running test: scf f2
139: passed
139: 
139: running test: res f2
139: passed
140/163 Test #139: molecular_mean_field_restart ...............   Passed    7.86 sec
test 85
        Start  85: density_at_nuclei

85: Test command: /cluster/easybuild/broadwell/software/lang/Python/3.6.1-intel-2017.02/bin/python "/home/mirilias/work/software/dirac/trunk_production/test/density_at_nuclei/test" "--binary-dir=/home/mirilias/work/software/dirac/trunk_production/build_openmpi_intel_mklpar_i8" "--work-dir=/home/mirilias/work/software/dirac/trunk_production/build_openmpi_intel_mklpar_i8/test/density_at_nuclei" "--verbose"
85: Test timeout computed to be: 1500
120: 
120: running test: export hehe
120: finished (no reference)
120: 
120: running test: import hegh
120: passed
141/163 Test #120: dft_grid_export_import .....................   Passed    6.22 sec
test 124
        Start 124: visual_gamma5

124: Test command: /cluster/easybuild/broadwell/software/lang/Python/3.6.1-intel-2017.02/bin/python "/home/mirilias/work/software/dirac/trunk_production/test/visual_gamma5/test" "--binary-dir=/home/mirilias/work/software/dirac/trunk_production/build_openmpi_intel_mklpar_i8" "--work-dir=/home/mirilias/work/software/dirac/trunk_production/build_openmpi_intel_mklpar_i8/test/visual_gamma5" "--verbose"
124: Test timeout computed to be: 1500
119: 
119: running test with input files ['PBE0gracLB94.inp', 'Ne.mol'] and args None
119: passed
119: 
119: running test with input files ['GLLBsaopLBalpha.inp', 'Ne.mol'] and args None
119: passed
142/163 Test #119: dft_ac .....................................   Passed    6.89 sec
test 142
        Start 142: blockd_twocomp

142: Test command: /cluster/easybuild/broadwell/software/lang/Python/3.6.1-intel-2017.02/bin/python "/home/mirilias/work/software/dirac/trunk_production/test/blockd_twocomp/test" "--binary-dir=/home/mirilias/work/software/dirac/trunk_production/build_openmpi_intel_mklpar_i8" "--work-dir=/home/mirilias/work/software/dirac/trunk_production/build_openmpi_intel_mklpar_i8/test/blockd_twocomp" "--verbose"
142: Test timeout computed to be: 1500
85: 
85: running test: Rhonuc CO
85: passed
143/163 Test  #85: density_at_nuclei ..........................   Passed    6.45 sec
test 91
        Start  91: dirac_mointegral_export

91: Test command: /cluster/easybuild/broadwell/software/lang/Python/3.6.1-intel-2017.02/bin/python "/home/mirilias/work/software/dirac/trunk_production/test/dirac_mointegral_export/test" "--binary-dir=/home/mirilias/work/software/dirac/trunk_production/build_openmpi_intel_mklpar_i8" "--work-dir=/home/mirilias/work/software/dirac/trunk_production/build_openmpi_intel_mklpar_i8/test/dirac_mointegral_export" "--verbose"
91: Test timeout computed to be: 1500
111: 
111: running test: rkb He
111: passed
111: 
111: running test: rkbimp He
111: passed
111: 
111: running test: ukb He
111: passed
144/163 Test #111: response_rkbimp_shield .....................   Passed    6.85 sec
test 110
        Start 110: response_nmr_levy-leblond

110: Test command: /cluster/easybuild/broadwell/software/lang/Python/3.6.1-intel-2017.02/bin/python "/home/mirilias/work/software/dirac/trunk_production/test/response_nmr_levy-leblond/test" "--binary-dir=/home/mirilias/work/software/dirac/trunk_production/build_openmpi_intel_mklpar_i8" "--work-dir=/home/mirilias/work/software/dirac/trunk_production/build_openmpi_intel_mklpar_i8/test/response_nmr_levy-leblond" "--verbose"
110: Test timeout computed to be: 1500
124: 
124: running test: gamma5 h2o2
124: passed
145/163 Test #124: visual_gamma5 ..............................   Passed    6.57 sec
test 129
        Start 129: response_complex

129: Test command: /cluster/easybuild/broadwell/software/lang/Python/3.6.1-intel-2017.02/bin/python "/home/mirilias/work/software/dirac/trunk_production/test/response_complex/test" "--binary-dir=/home/mirilias/work/software/dirac/trunk_production/build_openmpi_intel_mklpar_i8" "--work-dir=/home/mirilias/work/software/dirac/trunk_production/build_openmpi_intel_mklpar_i8/test/response_complex" "--verbose"
129: Test timeout computed to be: 1500
91: 
91: running test with input files ['BeH.x2c_scf_relcc.inp', 'BeH.sto-2g.lsym.mol'] and args --get="MDCINT MRCONEE"
91: passed
91: 
91: running test:  "/home/mirilias/work/software/dirac/trunk_production/build_openmpi_intel_mklpar_i8/dirac_mointegral_export.x" fcidump  
91: passed
146/163 Test  #91: dirac_mointegral_export ....................   Passed    4.98 sec
test 94
        Start  94: free-particle_projection

94: Test command: /cluster/easybuild/broadwell/software/lang/Python/3.6.1-intel-2017.02/bin/python "/home/mirilias/work/software/dirac/trunk_production/test/free-particle_projection/test" "--binary-dir=/home/mirilias/work/software/dirac/trunk_production/build_openmpi_intel_mklpar_i8" "--work-dir=/home/mirilias/work/software/dirac/trunk_production/build_openmpi_intel_mklpar_i8/test/free-particle_projection" "--verbose"
94: Test timeout computed to be: 1500
129: 
129: running test: cpp LiH
129: passed
147/163 Test #129: response_complex ...........................   Passed    4.47 sec
test 64
        Start  64: dirrci_property

64: Test command: /cluster/easybuild/broadwell/software/lang/Python/3.6.1-intel-2017.02/bin/python "/home/mirilias/work/software/dirac/trunk_production/test/dirrci_property/test" "--binary-dir=/home/mirilias/work/software/dirac/trunk_production/build_openmpi_intel_mklpar_i8" "--work-dir=/home/mirilias/work/software/dirac/trunk_production/build_openmpi_intel_mklpar_i8/test/dirrci_property" "--verbose"
64: Test timeout computed to be: 1500
110: 
110: running test: levy-leblond H2O
110: passed
148/163 Test #110: response_nmr_levy-leblond ..................   Passed    5.41 sec
test 99
        Start  99: mp2_energy

99: Test command: /cluster/easybuild/broadwell/software/lang/Python/3.6.1-intel-2017.02/bin/python "/home/mirilias/work/software/dirac/trunk_production/test/mp2_energy/test" "--binary-dir=/home/mirilias/work/software/dirac/trunk_production/build_openmpi_intel_mklpar_i8" "--work-dir=/home/mirilias/work/software/dirac/trunk_production/build_openmpi_intel_mklpar_i8/test/mp2_energy" "--verbose"
99: Test timeout computed to be: 1500
142: 
142: running test: bss_blockd.ci F
142: passed
142: 
142: running test: F.bss_blockd.cisd F.1
142: passed
149/163 Test #142: blockd_twocomp .............................   Passed    6.21 sec
test 18
        Start  18: polprp_ph

18: Test command: /cluster/easybuild/broadwell/software/lang/Python/3.6.1-intel-2017.02/bin/python "/home/mirilias/work/software/dirac/trunk_production/test/polprp_ph/test" "--binary-dir=/home/mirilias/work/software/dirac/trunk_production/build_openmpi_intel_mklpar_i8" "--work-dir=/home/mirilias/work/software/dirac/trunk_production/build_openmpi_intel_mklpar_i8/test/polprp_ph" "--verbose"
18: Test timeout computed to be: 1500
18: 
18: running test: be be_s
18: passed
150/163 Test  #18: polprp_ph ..................................   Passed    3.40 sec
test 116
        Start 116: lucita_short

116: Test command: /cluster/easybuild/broadwell/software/lang/Python/3.6.1-intel-2017.02/bin/python "/home/mirilias/work/software/dirac/trunk_production/test/lucita_short/test" "--binary-dir=/home/mirilias/work/software/dirac/trunk_production/build_openmpi_intel_mklpar_i8" "--work-dir=/home/mirilias/work/software/dirac/trunk_production/build_openmpi_intel_mklpar_i8/test/lucita_short" "--verbose"
116: Test timeout computed to be: 1500
99: 
99: running test: MP2 H2O
99: passed
151/163 Test  #99: mp2_energy .................................   Passed    3.69 sec
test 143
        Start 143: cosci_energy_blockd

143: Test command: /cluster/easybuild/broadwell/software/lang/Python/3.6.1-intel-2017.02/bin/python "/home/mirilias/work/software/dirac/trunk_production/test/cosci_energy_blockd/test" "--binary-dir=/home/mirilias/work/software/dirac/trunk_production/build_openmpi_intel_mklpar_i8" "--work-dir=/home/mirilias/work/software/dirac/trunk_production/build_openmpi_intel_mklpar_i8/test/cosci_energy_blockd" "--verbose"
143: Test timeout computed to be: 1500
94: 
94: running test: std Hg
94: passed
94: 
94: running test: free Hg
94: passed
152/163 Test  #94: free-particle_projection ...................   Passed    4.51 sec
test 123
        Start 123: visual_elf

123: Test command: /cluster/easybuild/broadwell/software/lang/Python/3.6.1-intel-2017.02/bin/python "/home/mirilias/work/software/dirac/trunk_production/test/visual_elf/test" "--binary-dir=/home/mirilias/work/software/dirac/trunk_production/build_openmpi_intel_mklpar_i8" "--work-dir=/home/mirilias/work/software/dirac/trunk_production/build_openmpi_intel_mklpar_i8/test/visual_elf" "--verbose"
123: Test timeout computed to be: 1500
64: 
64: running test: BeH BeH
64: passed
153/163 Test  #64: dirrci_property ............................   Passed    4.26 sec
test 147
        Start 147: dft_cosci

147: Test command: /cluster/easybuild/broadwell/software/lang/Python/3.6.1-intel-2017.02/bin/python "/home/mirilias/work/software/dirac/trunk_production/test/dft_cosci/test" "--binary-dir=/home/mirilias/work/software/dirac/trunk_production/build_openmpi_intel_mklpar_i8" "--work-dir=/home/mirilias/work/software/dirac/trunk_production/build_openmpi_intel_mklpar_i8/test/dft_cosci" "--verbose"
147: Test timeout computed to be: 1500
116: 
116: running test: He He
116: passed
154/163 Test #116: lucita_short ...............................   Passed    2.45 sec
test 76
        Start  76: pam_test

76: Test command: /cluster/easybuild/broadwell/software/lang/Python/3.6.1-intel-2017.02/bin/python "/home/mirilias/work/software/dirac/trunk_production/test/pam_test/test" "--binary-dir=/home/mirilias/work/software/dirac/trunk_production/build_openmpi_intel_mklpar_i8" "--work-dir=/home/mirilias/work/software/dirac/trunk_production/build_openmpi_intel_mklpar_i8/test/pam_test" "--verbose"
76: Test timeout computed to be: 1500
147: 
147: running test: F.x2c.2Paver_bp86_2fs_cosci F.sto-2g
147: found error which is expected/accepted: DFT-COSCI not parallelized
147: 
147: running test: C.x2c.aver_b3lyp_2fs_cosci_novxc C.sto-2g
147: found error which is expected/accepted: DFT-COSCI not parallelized
147: 
147: running test: N.x2c.aver_pbe_2fs_cosci N.sto-2g
147: found error which is expected/accepted: DFT-COSCI not parallelized
123: 
123: running test: elf ar
123: passed
155/163 Test #147: dft_cosci ..................................   Passed    2.23 sec
test 15
        Start  15: reladc_sipeigv

15: Test command: /cluster/easybuild/broadwell/software/lang/Python/3.6.1-intel-2017.02/bin/python "/home/mirilias/work/software/dirac/trunk_production/test/reladc_sipeigv/test" "--binary-dir=/home/mirilias/work/software/dirac/trunk_production/build_openmpi_intel_mklpar_i8" "--work-dir=/home/mirilias/work/software/dirac/trunk_production/build_openmpi_intel_mklpar_i8/test/reladc_sipeigv" "--verbose"
15: Test timeout computed to be: 1500
156/163 Test #123: visual_elf .................................   Passed    2.40 sec
test 16
        Start  16: reladc_dip

16: Test command: /cluster/easybuild/broadwell/software/lang/Python/3.6.1-intel-2017.02/bin/python "/home/mirilias/work/software/dirac/trunk_production/test/reladc_dip/test" "--binary-dir=/home/mirilias/work/software/dirac/trunk_production/build_openmpi_intel_mklpar_i8" "--work-dir=/home/mirilias/work/software/dirac/trunk_production/build_openmpi_intel_mklpar_i8/test/reladc_dip" "--verbose"
16: Test timeout computed to be: 1500
143: 
143: running test: bss_rkb_blockd.ci F
143: passed
76: 
76:   DIRAC pam script running:
76: 
76:   user           : mirilias
76:   machine        : z0231.mogon
76:   date and time  : 2021-07-07 18:05:07.085979
76:   input dir      : /gpfs/fs1/home/mirilias/work/software/dirac/trunk_production/build_openmpi_intel_mklpar_i8
76:   pam command    : /gpfs/fs1/home/mirilias/work/software/dirac/trunk_production/build_openmpi_intel_mklpar_i8/pam
76:   all pam args   : ['--show']
76:   executable     : /gpfs/fs1/home/mirilias/work/software/dirac/trunk_production/build_openmpi_intel_mklpar_i8/dirac.x
76:   scratch dir    : /lustre/miifs03/scratch/m2_him_exp/mirilias/DIRAC_dirac_output.565471_565471 (availspace=752664.708[GB])
76:   output file    : dirac_output.565471.out
76:   DIRAC run      : parallel (launcher: /home/mirilias/work/software/open-mpi/openmpi-4.1.1-intel-2017.02-i8/bin/mpirun)
76:   local disks    : False
76:   rsh/rcp        : ssh / scp
76:   machine file   : None
76: 
76:   Setting MKL and OPENMP environment to default values (if not set already)
76:    Variabl.MKL_NUM_THREADS =  1
76:    Variabl.MKL_DYNAMIC =  FALSE
76:    Variabl.OMP_NUM_THREADS =  1
76:    Variabl.OMP_DYNAMIC= FALSE
76:   Setting environment variables (as specified explicitly or in .diracrc)
76: 
76:   Creating the scratch directory.
76:   Copying /gpfs/fs1/home/mirilias/work/software/dirac/trunk_production/build_openmpi_intel_mklpar_i8/dirac.x to /lustre/miifs03/scratch/m2_him_exp/mirilias/DIRAC_dirac_output.565471_565471/dirac.x
76:   No molecule file provided; pam will assume that it is obtained from the restart file.
76:   No input file provided; pam will assume that it is obtained from the restart file.
76: Operating system:      Linux
76: Current settings:
76:   Basis directories    /gpfs/fs1/home/mirilias/work/software/dirac/trunk_production/build_openmpi_intel_mklpar_i8:.:/gpfs/fs1/home/mirilias/work/software/dirac/trunk_production/build_openmpi_intel_mklpar_i8/basis:/gpfs/fs1/home/mirilias/work/software/dirac/trunk_production/build_openmpi_intel_mklpar_i8/basis_dalton:/gpfs/fs1/home/mirilias/work/software/dirac/trunk_production/build_openmpi_intel_mklpar_i8/basis_ecp
76:   Scratch directory    /lustre/miifs03/scratch/m2_him_exp/mirilias/DIRAC_dirac_output.565471_565471 (avail=752664.708[GB])
76:   Relevant for parallel builds:
76:     mpi launcher          /home/mirilias/work/software/open-mpi/openmpi-4.1.1-intel-2017.02-i8/bin/mpirun
76:     mpirun extra args     None
76:     global scratch disk   True
76:     Machine file          None
76:     own mpirun command    None
76:   Profiler             None
76:   Debugger             None
76:   Dirac command        mpirun -np 2  --bind-to none /lustre/miifs03/scratch/m2_him_exp/mirilias/DIRAC_dirac_output.565471_565471/dirac.x
76:   Dirac executable     /gpfs/fs1/home/mirilias/work/software/dirac/trunk_production/build_openmpi_intel_mklpar_i8/dirac.x
76:   content of the (master) scratch directory
76:   ------------------------------------------------------------------------------
76:                      name    size (MB)    last accessed
76:   ------------------------------------------------------------------------------
76:                   dirac.x     80.663   07/06/2021 10:38:08 PM
76:   ------------------------------------------------------------------------------
76:       Total size of all files :      80.663  MB 
76:       Disk info:  used    available   capacity [GB]
76:              394158.464 752664.708   1146823.172 
76: 
157/163 Test #143: cosci_energy_blockd ........................   Passed    2.69 sec
test 14
        Start  14: reladc_sip

14: Test command: /cluster/easybuild/broadwell/software/lang/Python/3.6.1-intel-2017.02/bin/python "/home/mirilias/work/software/dirac/trunk_production/test/reladc_sip/test" "--binary-dir=/home/mirilias/work/software/dirac/trunk_production/build_openmpi_intel_mklpar_i8" "--work-dir=/home/mirilias/work/software/dirac/trunk_production/build_openmpi_intel_mklpar_i8/test/reladc_sip" "--verbose"
14: Test timeout computed to be: 1500
76:   going to delete the scratch directory ... done
14: 
14: running test: hcn_complex_1 hcn_cs
14: found error which is expected/accepted: RELADC not parallelized
158/163 Test  #14: reladc_sip .................................   Passed    0.84 sec
test 17
        Start  17: reladc_fano

17: Test command: /cluster/easybuild/broadwell/software/lang/Python/3.6.1-intel-2017.02/bin/python "/home/mirilias/work/software/dirac/trunk_production/test/reladc_fano/test" "--binary-dir=/home/mirilias/work/software/dirac/trunk_production/build_openmpi_intel_mklpar_i8" "--work-dir=/home/mirilias/work/software/dirac/trunk_production/build_openmpi_intel_mklpar_i8/test/reladc_fano" "--verbose"
17: Test timeout computed to be: 1500
16: 
16: running test: real_ne_dip ne_d2h
16: found error which is expected/accepted: RELADC not parallelized
16: 
16: running test: complex_hcn_dip hcn_cs
16: found error which is expected/accepted: RELADC not parallelized
159/163 Test  #16: reladc_dip .................................   Passed    1.54 sec
test 73
        Start  73: basis_input_scripted

73: Test command: /cluster/easybuild/broadwell/software/lang/Python/3.6.1-intel-2017.02/bin/python "/home/mirilias/work/software/dirac/trunk_production/test/basis_input_scripted/test" "--binary-dir=/home/mirilias/work/software/dirac/trunk_production/build_openmpi_intel_mklpar_i8" "--work-dir=/home/mirilias/work/software/dirac/trunk_production/build_openmpi_intel_mklpar_i8/test/basis_input_scripted" "--verbose"
73: Test timeout computed to be: 3600
15: 
15: running test: real_ne_eigv ne_d2h
15: found error which is expected/accepted: RELADC not parallelized
15: 
15: running test: complex_hcn_eigv hcn_cs
15: found error which is expected/accepted: RELADC not parallelized
160/163 Test  #15: reladc_sipeigv .............................   Passed    1.58 sec
73: Comprehensive test on basis set files reading.
73: - uses user provided environmental variables BSFILE, ZELEM, RANDOM_BSF_Z
73: - without specified envirovariables it runs through all basis sets each 14 th day in the moth
73: 
73: Nothing to check today, empty pass. If you want me to test some basis sets, specify environmental variables BSFILE, ZELEM, RANDOM_BSF_Z.
73: 
73: Summary: out of total 0 tests, 0 tests crashed. 
161/163 Test  #73: basis_input_scripted .......................   Passed    0.13 sec
17: 
17: running test: fano_real ne_d2h
17: found error which is expected/accepted: RELADC not parallelized
162/163 Test  #17: reladc_fano ................................   Passed    0.83 sec
76: PAM oriented test based on runtest-in-DIRAC:
76: 
76: pam script: python /home/mirilias/work/software/dirac/trunk_production/build_openmpi_intel_mklpar_i8/pam
76: 
76:  Running pam for showing of flags:
76: 
76: Running pam in parallel, with defined DIRAC_MPI_COMMAND =mpirun -np 2
76: 
76: running test with input files ['inptest.inp', 'CN.sto2g.mol'] and args --noarch
76: passed
163/163 Test  #76: pam_test ...................................   Passed    2.26 sec

98% tests passed, 3 tests failed out of 163

Label Time Summary:
4c                   =   9.03 sec*proc (1 test)
basis                =  66.55 sec*proc (5 tests)
bed                  =  19.63 sec*proc (2 tests)
cc                   = 1934.44 sec*proc (27 tests)
cc_gradient          = 111.33 sec*proc (1 test)
ci                   = 290.41 sec*proc (10 tests)
complex              =   4.47 sec*proc (1 test)
cosci                =  71.51 sec*proc (4 tests)
dft                  = 687.70 sec*proc (18 tests)
dirrci               =   4.26 sec*proc (1 test)
ecp                  =   9.50 sec*proc (2 tests)
efg                  =  47.96 sec*proc (1 test)
elp                  = 151.53 sec*proc (1 test)
eomcc                = 1291.96 sec*proc (11 tests)
fde                  = 487.65 sec*proc (7 tests)
frozen               = 279.25 sec*proc (2 tests)
fscc                 = 198.15 sec*proc (5 tests)
gascip               =  18.92 sec*proc (1 test)
gaunt                =   6.18 sec*proc (1 test)
geoopt               = 607.80 sec*proc (5 tests)
grid                 =   6.22 sec*proc (1 test)
huckel               =  13.76 sec*proc (1 test)
import               =   9.06 sec*proc (1 test)
input                =  31.48 sec*proc (1 test)
krci                 = 247.07 sec*proc (9 tests)
lao                  = 383.83 sec*proc (10 tests)
laplace              =   7.71 sec*proc (1 test)
levelshift           =   7.78 sec*proc (1 test)
localization         =  25.82 sec*proc (1 test)
long                 = 1038.20 sec*proc (10 tests)
magnetizabilities    =  89.09 sec*proc (3 tests)
mcscf                = 123.57 sec*proc (3 tests)
meanfield            =  30.77 sec*proc (1 test)
medium               = 688.52 sec*proc (12 tests)
mp2                  =  81.85 sec*proc (6 tests)
nmr                  =  67.55 sec*proc (2 tests)
nonrel               =   6.38 sec*proc (1 test)
operators            =  11.88 sec*proc (1 test)
pam                  =   2.26 sec*proc (1 test)
pcm                  =  70.50 sec*proc (2 tests)
pelib                =  94.01 sec*proc (3 tests)
polarizabilities     =  88.46 sec*proc (3 tests)
polprp               =   3.40 sec*proc (1 test)
projection           =  40.43 sec*proc (3 tests)
property             = 181.74 sec*proc (7 tests)
pvc                  =   8.15 sec*proc (1 test)
qcorr                = 105.61 sec*proc (2 tests)
qr                   =  33.03 sec*proc (1 test)
reladc               =   4.79 sec*proc (4 tests)
resolve              =  22.63 sec*proc (1 test)
response             = 663.74 sec*proc (20 tests)
restart              = 178.43 sec*proc (2 tests)
scf                  = 302.36 sec*proc (9 tests)
shield               =   6.85 sec*proc (1 test)
shielding            =  63.29 sec*proc (2 tests)
short                = 1329.15 sec*proc (75 tests)
srdft                =   8.61 sec*proc (1 test)
stex                 =  13.39 sec*proc (1 test)
structures           =  10.19 sec*proc (1 test)
twocomp              =   6.21 sec*proc (1 test)
visual               = 260.95 sec*proc (8 tests)
x2c                  =  16.88 sec*proc (2 tests)
xyz                  =  31.48 sec*proc (1 test)
zora                 =  12.30 sec*proc (1 test)

Total Test time (real) = 1634.18 sec

The following tests FAILED:
	 52 - ihfscc_newshift (Failed)
	 92 - ecp (Failed)
	 93 - ecp_nio6 (Failed)
Errors while running CTest
