
Running on host ampere01.hydra.local
Time is Mon May 26 00:01:24 MSK 2025 


Job user is SLURM_JOB_USER= milias
User job SLURM_JOB_NAME=QEbuild2 has assigned ID SLURM_JOBID=12371028
This job was submitted from the computer SLURM_SUBMIT_HOST=space06.hydra.local
and from the home directory SLURM_SUBMIT_DIR:
/lustre/home/user/m/milias/work/projects/open-collection/theoretical_chemistry/software/quantum-espresso-ase/buildup_on_servers/jinr_ru/hydra_jinr_ru/gpu_build/gpu_mkl
Job is running on the cluster compute node: SLURM_CLUSTER_NAME=gvr
and is employing SLURM_JOB_NUM_NODES=1 node/nodes:
SLURM_JOB_NODELIST = ampere01
Job partition is SLURM_JOB_PARTITION=ampere 

Number of allocated CPUs on each single node, SLURM_CPUS_ON_NODE=6 .
Number of all reserved threads over ALL nodes, SLURM_NTASKS=6 .
Job has reserved memory per node, SLURM_MEM_PER_NODE=65536 MB of memory
The node's CPU model name	: AMD EPYC 7763 64-Core Processor
BTW, this node has total 256 CPUs available for an EXCLUSIVE job.
Based on reserved memory, this node got 6 CPUs allocated for SLURM calculations.
This job wants SLURM_NTASKS=6 threads . 

 adding git module from source /cvmfs/nica.jinr.ru/sw/os/login.sh :
Script called without parameters. Defaulting to latest version of modules. For certain version use:
login.sh legacy - for packages from before 23.09.23 release
login.sh latest - for packages starting from 23.09.23 release

 all modules, including /cvmfs/nica.jinr.ru/sw/os/login.sh
-------------- /cvmfs/nica.jinr.ru/sw/202309/MODULES/slc7_x86-64 ---------------
abseil-cpp/v20230802.2-1        libpng/v1.6.43-2                zlib/v1.3.1-1  
abseil-cpp/v20240116.2-1        libtiff/v4.6.0-1                zstd/v1.5.5-1  
ACTS/v33.1.0-1                  libtirpc/v1.3.4-1               zstd/v1.5.6-1  
ACTS/v35.2.0-1                  LibTorch/v2.6.0-1               
ACTS/v36.0.0-1                  libxml2/v2.12.5-1               
ACTS/v37.2.0-1                  libxml2/v2.13.0-1               
ACTS/v40.0.0-1                  lz4/v1.9.4-1                    
alibuild-recipe-tools/v0.3.1-1  lz4/v1.9.4-2                    
AliEn-CAs/v2023.04.23-1         lzma/v5.6.1-1                   
AliEn-Runtime/v2024.03-1        lzma/v5.6.2-1                   
AliEn-Runtime/v2024.03-2        mfddev/0-1                      
ApMon-CPP/v2.2.8-a6-1           mpddev/v23.09.23-1              
autotools/v1.7.0-1              mpddev/v23.12.23-1              
Boost/v1.83.0-1                 mpddev/v24.03.24-1              
Boost/v1.83.0-2                 mpddev/v24.06.24-1              
bzip2/v1.0.8-1                  mpddev/v24.09.24-1              
Catch2/v3.5.3-1                 mpddev/v24.12.24-1              
Catch2/v3.6.0-1                 mpddev/v25.03.25-1              
clang-format/v18.1.1-1          mpdroot/v23.09.23-1             
clang-format/v18.1.8-1          mpdroot/v23.12.23-1             
CMake/v3.28.3-1                 mpdroot/v24.03.24-1             
CMake/v3.29.6-1                 mpdroot/v24.06.24-1             
CUDA/v11.8-1                    mpdroot/v24.09.24-1             
curl/v8.6.0-1                   mpdroot/v24.12.24-1             
curl/v8.8.0-1                   mpdroot/v25.03.25-1             
DD4hep/v1.27.2-1                mxpfit/vCPC-1                   
DD4hep/v1.29-1                  mxpfit/vCPC-2                   
DD4hep/v1.30.0-pre-1            ndmspc/v0.20240624.0-1          
DDS/v3.7.23-1                   NICA_scheduler/v22.08.0-1       
DDS/v3.10.0-1                   NICA_scheduler/v24.06.0-1       
EDM4hep/v0.10.5-1               nicadist-recipe-tools/v0.3.1-1  
EDM4hep/v0.10.5-2               ninja/v1.11.1-1                 
EDM4hep/v0.99.1-1               ninja/v1.12.1-1                 
Eigen3/v3.4.0-1                 nlohmann_json/v3.11.3-1         
Eigen3/v3.4.0-2                 nlohmann_json/v3.11.3-2         
EMACS/v29.2-1                   OpenSSH/v9.7.1-1                
emulzie/v1.0.0-1                OpenSSH/v9.7.1-2                
EnvironmentModules/v5.4.0-1     OpenSSL/v3.2.1-1                
FairCMakeModules/v1.0.0-1       OpenSSL/v3.3.1-1                
FairCMakeModules/v1.0.0-2       PCRE/v8.45-1                    
FairLogger/v1.11.1-1            PFSimple/v2024.03.28-gvr-1      
FairLogger/v2.0.0-1             PFSimple/v2024.03.28-hlit-1     
FairMQ/v1.8.4-1                 PFSimple/v2024.03.28-knl-1      
FairMQ/v1.8.4-2                 pigz/v2.8-1                     
FairRoot/v18.6.10-1             podio/v0.17.4-1                 
FairRoot/v18.6.10-2             podio/v0.17.4-2                 
FFTW/v3.3.10-1                  podio/v1.1.0-1                  
FFTW/v3.3.10-2                  PostgreSQL/v16.2-1              
FlatBuffers/v23.5.26-1          PostgreSQL/v16.3-1              
FlatBuffers/v24.3.25-1          protobuf/v24.4-1                
fmt/v10.1.1-1                   protobuf/v27.1-1                
fmt/v10.2.1-1                   pythia/v8.3.9-1                 
freeglut/v3.4.0-1               pythia/v8.3.12-1                
freeglut/v3.6.0-1               pythia6/v6.4.28-1               
FreeType/v2.13.2-1              pythia6/v6.4.28-2               
FreeType/v2.13.2-2              Pythia8JAM2/v8.2.44-1           
GCC-ToolChain/v13.2.0-1         Python-modules-list/v2024.03-1  
GEANT3/v4.3-1                   Python-modules-list/v2024.06-1  
GEANT3/v4.4-1                   Python-modules/v2024.03-1       
GEANT4/v11.1.3-1                Python-modules/v2024.06-1       
GEANT4/v11.2.1-1                Python/v3.11.8-1                
GEANT4_VMC/v6.4-1               Python/v3.12.4-1                
GEANT4_VMC/v6.6.2-1             QnTools/v2023.08.20-1           
generators/v2023.09-1           RapidYAML/v0.7.0-1              
generators/v2024.06-1           ROOT/v6.28.12-1                 
giflib/v5.2.2-1                 ROOT/v6.32.06-1                 
git/v2.44.0-1                   simulation/v2024.03-1           
git/v2.45.2-1                   simulation/v2024.06-1           
gl2ps/v1.4.1-1                  sqlite/v3.45.1-1                
glew/v2.3.0-pre-1               sqlite/v3.46.0-1                
GSL/v2.7-1                      TBB/v2021.10.0-1                
GSL/v2.8-1                      TBB/v2021.12.0-1                
HepMC/v2.6.11-1                 texinfo/v7.1.1-1                
HepMC/v2.6.11-2                 UUID/v2.39.3-1                  
HepMC3/v3.2.7-1                 UUID/v2.40.1-1                  
HepMC3/v3.3.0-1                 Vc/v1.4.4-gvr-1                 
HepPDT/v3.04.01-1               Vc/v1.4.4-hlit-1                
JAM2/v2.0097-1                  Vc/v1.4.4-knl-1                 
KFParticle/v2020.06.10-gvr-1    VGM/v5.2-1                      
KFParticle/v2020.06.10-hlit-1   VGM/v5.3-1                      
KFParticle/v2020.06.10-knl-1    VMC/v2.0-1                      
LCIO/v2.20.2-1                  VMC/v2.0-2                      
LCIO/v2.22.1-1                  xerces-c/v3.2.5-1               
LHAPDF/v6.5.2-1                 xerces-c/v3.2.5-2               
LHAPDF/v6.5.2-2                 XGBoost/v3.0.0-1                
libbsd/v0.12.2-1                XRootD/v5.6.9-1                 
libffi/v3.4.6-1                 XRootD/v5.6.9-2                 
libICU/v73.2-1                  xxHash/v0.8.2-1                 
libICU/v75.1-1                  xxHash/v0.8.2-2                 
libjpeg-turbo/v3.0.2-1          yaml-cpp/v0.8.0-1               
libjpeg-turbo/v3.0.3-1          yaml-cpp/v0.8.0-2               
libmd/v1.1.0-1                  ZeroMQ/v4.3.5-1                 
libpng/v1.6.43-1                ZeroMQ/v4.3.5-2                 

-------------- /cvmfs/hybrilit.jinr.ru/sw/slc7_x86-64/modulefiles --------------
ABINIT/v9.10.3_openmpi411              GMP/v6.2.1_gcc1120                  
ABINIT/v10.0.3_openmpi411              GROMACS/v5.1.3_gcc485_cuda80        
ABINIT/v10.0.7_openmpi411              GROMACS/v2019.3                     
AmberTools/v22                         GROMACS/v2024.3                     
AMS/v2021.107_intel                    GSL/v1.16-1                         
AMS/v2021.107_openmpi                  GSL/v2.6                            
BASE/1.0                               GVR/v1.0-1 <L>                      
CLN/v1.3.4-1                           intel-qs/v20-07-14                  
CMake/v3.29.2                          intel-qs/v21-01-14                  
COMSOL/v6.2                            intel/oneapi                        
cuda/v8.0-1                            intel/v2018.1.163-9                 
cuda/v9.2                              intel/v2019.3.199                   
cuda/v10.0-1                           intel/v2021.1                       
cuda/v10.1-1                           JAM/v1.90596                        
cuda/v11.4                             java/v8u91-1                        
cuda/v12.1                             java/v8u181                         
DIRAC/v19.0_intel2018                  Julia/v1.11.5                       
dssp/v2.3.0                            LAMMPS/v02.04.25                    
ELPA/v2020.05.001_intel2018_python365  LAMMPS/v12.12.18                    
EMACS/v25.3                            LAPACK/v3.9.0                       
EOS/v1.0                               LAPACK/v3.12.0_gcc1230              
FairRoot/oct17p1                       libpqxx/v7.0_gcc910                 
FairRoot/v16.06_gcc485                 MAGMA/v2.6.1_gcc830_cuda101         
FairRoot/v18.0.4                       Maple/v2020.2                       
FairRoot/v18.2.0_gcc485                Mathematica/v11.2-1                 
FairRoot/v18.2.1_gcc485                MATLAB/R2022b                       
FairRoot/v18.4.2_gcc1120               mpich/v4.1.2_gcc1120                
FairSoft/apr21patches_gcc1120          ndm-lite/v1.0                       
FairSoft/june19p1_gcc485               opencv/v4.1.0                       
FairSoft/june19p2_gcc485               openmpi/v1.8.8-1                    
FairSoft/may16p1_gcc485                openmpi/v2.1.2-2                    
FairSoft/may18p1                       openmpi/v3.1.2                      
FairSoft/oct17p1                       openmpi/v3.1.2_gcc1230              
fftw/v3.3.7-2                          openmpi/v3.1.3                      
fftw/v3.3.7-5                          openmpi/v3.1.3_psm2                 
fftw/v3.3.10_gcc1120                   openmpi/v4.1.1_gcc1120              
fftw/v3.3.10_openmpi503                openmpi/v4.1.6_gcc1230              
FLAIR/v2.3.0                           openmpi/v5.0.3_gcc1230              
FLUKA/v2011.2x-8                       ORCA/v5.0.1                         
FLUKA/v2020.0.3                        ORCA/v6.0.0                         
FLUKA/v2021.2.2                        PandaRoot/dec17p2b                  
FLUKA/v2021.2.9                        PandaRoot/may19                     
FLUKA/v2023.3.2                        PostgreSQL/v12.1_gcc910             
FLUKA/v2023.3.3                        protobuf/v3.11.3                    
FLUKA/v2024.1                          pyorbit/v2023.11.20                 
FLUKA/v2025.1                          Python/v2.7.10-3                    
Gate/v9.3                              Python/v3.6.5                       
Gate/v9.3-qttest                       Python/v3.10.2                      
gcc/v4.9.3-1                           Python/v3.10.13                     
gcc/v5.3.0-1                           quantum-espresso/v6.4.1             
gcc/v6.2.0-2                           quantum-espresso/v6.6_oneapi        
gcc/v7.2.0-1                           quantum-espresso/v7.3.1_openmpi503  
gcc/v8.2.0-1                           R/v4.3.2                            
gcc/v8.3.0                             reduce-algebra/svn-4830             
gcc/v9.1.0-1                           ROOT/v6-18-00                       
gcc/v9.4.0                             ROOT/v6.24.06-qttest                
gcc/v10.2.0                            ROOT/v6.24.06_gcc1120               
gcc/v11.2.0                            SMASH_gcc485/v1.8                   
gcc/v12.3.0                            Tesseract/v5.0.0_gcc1120            
GEANT4/v4.10.07.p01_gcc910             TRNG/v4.24_gcc102                   
GEANT4/v11.1.3-qttest                  Valgrind/v3.16.1_gcc485             
GEANT4/v11.1.3_gcc1120                 ViennaCL/v1.7.1_gcc1120_cuda101     
GEANT4/v11.1.3_gcc1120-mt              zlib/v1.2.11-1                      
Ginac/v1.7.3-1                         

Key:
<module-tag>  <L>=loaded  
Loading Python/v3.10.13
  Loading requirement: BASE/1.0
Loading git/v2.45.2-1
  Loading requirement: OpenSSH/v9.7.1-2 OpenSSL/v3.3.1-1 curl/v8.8.0-1


 All loaded modules:
Currently Loaded Modulefiles:
 1) GVR/v1.0-1        5) OpenSSH/v9.7.1-2 <aL>   9) cuda/v12.1     
 2) BASE/1.0 <aL>     6) OpenSSL/v3.3.1-1 <aL>  10) intel/v2021.1  
 3) Python/v3.10.13   7) curl/v8.8.0-1 <aL>     
 4) CMake/v3.29.2     8) git/v2.45.2-1          

Key:
<module-tag>  <aL>=auto-loaded  

Running on host ampere01.hydra.local
Time is Mon May 26 00:01:28 MSK 2025 


 The total memory at the node (in GB)
              total        used        free      shared  buff/cache   available
Mem:           2003          59        1943           0           0        1941
Swap:            31           0          31
Total:         2035          59        1975



 ls /lustre/home/user/m/milias/work/software/quantum-espresso/qe-develop/q-e/build_gpu_cuda_mkl :
atomic
bin
CMakeCache.txt
CMakeFiles
CMakeGraphVizOptions.cmake
cmake_install.cmake
COUPLE
CPV
CTestTestfile.cmake
dft-d3
EPW
external
FFTXlib
git-rev.h
GUI
GWW
HP
KCW
KS_Solvers
LAXlib
lib
LR_Modules
Makefile
Modules
NEB
PHonon
PIOUD
PP
PW
PWCOND
qeConfig.cmake
qeConfigVersion.cmake
QEHeat
quantum_espresso.pc
TDDFPT
test-suite
upflib
UtilXlib
XClib
XSpectra


 My PATH=/cvmfs/hybrilit.jinr.ru/sw/slc7_x86-64/intel/v2021.1/dev-utilities/2021.1.1/bin:/cvmfs/hybrilit.jinr.ru/sw/slc7_x86-64/intel/v2021.1/intelpython/latest/bin:/cvmfs/hybrilit.jinr.ru/sw/slc7_x86-64/intel/v2021.1/intelpython/latest/condabin:/cvmfs/hybrilit.jinr.ru/sw/slc7_x86-64/intel/v2021.1/clck/2021.1.1/bin/intel64:/cvmfs/hybrilit.jinr.ru/sw/slc7_x86-64/intel/v2021.1/mkl/latest/bin/intel64:/cvmfs/hybrilit.jinr.ru/sw/slc7_x86-64/intel/v2021.1/debugger/10.0.0/gdb/intel64/bin:/cvmfs/hybrilit.jinr.ru/sw/slc7_x86-64/intel/v2021.1/vpl/2021.1.1/bin:/cvmfs/hybrilit.jinr.ru/sw/slc7_x86-64/intel/v2021.1/compiler/2021.1.1/linux/bin/intel64:/cvmfs/hybrilit.jinr.ru/sw/slc7_x86-64/intel/v2021.1/compiler/2021.1.1/linux/bin:/cvmfs/hybrilit.jinr.ru/sw/slc7_x86-64/intel/v2021.1/compiler/2021.1.1/linux/ioc/bin:/cvmfs/hybrilit.jinr.ru/sw/slc7_x86-64/intel/v2021.1/advisor/2021.1.1/bin64:/cvmfs/hybrilit.jinr.ru/sw/slc7_x86-64/intel/v2021.1/inspector/2021.1.1/bin64:/cvmfs/hybrilit.jinr.ru/sw/slc7_x86-64/intel/v2021.1/mpi/2021.1.1/libfabric/bin:/cvmfs/hybrilit.jinr.ru/sw/slc7_x86-64/intel/v2021.1/mpi/2021.1.1/bin:/cvmfs/hybrilit.jinr.ru/sw/slc7_x86-64/intel/v2021.1/itac/2021.1.1/bin:/cvmfs/hybrilit.jinr.ru/sw/slc7_x86-64/intel/v2021.1/vtune/2021.1.1/bin64:/cvmfs/hybrilit.jinr.ru/sw/slc7_x86-64/intel/v2021.1/dpcpp-ct/2021.1.1/bin:/cvmfs/hybrilit.jinr.ru/sw/slc7_x86-64/cuda/v12.1/Linux_x86_64/23.5/comm_libs/mpi/bin:/cvmfs/hybrilit.jinr.ru/sw/slc7_x86-64/cuda/v12.1/Linux_x86_64/23.5/compilers/bin:/cvmfs/hybrilit.jinr.ru/sw/slc7_x86-64/cuda/v12.1/bin:/cvmfs/nica.jinr.ru/sw/202309/slc7_x86-64/git/v2.45.2-1/libexec/git-core:/cvmfs/nica.jinr.ru/sw/202309/slc7_x86-64/git/v2.45.2-1/bin:/cvmfs/nica.jinr.ru/sw/202309/slc7_x86-64/curl/v8.8.0-1/bin:/cvmfs/nica.jinr.ru/sw/202309/slc7_x86-64/OpenSSL/v3.3.1-1/bin:/cvmfs/nica.jinr.ru/sw/202309/slc7_x86-64/OpenSSH/v9.7.1-2/sbin:/cvmfs/nica.jinr.ru/sw/202309/slc7_x86-64/OpenSSH/v9.7.1-2/bin:/cvmfs/hybrilit.jinr.ru/sw/slc7_x86-64/CMake/v3.29.2/bin:/cvmfs/hybrilit.jinr.ru/sw/slc7_x86-64/Python/v3.10.13/bin:/cvmfs/nica.jinr.ru/sw/202309/slc7_x86-64/EnvironmentModules/v5.4.0-1/bin:/cvmfs/nica.jinr.ru/sw/os/linux/bin/:/lustre/home/user/m/milias/work/software/wien2k/wien2k_23.2_intelserial_mkl:/lustre/home/user/m/milias/work/software/wien2k/wien2k_23.2_intelserial_mkl/SRC_structeditor/bin:/lustre/home/user/m/milias/work/software/wien2k/wien2k_23.2_intelserial_mkl/SRC_IRelast/script-elastic:/lustre/home/user/m/milias/work/software/ams/linux.openmpi/ams2021.107/bin:/lustre/home/user/m/milias/work/software/wien2k/wien2k_23.2_intelserial_mkl:/lustre/home/user/m/milias/work/software/wien2k/wien2k_23.2_intelserial_mkl/SRC_structeditor/bin:/lustre/home/user/m/milias/work/software/wien2k/wien2k_23.2_intelserial_mkl/SRC_IRelast/script-elastic:/lustre/home/user/m/milias/work/software/ams/linux.openmpi/ams2021.107/bin:/usr/local/bin:/usr/bin:/usr/local/sbin:/usr/sbin:/opt/puppetlabs/bin:.:/lustre/home/user/m/milias/work/software/wien2k/wien2k_23.2_intelserial_mkl:.:/lustre/home/user/m/milias/.local/bin:/lustre/home/user/m/milias/bin:.:/lustre/home/user/m/milias/work/software/wien2k/wien2k_23.2_intelserial_mkl:.


 My LD_LIBRARY_PATH=/cvmfs/hybrilit.jinr.ru/sw/slc7_x86-64/intel/v2021.1/mkl/latest/lib/intel64:/cvmfs/hybrilit.jinr.ru/sw/slc7_x86-64/intel/v2021.1/debugger/10.0.0/dep/lib:/cvmfs/hybrilit.jinr.ru/sw/slc7_x86-64/intel/v2021.1/debugger/10.0.0/libipt/intel64/lib:/cvmfs/hybrilit.jinr.ru/sw/slc7_x86-64/intel/v2021.1/debugger/10.0.0/gdb/intel64/lib:/cvmfs/hybrilit.jinr.ru/sw/slc7_x86-64/intel/v2021.1/tbb/2021.1.1/env/../lib/intel64/gcc4.8:/cvmfs/hybrilit.jinr.ru/sw/slc7_x86-64/intel/v2021.1/ippcp/2021.1.1/lib/intel64:/cvmfs/hybrilit.jinr.ru/sw/slc7_x86-64/intel/v2021.1/vpl/2021.1.1/lib:/cvmfs/hybrilit.jinr.ru/sw/slc7_x86-64/intel/v2021.1/ccl/2021.1.1/lib/cpu_gpu_dpcpp:/cvmfs/hybrilit.jinr.ru/sw/slc7_x86-64/intel/v2021.1/compiler/2021.1.1/linux/lib:/cvmfs/hybrilit.jinr.ru/sw/slc7_x86-64/intel/v2021.1/compiler/2021.1.1/linux/lib/x64:/cvmfs/hybrilit.jinr.ru/sw/slc7_x86-64/intel/v2021.1/compiler/2021.1.1/linux/lib/emu:/cvmfs/hybrilit.jinr.ru/sw/slc7_x86-64/intel/v2021.1/compiler/2021.1.1/linux/compiler/lib/intel64_lin:/cvmfs/hybrilit.jinr.ru/sw/slc7_x86-64/intel/v2021.1/compiler/2021.1.1/linux/compiler/lib:/cvmfs/hybrilit.jinr.ru/sw/slc7_x86-64/intel/v2021.1/mpi/2021.1.1//libfabric/lib:/cvmfs/hybrilit.jinr.ru/sw/slc7_x86-64/intel/v2021.1/mpi/2021.1.1//lib/release:/cvmfs/hybrilit.jinr.ru/sw/slc7_x86-64/intel/v2021.1/mpi/2021.1.1//lib:/cvmfs/hybrilit.jinr.ru/sw/slc7_x86-64/intel/v2021.1/itac/2021.1.1/slib:/cvmfs/hybrilit.jinr.ru/sw/slc7_x86-64/intel/v2021.1/dal/2021.1.1/lib/intel64:/cvmfs/hybrilit.jinr.ru/sw/slc7_x86-64/intel/v2021.1/dnnl/2021.1.1/cpu_dpcpp_gpu_dpcpp/lib:/cvmfs/hybrilit.jinr.ru/sw/slc7_x86-64/intel/v2021.1/ipp/2021.1.1/lib/intel64:/cvmfs/hybrilit.jinr.ru/sw/slc7_x86-64/cuda/v12.1/lib64:/cvmfs/nica.jinr.ru/sw/202309/slc7_x86-64/curl/v8.8.0-1/lib:/cvmfs/nica.jinr.ru/sw/202309/slc7_x86-64/OpenSSL/v3.3.1-1/lib:/cvmfs/hybrilit.jinr.ru/sw/slc7_x86-64/Python/v3.10.13/lib64:/cvmfs/hybrilit.jinr.ru/sw/slc7_x86-64/Python/v3.10.13/lib:..... 

 python -v :Python 3.7.9 :: Intel Corporation

 cmake ? /cvmfs/hybrilit.jinr.ru/sw/slc7_x86-64/CMake/v3.29.2/bin/cmake
cmake version 3.29.2

CMake suite maintained and supported by Kitware (kitware.com/cmake).

 git ? /cvmfs/nica.jinr.ru/sw/202309/slc7_x86-64/git/v2.45.2-1/libexec/git-core/git
git version 2.45.2

 nvidia-smi ? /usr/bin/nvidia-smi
Mon May 26 00:01:30 2025       
+-----------------------------------------------------------------------------------------+
| NVIDIA-SMI 550.54.15              Driver Version: 550.54.15      CUDA Version: N/A      |
|-----------------------------------------+------------------------+----------------------+
| GPU  Name                 Persistence-M | Bus-Id          Disp.A | Volatile Uncorr. ECC |
| Fan  Temp   Perf          Pwr:Usage/Cap |           Memory-Usage | GPU-Util  Compute M. |
|                                         |                        |               MIG M. |
|=========================================+========================+======================|
|   0  NVIDIA A100-SXM4-80GB          Off |   00000000:07:00.0 Off |                    0 |
| N/A   29C    P0             59W /  400W |       0MiB /  81920MiB |      0%      Default |
|                                         |                        |             Disabled |
+-----------------------------------------+------------------------+----------------------+
|   1  NVIDIA A100-SXM4-80GB          Off |   00000000:0A:00.0 Off |                    0 |
| N/A   27C    P0             60W /  400W |       0MiB /  81920MiB |      0%      Default |
|                                         |                        |             Disabled |
+-----------------------------------------+------------------------+----------------------+
|   2  NVIDIA A100-SXM4-80GB          Off |   00000000:45:00.0 Off |                    0 |
| N/A   27C    P0             61W /  400W |       0MiB /  81920MiB |      0%      Default |
|                                         |                        |             Disabled |
+-----------------------------------------+------------------------+----------------------+
|   3  NVIDIA A100-SXM4-80GB          Off |   00000000:4B:00.0 Off |                    0 |
| N/A   30C    P0             61W /  400W |       0MiB /  81920MiB |      0%      Default |
|                                         |                        |             Disabled |
+-----------------------------------------+------------------------+----------------------+
|   4  NVIDIA A100-SXM4-80GB          Off |   00000000:83:00.0 Off |                    0 |
| N/A   30C    P0             59W /  400W |       0MiB /  81920MiB |      0%      Default |
|                                         |                        |             Disabled |
+-----------------------------------------+------------------------+----------------------+
|   5  NVIDIA A100-SXM4-80GB          Off |   00000000:89:00.0 Off |                    0 |
| N/A   26C    P0             57W /  400W |       0MiB /  81920MiB |      0%      Default |
|                                         |                        |             Disabled |
+-----------------------------------------+------------------------+----------------------+
|   6  NVIDIA A100-SXM4-80GB          Off |   00000000:BF:00.0 Off |                    0 |
| N/A   27C    P0             61W /  400W |       0MiB /  81920MiB |      0%      Default |
|                                         |                        |             Disabled |
+-----------------------------------------+------------------------+----------------------+
|   7  NVIDIA A100-SXM4-80GB          Off |   00000000:C2:00.0 Off |                    0 |
| N/A   29C    P0             61W /  400W |       0MiB /  81920MiB |      0%      Default |
|                                         |                        |             Disabled |
+-----------------------------------------+------------------------+----------------------+
                                                                                         
+-----------------------------------------------------------------------------------------+
| Processes:                                                                              |
|  GPU   GI   CI        PID   Type   Process name                              GPU Memory |
|        ID   ID                                                               Usage      |
|=========================================================================================|
|  No running processes found                                                             |
+-----------------------------------------------------------------------------------------+


 nvcc ? ; /cvmfs/hybrilit.jinr.ru/sw/slc7_x86-64/cuda/v12.1/Linux_x86_64/23.5/compilers/bin/nvcc
nvcc: NVIDIA (R) Cuda compiler driver
Copyright (c) 2005-2023 NVIDIA Corporation
Built on Mon_Apr__3_17:16:06_PDT_2023
Cuda compilation tools, release 12.1, V12.1.105
Build cuda_12.1.r12.1/compiler.32688072_0

 nvfortran ? ; /cvmfs/hybrilit.jinr.ru/sw/slc7_x86-64/cuda/v12.1/Linux_x86_64/23.5/compilers/bin/nvfortran

nvfortran 23.5-0 64-bit target on x86-64 Linux -tp zen3 
NVIDIA Compilers and Tools
Copyright (c) 2022, NVIDIA CORPORATION & AFFILIATES.  All rights reserved.

 pgfortran ? ; /cvmfs/hybrilit.jinr.ru/sw/slc7_x86-64/cuda/v12.1/Linux_x86_64/23.5/compilers/bin/pgfortran

pgfortran (aka nvfortran) 23.5-0 64-bit target on x86-64 Linux -tp zen3 
PGI Compilers and Tools
Copyright (c) 2022, NVIDIA CORPORATION & AFFILIATES.  All rights reserved.

 ls  /cvmfs/hybrilit.jinr.ru/sw/slc7_x86-64/cuda/v12.1/Linux_x86_64/23.5/compilers:
bin
etc
extras
include
include_acc
include_man
include-stdexec
include-stdpar
lib
license
man
share
src

 ls  /cvmfs/hybrilit.jinr.ru/sw/slc7_x86-64/cuda/v12.1/Linux_x86_64/23.5/compilers/bin:
compute-sanitizer
cuda-gdb
cuda-memcheck
cuobjdump
localrc
localrc-lock
makelocalrc
ncu
ncu-ui
nsys
nsys-ui
nvaccelerror
nvaccelinfo
nvc
nvc++
nvcc
nvcpuid
nvcudainit
nvdecode
nvextract
nvfortran
nv-nsight-cu-cli
nvprepro
nvprof
nvsize
nvunzip
nvzip
pgaccelerror
pgaccelinfo
pgc++
pgcc
pgcpuid
pgcudainit
pgf77
pgf90
pgf95
pgfortran
pgprepro
pgsize
pgunzip
pgzip
rcfiles
tools

 ls  /cvmfs/hybrilit.jinr.ru/sw/slc7_x86-64/cuda/v12.1/Linux_x86_64/23.5/compilers/lib:
acc_init_link_acc.o
acc_init_link_cuda.o
acc_init_link_host.o
acc_init_link_mp.o
acc_init_link_multicore.o
cuda_init_register_end.o
f90alt.o
f90i8st.o
f90main.o
hugebss.ld
initacc.o
initmp.o
libacccuda10.a
libacccuda10.so
libacccuda.a
libacccudas10.a
libacccudas.a
libacccuda.so
libaccdevaux10.a
libaccdevaux10.so
libaccdevaux110.a
libaccdevaux110.so
libaccdevaux113.a
libaccdevaux113.so
libaccdevaux.a
libaccdevaux.so
libaccdevice.a
libaccdevices.a
libaccdevice.so
libacchost.a
libacchosts.a
libacchost.so
libaccnotify.so
libaccprof.so
libaccstub.so
libaccstub_static.a
libblas.a
libblas_ilp64.a
libblas_ilp64.so
libblas_ilp64.so.0
libblas_lp64.a
libblas_lp64.so
libblas_lp64.so.0
libblas.so
libblas.so.0
libc.ipl
libcublas.ipl
libcudadevice.a
libcudadevice.so
libcudafor_102.a
libcudafor_102.so
libcudafor_110.a
libcudafor_110.so
libcudafor_113.a
libcudafor_113.so
libcudafor_118.a
libcudafor_118.so
libcudafor_120.a
libcudafor_120.so
libcudafor2.a
libcudafor2.so
libcudafor.a
libcudafor.so
libcudaforwrapblas117.a
libcudaforwrapblas117.so
libcudaforwrapblas.a
libcudaforwrapblas.so
libcudaforwrapnccl.a
libcudaforwrapnccl.so
libcudaforwraprand.a
libcudaforwraprand.so
libcudaforwrapsparse10.a
libcudaforwrapsparse10.so
libcudaforwrapsparse11.a
libcudaforwrapsparse11.so
libcudaforwrapsparse12.a
libcudaforwrapsparse12.so
libcudaforwraptensor_113.a
libcudaforwraptensor_113.so
libcudaforwraptensor_118.a
libcudaforwraptensor_118.so
libcudaforwraptensor.a
libcudaforwraptensor.so
libcudanvhpc.a
libcudanvhpc.so
libfmpich.ipl
libgomp.so
libgomp.so.1
libhugetlbfs_nvhpc.a
libhugetlbfs_nvhpc.so
libhxrt_dev_101.a
libhxrt_dev_110.a
libhxrt_dev_113.a
libhxrt_dev.a
liblapack.a
liblapack_ilp64.a
liblapack_ilp64.so
liblapack_ilp64.so.0
liblapack_lp64.a
liblapack_lp64.so
liblapack_lp64.so.0
liblapack.so
liblapack.so.0
libmem.il
libm.ipl
libmpich.ipl
libnsnvc.a
libnvc.a
libnvc.ipl
libnvcpumath.a
libnvcpumath-avx2.so
libnvcpumath-avx512.so
libnvcpumath-avx.so
libnvcpumath.so
libnvc.so
libnvf.a
libnvf-avx2.a
libnvf-avx2.so
libnvf.ipl
libnvf.so
libnvgpumath.bc
libnvhpcatm.a
libnvhpcatm.so
libnvhpcman.a
libnvhpcmanaux.a
libnvhpcmanaux.so
libnvhpcman.so
libnvhpcwrapcufft.a
libnvhpcwrapcufftmp.a
libnvhpcwrapcufftmp.so
libnvhpcwrapcufft.so
libnvhpcwrapnvtx.a
libnvhpcwrapnvtx.so
libnvhpcwrapshmem.a
libnvlamath.a
libnvlamath.so
libnvomp.a
libnvomp_dev_101.a
libnvomp_dev_110.a
libnvomp_dev_113.a
libnvomp_dev.a
libnvomp_ompt.a
libnvomp_ompt.so
libnvomp.so
libnvompstub.so
libnvompstub_static.a
libomp.so
libpgc.a
libpgc.so
libpgm.a
libpgmath.a
libpgmath.so
libpgm.so
libpthread.ipl
libstdc++.ipl
nvcpumath-avx2.ld
nvcpumath-avx512.ld
nvcpumath-avx.ld
nvhpc.ld
nvhpcloc.ld
nvhpc.syms
nvvm34
nvvm70
preinit_allbnd.o
preinit_all.o
preinit_bind.o
subchk.o
trace_init.o

 Current directory where this SLURM job is running /lustre/home/user/m/milias/work/software/quantum-espresso/qe-develop/q-e/build_gpu_cuda_mkl
 It has the disk space of (df -h) :
Filesystem                  Size  Used Avail Use% Mounted on
10.220.24.208:/lustre/home  650T  532T  119T  82% /lustre/home



 Running cmake :
total 3889527
-rwxr-xr-x. 1 milias hybrilit 76491104 May 25 07:52 epw.x
-rwxr-xr-x. 1 milias hybrilit 75229400 May 25 07:51 all_currents.x
-rwxr-xr-x. 1 milias hybrilit 77282240 May 25 07:51 head.x
-rwxr-xr-x. 1 milias hybrilit 60279152 May 25 07:51 ZG.x
-rwxr-xr-x. 1 milias hybrilit 28250032 May 25 07:51 disca.x
-rwxr-xr-x. 1 milias hybrilit 66522568 May 25 07:50 fd_ifc.x
-rwxr-xr-x. 1 milias hybrilit 66487528 May 25 07:50 fd_ef.x
-rwxr-xr-x. 1 milias hybrilit 66470752 May 25 07:50 fd.x
-rwxr-xr-x. 1 milias hybrilit 66691328 May 25 07:50 postahc.x
-rwxr-xr-x. 1 milias hybrilit 68174328 May 25 07:50 alpha2f.x
-rwxr-xr-x. 1 milias hybrilit 26959448 May 25 07:50 epa.x
-rwxr-xr-x. 1 milias hybrilit 26622560 May 25 07:50 fqha.x
-rwxr-xr-x. 1 milias hybrilit 26679288 May 25 07:50 lambda.x
-rwxr-xr-x. 1 milias hybrilit 28628392 May 25 07:50 matdyn.x
-rwxr-xr-x. 1 milias hybrilit 66689792 May 25 07:50 dvscf_q2r.x
-rwxr-xr-x. 1 milias hybrilit 27853376 May 25 07:50 q2qstar.x
-rwxr-xr-x. 1 milias hybrilit 27122592 May 25 07:50 dynmat.x
-rwxr-xr-x. 1 milias hybrilit 78454416 May 25 07:50 ph.x
-rwxr-xr-x. 1 milias hybrilit 27374792 May 25 07:50 q2r.x
-rwxr-xr-x. 1 milias hybrilit 75559328 May 25 07:49 turbo_magnon.x
-rwxr-xr-x. 1 milias hybrilit 69557680 May 25 07:49 turbo_davidson.x
-rwxr-xr-x. 1 milias hybrilit 76379192 May 25 07:49 turbo_eels.x
-rwxr-xr-x. 1 milias hybrilit 69905880 May 25 07:49 turbo_lanczos.x
-rwxr-xr-x. 1 milias hybrilit 67178744 May 25 07:49 kcwpp_interp.x
-rwxr-xr-x. 1 milias hybrilit 66495168 May 25 07:48 kcwpp_sh.x
-rwxr-xr-x. 1 milias hybrilit 75543264 May 25 07:48 kcw.x
-rwxr-xr-x. 1 milias hybrilit 67793640 May 25 07:48 pw4gww.x
-rwxr-xr-x. 1 milias hybrilit 73107072 May 25 07:48 phcg.x
-rwxr-xr-x. 1 milias hybrilit 80114736 May 25 07:48 pioud.x
-rwxr-xr-x. 1 milias hybrilit 74482232 May 25 07:48 hp.x
-rwxr-xr-x. 1 milias hybrilit 65351608 May 25 07:47 xspectra.x
-rwxr-xr-x. 1 milias hybrilit 25148888 May 25 07:47 molecularnexafs.x
-rwxr-xr-x. 1 milias hybrilit 25161664 May 25 07:47 spectra_correction.x
-rwxr-xr-x. 1 milias hybrilit 65867568 May 25 07:46 bse_main.x
-rwxr-xr-x. 1 milias hybrilit 26643872 May 25 07:46 pp_spctrlfn.x
-rwxr-xr-x. 1 milias hybrilit 25373704 May 25 07:46 epsilon_Gaus.x
-rwxr-xr-x. 1 milias hybrilit 25374112 May 25 07:46 bands_unfold.x
-rwxr-xr-x. 1 milias hybrilit 26648376 May 25 07:46 pp_disca.x
-rwxr-xr-x. 1 milias hybrilit 64927872 May 25 07:46 nscf2supercond.x
-rwxr-xr-x. 1 milias hybrilit 65722448 May 25 07:46 pprism.x
-rwxr-xr-x. 1 milias hybrilit 64964424 May 25 07:46 fermi_proj.x
-rwxr-xr-x. 1 milias hybrilit 71544000 May 25 07:46 ppacf.x
-rwxr-xr-x. 1 milias hybrilit 65213816 May 25 07:46 pw2bgw.x
-rwxr-xr-x. 1 milias hybrilit 65940880 May 25 07:46 fermi_velocity.x
-rwxr-xr-x. 1 milias hybrilit 64951784 May 25 07:46 fs.x
-rwxr-xr-x. 1 milias hybrilit 64939872 May 25 07:46 wannier_plot.x
-rwxr-xr-x. 1 milias hybrilit 25494544 May 25 07:46 molecularpdos.x
-rwxr-xr-x. 1 milias hybrilit 65894752 May 25 07:46 wannier_ham.x
-rwxr-xr-x. 1 milias hybrilit 64986200 May 25 07:46 epsilon.x
-rwxr-xr-x. 1 milias hybrilit 64960448 May 25 07:46 d3hess.x
-rwxr-xr-x. 1 milias hybrilit 64957872 May 25 07:46 pw2gw.x
-rwxr-xr-x. 1 milias hybrilit 65663392 May 25 07:46 pw2wannier90.x
-rwxr-xr-x. 1 milias hybrilit 64962216 May 25 07:46 pw2gt.x
-rwxr-xr-x. 1 milias hybrilit 64969360 May 25 07:45 initial_state.x
-rwxr-xr-x. 1 milias hybrilit 64928360 May 25 07:45 wfck2r.x
-rwxr-xr-x. 1 milias hybrilit 64923632 May 25 07:45 pw2critic.x
-rwxr-xr-x. 1 milias hybrilit 65247184 May 25 07:45 projwfc.x
-rwxr-xr-x. 1 milias hybrilit 65103056 May 25 07:45 wannier2pw.x
-rwxr-xr-x. 1 milias hybrilit 64939016 May 25 07:45 pmw.x
-rwxr-xr-x. 1 milias hybrilit 25239496 May 25 07:45 plotrho.x
-rwxr-xr-x. 1 milias hybrilit 64942472 May 25 07:45 pawplot.x
-rwxr-xr-x. 1 milias hybrilit 64963320 May 25 07:45 plan_avg.x
-rwxr-xr-x. 1 milias hybrilit 25181880 May 25 07:45 plotproj.x
-rwxr-xr-x. 1 milias hybrilit 25323960 May 25 07:45 plotband.x
-rwxr-xr-x. 1 milias hybrilit 64941120 May 25 07:45 dos.x
-rwxr-xr-x. 1 milias hybrilit 65391152 May 25 07:45 bands.x
-rwxr-xr-x. 1 milias hybrilit 28431016 May 25 07:45 average.x
-rwxr-xr-x. 1 milias hybrilit 64934688 May 25 07:45 open_grid.x
-rwxr-xr-x. 1 milias hybrilit 65348288 May 25 07:45 pp.x
-rwxr-xr-x. 1 milias hybrilit 25273984 May 25 07:44 path_interpolation.x
-rwxr-xr-x. 1 milias hybrilit 65521432 May 25 07:44 pwcond.x
-rwxr-xr-x. 1 milias hybrilit 74663904 May 25 07:44 neb.x
-rwxr-xr-x. 1 milias hybrilit 25575456 May 25 07:44 simple_ip.x
-rwxr-xr-x. 1 milias hybrilit 65506832 May 25 07:43 simple.x
-rwxr-xr-x. 1 milias hybrilit 64971656 May 25 07:43 ups.x
-rwxr-xr-x. 1 milias hybrilit 26748936 May 25 07:43 gww.x
-rwxr-xr-x. 1 milias hybrilit 25201064 May 25 07:42 scan_ibrav.x
-rwxr-xr-x. 1 milias hybrilit 25282832 May 25 07:42 ev.x
-rwxr-xr-x. 1 milias hybrilit 25347232 May 25 07:42 kpoints.x
-rwxr-xr-x. 1 milias hybrilit 25170488 May 25 07:42 pwi2xsf.x
-rwxr-xr-x. 1 milias hybrilit 25157368 May 25 07:42 ibrav2cell.x
-rwxr-xr-x. 1 milias hybrilit 79016064 May 25 07:42 pw.x
-rwxr-xr-x. 1 milias hybrilit 25157400 May 25 07:42 cell2ibrav.x
-rwxr-xr-x. 1 milias hybrilit 62220408 May 25 07:40 wfdd.x
-rwxr-xr-x. 1 milias hybrilit 66199632 May 25 07:40 cppp.x
-rwxr-xr-x. 1 milias hybrilit 89983120 May 25 07:40 manycp.x
-rwxr-xr-x. 1 milias hybrilit 89983752 May 25 07:40 cp.x
-rwxr-xr-x. 1 milias hybrilit 50383392 May 25 07:39 gww_fit.x
-rwxr-xr-x. 1 milias hybrilit 63193440 May 25 07:38 ld1.x
-rwxr-xr-x. 1 milias hybrilit 49364184 May 25 07:37 simple_bse.x
-rwxr-xr-x. 1 milias hybrilit 49385232 May 25 07:37 turbo_spectrum.x
-rwxr-xr-x. 1 milias hybrilit  4815640 May 25 07:35 casino2upf.x
-rwxr-xr-x. 1 milias hybrilit  5120384 May 25 07:35 upfconv.x
-rwxr-xr-x. 1 milias hybrilit  5154584 May 25 07:35 virtual_v2.x
-rwxr-xr-x. 1 milias hybrilit   635816 May 25 07:33 w90chk2chk.x
-rwxr-xr-x. 1 milias hybrilit  1704104 May 25 07:33 postw90.x
-rwxr-xr-x. 1 milias hybrilit  1795624 May 25 07:33 wannier90.x
-rwxr-xr-x. 1 milias hybrilit    25576 May 25 07:33 memory_pw4gww.x
-rwxr-xr-x. 1 milias hybrilit    44808 May 25 07:33 merge_wann.x
-rwxr-xr-x. 1 milias hybrilit    31456 May 25 07:33 abcoeff_to_eps.x
-rwxr-xr-x. 1 milias hybrilit    31632 May 25 07:33 graph.x
-rwxr-xr-x. 1 milias hybrilit    71856 May 25 07:33 fermi_int_1.x
-rwxr-xr-x. 1 milias hybrilit    80056 May 25 07:32 fermi_int_0.x
-rwxr-xr-x. 1 milias hybrilit    60040 May 25 07:32 dos_sp.x
-rwxr-xr-x. 1 milias hybrilit    48200 May 25 07:32 ef.x
-rwxr-xr-x. 1 milias hybrilit    55920 May 25 07:32 sumpdos.x
-rwxr-xr-x. 1 milias hybrilit    86872 May 25 07:32 hgh2qe.x
	linux-vdso.so.1 =>  (0x00007ffe7aa96000)
	libmkl_intel_lp64.so.1 => /cvmfs/hybrilit.jinr.ru/sw/slc7_x86-64/intel/v2021.1/mkl/latest/lib/intel64/libmkl_intel_lp64.so.1 (0x00002aea794b9000)
	libmkl_intel_thread.so.1 => /cvmfs/hybrilit.jinr.ru/sw/slc7_x86-64/intel/v2021.1/mkl/latest/lib/intel64/libmkl_intel_thread.so.1 (0x00002aea7a1f4000)
	libmkl_core.so.1 => /cvmfs/hybrilit.jinr.ru/sw/slc7_x86-64/intel/v2021.1/mkl/latest/lib/intel64/libmkl_core.so.1 (0x00002aea7daed000)
	libiomp5.so => /lustre/home/user/m/milias/work/software/ams/linux.openmpi/ams2021.107/bin/lib/libiomp5.so (0x00002aea85ab3000)
	libm.so.6 => /lib64/libm.so.6 (0x00002aea85e55000)
	libdl.so.2 => /lib64/libdl.so.2 (0x00002aea86157000)
	libnvhpcwrapcufft.so => /cvmfs/hybrilit.jinr.ru/sw/slc7_x86-64/cuda/v12.1/Linux_x86_64/23.5/compilers/lib/libnvhpcwrapcufft.so (0x00002aea8635b000)
	libcufft.so.11 => /cvmfs/hybrilit.jinr.ru/sw/slc7_x86-64/cuda/v12.1/Linux_x86_64/23.5/math_libs/12.1/lib64/libcufft.so.11 (0x00002aea8655d000)
	libcudaforwraprand.so => /cvmfs/hybrilit.jinr.ru/sw/slc7_x86-64/cuda/v12.1/Linux_x86_64/23.5/compilers/lib/libcudaforwraprand.so (0x00002aea92017000)
	libcurand.so.10 => /cvmfs/hybrilit.jinr.ru/sw/slc7_x86-64/cuda/v12.1/Linux_x86_64/23.5/math_libs/12.1/lib64/libcurand.so.10 (0x00002aea9221a000)
	libcusolver.so.11 => /cvmfs/hybrilit.jinr.ru/sw/slc7_x86-64/cuda/v12.1/Linux_x86_64/23.5/math_libs/12.1/lib64/libcusolver.so.11 (0x00002aea98686000)
	libcublas.so.12 => /cvmfs/hybrilit.jinr.ru/sw/slc7_x86-64/cuda/v12.1/Linux_x86_64/23.5/math_libs/12.1/lib64/libcublas.so.12 (0x00002aea9f5a7000)
	libcublasLt.so.12 => /cvmfs/hybrilit.jinr.ru/sw/slc7_x86-64/cuda/v12.1/Linux_x86_64/23.5/math_libs/12.1/lib64/libcublasLt.so.12 (0x00002aeaa5e2e000)
	libcudaforwrapblas.so => /cvmfs/hybrilit.jinr.ru/sw/slc7_x86-64/cuda/v12.1/Linux_x86_64/23.5/compilers/lib/libcudaforwrapblas.so (0x00002aeac7df8000)
	libcudaforwrapblas117.so => /cvmfs/hybrilit.jinr.ru/sw/slc7_x86-64/cuda/v12.1/Linux_x86_64/23.5/compilers/lib/libcudaforwrapblas117.so (0x00002aeac8039000)
	libcudart.so.12 => /cvmfs/hybrilit.jinr.ru/sw/slc7_x86-64/cuda/v12.1/Linux_x86_64/23.5/cuda/12.1/lib64/libcudart.so.12 (0x00002aeac824a000)
	libcudafor_120.so => /cvmfs/hybrilit.jinr.ru/sw/slc7_x86-64/cuda/v12.1/Linux_x86_64/23.5/compilers/lib/libcudafor_120.so (0x00002aeac84f1000)
	libcudafor.so => /cvmfs/hybrilit.jinr.ru/sw/slc7_x86-64/cuda/v12.1/Linux_x86_64/23.5/compilers/lib/libcudafor.so (0x00002aeace40c000)
	libacchost.so => /cvmfs/hybrilit.jinr.ru/sw/slc7_x86-64/cuda/v12.1/Linux_x86_64/23.5/compilers/lib/libacchost.so (0x00002aeace61f000)
	libaccdevaux.so => /cvmfs/hybrilit.jinr.ru/sw/slc7_x86-64/cuda/v12.1/Linux_x86_64/23.5/compilers/lib/libaccdevaux.so (0x00002aeace881000)
	libacccuda.so => /cvmfs/hybrilit.jinr.ru/sw/slc7_x86-64/cuda/v12.1/Linux_x86_64/23.5/compilers/lib/libacccuda.so (0x00002aeacea9a000)
	libcudadevice.so => /cvmfs/hybrilit.jinr.ru/sw/slc7_x86-64/cuda/v12.1/Linux_x86_64/23.5/compilers/lib/libcudadevice.so (0x00002aeacedc9000)
	libcudafor2.so => /cvmfs/hybrilit.jinr.ru/sw/slc7_x86-64/cuda/v12.1/Linux_x86_64/23.5/compilers/lib/libcudafor2.so (0x00002aeacefe0000)
	libnvf.so => /cvmfs/hybrilit.jinr.ru/sw/slc7_x86-64/cuda/v12.1/Linux_x86_64/23.5/compilers/lib/libnvf.so (0x00002aeacf1e3000)
	libnvomp.so => /cvmfs/hybrilit.jinr.ru/sw/slc7_x86-64/cuda/v12.1/Linux_x86_64/23.5/compilers/lib/libnvomp.so (0x00002aeacf8da000)
	libpthread.so.0 => /lib64/libpthread.so.0 (0x00002aead08db000)
	libnvcpumath.so => /cvmfs/hybrilit.jinr.ru/sw/slc7_x86-64/cuda/v12.1/Linux_x86_64/23.5/compilers/lib/libnvcpumath.so (0x00002aead0af7000)
	libnvc.so => /cvmfs/hybrilit.jinr.ru/sw/slc7_x86-64/cuda/v12.1/Linux_x86_64/23.5/compilers/lib/libnvc.so (0x00002aead0f0f000)
	librt.so.1 => /lib64/librt.so.1 (0x00002aead1174000)
	libc.so.6 => /lib64/libc.so.6 (0x00002aead137c000)
	libgcc_s.so.1 => /lustre/home/user/m/milias/work/software/ams/linux.openmpi/ams2021.107/bin/lib/libgcc_s.so.1 (0x00002aead174a000)
	/lib64/ld-linux-x86-64.so.2 (0x00002aea79295000)
	libnvJitLink.so.12 => /cvmfs/hybrilit.jinr.ru/sw/slc7_x86-64/cuda/v12.1/lib64/libnvJitLink.so.12 (0x00002aead1962000)
	libcusparse.so.12 => /cvmfs/hybrilit.jinr.ru/sw/slc7_x86-64/cuda/v12.1/lib64/libcusparse.so.12 (0x00002aead4a18000)

 running :  ctest -j 6 
Test project /lustre/home/user/m/milias/work/software/quantum-espresso/qe-develop/q-e/build_gpu_cuda_mkl
        Start 334: system--cp-pseudo
        Start 381: system--pw_md--md_restart_verlet-init
        Start  47: test_qe_xclib_gen_test
        Start   1: test_qe_fftx-r1-t1
        Start   3: test_qe_fftx_fft_scalar_gpu-r1-t1
        Start   5: test_qe_fftx_fft_scatter_mod_gpu-r1-t1
  1/381 Test #334: system--cp-pseudo .................................................   Passed    1.15 sec
  2/381 Test #381: system--pw_md--md_restart_verlet-init .............................   Passed    1.17 sec
  3/381 Test  #47: test_qe_xclib_gen_test ............................................***Failed    1.18 sec
        Start 342: system--cp_h2o--h2o-mt-blyp-1
  4/381 Test   #3: test_qe_fftx_fft_scalar_gpu-r1-t1 .................................Subprocess aborted***Exception:   4.48 sec
        Start  50: system--pw-pseudo
  5/381 Test   #1: test_qe_fftx-r1-t1 ................................................Subprocess aborted***Exception:   5.16 sec
  6/381 Test   #5: test_qe_fftx_fft_scatter_mod_gpu-r1-t1 ............................Subprocess aborted***Exception:   5.11 sec
        Start 379: system--pw_md--preparation
        Start   7: test_qe_fftx_fwinv_gpu-r1-t1
  7/381 Test #342: system--cp_h2o--h2o-mt-blyp-1 .....................................***Failed  Required regular expression not found. Regex=[JOB DONE
libxc needed for this functional
not ported to GPU
]  4.90 sec
  8/381 Test #379: system--pw_md--preparation ........................................   Passed    0.64 sec
        Start 343: system--cp_h2o--h2o-mt-blyp-2
        Start   9: test_qe_utilx_offload_macros
  9/381 Test   #7: test_qe_fftx_fwinv_gpu-r1-t1 ......................................Subprocess aborted***Exception:   0.95 sec
        Start  10: test_qe_utilx_mp_count_nodes
 10/381 Test   #9: test_qe_utilx_offload_macros ......................................***Failed    0.58 sec
        Start  11: test_qe_utilx_mp_bcast_i1
 11/381 Test #343: system--cp_h2o--h2o-mt-blyp-2 .....................................***Failed  Required regular expression not found. Regex=[JOB DONE
libxc needed for this functional
not ported to GPU
]  1.35 sec
 12/381 Test  #10: test_qe_utilx_mp_count_nodes ......................................   Passed    1.00 sec
        Start 360: system--cp_o2--o2-us-para-pbe-1
        Start  12: test_qe_utilx_mp_bcast_iv
 13/381 Test  #11: test_qe_utilx_mp_bcast_i1 .........................................   Passed    0.95 sec
        Start  13: test_qe_utilx_mp_bcast_im
 14/381 Test  #12: test_qe_utilx_mp_bcast_iv .........................................   Passed    0.67 sec
        Start  14: test_qe_utilx_mp_bcast_it
 15/381 Test #360: system--cp_o2--o2-us-para-pbe-1 ...................................***Failed  Required regular expression not found. Regex=[JOB DONE
libxc needed for this functional
not ported to GPU
]  1.30 sec
 16/381 Test  #13: test_qe_utilx_mp_bcast_im .........................................   Passed    0.79 sec
        Start 344: system--cp_h2o--h2o-mt-blyp-3
        Start  15: test_qe_utilx_mp_bcast_iv_buffer
 17/381 Test  #14: test_qe_utilx_mp_bcast_it .........................................   Passed    0.81 sec
 18/381 Test  #50: system--pw-pseudo .................................................   Passed    5.28 sec
        Start  16: test_qe_utilx_mp_bcast_lv_buffer
        Start  17: test_qe_utilx_mp_bcast_rv_buffer
 19/381 Test  #15: test_qe_utilx_mp_bcast_iv_buffer ..................................   Passed    1.13 sec
 20/381 Test #344: system--cp_h2o--h2o-mt-blyp-3 .....................................***Failed  Required regular expression not found. Regex=[JOB DONE
libxc needed for this functional
not ported to GPU
]  1.54 sec
 21/381 Test  #16: test_qe_utilx_mp_bcast_lv_buffer ..................................   Passed    1.00 sec
        Start 361: system--cp_o2--o2-us-para-pbe-2
        Start  18: test_qe_utilx_mp_max_iv_buffer
        Start  19: test_qe_utilx_mp_max_rv_buffer
 22/381 Test  #17: test_qe_utilx_mp_bcast_rv_buffer ..................................   Passed    1.31 sec
 23/381 Test  #18: test_qe_utilx_mp_max_iv_buffer ....................................   Passed    0.45 sec
        Start  20: test_qe_utilx_mp_min_iv_buffer
        Start  21: test_qe_utilx_mp_min_rv_buffer
 24/381 Test  #19: test_qe_utilx_mp_max_rv_buffer ....................................   Passed    0.92 sec
        Start  22: test_qe_utilx_mp_sum_iv_buffer
 25/381 Test  #20: test_qe_utilx_mp_min_iv_buffer ....................................   Passed    0.76 sec
 26/381 Test  #21: test_qe_utilx_mp_min_rv_buffer ....................................   Passed    0.76 sec
 27/381 Test #361: system--cp_o2--o2-us-para-pbe-2 ...................................***Failed  Required regular expression not found. Regex=[JOB DONE
libxc needed for this functional
not ported to GPU
]  2.03 sec
        Start 345: system--cp_h2o--h2o-mt-blyp-4
        Start  23: test_qe_utilx_mp_sum_rv_buffer
        Start  24: test_qe_utilx_mp_bcast_i1_gpu
 28/381 Test  #22: test_qe_utilx_mp_sum_iv_buffer ....................................   Passed    1.14 sec
 29/381 Test  #23: test_qe_utilx_mp_sum_rv_buffer ....................................   Passed    0.46 sec
        Start  25: test_qe_utilx_mp_bcast_iv_gpu
        Start  26: test_qe_utilx_mp_bcast_im_gpu
 30/381 Test  #24: test_qe_utilx_mp_bcast_i1_gpu .....................................***Failed    0.94 sec
        Start  27: test_qe_utilx_mp_bcast_it_gpu
 31/381 Test #345: system--cp_h2o--h2o-mt-blyp-4 .....................................***Failed  Required regular expression not found. Regex=[JOB DONE
libxc needed for this functional
not ported to GPU
]  1.60 sec
 32/381 Test  #25: test_qe_utilx_mp_bcast_iv_gpu .....................................***Failed    0.92 sec
 33/381 Test  #26: test_qe_utilx_mp_bcast_im_gpu .....................................***Failed    0.89 sec
        Start 362: system--cp_o2--o2-us-para-pbe-3
        Start  28: test_qe_utilx_mp_bcast_i4d_gpu
        Start  29: test_qe_utilx_mp_bcast_r4d_gpu
 34/381 Test  #27: test_qe_utilx_mp_bcast_it_gpu .....................................***Failed    0.98 sec
 35/381 Test  #28: test_qe_utilx_mp_bcast_i4d_gpu ....................................***Failed    0.49 sec
        Start  30: test_qe_utilx_mp_bcast_c4d_gpu
        Start  31: test_qe_utilx_mp_bcast_c5d_gpu
 36/381 Test  #29: test_qe_utilx_mp_bcast_r4d_gpu ....................................***Failed    0.97 sec
        Start  32: test_qe_utilx_mp_bcast_r5d_gpu
 37/381 Test #362: system--cp_o2--o2-us-para-pbe-3 ...................................***Failed  Required regular expression not found. Regex=[JOB DONE
libxc needed for this functional
not ported to GPU
]  1.64 sec
 38/381 Test  #30: test_qe_utilx_mp_bcast_c4d_gpu ....................................***Failed    0.97 sec
 39/381 Test  #31: test_qe_utilx_mp_bcast_c5d_gpu ....................................***Failed    1.02 sec
        Start 371: system--cp_sio2--sio2-us-lda-1
        Start  33: test_qe_utilx_mp_bcast_c6d_gpu
        Start  34: test_qe_utilx_mp_bcast_iv_buffer_gpu
 40/381 Test  #32: test_qe_utilx_mp_bcast_r5d_gpu ....................................***Failed    1.14 sec
 41/381 Test  #33: test_qe_utilx_mp_bcast_c6d_gpu ....................................***Failed    0.47 sec
        Start  35: test_qe_utilx_mp_bcast_lv_buffer_gpu
        Start  36: test_qe_utilx_mp_bcast_rv_buffer_gpu
 42/381 Test  #34: test_qe_utilx_mp_bcast_iv_buffer_gpu ..............................***Failed    0.97 sec
        Start  37: test_qe_utilx_mp_max_iv_buffer_gpu
 43/381 Test  #35: test_qe_utilx_mp_bcast_lv_buffer_gpu ..............................***Failed    0.80 sec
 44/381 Test  #36: test_qe_utilx_mp_bcast_rv_buffer_gpu ..............................***Failed    0.88 sec
 45/381 Test #371: system--cp_sio2--sio2-us-lda-1 ....................................***Failed  Required regular expression not found. Regex=[JOB DONE
libxc needed for this functional
not ported to GPU
]  2.18 sec
        Start  66: system--pw_berry--berry
        Start  38: test_qe_utilx_mp_max_rv_buffer_gpu
        Start  39: test_qe_utilx_mp_min_iv_buffer_gpu
 46/381 Test  #37: test_qe_utilx_mp_max_iv_buffer_gpu ................................***Failed    1.65 sec
 47/381 Test  #38: test_qe_utilx_mp_max_rv_buffer_gpu ................................***Failed    0.68 sec
        Start  40: test_qe_utilx_mp_min_rv_buffer_gpu
        Start  41: test_qe_utilx_mp_sum_iv_buffer_gpu
 48/381 Test  #39: test_qe_utilx_mp_min_iv_buffer_gpu ................................***Failed    1.14 sec
 49/381 Test  #66: system--pw_berry--berry ...........................................***Failed  Required regular expression not found. Regex=[JOB DONE
libxc needed for this functional
not ported to GPU
]  1.82 sec
 50/381 Test  #40: test_qe_utilx_mp_min_rv_buffer_gpu ................................***Failed    0.78 sec
        Start  92: system--pw_electric--electric
        Start  42: test_qe_utilx_mp_sum_rv_buffer_gpu
        Start  43: test_qe_lax-r1-t1
 51/381 Test  #41: test_qe_utilx_mp_sum_iv_buffer_gpu ................................***Failed    1.45 sec
 52/381 Test  #42: test_qe_utilx_mp_sum_rv_buffer_gpu ................................***Failed    0.55 sec
        Start  45: test_qe_lapack_zdotc
        Start  46: test_qe_xclib_exe_test
 53/381 Test  #45: test_qe_lapack_zdotc ..............................................   Passed    0.48 sec
        Start  48: test_qe_xclib_test_all_terms
 54/381 Test  #92: system--pw_electric--electric .....................................***Failed  Required regular expression not found. Regex=[JOB DONE
libxc needed for this functional
not ported to GPU
]  1.87 sec
 55/381 Test  #43: test_qe_lax-r1-t1 .................................................   Passed    1.58 sec
 56/381 Test  #46: test_qe_xclib_exe_test ............................................***Failed    0.85 sec
        Start 187: system--pw_metaGGA--metaGGA
        Start  49: test_qe_xclib_test_all_shorts
        Start 221: system--pw_plugins-correctness
 57/381 Test  #48: test_qe_xclib_test_all_terms ......................................***Failed    1.25 sec
        Start 380: system--pw_md--md_restart_verlet-cleanup
 58/381 Test  #49: test_qe_xclib_test_all_shorts .....................................***Failed    0.75 sec
 59/381 Test #380: system--pw_md--md_restart_verlet-cleanup ..........................   Passed    0.48 sec
 60/381 Test #187: system--pw_metaGGA--metaGGA .......................................***Failed  Required regular expression not found. Regex=[JOB DONE
libxc needed for this functional
not ported to GPU
]  1.39 sec
        Start 194: system--pw_metal--metal-tetrahedra
 61/381 Test #221: system--pw_plugins-correctness ....................................***Failed    1.93 sec
        Start 206: system--pw_noncolin--noncolin
 62/381 Test #194: system--pw_metal--metal-tetrahedra ................................***Failed  Required regular expression not found. Regex=[JOB DONE
libxc needed for this functional
not ported to GPU
]  1.51 sec
        Start 243: system--pw_scf--scf-disk_io
 63/381 Test #206: system--pw_noncolin--noncolin .....................................***Failed  Required regular expression not found. Regex=[JOB DONE
libxc needed for this functional
not ported to GPU
]  1.45 sec
        Start 262: system--pw_scf--scf
 64/381 Test #243: system--pw_scf--scf-disk_io .......................................***Failed  Required regular expression not found. Regex=[JOB DONE
libxc needed for this functional
not ported to GPU
]  1.53 sec
        Start 346: system--cp_h2o--h2o-mt-blyp-5
 65/381 Test #262: system--pw_scf--scf ...............................................***Failed  Required regular expression not found. Regex=[JOB DONE
libxc needed for this functional
not ported to GPU
]  1.71 sec
        Start 363: system--cp_o2--o2-us-para-pbe-4
 66/381 Test #346: system--cp_h2o--h2o-mt-blyp-5 .....................................***Failed  Required regular expression not found. Regex=[JOB DONE
libxc needed for this functional
not ported to GPU
]  1.53 sec
        Start 367: system--cp_si--si-vbc-lda-1
 67/381 Test #363: system--cp_o2--o2-us-para-pbe-4 ...................................***Failed  Required regular expression not found. Regex=[JOB DONE
libxc needed for this functional
not ported to GPU
]  1.84 sec
        Start 372: system--cp_sio2--sio2-us-lda-2
 68/381 Test #367: system--cp_si--si-vbc-lda-1 .......................................***Failed  Required regular expression not found. Regex=[JOB DONE
libxc needed for this functional
not ported to GPU
]  2.00 sec
        Start  64: system--pw_berry--berry-1
 69/381 Test #372: system--cp_sio2--sio2-us-lda-2 ....................................***Failed  Required regular expression not found. Regex=[JOB DONE
libxc needed for this functional
not ported to GPU
]  1.74 sec
        Start  90: system--pw_electric--electric-1
 70/381 Test  #64: system--pw_berry--berry-1 .........................................***Failed  Required regular expression not found. Regex=[JOB DONE
libxc needed for this functional
not ported to GPU
]  1.82 sec
        Start  95: system--pw_eval--eval_infix
 71/381 Test  #90: system--pw_electric--electric-1 ...................................***Failed  Required regular expression not found. Regex=[JOB DONE
libxc needed for this functional
not ported to GPU
]  1.40 sec
        Start 176: system--pw_lsda--lsda
 72/381 Test  #95: system--pw_eval--eval_infix .......................................***Failed  Required regular expression not found. Regex=[JOB DONE
libxc needed for this functional
not ported to GPU
]  1.60 sec
        Start 184: system--pw_metaGGA--metaGGA-1
 73/381 Test #176: system--pw_lsda--lsda .............................................***Failed  Required regular expression not found. Regex=[JOB DONE
libxc needed for this functional
not ported to GPU
]  1.57 sec
        Start 192: system--pw_metal--metal-tetrahedra-1
 74/381 Test #184: system--pw_metaGGA--metaGGA-1 .....................................***Failed  Required regular expression not found. Regex=[JOB DONE
libxc needed for this functional
not ported to GPU
]  1.52 sec
        Start 195: system--pw_metal--metal
 75/381 Test #195: system--pw_metal--metal ...........................................***Failed  Required regular expression not found. Regex=[JOB DONE
libxc needed for this functional
not ported to GPU
]  1.19 sec
        Start 197: system--pw_noncolin--noncolin-1
 76/381 Test #192: system--pw_metal--metal-tetrahedra-1 ..............................***Failed  Required regular expression not found. Regex=[JOB DONE
libxc needed for this functional
not ported to GPU
]  1.83 sec
        Start 236: system--pw_scf--scf-1
 77/381 Test #197: system--pw_noncolin--noncolin-1 ...................................***Failed  Required regular expression not found. Regex=[JOB DONE
libxc needed for this functional
not ported to GPU
]  1.91 sec
        Start 241: system--pw_scf--scf-disk_io-1
 78/381 Test #236: system--pw_scf--scf-1 .............................................***Failed  Required regular expression not found. Regex=[JOB DONE
libxc needed for this functional
not ported to GPU
]  2.13 sec
        Start 268: system--pw_spinorbit--spinorbit
 79/381 Test #241: system--pw_scf--scf-disk_io-1 .....................................***Failed  Required regular expression not found. Regex=[JOB DONE
libxc needed for this functional
not ported to GPU
]  1.61 sec
        Start 286: system--pw_uspp--uspp
 80/381 Test #268: system--pw_spinorbit--spinorbit ...................................***Failed  Required regular expression not found. Regex=[JOB DONE
libxc needed for this functional
not ported to GPU
]  1.79 sec
        Start 312: system--pw_workflow_exx_nscf--ncpp-gamma-restart-1
 81/381 Test #286: system--pw_uspp--uspp .............................................***Failed  Required regular expression not found. Regex=[JOB DONE
libxc needed for this functional
not ported to GPU
]  1.58 sec
        Start 314: system--pw_workflow_exx_nscf--ncpp-k-1
 82/381 Test #312: system--pw_workflow_exx_nscf--ncpp-gamma-restart-1 ................***Failed  Required regular expression not found. Regex=[JOB DONE
libxc needed for this functional
not ported to GPU
]  1.65 sec
        Start 316: system--pw_workflow_exx_nscf--uspp-gamma-1
 83/381 Test #314: system--pw_workflow_exx_nscf--ncpp-k-1 ............................***Failed  Required regular expression not found. Regex=[JOB DONE
libxc needed for this functional
not ported to GPU
]  1.58 sec
        Start 318: system--pw_workflow_exx_nscf--uspp-k-restart-1
 84/381 Test #316: system--pw_workflow_exx_nscf--uspp-gamma-1 ........................***Failed  Required regular expression not found. Regex=[JOB DONE
libxc needed for this functional
not ported to GPU
]  1.66 sec
        Start 320: system--pw_workflow_exx_nscf--uspp-k-smearing-1
 85/381 Test #318: system--pw_workflow_exx_nscf--uspp-k-restart-1 ....................***Failed  Required regular expression not found. Regex=[JOB DONE
libxc needed for this functional
not ported to GPU
]  1.45 sec
        Start 323: system--pw_workflow_relax_relax--relax-1
 86/381 Test #320: system--pw_workflow_exx_nscf--uspp-k-smearing-1 ...................***Failed  Required regular expression not found. Regex=[JOB DONE
libxc needed for this functional
not ported to GPU
]  1.58 sec
        Start 326: system--pw_workflow_scf_dos--scf-dos-1
 87/381 Test #323: system--pw_workflow_relax_relax--relax-1 ..........................***Failed  Required regular expression not found. Regex=[JOB DONE
libxc needed for this functional
not ported to GPU
]  1.66 sec
        Start 329: system--pw_workflow_vc-relax_dos--vc-relax-dos-1
 88/381 Test #326: system--pw_workflow_scf_dos--scf-dos-1 ............................***Failed  Required regular expression not found. Regex=[JOB DONE
libxc needed for this functional
not ported to GPU
]  1.75 sec
        Start 332: system--pw_workflow_vc-relax_scf--vc-relax-scf-1
 89/381 Test #329: system--pw_workflow_vc-relax_dos--vc-relax-dos-1 ..................***Failed  Required regular expression not found. Regex=[JOB DONE
libxc needed for this functional
not ported to GPU
]  1.57 sec
        Start 347: system--cp_h2o--h2o-mt-blyp-6
 90/381 Test #332: system--pw_workflow_vc-relax_scf--vc-relax-scf-1 ..................***Failed  Required regular expression not found. Regex=[Maximum number of iterations reached, stopping
libxc needed for this functional
not ported to GPU
]  1.73 sec
        Start 364: system--cp_o2--o2-us-para-pbe-5
 91/381 Test #347: system--cp_h2o--h2o-mt-blyp-6 .....................................***Failed  Required regular expression not found. Regex=[JOB DONE
libxc needed for this functional
not ported to GPU
]  1.88 sec
        Start 368: system--cp_si--si-vbc-lda-2
 92/381 Test #364: system--cp_o2--o2-us-para-pbe-5 ...................................***Failed  Required regular expression not found. Regex=[JOB DONE
libxc needed for this functional
not ported to GPU
]  1.98 sec
        Start 373: system--cp_sio2--sio2-us-lda-3
 93/381 Test #368: system--cp_si--si-vbc-lda-2 .......................................***Failed  Required regular expression not found. Regex=[JOB DONE
libxc needed for this functional
not ported to GPU
]  1.56 sec
        Start 376: system--cp_sio2--sio2-us-pbe-1
 94/381 Test #373: system--cp_sio2--sio2-us-lda-3 ....................................***Failed  Required regular expression not found. Regex=[JOB DONE
libxc needed for this functional
not ported to GPU
]  1.63 sec
        Start  52: system--pw_atom--atom-lsda
 95/381 Test #376: system--cp_sio2--sio2-us-pbe-1 ....................................***Failed  Required regular expression not found. Regex=[JOB DONE
libxc needed for this functional
not ported to GPU
]  1.71 sec
 96/381 Test  #52: system--pw_atom--atom-lsda ........................................***Failed  Required regular expression not found. Regex=[JOB DONE
libxc needed for this functional
not ported to GPU
]  1.54 sec
        Start  53: system--pw_atom--atom-occ1
        Start  54: system--pw_atom--atom-occ2
 97/381 Test  #54: system--pw_atom--atom-occ2 ........................................***Failed  Required regular expression not found. Regex=[JOB DONE
libxc needed for this functional
not ported to GPU
]  1.49 sec
        Start  55: system--pw_atom--atom-pbe
 98/381 Test  #53: system--pw_atom--atom-occ1 ........................................***Failed  Required regular expression not found. Regex=[JOB DONE
libxc needed for this functional
not ported to GPU
]  1.93 sec
        Start  56: system--pw_atom--atom-sigmapbe
 99/381 Test  #56: system--pw_atom--atom-sigmapbe ....................................***Failed  Required regular expression not found. Regex=[JOB DONE
libxc needed for this functional
not ported to GPU
]  1.28 sec
        Start  57: system--pw_atom--atom
100/381 Test  #55: system--pw_atom--atom-pbe .........................................***Failed  Required regular expression not found. Regex=[JOB DONE
libxc needed for this functional
not ported to GPU
]  1.77 sec
        Start  59: system--pw_b3lyp--b3lyp-O
101/381 Test  #59: system--pw_b3lyp--b3lyp-O .........................................***Failed  Required regular expression not found. Regex=[JOB DONE
libxc needed for this functional
not ported to GPU
]  1.21 sec
        Start  60: system--pw_b3lyp--b3lyp-h2o
102/381 Test  #57: system--pw_atom--atom .............................................***Failed  Required regular expression not found. Regex=[JOB DONE
libxc needed for this functional
not ported to GPU
]  1.78 sec
        Start  61: system--pw_b3lyp--x3lyp-O
103/381 Test  #61: system--pw_b3lyp--x3lyp-O .........................................***Failed  Required regular expression not found. Regex=[JOB DONE
libxc needed for this functional
not ported to GPU
]  1.28 sec
        Start  62: system--pw_b3lyp--x3lyp-h2o
104/381 Test  #60: system--pw_b3lyp--b3lyp-h2o .......................................***Failed  Required regular expression not found. Regex=[JOB DONE
libxc needed for this functional
not ported to GPU
]  1.99 sec
        Start  65: system--pw_berry--berry-2
105/381 Test  #62: system--pw_b3lyp--x3lyp-h2o .......................................***Failed  Required regular expression not found. Regex=[JOB DONE
libxc needed for this functional
not ported to GPU
]  1.62 sec
        Start  68: system--pw_cluster--cluster1
106/381 Test  #65: system--pw_berry--berry-2 .........................................***Failed  Required regular expression not found. Regex=[JOB DONE
libxc needed for this functional
not ported to GPU
]  1.60 sec
        Start  69: system--pw_cluster--cluster2
107/381 Test  #68: system--pw_cluster--cluster1 ......................................***Failed  Required regular expression not found. Regex=[JOB DONE
libxc needed for this functional
not ported to GPU
]  1.31 sec
        Start  70: system--pw_cluster--cluster3
108/381 Test  #69: system--pw_cluster--cluster2 ......................................***Failed  Required regular expression not found. Regex=[JOB DONE
libxc needed for this functional
not ported to GPU
]  1.56 sec
        Start  71: system--pw_cluster--cluster4
109/381 Test  #70: system--pw_cluster--cluster3 ......................................***Failed  Required regular expression not found. Regex=[JOB DONE
libxc needed for this functional
not ported to GPU
]  1.58 sec
        Start  72: system--pw_cluster--cluster5
110/381 Test  #71: system--pw_cluster--cluster4 ......................................***Failed  Required regular expression not found. Regex=[JOB DONE
libxc needed for this functional
not ported to GPU
]  1.70 sec
        Start  73: system--pw_cluster--cluster6
111/381 Test  #72: system--pw_cluster--cluster5 ......................................***Failed  Required regular expression not found. Regex=[JOB DONE
libxc needed for this functional
not ported to GPU
]  1.60 sec
        Start  75: system--pw_dft--dft1
112/381 Test  #73: system--pw_cluster--cluster6 ......................................***Failed  Required regular expression not found. Regex=[JOB DONE
libxc needed for this functional
not ported to GPU
]  1.72 sec
        Start  76: system--pw_dft--dft10
113/381 Test  #75: system--pw_dft--dft1 ..............................................***Failed  Required regular expression not found. Regex=[JOB DONE
libxc needed for this functional
not ported to GPU
]  1.56 sec
        Start  77: system--pw_dft--dft11
114/381 Test  #76: system--pw_dft--dft10 .............................................***Failed  Required regular expression not found. Regex=[JOB DONE
libxc needed for this functional
not ported to GPU
]  1.73 sec
        Start  78: system--pw_dft--dft2
115/381 Test  #77: system--pw_dft--dft11 .............................................***Failed  Required regular expression not found. Regex=[JOB DONE
libxc needed for this functional
not ported to GPU
]  1.56 sec
        Start  79: system--pw_dft--dft3
116/381 Test  #78: system--pw_dft--dft2 ..............................................***Failed  Required regular expression not found. Regex=[JOB DONE
libxc needed for this functional
not ported to GPU
]  1.64 sec
        Start  80: system--pw_dft--dft4
117/381 Test  #79: system--pw_dft--dft3 ..............................................***Failed  Required regular expression not found. Regex=[JOB DONE
libxc needed for this functional
not ported to GPU
]  1.47 sec
        Start  81: system--pw_dft--dft5
118/381 Test  #80: system--pw_dft--dft4 ..............................................***Failed  Required regular expression not found. Regex=[JOB DONE
libxc needed for this functional
not ported to GPU
]  1.56 sec
        Start  82: system--pw_dft--dft6
119/381 Test  #81: system--pw_dft--dft5 ..............................................***Failed  Required regular expression not found. Regex=[JOB DONE
libxc needed for this functional
not ported to GPU
]  1.51 sec
        Start  83: system--pw_dft--dft7
120/381 Test  #82: system--pw_dft--dft6 ..............................................***Failed  Required regular expression not found. Regex=[JOB DONE
libxc needed for this functional
not ported to GPU
]  1.42 sec
        Start  84: system--pw_dft--dft8
121/381 Test  #83: system--pw_dft--dft7 ..............................................***Failed  Required regular expression not found. Regex=[JOB DONE
libxc needed for this functional
not ported to GPU
]  1.44 sec
        Start  85: system--pw_dft--dft9
122/381 Test  #84: system--pw_dft--dft8 ..............................................***Failed  Required regular expression not found. Regex=[JOB DONE
libxc needed for this functional
not ported to GPU
]  1.61 sec
        Start  87: system--pw_dipole--2dcutoff
123/381 Test  #85: system--pw_dft--dft9 ..............................................***Failed  Required regular expression not found. Regex=[JOB DONE
libxc needed for this functional
not ported to GPU
]  1.54 sec
        Start  88: system--pw_dipole--dipole
124/381 Test  #87: system--pw_dipole--2dcutoff .......................................***Failed  Required regular expression not found. Regex=[JOB DONE
libxc needed for this functional
not ported to GPU
]  1.63 sec
        Start  91: system--pw_electric--electric-2
125/381 Test  #88: system--pw_dipole--dipole .........................................***Failed  Required regular expression not found. Regex=[JOB DONE
libxc needed for this functional
not ported to GPU
]  1.59 sec
        Start  94: system--pw_eval--eval_infix-2
126/381 Test  #91: system--pw_electric--electric-2 ...................................***Failed  Required regular expression not found. Regex=[JOB DONE
libxc needed for this functional
not ported to GPU
]  1.70 sec
        Start  97: system--pw_gau-pbe--gau-pbe-si111
127/381 Test  #94: system--pw_eval--eval_infix-2 .....................................***Failed  Required regular expression not found. Regex=[JOB DONE
libxc needed for this functional
not ported to GPU
]  1.31 sec
        Start  98: system--pw_gau-pbe--gau-pbe-si222
128/381 Test  #97: system--pw_gau-pbe--gau-pbe-si111 .................................***Failed  Required regular expression not found. Regex=[JOB DONE
libxc needed for this functional
not ported to GPU
]  1.39 sec
        Start  99: system--pw_gau-pbe--gau-pbe-si444
129/381 Test  #98: system--pw_gau-pbe--gau-pbe-si222 .................................***Failed  Required regular expression not found. Regex=[JOB DONE
libxc needed for this functional
not ported to GPU
]  1.37 sec
        Start 101: system--pw_hse--hse-si111
130/381 Test  #99: system--pw_gau-pbe--gau-pbe-si444 .................................***Failed  Required regular expression not found. Regex=[JOB DONE
libxc needed for this functional
not ported to GPU
]  1.32 sec
        Start 102: system--pw_hse--hse-si222
131/381 Test #101: system--pw_hse--hse-si111 .........................................***Failed  Required regular expression not found. Regex=[JOB DONE
libxc needed for this functional
not ported to GPU
]  1.27 sec
        Start 103: system--pw_hse--hse-si444
132/381 Test #102: system--pw_hse--hse-si222 .........................................***Failed  Required regular expression not found. Regex=[JOB DONE
libxc needed for this functional
not ported to GPU
]  1.38 sec
        Start 105: system--pw_lattice-ibrav--lattice-ibrav-12-kauto
133/381 Test #103: system--pw_hse--hse-si444 .........................................***Failed  Required regular expression not found. Regex=[JOB DONE
libxc needed for this functional
not ported to GPU
]  1.72 sec
        Start 106: system--pw_lattice-ibrav--lattice-ibrav-12
134/381 Test #105: system--pw_lattice-ibrav--lattice-ibrav-12-kauto ..................***Failed  Required regular expression not found. Regex=[JOB DONE
libxc needed for this functional
not ported to GPU
]  1.53 sec
        Start 107: system--pw_lattice-ibrav--lattice-ibrav-3-kauto
135/381 Test #106: system--pw_lattice-ibrav--lattice-ibrav-12 ........................***Failed  Required regular expression not found. Regex=[JOB DONE
libxc needed for this functional
not ported to GPU
]  1.55 sec
        Start 108: system--pw_lattice-ibrav--lattice-ibrav-3
136/381 Test #107: system--pw_lattice-ibrav--lattice-ibrav-3-kauto ...................***Failed  Required regular expression not found. Regex=[JOB DONE
libxc needed for this functional
not ported to GPU
]  1.70 sec
        Start 109: system--pw_lattice-ibrav--lattice-ibrav-5-kauto
137/381 Test #108: system--pw_lattice-ibrav--lattice-ibrav-3 .........................***Failed  Required regular expression not found. Regex=[JOB DONE
libxc needed for this functional
not ported to GPU
]  1.59 sec
        Start 110: system--pw_lattice-ibrav--lattice-ibrav-5
138/381 Test #109: system--pw_lattice-ibrav--lattice-ibrav-5-kauto ...................***Failed  Required regular expression not found. Regex=[JOB DONE
libxc needed for this functional
not ported to GPU
]  1.68 sec
        Start 111: system--pw_lattice-ibrav--lattice-ibrav0-cell_parameters+a
139/381 Test #110: system--pw_lattice-ibrav--lattice-ibrav-5 .........................***Failed  Required regular expression not found. Regex=[JOB DONE
libxc needed for this functional
not ported to GPU
]  1.46 sec
        Start 112: system--pw_lattice-ibrav--lattice-ibrav0-cell_parameters+celldm
140/381 Test #111: system--pw_lattice-ibrav--lattice-ibrav0-cell_parameters+a ........***Failed  Required regular expression not found. Regex=[JOB DONE
libxc needed for this functional
not ported to GPU
]  1.54 sec
        Start 113: system--pw_lattice-ibrav--lattice-ibrav0-cell_parameters-ang
141/381 Test #112: system--pw_lattice-ibrav--lattice-ibrav0-cell_parameters+celldm ...***Failed  Required regular expression not found. Regex=[JOB DONE
libxc needed for this functional
not ported to GPU
]  1.51 sec
        Start 114: system--pw_lattice-ibrav--lattice-ibrav0-cell_parameters
142/381 Test #113: system--pw_lattice-ibrav--lattice-ibrav0-cell_parameters-ang ......***Failed  Required regular expression not found. Regex=[JOB DONE
libxc needed for this functional
not ported to GPU
]  1.70 sec
        Start 115: system--pw_lattice-ibrav--lattice-ibrav1-kauto
143/381 Test #114: system--pw_lattice-ibrav--lattice-ibrav0-cell_parameters ..........***Failed  Required regular expression not found. Regex=[JOB DONE
libxc needed for this functional
not ported to GPU
]  1.65 sec
        Start 116: system--pw_lattice-ibrav--lattice-ibrav1
144/381 Test #115: system--pw_lattice-ibrav--lattice-ibrav1-kauto ....................***Failed  Required regular expression not found. Regex=[JOB DONE
libxc needed for this functional
not ported to GPU
]  1.82 sec
        Start 117: system--pw_lattice-ibrav--lattice-ibrav10-kauto
145/381 Test #116: system--pw_lattice-ibrav--lattice-ibrav1 ..........................***Failed  Required regular expression not found. Regex=[JOB DONE
libxc needed for this functional
not ported to GPU
]  1.48 sec
        Start 118: system--pw_lattice-ibrav--lattice-ibrav10
146/381 Test #117: system--pw_lattice-ibrav--lattice-ibrav10-kauto ...................***Failed  Required regular expression not found. Regex=[JOB DONE
libxc needed for this functional
not ported to GPU
]  1.55 sec
        Start 119: system--pw_lattice-ibrav--lattice-ibrav11-kauto
147/381 Test #118: system--pw_lattice-ibrav--lattice-ibrav10 .........................***Failed  Required regular expression not found. Regex=[JOB DONE
libxc needed for this functional
not ported to GPU
]  1.52 sec
        Start 120: system--pw_lattice-ibrav--lattice-ibrav11
148/381 Test #119: system--pw_lattice-ibrav--lattice-ibrav11-kauto ...................***Failed  Required regular expression not found. Regex=[JOB DONE
libxc needed for this functional
not ported to GPU
]  1.61 sec
        Start 121: system--pw_lattice-ibrav--lattice-ibrav12-kauto
149/381 Test #120: system--pw_lattice-ibrav--lattice-ibrav11 .........................***Failed  Required regular expression not found. Regex=[JOB DONE
libxc needed for this functional
not ported to GPU
]  1.53 sec
        Start 122: system--pw_lattice-ibrav--lattice-ibrav12
150/381 Test #121: system--pw_lattice-ibrav--lattice-ibrav12-kauto ...................***Failed  Required regular expression not found. Regex=[JOB DONE
libxc needed for this functional
not ported to GPU
]  1.63 sec
        Start 123: system--pw_lattice-ibrav--lattice-ibrav13-kauto
151/381 Test #122: system--pw_lattice-ibrav--lattice-ibrav12 .........................***Failed  Required regular expression not found. Regex=[JOB DONE
libxc needed for this functional
not ported to GPU
]  1.47 sec
        Start 124: system--pw_lattice-ibrav--lattice-ibrav13
152/381 Test #123: system--pw_lattice-ibrav--lattice-ibrav13-kauto ...................***Failed  Required regular expression not found. Regex=[JOB DONE
libxc needed for this functional
not ported to GPU
]  1.57 sec
        Start 125: system--pw_lattice-ibrav--lattice-ibrav14-kauto
153/381 Test #124: system--pw_lattice-ibrav--lattice-ibrav13 .........................***Failed  Required regular expression not found. Regex=[JOB DONE
libxc needed for this functional
not ported to GPU
]  1.53 sec
        Start 126: system--pw_lattice-ibrav--lattice-ibrav14
154/381 Test #125: system--pw_lattice-ibrav--lattice-ibrav14-kauto ...................***Failed  Required regular expression not found. Regex=[JOB DONE
libxc needed for this functional
not ported to GPU
]  1.61 sec
        Start 127: system--pw_lattice-ibrav--lattice-ibrav2-kauto
155/381 Test #126: system--pw_lattice-ibrav--lattice-ibrav14 .........................***Failed  Required regular expression not found. Regex=[JOB DONE
libxc needed for this functional
not ported to GPU
]  1.40 sec
        Start 128: system--pw_lattice-ibrav--lattice-ibrav2
156/381 Test #127: system--pw_lattice-ibrav--lattice-ibrav2-kauto ....................***Failed  Required regular expression not found. Regex=[JOB DONE
libxc needed for this functional
not ported to GPU
]  1.43 sec
        Start 129: system--pw_lattice-ibrav--lattice-ibrav3-kauto
157/381 Test #128: system--pw_lattice-ibrav--lattice-ibrav2 ..........................***Failed  Required regular expression not found. Regex=[JOB DONE
libxc needed for this functional
not ported to GPU
]  1.41 sec
        Start 130: system--pw_lattice-ibrav--lattice-ibrav3
158/381 Test #129: system--pw_lattice-ibrav--lattice-ibrav3-kauto ....................***Failed  Required regular expression not found. Regex=[JOB DONE
libxc needed for this functional
not ported to GPU
]  1.46 sec
        Start 131: system--pw_lattice-ibrav--lattice-ibrav4-kauto
159/381 Test #130: system--pw_lattice-ibrav--lattice-ibrav3 ..........................***Failed  Required regular expression not found. Regex=[JOB DONE
libxc needed for this functional
not ported to GPU
]  1.49 sec
        Start 132: system--pw_lattice-ibrav--lattice-ibrav4
160/381 Test #131: system--pw_lattice-ibrav--lattice-ibrav4-kauto ....................***Failed  Required regular expression not found. Regex=[JOB DONE
libxc needed for this functional
not ported to GPU
]  1.63 sec
        Start 133: system--pw_lattice-ibrav--lattice-ibrav5-kauto
161/381 Test #132: system--pw_lattice-ibrav--lattice-ibrav4 ..........................***Failed  Required regular expression not found. Regex=[JOB DONE
libxc needed for this functional
not ported to GPU
]  1.50 sec
        Start 134: system--pw_lattice-ibrav--lattice-ibrav5
162/381 Test #133: system--pw_lattice-ibrav--lattice-ibrav5-kauto ....................***Failed  Required regular expression not found. Regex=[JOB DONE
libxc needed for this functional
not ported to GPU
]  1.62 sec
        Start 135: system--pw_lattice-ibrav--lattice-ibrav6-kauto
163/381 Test #134: system--pw_lattice-ibrav--lattice-ibrav5 ..........................***Failed  Required regular expression not found. Regex=[JOB DONE
libxc needed for this functional
not ported to GPU
]  1.55 sec
        Start 136: system--pw_lattice-ibrav--lattice-ibrav6
164/381 Test #135: system--pw_lattice-ibrav--lattice-ibrav6-kauto ....................***Failed  Required regular expression not found. Regex=[JOB DONE
libxc needed for this functional
not ported to GPU
]  1.62 sec
        Start 137: system--pw_lattice-ibrav--lattice-ibrav7-kauto
165/381 Test #136: system--pw_lattice-ibrav--lattice-ibrav6 ..........................***Failed  Required regular expression not found. Regex=[JOB DONE
libxc needed for this functional
not ported to GPU
]  1.42 sec
        Start 138: system--pw_lattice-ibrav--lattice-ibrav7
166/381 Test #137: system--pw_lattice-ibrav--lattice-ibrav7-kauto ....................***Failed  Required regular expression not found. Regex=[JOB DONE
libxc needed for this functional
not ported to GPU
]  1.51 sec
        Start 139: system--pw_lattice-ibrav--lattice-ibrav8-kauto
167/381 Test #138: system--pw_lattice-ibrav--lattice-ibrav7 ..........................***Failed  Required regular expression not found. Regex=[JOB DONE
libxc needed for this functional
not ported to GPU
]  1.63 sec
        Start 140: system--pw_lattice-ibrav--lattice-ibrav8
168/381 Test #139: system--pw_lattice-ibrav--lattice-ibrav8-kauto ....................***Failed  Required regular expression not found. Regex=[JOB DONE
libxc needed for this functional
not ported to GPU
]  1.48 sec
        Start 141: system--pw_lattice-ibrav--lattice-ibrav9-kauto
169/381 Test #140: system--pw_lattice-ibrav--lattice-ibrav8 ..........................***Failed  Required regular expression not found. Regex=[JOB DONE
libxc needed for this functional
not ported to GPU
]  1.42 sec
        Start 142: system--pw_lattice-ibrav--lattice-ibrav9
170/381 Test #141: system--pw_lattice-ibrav--lattice-ibrav9-kauto ....................***Failed  Required regular expression not found. Regex=[JOB DONE
libxc needed for this functional
not ported to GPU
]  1.44 sec
        Start 143: system--pw_lattice-ibrav--lattice-wyckoff-sio2
171/381 Test #142: system--pw_lattice-ibrav--lattice-ibrav9 ..........................***Failed  Required regular expression not found. Regex=[JOB DONE
libxc needed for this functional
not ported to GPU
]  1.56 sec
        Start 145: system--pw_lda+U--lda+U+J0
172/381 Test #143: system--pw_lattice-ibrav--lattice-wyckoff-sio2 ....................***Failed  Required regular expression not found. Regex=[JOB DONE
libxc needed for this functional
not ported to GPU
]  1.62 sec
        Start 146: system--pw_lda+U--lda+U+V-user_ns
173/381 Test #145: system--pw_lda+U--lda+U+J0 ........................................***Failed  Required regular expression not found. Regex=[JOB DONE
libxc needed for this functional
not ported to GPU
]  1.45 sec
        Start 147: system--pw_lda+U--lda+U+V_background
174/381 Test #146: system--pw_lda+U--lda+U+V-user_ns .................................***Failed  Required regular expression not found. Regex=[JOB DONE
libxc needed for this functional
not ported to GPU
]  1.71 sec
        Start 148: system--pw_lda+U--lda+U+V_force_stress_ortho
175/381 Test #147: system--pw_lda+U--lda+U+V_background ..............................***Failed  Required regular expression not found. Regex=[JOB DONE
libxc needed for this functional
not ported to GPU
]  1.41 sec
        Start 149: system--pw_lda+U--lda+U+V_noncol_ortho
176/381 Test #148: system--pw_lda+U--lda+U+V_force_stress_ortho ......................***Failed  Required regular expression not found. Regex=[JOB DONE
libxc needed for this functional
not ported to GPU
]  1.47 sec
        Start 150: system--pw_lda+U--lda+U-noU
177/381 Test #149: system--pw_lda+U--lda+U+V_noncol_ortho ............................***Failed  Required regular expression not found. Regex=[JOB DONE
libxc needed for this functional
not ported to GPU
]  1.32 sec
        Start 151: system--pw_lda+U--lda+U-user_ns
178/381 Test #150: system--pw_lda+U--lda+U-noU .......................................***Failed  Required regular expression not found. Regex=[JOB DONE
libxc needed for this functional
not ported to GPU
]  1.31 sec
        Start 152: system--pw_lda+U--lda+U
179/381 Test #151: system--pw_lda+U--lda+U-user_ns ...................................***Failed  Required regular expression not found. Regex=[JOB DONE
libxc needed for this functional
not ported to GPU
]  1.28 sec
        Start 153: system--pw_lda+U--lda+U_background_one_channel
180/381 Test #152: system--pw_lda+U--lda+U ...........................................***Failed  Required regular expression not found. Regex=[JOB DONE
libxc needed for this functional
not ported to GPU
]  1.21 sec
        Start 154: system--pw_lda+U--lda+U_background_two_channels
181/381 Test #153: system--pw_lda+U--lda+U_background_one_channel ....................***Failed  Required regular expression not found. Regex=[JOB DONE
libxc needed for this functional
not ported to GPU
]  1.28 sec
        Start 155: system--pw_lda+U--lda+U_force
182/381 Test #154: system--pw_lda+U--lda+U_background_two_channels ...................***Failed  Required regular expression not found. Regex=[JOB DONE
libxc needed for this functional
not ported to GPU
]  1.32 sec
        Start 156: system--pw_lda+U--lda+U_force_stress_ortho
183/381 Test #155: system--pw_lda+U--lda+U_force .....................................***Failed  Required regular expression not found. Regex=[JOB DONE
libxc needed for this functional
not ported to GPU
]  1.32 sec
        Start 157: system--pw_lda+U--lda+U_gamma
184/381 Test #156: system--pw_lda+U--lda+U_force_stress_ortho ........................***Failed  Required regular expression not found. Regex=[JOB DONE
libxc needed for this functional
not ported to GPU
]  1.34 sec
        Start 158: system--pw_lda+U--lda+U_kind1_collin
185/381 Test #157: system--pw_lda+U--lda+U_gamma .....................................***Failed  Required regular expression not found. Regex=[JOB DONE
libxc needed for this functional
not ported to GPU
]  1.48 sec
        Start 159: system--pw_lda+U--lda+U_kind1_noncollin
186/381 Test #158: system--pw_lda+U--lda+U_kind1_collin ..............................***Failed  Required regular expression not found. Regex=[JOB DONE
libxc needed for this functional
not ported to GPU
]  1.45 sec
        Start 160: system--pw_lda+U--lda+U_noncol_ortho
187/381 Test #159: system--pw_lda+U--lda+U_kind1_noncollin ...........................***Failed  Required regular expression not found. Regex=[JOB DONE
libxc needed for this functional
not ported to GPU
]  1.50 sec
        Start 161: system--pw_lda+U--lda+U_orbital_resolved
188/381 Test #160: system--pw_lda+U--lda+U_noncol_ortho ..............................***Failed  Required regular expression not found. Regex=[JOB DONE
libxc needed for this functional
not ported to GPU
]  1.77 sec
        Start 162: system--pw_lda+U--lda+U_pseudo
189/381 Test #161: system--pw_lda+U--lda+U_orbital_resolved ..........................***Failed  Required regular expression not found. Regex=[JOB DONE
libxc needed for this functional
not ported to GPU
]  1.40 sec
        Start 164: system--pw_libxc--gga_unpol_atom-pbe
190/381 Test #162: system--pw_lda+U--lda+U_pseudo ....................................***Failed  Required regular expression not found. Regex=[JOB DONE
libxc needed for this functional
not ported to GPU
]  1.26 sec
        Start 165: system--pw_libxc--hyb_gga_unpol_hse-si111
191/381 Test #164: system--pw_libxc--gga_unpol_atom-pbe ..............................***Failed  Required regular expression not found. Regex=[JOB DONE
libxc needed for this functional
not ported to GPU
]  1.26 sec
        Start 166: system--pw_libxc--lda_pol_atom-lsda
192/381 Test #165: system--pw_libxc--hyb_gga_unpol_hse-si111 .........................***Failed  Required regular expression not found. Regex=[JOB DONE
libxc needed for this functional
not ported to GPU
]  1.34 sec
        Start 167: system--pw_libxc--mgga_unpol_metaGGA
193/381 Test #166: system--pw_libxc--lda_pol_atom-lsda ...............................***Failed  Required regular expression not found. Regex=[JOB DONE
libxc needed for this functional
not ported to GPU
]  1.40 sec
        Start 169: system--pw_lsda--lsda-2
194/381 Test #167: system--pw_libxc--mgga_unpol_metaGGA ..............................***Failed  Required regular expression not found. Regex=[JOB DONE
libxc needed for this functional
not ported to GPU
]  1.48 sec
        Start 170: system--pw_lsda--lsda-cg
195/381 Test #169: system--pw_lsda--lsda-2 ...........................................***Failed  Required regular expression not found. Regex=[JOB DONE
libxc needed for this functional
not ported to GPU
]  1.39 sec
        Start 171: system--pw_lsda--lsda-mixing_TF
196/381 Test #170: system--pw_lsda--lsda-cg ..........................................***Failed  Required regular expression not found. Regex=[JOB DONE
libxc needed for this functional
not ported to GPU
]  1.38 sec
        Start 172: system--pw_lsda--lsda-mixing_localTF
197/381 Test #171: system--pw_lsda--lsda-mixing_TF ...................................***Failed  Required regular expression not found. Regex=[JOB DONE
libxc needed for this functional
not ported to GPU
]  1.86 sec
        Start 173: system--pw_lsda--lsda-mixing_ndim
198/381 Test #172: system--pw_lsda--lsda-mixing_localTF ..............................***Failed  Required regular expression not found. Regex=[JOB DONE
libxc needed for this functional
not ported to GPU
]  1.63 sec
        Start 174: system--pw_lsda--lsda-nelup+neldw
199/381 Test #173: system--pw_lsda--lsda-mixing_ndim .................................***Failed  Required regular expression not found. Regex=[JOB DONE
libxc needed for this functional
not ported to GPU
]  1.52 sec
        Start 175: system--pw_lsda--lsda-tot_magnetization
200/381 Test #174: system--pw_lsda--lsda-nelup+neldw .................................***Failed  Required regular expression not found. Regex=[JOB DONE
libxc needed for this functional
not ported to GPU
]  1.60 sec
        Start 178: system--pw_md--md-pot_extrap1
201/381 Test #175: system--pw_lsda--lsda-tot_magnetization ...........................***Failed  Required regular expression not found. Regex=[JOB DONE
libxc needed for this functional
not ported to GPU
]  1.47 sec
        Start 179: system--pw_md--md-pot_extrap2
202/381 Test #178: system--pw_md--md-pot_extrap1 .....................................***Failed  Required regular expression not found. Regex=[JOB DONE
libxc needed for this functional
not ported to GPU
]  1.57 sec
        Start 180: system--pw_md--md-wfc_extrap1
203/381 Test #179: system--pw_md--md-pot_extrap2 .....................................***Failed  Required regular expression not found. Regex=[JOB DONE
libxc needed for this functional
not ported to GPU
]  1.44 sec
        Start 181: system--pw_md--md-wfc_extrap2
204/381 Test #180: system--pw_md--md-wfc_extrap1 .....................................***Failed  Required regular expression not found. Regex=[JOB DONE
libxc needed for this functional
not ported to GPU
]  1.60 sec
        Start 182: system--pw_md--md
205/381 Test #181: system--pw_md--md-wfc_extrap2 .....................................***Failed  Required regular expression not found. Regex=[JOB DONE
libxc needed for this functional
not ported to GPU
]  1.62 sec
        Start 185: system--pw_metaGGA--metaGGA-2
206/381 Test #182: system--pw_md--md .................................................***Failed  Required regular expression not found. Regex=[JOB DONE
libxc needed for this functional
not ported to GPU
]  1.68 sec
        Start 186: system--pw_metaGGA--metaGGA-spin
207/381 Test #185: system--pw_metaGGA--metaGGA-2 .....................................***Failed  Required regular expression not found. Regex=[JOB DONE
libxc needed for this functional
not ported to GPU
]  1.52 sec
        Start 189: system--pw_metal--metal-2
208/381 Test #186: system--pw_metaGGA--metaGGA-spin ..................................***Failed  Required regular expression not found. Regex=[JOB DONE
libxc needed for this functional
not ported to GPU
]  1.65 sec
        Start 190: system--pw_metal--metal-fermi_dirac
209/381 Test #189: system--pw_metal--metal-2 .........................................***Failed  Required regular expression not found. Regex=[JOB DONE
libxc needed for this functional
not ported to GPU
]  1.41 sec
        Start 191: system--pw_metal--metal-gaussian
210/381 Test #190: system--pw_metal--metal-fermi_dirac ...............................***Failed  Required regular expression not found. Regex=[JOB DONE
libxc needed for this functional
not ported to GPU
]  1.42 sec
        Start 193: system--pw_metal--metal-tetrahedra-2
211/381 Test #191: system--pw_metal--metal-gaussian ..................................***Failed  Required regular expression not found. Regex=[JOB DONE
libxc needed for this functional
not ported to GPU
]  1.47 sec
        Start 198: system--pw_noncolin--noncolin-2
212/381 Test #193: system--pw_metal--metal-tetrahedra-2 ..............................***Failed  Required regular expression not found. Regex=[JOB DONE
libxc needed for this functional
not ported to GPU
]  1.67 sec
        Start 199: system--pw_noncolin--noncolin-cg
213/381 Test #198: system--pw_noncolin--noncolin-2 ...................................***Failed  Required regular expression not found. Regex=[JOB DONE
libxc needed for this functional
not ported to GPU
]  1.46 sec
        Start 200: system--pw_noncolin--noncolin-constrain_angle
214/381 Test #199: system--pw_noncolin--noncolin-cg ..................................***Failed  Required regular expression not found. Regex=[JOB DONE
libxc needed for this functional
not ported to GPU
]  1.47 sec
        Start 201: system--pw_noncolin--noncolin-constrain_atomic
215/381 Test #200: system--pw_noncolin--noncolin-constrain_angle .....................***Failed  Required regular expression not found. Regex=[JOB DONE
libxc needed for this functional
not ported to GPU
]  1.54 sec
        Start 202: system--pw_noncolin--noncolin-constrain_total
216/381 Test #201: system--pw_noncolin--noncolin-constrain_atomic ....................***Failed  Required regular expression not found. Regex=[JOB DONE
libxc needed for this functional
not ported to GPU
]  1.58 sec
        Start 203: system--pw_noncolin--noncolin-hyb
217/381 Test #203: system--pw_noncolin--noncolin-hyb .................................***Failed  Required regular expression not found. Regex=[JOB DONE
libxc needed for this functional
not ported to GPU
]  1.22 sec
        Start 204: system--pw_noncolin--noncolin-pbe
218/381 Test #202: system--pw_noncolin--noncolin-constrain_total .....................***Failed  Required regular expression not found. Regex=[JOB DONE
libxc needed for this functional
not ported to GPU
]  1.87 sec
        Start 205: system--pw_noncolin--noncolin-rmm
219/381 Test #204: system--pw_noncolin--noncolin-pbe .................................***Failed  Required regular expression not found. Regex=[JOB DONE
libxc needed for this functional
not ported to GPU
]  1.38 sec
        Start 208: system--pw_pawatom--paw-atom
220/381 Test #205: system--pw_noncolin--noncolin-rmm .................................***Failed  Required regular expression not found. Regex=[JOB DONE
libxc needed for this functional
not ported to GPU
]  1.58 sec
        Start 209: system--pw_pawatom--paw-atom_l=2
221/381 Test #208: system--pw_pawatom--paw-atom ......................................***Failed  Required regular expression not found. Regex=[JOB DONE
libxc needed for this functional
not ported to GPU
]  1.57 sec
        Start 210: system--pw_pawatom--paw-atom_lda
222/381 Test #209: system--pw_pawatom--paw-atom_l=2 ..................................***Failed  Required regular expression not found. Regex=[JOB DONE
libxc needed for this functional
not ported to GPU
]  1.63 sec
        Start 211: system--pw_pawatom--paw-atom_spin
223/381 Test #210: system--pw_pawatom--paw-atom_lda ..................................***Failed  Required regular expression not found. Regex=[JOB DONE
libxc needed for this functional
not ported to GPU
]  1.52 sec
        Start 212: system--pw_pawatom--paw-atom_spin_lda
224/381 Test #211: system--pw_pawatom--paw-atom_spin .................................***Failed  Required regular expression not found. Regex=[JOB DONE
libxc needed for this functional
not ported to GPU
]  1.56 sec
        Start 213: system--pw_pawatom--paw-atom_tqr
225/381 Test #212: system--pw_pawatom--paw-atom_spin_lda .............................***Failed  Required regular expression not found. Regex=[JOB DONE
libxc needed for this functional
not ported to GPU
]  1.48 sec
        Start 214: system--pw_pawatom--paw-bfgs
226/381 Test #213: system--pw_pawatom--paw-atom_tqr ..................................***Failed  Required regular expression not found. Regex=[JOB DONE
libxc needed for this functional
not ported to GPU
]  1.64 sec
        Start 215: system--pw_pawatom--paw-vcbfgs
227/381 Test #214: system--pw_pawatom--paw-bfgs ......................................***Failed  Required regular expression not found. Regex=[JOB DONE
libxc needed for this functional
not ported to GPU
]  1.56 sec
        Start 217: system--pw_pbe--pbe0-si111
228/381 Test #215: system--pw_pawatom--paw-vcbfgs ....................................***Failed  Required regular expression not found. Regex=[JOB DONE
libxc needed for this functional
not ported to GPU
]  1.68 sec
        Start 218: system--pw_pbe--pbe0-si222
229/381 Test #217: system--pw_pbe--pbe0-si111 ........................................***Failed  Required regular expression not found. Regex=[JOB DONE
libxc needed for this functional
not ported to GPU
]  1.37 sec
        Start 219: system--pw_pbe--pbe0-si444
230/381 Test #218: system--pw_pbe--pbe0-si222 ........................................***Failed  Required regular expression not found. Regex=[JOB DONE
libxc needed for this functional
not ported to GPU
]  1.54 sec
        Start 220: system--pw_pbe--pbeq2d
231/381 Test #219: system--pw_pbe--pbe0-si444 ........................................***Failed  Required regular expression not found. Regex=[JOB DONE
libxc needed for this functional
not ported to GPU
]  1.39 sec
        Start 223: system--pw_realspace--cluster_gs
232/381 Test #220: system--pw_pbe--pbeq2d ............................................***Failed  Required regular expression not found. Regex=[JOB DONE
libxc needed for this functional
not ported to GPU
]  1.33 sec
        Start 224: system--pw_realspace--cluster_gs50
233/381 Test #223: system--pw_realspace--cluster_gs ..................................***Failed  Required regular expression not found. Regex=[JOB DONE
libxc needed for this functional
not ported to GPU
]  1.69 sec
        Start 225: system--pw_realspace--cluster_rs
234/381 Test #224: system--pw_realspace--cluster_gs50 ................................***Failed  Required regular expression not found. Regex=[JOB DONE
libxc needed for this functional
not ported to GPU
]  1.44 sec
        Start 226: system--pw_realspace--cluster_rs50
235/381 Test #225: system--pw_realspace--cluster_rs ..................................***Failed  Required regular expression not found. Regex=[JOB DONE
libxc needed for this functional
not ported to GPU
]  1.51 sec
        Start 228: system--pw_relax--relax-damped
236/381 Test #226: system--pw_realspace--cluster_rs50 ................................***Failed  Required regular expression not found. Regex=[JOB DONE
libxc needed for this functional
not ported to GPU
]  1.50 sec
        Start 229: system--pw_relax--relax-el
237/381 Test #228: system--pw_relax--relax-damped ....................................***Failed  Required regular expression not found. Regex=[JOB DONE
libxc needed for this functional
not ported to GPU
]  1.49 sec
        Start 230: system--pw_relax--relax-extfor
238/381 Test #229: system--pw_relax--relax-el ........................................***Failed  Required regular expression not found. Regex=[JOB DONE
libxc needed for this functional
not ported to GPU
]  1.66 sec
        Start 231: system--pw_relax--relax-fire
239/381 Test #230: system--pw_relax--relax-extfor ....................................***Failed  Required regular expression not found. Regex=[JOB DONE
libxc needed for this functional
not ported to GPU
]  1.55 sec
        Start 232: system--pw_relax--relax
240/381 Test #231: system--pw_relax--relax-fire ......................................***Failed  Required regular expression not found. Regex=[JOB DONE
libxc needed for this functional
not ported to GPU
]  1.52 sec
        Start 233: system--pw_relax--relax2-bfgs_ndim3
241/381 Test #232: system--pw_relax--relax ...........................................***Failed  Required regular expression not found. Regex=[JOB DONE
libxc needed for this functional
not ported to GPU
]  1.42 sec
        Start 234: system--pw_relax--relax2
242/381 Test #233: system--pw_relax--relax2-bfgs_ndim3 ...............................***Failed  Required regular expression not found. Regex=[JOB DONE
libxc needed for this functional
not ported to GPU
]  1.65 sec
        Start 237: system--pw_scf--scf-2
243/381 Test #234: system--pw_relax--relax2 ..........................................***Failed  Required regular expression not found. Regex=[JOB DONE
libxc needed for this functional
not ported to GPU
]  1.50 sec
        Start 238: system--pw_scf--scf-allfrac
244/381 Test #237: system--pw_scf--scf-2 .............................................***Failed  Required regular expression not found. Regex=[JOB DONE
libxc needed for this functional
not ported to GPU
]  1.51 sec
        Start 239: system--pw_scf--scf-cg-gamma
245/381 Test #238: system--pw_scf--scf-allfrac .......................................***Failed  Required regular expression not found. Regex=[JOB DONE
libxc needed for this functional
not ported to GPU
]  1.45 sec
        Start 240: system--pw_scf--scf-cg
246/381 Test #239: system--pw_scf--scf-cg-gamma ......................................***Failed  Required regular expression not found. Regex=[JOB DONE
libxc needed for this functional
not ported to GPU
]  1.62 sec
        Start 242: system--pw_scf--scf-disk_io-2
247/381 Test #240: system--pw_scf--scf-cg ............................................***Failed  Required regular expression not found. Regex=[JOB DONE
libxc needed for this functional
not ported to GPU
]  1.61 sec
        Start 244: system--pw_scf--scf-gamma
248/381 Test #242: system--pw_scf--scf-disk_io-2 .....................................***Failed  Required regular expression not found. Regex=[JOB DONE
libxc needed for this functional
not ported to GPU
]  1.70 sec
        Start 245: system--pw_scf--scf-gth
249/381 Test #244: system--pw_scf--scf-gamma .........................................***Failed  Required regular expression not found. Regex=[JOB DONE
libxc needed for this functional
not ported to GPU
]  1.56 sec
        Start 246: system--pw_scf--scf-k0
250/381 Test #245: system--pw_scf--scf-gth ...........................................***Failed  Required regular expression not found. Regex=[JOB DONE
libxc needed for this functional
not ported to GPU
]  1.68 sec
        Start 247: system--pw_scf--scf-kauto
251/381 Test #246: system--pw_scf--scf-k0 ............................................***Failed  Required regular expression not found. Regex=[JOB DONE
libxc needed for this functional
not ported to GPU
]  1.55 sec
        Start 248: system--pw_scf--scf-kcrys
252/381 Test #247: system--pw_scf--scf-kauto .........................................***Failed  Required regular expression not found. Regex=[JOB DONE
libxc needed for this functional
not ported to GPU
]  1.65 sec
        Start 249: system--pw_scf--scf-mixing_TF
253/381 Test #248: system--pw_scf--scf-kcrys .........................................***Failed  Required regular expression not found. Regex=[JOB DONE
libxc needed for this functional
not ported to GPU
]  1.52 sec
        Start 250: system--pw_scf--scf-mixing_beta
254/381 Test #249: system--pw_scf--scf-mixing_TF .....................................***Failed  Required regular expression not found. Regex=[JOB DONE
libxc needed for this functional
not ported to GPU
]  1.63 sec
        Start 251: system--pw_scf--scf-mixing_localTF
255/381 Test #250: system--pw_scf--scf-mixing_beta ...................................***Failed  Required regular expression not found. Regex=[JOB DONE
libxc needed for this functional
not ported to GPU
]  1.40 sec
        Start 252: system--pw_scf--scf-mixing_ndim
256/381 Test #251: system--pw_scf--scf-mixing_localTF ................................***Failed  Required regular expression not found. Regex=[JOB DONE
libxc needed for this functional
not ported to GPU
]  1.53 sec
        Start 253: system--pw_scf--scf-ncpp
257/381 Test #252: system--pw_scf--scf-mixing_ndim ...................................***Failed  Required regular expression not found. Regex=[JOB DONE
libxc needed for this functional
not ported to GPU
]  1.34 sec
        Start 254: system--pw_scf--scf-nofrac
258/381 Test #253: system--pw_scf--scf-ncpp ..........................................***Failed  Required regular expression not found. Regex=[JOB DONE
libxc needed for this functional
not ported to GPU
]  1.20 sec
        Start 255: system--pw_scf--scf-occ
259/381 Test #254: system--pw_scf--scf-nofrac ........................................***Failed  Required regular expression not found. Regex=[JOB DONE
libxc needed for this functional
not ported to GPU
]  1.45 sec
        Start 256: system--pw_scf--scf-paro-gamma
260/381 Test #255: system--pw_scf--scf-occ ...........................................***Failed  Required regular expression not found. Regex=[JOB DONE
libxc needed for this functional
not ported to GPU
]  1.49 sec
        Start 257: system--pw_scf--scf-paro-k
261/381 Test #256: system--pw_scf--scf-paro-gamma ....................................***Failed  Required regular expression not found. Regex=[JOB DONE
libxc needed for this functional
not ported to GPU
]  1.42 sec
        Start 258: system--pw_scf--scf-rmm-gamma
262/381 Test #257: system--pw_scf--scf-paro-k ........................................***Failed  Required regular expression not found. Regex=[JOB DONE
libxc needed for this functional
not ported to GPU
]  1.57 sec
        Start 259: system--pw_scf--scf-rmm-k
263/381 Test #258: system--pw_scf--scf-rmm-gamma .....................................***Failed  Required regular expression not found. Regex=[JOB DONE
libxc needed for this functional
not ported to GPU
]  1.39 sec
        Start 260: system--pw_scf--scf-rmm-paro-gamma
264/381 Test #259: system--pw_scf--scf-rmm-k .........................................***Failed  Required regular expression not found. Regex=[JOB DONE
libxc needed for this functional
not ported to GPU
]  1.70 sec
        Start 261: system--pw_scf--scf-rmm-paro-k
265/381 Test #260: system--pw_scf--scf-rmm-paro-gamma ................................***Failed  Required regular expression not found. Regex=[JOB DONE
libxc needed for this functional
not ported to GPU
]  1.38 sec
        Start 264: system--pw_spinorbit--spinorbit-1
266/381 Test #261: system--pw_scf--scf-rmm-paro-k ....................................***Failed  Required regular expression not found. Regex=[JOB DONE
libxc needed for this functional
not ported to GPU
]  1.36 sec
        Start 266: system--pw_spinorbit--spinorbit-paw
267/381 Test #264: system--pw_spinorbit--spinorbit-1 .................................***Failed  Required regular expression not found. Regex=[JOB DONE
libxc needed for this functional
not ported to GPU
]  1.60 sec
        Start 265: system--pw_spinorbit--spinorbit-3
268/381 Test #266: system--pw_spinorbit--spinorbit-paw ...............................***Failed  Required regular expression not found. Regex=[JOB DONE
libxc needed for this functional
not ported to GPU
]  1.46 sec
        Start 267: system--pw_spinorbit--spinorbit-pbe
269/381 Test #265: system--pw_spinorbit--spinorbit-3 .................................***Failed  Required regular expression not found. Regex=[JOB DONE
libxc needed for this functional
not ported to GPU
]  1.49 sec
        Start 270: system--pw_twochem--nscf_twochem
270/381 Test #267: system--pw_spinorbit--spinorbit-pbe ...............................***Failed  Required regular expression not found. Regex=[JOB DONE
libxc needed for this functional
not ported to GPU
]  1.65 sec
        Start 271: system--pw_twochem--relax_twochem
271/381 Test #270: system--pw_twochem--nscf_twochem ..................................***Failed  Required regular expression not found. Regex=[JOB DONE
libxc needed for this functional
not ported to GPU
]  1.65 sec
        Start 272: system--pw_twochem--scf_twochem
272/381 Test #271: system--pw_twochem--relax_twochem .................................***Failed  Required regular expression not found. Regex=[JOB DONE
libxc needed for this functional
not ported to GPU
]  1.75 sec
        Start 273: system--pw_twochem--vc-relax_twochem
273/381 Test #272: system--pw_twochem--scf_twochem ...................................***Failed  Required regular expression not found. Regex=[JOB DONE
libxc needed for this functional
not ported to GPU
]  1.57 sec
        Start 275: system--pw_uspp--uspp-2
274/381 Test #273: system--pw_twochem--vc-relax_twochem ..............................***Failed  Required regular expression not found. Regex=[JOB DONE
libxc needed for this functional
not ported to GPU
]  1.64 sec
        Start 276: system--pw_uspp--uspp-cg-gamma
275/381 Test #275: system--pw_uspp--uspp-2 ...........................................***Failed  Required regular expression not found. Regex=[JOB DONE
libxc needed for this functional
not ported to GPU
]  1.52 sec
        Start 277: system--pw_uspp--uspp-cg
276/381 Test #276: system--pw_uspp--uspp-cg-gamma ....................................***Failed  Required regular expression not found. Regex=[JOB DONE
libxc needed for this functional
not ported to GPU
]  1.61 sec
        Start 278: system--pw_uspp--uspp-hyb-g
277/381 Test #277: system--pw_uspp--uspp-cg ..........................................***Failed  Required regular expression not found. Regex=[JOB DONE
libxc needed for this functional
not ported to GPU
]  1.48 sec
        Start 279: system--pw_uspp--uspp-hyb-k
278/381 Test #278: system--pw_uspp--uspp-hyb-g .......................................***Failed  Required regular expression not found. Regex=[JOB DONE
libxc needed for this functional
not ported to GPU
]  1.61 sec
        Start 280: system--pw_uspp--uspp-mixing_TF
279/381 Test #279: system--pw_uspp--uspp-hyb-k .......................................***Failed  Required regular expression not found. Regex=[JOB DONE
libxc needed for this functional
not ported to GPU
]  1.55 sec
        Start 281: system--pw_uspp--uspp-mixing_localTF
280/381 Test #280: system--pw_uspp--uspp-mixing_TF ...................................***Failed  Required regular expression not found. Regex=[JOB DONE
libxc needed for this functional
not ported to GPU
]  1.62 sec
        Start 282: system--pw_uspp--uspp-mixing_ndim
281/381 Test #281: system--pw_uspp--uspp-mixing_localTF ..............................***Failed  Required regular expression not found. Regex=[JOB DONE
libxc needed for this functional
not ported to GPU
]  1.49 sec
        Start 283: system--pw_uspp--uspp-paro-gamma
282/381 Test #282: system--pw_uspp--uspp-mixing_ndim .................................***Failed  Required regular expression not found. Regex=[JOB DONE
libxc needed for this functional
not ported to GPU
]  1.69 sec
        Start 284: system--pw_uspp--uspp-paro-k
283/381 Test #283: system--pw_uspp--uspp-paro-gamma ..................................***Failed  Required regular expression not found. Regex=[JOB DONE
libxc needed for this functional
not ported to GPU
]  1.54 sec
        Start 285: system--pw_uspp--uspp-singlegrid
284/381 Test #284: system--pw_uspp--uspp-paro-k ......................................***Failed  Required regular expression not found. Regex=[JOB DONE
libxc needed for this functional
not ported to GPU
]  1.59 sec
        Start 287: system--pw_uspp--uspp1-coulomb
285/381 Test #285: system--pw_uspp--uspp-singlegrid ..................................***Failed  Required regular expression not found. Regex=[JOB DONE
libxc needed for this functional
not ported to GPU
]  1.56 sec
        Start 288: system--pw_uspp--uspp1
286/381 Test #287: system--pw_uspp--uspp1-coulomb ....................................***Failed  Required regular expression not found. Regex=[JOB DONE
libxc needed for this functional
not ported to GPU
]  1.70 sec
        Start 289: system--pw_uspp--uspp2
287/381 Test #288: system--pw_uspp--uspp1 ............................................***Failed  Required regular expression not found. Regex=[JOB DONE
libxc needed for this functional
not ported to GPU
]  1.44 sec
        Start 291: system--pw_vc-relax--vc-md1
288/381 Test #289: system--pw_uspp--uspp2 ............................................***Failed  Required regular expression not found. Regex=[JOB DONE
libxc needed for this functional
not ported to GPU
]  1.53 sec
        Start 292: system--pw_vc-relax--vc-md2
289/381 Test #291: system--pw_vc-relax--vc-md1 .......................................***Failed  Required regular expression not found. Regex=[JOB DONE
libxc needed for this functional
not ported to GPU
]  1.36 sec
        Start 293: system--pw_vc-relax--vc-relax1
290/381 Test #292: system--pw_vc-relax--vc-md2 .......................................***Failed  Required regular expression not found. Regex=[JOB DONE
libxc needed for this functional
not ported to GPU
]  1.54 sec
        Start 294: system--pw_vc-relax--vc-relax2
291/381 Test #293: system--pw_vc-relax--vc-relax1 ....................................***Failed  Required regular expression not found. Regex=[JOB DONE
libxc needed for this functional
not ported to GPU
]  1.50 sec
        Start 295: system--pw_vc-relax--vc-relax3
292/381 Test #294: system--pw_vc-relax--vc-relax2 ....................................***Failed  Required regular expression not found. Regex=[JOB DONE
libxc needed for this functional
not ported to GPU
]  1.30 sec
        Start 296: system--pw_vc-relax--vc-relax4
293/381 Test #295: system--pw_vc-relax--vc-relax3 ....................................***Failed  Required regular expression not found. Regex=[JOB DONE
libxc needed for this functional
not ported to GPU
]  1.31 sec
        Start 297: system--pw_vc-relax--vc-relax5
294/381 Test #296: system--pw_vc-relax--vc-relax4 ....................................***Failed  Required regular expression not found. Regex=[JOB DONE
libxc needed for this functional
not ported to GPU
]  1.40 sec
        Start 298: system--pw_vc-relax--vc-relax6
295/381 Test #297: system--pw_vc-relax--vc-relax5 ....................................***Failed  Required regular expression not found. Regex=[JOB DONE
libxc needed for this functional
not ported to GPU
]  1.40 sec
        Start 300: system--pw_vdw--beef-spin
296/381 Test #298: system--pw_vc-relax--vc-relax6 ....................................***Failed  Required regular expression not found. Regex=[JOB DONE
libxc needed for this functional
not ported to GPU
]  1.37 sec
        Start 301: system--pw_vdw--beef
297/381 Test #300: system--pw_vdw--beef-spin .........................................***Failed  Required regular expression not found. Regex=[JOB DONE
libxc needed for this functional
not ported to GPU
]  1.62 sec
        Start 302: system--pw_vdw--rVV10
298/381 Test #301: system--pw_vdw--beef ..............................................***Failed  Required regular expression not found. Regex=[JOB DONE
libxc needed for this functional
not ported to GPU
]  1.63 sec
        Start 303: system--pw_vdw--vdW-DF3-opt1
299/381 Test #302: system--pw_vdw--rVV10 .............................................***Failed  Required regular expression not found. Regex=[JOB DONE
libxc needed for this functional
not ported to GPU
]  1.45 sec
        Start 304: system--pw_vdw--vdW-DF3-opt2
300/381 Test #303: system--pw_vdw--vdW-DF3-opt1 ......................................***Failed  Required regular expression not found. Regex=[JOB DONE
libxc needed for this functional
not ported to GPU
]  1.49 sec
        Start 305: system--pw_vdw--vdw-d2
301/381 Test #304: system--pw_vdw--vdW-DF3-opt2 ......................................***Failed  Required regular expression not found. Regex=[JOB DONE
libxc needed for this functional
not ported to GPU
]  1.44 sec
        Start 306: system--pw_vdw--vdw-d3
302/381 Test #305: system--pw_vdw--vdw-d2 ............................................***Failed  Required regular expression not found. Regex=[JOB DONE
libxc needed for this functional
not ported to GPU
]  1.53 sec
        Start 307: system--pw_vdw--vdw-mbd-vc-relax
303/381 Test #306: system--pw_vdw--vdw-d3 ............................................***Failed  Required regular expression not found. Regex=[JOB DONE
libxc needed for this functional
not ported to GPU
]  1.57 sec
        Start 308: system--pw_vdw--vdw-mbd
304/381 Test #307: system--pw_vdw--vdw-mbd-vc-relax ..................................***Failed  Required regular expression not found. Regex=[JOB DONE
libxc needed for this functional
not ported to GPU
]  1.54 sec
        Start 309: system--pw_vdw--vdw-ts
305/381 Test #308: system--pw_vdw--vdw-mbd ...........................................***Failed  Required regular expression not found. Regex=[JOB DONE
libxc needed for this functional
not ported to GPU
]  1.59 sec
        Start 310: system--pw_vdw--xdm
306/381 Test #309: system--pw_vdw--vdw-ts ............................................***Failed  Required regular expression not found. Regex=[JOB DONE
libxc needed for this functional
not ported to GPU
]  1.82 sec
        Start 313: system--pw_workflow_exx_nscf--ncpp-gamma-restart-2
307/381 Test #313: system--pw_workflow_exx_nscf--ncpp-gamma-restart-2 ................***Failed  Required regular expression not found. Regex=[JOB DONE
libxc needed for this functional
not ported to GPU
]  1.21 sec
        Start 315: system--pw_workflow_exx_nscf--ncpp-k-2
308/381 Test #310: system--pw_vdw--xdm ...............................................***Failed  Required regular expression not found. Regex=[JOB DONE
libxc needed for this functional
not ported to GPU
]  2.08 sec
        Start 317: system--pw_workflow_exx_nscf--uspp-gamma-2
309/381 Test #315: system--pw_workflow_exx_nscf--ncpp-k-2 ............................***Failed  Required regular expression not found. Regex=[JOB DONE
libxc needed for this functional
not ported to GPU
]  1.35 sec
        Start 319: system--pw_workflow_exx_nscf--uspp-k-restart-2
310/381 Test #317: system--pw_workflow_exx_nscf--uspp-gamma-2 ........................***Failed  Required regular expression not found. Regex=[JOB DONE
libxc needed for this functional
not ported to GPU
]  1.30 sec
        Start 321: system--pw_workflow_exx_nscf--uspp-k-smearing-2
311/381 Test #319: system--pw_workflow_exx_nscf--uspp-k-restart-2 ....................***Failed  Required regular expression not found. Regex=[JOB DONE
libxc needed for this functional
not ported to GPU
]  1.34 sec
        Start 324: system--pw_workflow_relax_relax--relax-2
312/381 Test #321: system--pw_workflow_exx_nscf--uspp-k-smearing-2 ...................***Failed  Required regular expression not found. Regex=[JOB DONE
libxc needed for this functional
not ported to GPU
]  1.28 sec
        Start 327: system--pw_workflow_scf_dos--scf-dos-2
313/381 Test #324: system--pw_workflow_relax_relax--relax-2 ..........................***Failed  Required regular expression not found. Regex=[JOB DONE
libxc needed for this functional
not ported to GPU
]  1.43 sec
        Start 330: system--pw_workflow_vc-relax_dos--vc-relax-dos-2
314/381 Test #327: system--pw_workflow_scf_dos--scf-dos-2 ............................***Failed  Required regular expression not found. Regex=[JOB DONE
libxc needed for this functional
not ported to GPU
]  1.25 sec
        Start 333: system--pw_workflow_vc-relax_scf--vc-relax-scf-2
315/381 Test #330: system--pw_workflow_vc-relax_dos--vc-relax-dos-2 ..................***Failed  Required regular expression not found. Regex=[JOB DONE
libxc needed for this functional
not ported to GPU
]  1.49 sec
        Start 336: system--cp_al_edft--Al
316/381 Test #333: system--pw_workflow_vc-relax_scf--vc-relax-scf-2 ..................***Failed  Required regular expression not found. Regex=[JOB DONE
libxc needed for this functional
not ported to GPU
]  1.65 sec
        Start 337: system--cp_al_edft--Al.uspp
317/381 Test #336: system--cp_al_edft--Al ............................................***Failed  Required regular expression not found. Regex=[JOB DONE
libxc needed for this functional
not ported to GPU
]  1.87 sec
        Start 339: system--cp_cluster--cluster4
318/381 Test #337: system--cp_al_edft--Al.uspp .......................................***Failed  Required regular expression not found. Regex=[JOB DONE
libxc needed for this functional
not ported to GPU
]  1.95 sec
        Start 340: system--cp_cluster--cluster6
319/381 Test #339: system--cp_cluster--cluster4 ......................................***Failed  Required regular expression not found. Regex=[JOB DONE
libxc needed for this functional
not ported to GPU
]  1.59 sec
        Start 348: system--cp_h2o--h2o-mt-blyp-7
320/381 Test #340: system--cp_cluster--cluster6 ......................................***Failed  Required regular expression not found. Regex=[JOB DONE
libxc needed for this functional
not ported to GPU
]  1.67 sec
        Start 349: system--cp_h2o--h2o-mt-blyp-cg
321/381 Test #348: system--cp_h2o--h2o-mt-blyp-7 .....................................***Failed  Required regular expression not found. Regex=[JOB DONE
libxc needed for this functional
not ported to GPU
]  1.44 sec
        Start 351: system--cp_h2o_exx--h2o-mt-b3lyp-1
322/381 Test #349: system--cp_h2o--h2o-mt-blyp-cg ....................................***Failed  Required regular expression not found. Regex=[JOB DONE
libxc needed for this functional
not ported to GPU
]  1.58 sec
        Start 352: system--cp_h2o_exx--h2o-mt-exx_fraction
323/381 Test #351: system--cp_h2o_exx--h2o-mt-b3lyp-1 ................................***Failed  Required regular expression not found. Regex=[JOB DONE
libxc needed for this functional
not ported to GPU
]  1.63 sec
        Start 354: system--cp_h2o_scan_libxc--nspin1
324/381 Test #352: system--cp_h2o_exx--h2o-mt-exx_fraction ...........................***Failed  Required regular expression not found. Regex=[JOB DONE
libxc needed for this functional
not ported to GPU
]  1.65 sec
        Start 355: system--cp_h2o_scan_libxc--nspin2
325/381 Test #354: system--cp_h2o_scan_libxc--nspin1 .................................***Failed  Required regular expression not found. Regex=[JOB DONE
libxc needed for this functional
not ported to GPU
]  1.60 sec
        Start 357: system--cp_h2o_wf--h2o-nspin1
326/381 Test #355: system--cp_h2o_scan_libxc--nspin2 .................................***Failed  Required regular expression not found. Regex=[JOB DONE
libxc needed for this functional
not ported to GPU
]  1.54 sec
        Start 358: system--cp_h2o_wf--h2o-nspin2
327/381 Test #357: system--cp_h2o_wf--h2o-nspin1 .....................................***Failed  Required regular expression not found. Regex=[JOB DONE
libxc needed for this functional
not ported to GPU
]  1.35 sec
        Start 365: system--cp_o2--o2-us-para-pbe-6
328/381 Test #358: system--cp_h2o_wf--h2o-nspin2 .....................................***Failed  Required regular expression not found. Regex=[JOB DONE
libxc needed for this functional
not ported to GPU
]  1.55 sec
        Start 369: system--cp_si--si-vbc-lda-3
329/381 Test #365: system--cp_o2--o2-us-para-pbe-6 ...................................***Failed  Required regular expression not found. Regex=[JOB DONE
libxc needed for this functional
not ported to GPU
]  1.41 sec
        Start 374: system--cp_sio2--sio2-us-lda-4
330/381 Test #369: system--cp_si--si-vbc-lda-3 .......................................***Failed  Required regular expression not found. Regex=[JOB DONE
libxc needed for this functional
not ported to GPU
]  1.42 sec
        Start 375: system--cp_sio2--sio2-us-lda-cg
331/381 Test #374: system--cp_sio2--sio2-us-lda-4 ....................................***Failed  Required regular expression not found. Regex=[JOB DONE
libxc needed for this functional
not ported to GPU
]  1.83 sec
        Start 377: system--cp_sio2--sio2-us-pbe-2
332/381 Test #375: system--cp_sio2--sio2-us-lda-cg ...................................***Failed  Required regular expression not found. Regex=[JOB DONE
libxc needed for this functional
not ported to GPU
]  2.01 sec
        Start 378: system--cp_sio2--sio2-us-pbe-cg
333/381 Test #377: system--cp_sio2--sio2-us-pbe-2 ....................................***Failed  Required regular expression not found. Regex=[JOB DONE
libxc needed for this functional
not ported to GPU
]  1.43 sec
        Start   2: test_qe_fftx-r1-t3
334/381 Test #378: system--cp_sio2--sio2-us-pbe-cg ...................................***Failed  Required regular expression not found. Regex=[JOB DONE
libxc needed for this functional
not ported to GPU
]  1.52 sec
        Start   4: test_qe_fftx_fft_scalar_gpu-r1-t3
335/381 Test   #2: test_qe_fftx-r1-t3 ................................................Subprocess aborted***Exception:   1.03 sec
        Start   6: test_qe_fftx_fft_scatter_mod_gpu-r1-t3
336/381 Test   #4: test_qe_fftx_fft_scalar_gpu-r1-t3 .................................Subprocess aborted***Exception:   0.97 sec
        Start   8: test_qe_fftx_fwinv_gpu-r1-t3
337/381 Test   #6: test_qe_fftx_fft_scatter_mod_gpu-r1-t3 ............................Subprocess aborted***Exception:   1.16 sec
        Start  44: test_qe_lax-r1-t3
338/381 Test   #8: test_qe_fftx_fwinv_gpu-r1-t3 ......................................Subprocess aborted***Exception:   1.16 sec
        Start  51: system--pw_atom-correctness
        Start  58: system--pw_b3lyp-correctness
        Start  63: system--pw_berry-correctness
339/381 Test  #44: test_qe_lax-r1-t3 .................................................   Passed    0.92 sec
        Start  67: system--pw_cluster-correctness
        Start  74: system--pw_dft-correctness
        Start  86: system--pw_dipole-correctness
340/381 Test  #63: system--pw_berry-correctness ......................................***Failed    1.28 sec
        Start  89: system--pw_electric-correctness
341/381 Test  #58: system--pw_b3lyp-correctness ......................................***Failed    1.70 sec
        Start  93: system--pw_eval-correctness
342/381 Test  #86: system--pw_dipole-correctness .....................................***Failed    1.20 sec
        Start  96: system--pw_gau-pbe-correctness
343/381 Test  #51: system--pw_atom-correctness .......................................***Failed    2.43 sec
        Start 100: system--pw_hse-correctness
344/381 Test  #67: system--pw_cluster-correctness ....................................***Failed    2.19 sec
        Start 104: system--pw_lattice-ibrav-correctness
345/381 Test  #89: system--pw_electric-correctness ...................................***Failed    1.54 sec
        Start 144: system--pw_lda+U-correctness
346/381 Test  #93: system--pw_eval-correctness .......................................***Failed    1.63 sec
        Start 163: system--pw_libxc-correctness
347/381 Test  #96: system--pw_gau-pbe-correctness ....................................***Failed    1.66 sec
        Start 168: system--pw_lsda-correctness
348/381 Test #100: system--pw_hse-correctness ........................................***Failed    1.67 sec
        Start 177: system--pw_md-correctness
349/381 Test  #74: system--pw_dft-correctness ........................................***Failed    3.83 sec
        Start 183: system--pw_metaGGA-correctness
350/381 Test #163: system--pw_libxc-correctness ......................................***Failed    1.46 sec
        Start 188: system--pw_metal-correctness
351/381 Test #177: system--pw_md-correctness .........................................***Failed    1.27 sec
        Start 196: system--pw_noncolin-correctness
352/381 Test #183: system--pw_metaGGA-correctness ....................................***Failed    1.55 sec
        Start 207: system--pw_pawatom-correctness
353/381 Test #168: system--pw_lsda-correctness .......................................***Failed    2.75 sec
        Start 216: system--pw_pbe-correctness
354/381 Test #188: system--pw_metal-correctness ......................................***Failed    2.03 sec
        Start 222: system--pw_realspace-correctness
355/381 Test #144: system--pw_lda+U-correctness ......................................***Failed    4.80 sec
        Start 227: system--pw_relax-correctness
356/381 Test #216: system--pw_pbe-correctness ........................................***Failed    1.54 sec
        Start 235: system--pw_scf-correctness
357/381 Test #196: system--pw_noncolin-correctness ...................................***Failed    3.03 sec
        Start 263: system--pw_spinorbit-correctness
358/381 Test #222: system--pw_realspace-correctness ..................................***Failed    1.79 sec
        Start 269: system--pw_twochem-correctness
359/381 Test #207: system--pw_pawatom-correctness ....................................***Failed    3.09 sec
        Start 274: system--pw_uspp-correctness
360/381 Test #227: system--pw_relax-correctness ......................................***Failed    2.46 sec
        Start 290: system--pw_vc-relax-correctness
361/381 Test #263: system--pw_spinorbit-correctness ..................................***Failed    2.06 sec
        Start 299: system--pw_vdw-correctness
362/381 Test #269: system--pw_twochem-correctness ....................................***Failed    1.82 sec
        Start 311: system--pw_workflow_exx_nscf-correctness
363/381 Test #104: system--pw_lattice-ibrav-correctness ..............................***Failed    9.93 sec
        Start 322: system--pw_workflow_relax_relax-correctness
364/381 Test #290: system--pw_vc-relax-correctness ...................................***Failed    2.40 sec
        Start 325: system--pw_workflow_scf_dos-correctness
365/381 Test #274: system--pw_uspp-correctness .......................................***Failed    3.91 sec
        Start 328: system--pw_workflow_vc-relax_dos-correctness
366/381 Test #299: system--pw_vdw-correctness ........................................***Failed    3.06 sec
        Start 331: system--pw_workflow_vc-relax_scf-correctness
367/381 Test #311: system--pw_workflow_exx_nscf-correctness ..........................***Failed    3.08 sec
368/381 Test #322: system--pw_workflow_relax_relax-correctness .......................***Failed    1.63 sec
        Start 335: system--cp_al_edft-correctness
        Start 338: system--cp_cluster-correctness
369/381 Test #325: system--pw_workflow_scf_dos-correctness ...........................***Failed    1.84 sec
        Start 341: system--cp_h2o-correctness
370/381 Test #328: system--pw_workflow_vc-relax_dos-correctness ......................***Failed    1.55 sec
        Start 350: system--cp_h2o_exx-correctness
371/381 Test #235: system--pw_scf-correctness ........................................***Failed    7.26 sec
        Start 353: system--cp_h2o_scan_libxc-correctness
372/381 Test #331: system--pw_workflow_vc-relax_scf-correctness ......................***Failed    1.88 sec
373/381 Test #335: system--cp_al_edft-correctness ....................................***Failed    1.50 sec
374/381 Test #338: system--cp_cluster-correctness ....................................***Failed    1.49 sec
        Start 356: system--cp_h2o_wf-correctness
        Start 359: system--cp_o2-correctness
        Start 366: system--cp_si-correctness
375/381 Test #350: system--cp_h2o_exx-correctness ....................................***Failed    1.60 sec
        Start 370: system--cp_sio2-correctness
376/381 Test #341: system--cp_h2o-correctness ........................................***Failed    2.22 sec
377/381 Test #353: system--cp_h2o_scan_libxc-correctness .............................***Failed    1.67 sec
378/381 Test #356: system--cp_h2o_wf-correctness .....................................***Failed    1.16 sec
379/381 Test #366: system--cp_si-correctness .........................................***Failed    1.13 sec
380/381 Test #359: system--cp_o2-correctness .........................................***Failed    1.68 sec
381/381 Test #370: system--cp_sio2-correctness .......................................***Failed    1.93 sec

6% tests passed, 359 tests failed out of 381

Label Time Summary:
cp_al_edft                  =  12.96 sec*proc (3 tests)
cp_cluster                  =  11.26 sec*proc (3 tests)
cp_h2o                      =  49.66 sec*proc (9 tests)
cp_h2o_exx                  =  11.44 sec*proc (3 tests)
cp_h2o_scan_libxc           =  11.10 sec*proc (3 tests)
cp_h2o_wf                   =   9.84 sec*proc (3 tests)
cp_o2                       =  32.26 sec*proc (7 tests)
cp_si                       =  16.07 sec*proc (4 tests)
cp_sio2                     =  44.10 sec*proc (9 tests)
pseudo                      =   6.42 sec*proc (2 tests)
pw_atom                     =  31.81 sec*proc (7 tests)
pw_b3lyp                    =  20.02 sec*proc (5 tests)
pw_berry                    =  17.03 sec*proc (4 tests)
pw_cluster                  =  30.63 sec*proc (7 tests)
pw_dft                      =  54.93 sec*proc (12 tests)
pw_dipole                   =  10.86 sec*proc (3 tests)
pw_electric                 =  16.43 sec*proc (4 tests)
pw_eval                     =  10.36 sec*proc (3 tests)
pw_gau-pbe                  =  13.91 sec*proc (4 tests)
pw_hse                      =  14.79 sec*proc (4 tests)
pw_lattice-ibrav            = 191.19 sec*proc (40 tests)
pw_lda+U                    =  80.61 sec*proc (19 tests)
pw_libxc                    =  17.89 sec*proc (5 tests)
pw_lsda                     =  40.03 sec*proc (9 tests)
pw_md                       =  27.31 sec*proc (9 tests)
pw_metaGGA                  =  19.78 sec*proc (5 tests)
pw_metal                    =  33.54 sec*proc (8 tests)
pw_noncolin                 =  49.41 sec*proc (11 tests)
pw_pawatom                  =  40.98 sec*proc (9 tests)
pw_pbe                      =  18.42 sec*proc (5 tests)
pw_plugins                  =   1.93 sec*proc (1 test)
pw_realspace                =  20.20 sec*proc (5 tests)
pw_relax                    =  34.83 sec*proc (8 tests)
pw_scf                      = 132.38 sec*proc (28 tests)
pw_spinorbit                =  26.05 sec*proc (6 tests)
pw_twochem                  =  21.66 sec*proc (5 tests)
pw_uspp                     =  74.39 sec*proc (16 tests)
pw_vc-relax                 =  35.97 sec*proc (9 tests)
pw_vdw                      =  56.32 sec*proc (12 tests)
pw_workflow_exx_nscf        =  46.36 sec*proc (11 tests)
pw_workflow_relax_relax     =  10.90 sec*proc (3 tests)
pw_workflow_scf_dos         =  10.83 sec*proc (3 tests)
pw_workflow_vc-relax_dos    =  10.75 sec*proc (3 tests)
pw_workflow_vc-relax_scf    =  12.02 sec*proc (3 tests)
system--cp                  = 199.83 sec*proc (45 tests)
system--pw                  = 1239.81 sec*proc (287 tests)
unit                        =  67.94 sec*proc (49 tests)

Total Test time (real) = 286.89 sec

The following tests FAILED:
	  1 - test_qe_fftx-r1-t1 (Subprocess aborted)
	  2 - test_qe_fftx-r1-t3 (Subprocess aborted)
	  3 - test_qe_fftx_fft_scalar_gpu-r1-t1 (Subprocess aborted)
	  4 - test_qe_fftx_fft_scalar_gpu-r1-t3 (Subprocess aborted)
	  5 - test_qe_fftx_fft_scatter_mod_gpu-r1-t1 (Subprocess aborted)
	  6 - test_qe_fftx_fft_scatter_mod_gpu-r1-t3 (Subprocess aborted)
	  7 - test_qe_fftx_fwinv_gpu-r1-t1 (Subprocess aborted)
	  8 - test_qe_fftx_fwinv_gpu-r1-t3 (Subprocess aborted)
	  9 - test_qe_utilx_offload_macros (Failed)
	 24 - test_qe_utilx_mp_bcast_i1_gpu (Failed)
	 25 - test_qe_utilx_mp_bcast_iv_gpu (Failed)
	 26 - test_qe_utilx_mp_bcast_im_gpu (Failed)
	 27 - test_qe_utilx_mp_bcast_it_gpu (Failed)
	 28 - test_qe_utilx_mp_bcast_i4d_gpu (Failed)
	 29 - test_qe_utilx_mp_bcast_r4d_gpu (Failed)
	 30 - test_qe_utilx_mp_bcast_c4d_gpu (Failed)
	 31 - test_qe_utilx_mp_bcast_c5d_gpu (Failed)
	 32 - test_qe_utilx_mp_bcast_r5d_gpu (Failed)
	 33 - test_qe_utilx_mp_bcast_c6d_gpu (Failed)
	 34 - test_qe_utilx_mp_bcast_iv_buffer_gpu (Failed)
	 35 - test_qe_utilx_mp_bcast_lv_buffer_gpu (Failed)
	 36 - test_qe_utilx_mp_bcast_rv_buffer_gpu (Failed)
	 37 - test_qe_utilx_mp_max_iv_buffer_gpu (Failed)
	 38 - test_qe_utilx_mp_max_rv_buffer_gpu (Failed)
	 39 - test_qe_utilx_mp_min_iv_buffer_gpu (Failed)
	 40 - test_qe_utilx_mp_min_rv_buffer_gpu (Failed)
	 41 - test_qe_utilx_mp_sum_iv_buffer_gpu (Failed)
	 42 - test_qe_utilx_mp_sum_rv_buffer_gpu (Failed)
	 46 - test_qe_xclib_exe_test (Failed)
	 47 - test_qe_xclib_gen_test (Failed)
	 48 - test_qe_xclib_test_all_terms (Failed)
	 49 - test_qe_xclib_test_all_shorts (Failed)
	 51 - system--pw_atom-correctness (Failed)
	 52 - system--pw_atom--atom-lsda (Failed)
	 53 - system--pw_atom--atom-occ1 (Failed)
	 54 - system--pw_atom--atom-occ2 (Failed)
	 55 - system--pw_atom--atom-pbe (Failed)
	 56 - system--pw_atom--atom-sigmapbe (Failed)
	 57 - system--pw_atom--atom (Failed)
	 58 - system--pw_b3lyp-correctness (Failed)
	 59 - system--pw_b3lyp--b3lyp-O (Failed)
	 60 - system--pw_b3lyp--b3lyp-h2o (Failed)
	 61 - system--pw_b3lyp--x3lyp-O (Failed)
	 62 - system--pw_b3lyp--x3lyp-h2o (Failed)
	 63 - system--pw_berry-correctness (Failed)
	 64 - system--pw_berry--berry-1 (Failed)
	 65 - system--pw_berry--berry-2 (Failed)
	 66 - system--pw_berry--berry (Failed)
	 67 - system--pw_cluster-correctness (Failed)
	 68 - system--pw_cluster--cluster1 (Failed)
	 69 - system--pw_cluster--cluster2 (Failed)
	 70 - system--pw_cluster--cluster3 (Failed)
	 71 - system--pw_cluster--cluster4 (Failed)
	 72 - system--pw_cluster--cluster5 (Failed)
	 73 - system--pw_cluster--cluster6 (Failed)
	 74 - system--pw_dft-correctness (Failed)
	 75 - system--pw_dft--dft1 (Failed)
	 76 - system--pw_dft--dft10 (Failed)
	 77 - system--pw_dft--dft11 (Failed)
	 78 - system--pw_dft--dft2 (Failed)
	 79 - system--pw_dft--dft3 (Failed)
	 80 - system--pw_dft--dft4 (Failed)
	 81 - system--pw_dft--dft5 (Failed)
	 82 - system--pw_dft--dft6 (Failed)
	 83 - system--pw_dft--dft7 (Failed)
	 84 - system--pw_dft--dft8 (Failed)
	 85 - system--pw_dft--dft9 (Failed)
	 86 - system--pw_dipole-correctness (Failed)
	 87 - system--pw_dipole--2dcutoff (Failed)
	 88 - system--pw_dipole--dipole (Failed)
	 89 - system--pw_electric-correctness (Failed)
	 90 - system--pw_electric--electric-1 (Failed)
	 91 - system--pw_electric--electric-2 (Failed)
	 92 - system--pw_electric--electric (Failed)
	 93 - system--pw_eval-correctness (Failed)
	 94 - system--pw_eval--eval_infix-2 (Failed)
	 95 - system--pw_eval--eval_infix (Failed)
	 96 - system--pw_gau-pbe-correctness (Failed)
	 97 - system--pw_gau-pbe--gau-pbe-si111 (Failed)
	 98 - system--pw_gau-pbe--gau-pbe-si222 (Failed)
	 99 - system--pw_gau-pbe--gau-pbe-si444 (Failed)
	100 - system--pw_hse-correctness (Failed)
	101 - system--pw_hse--hse-si111 (Failed)
	102 - system--pw_hse--hse-si222 (Failed)
	103 - system--pw_hse--hse-si444 (Failed)
	104 - system--pw_lattice-ibrav-correctness (Failed)
	105 - system--pw_lattice-ibrav--lattice-ibrav-12-kauto (Failed)
	106 - system--pw_lattice-ibrav--lattice-ibrav-12 (Failed)
	107 - system--pw_lattice-ibrav--lattice-ibrav-3-kauto (Failed)
	108 - system--pw_lattice-ibrav--lattice-ibrav-3 (Failed)
	109 - system--pw_lattice-ibrav--lattice-ibrav-5-kauto (Failed)
	110 - system--pw_lattice-ibrav--lattice-ibrav-5 (Failed)
	111 - system--pw_lattice-ibrav--lattice-ibrav0-cell_parameters+a (Failed)
	112 - system--pw_lattice-ibrav--lattice-ibrav0-cell_parameters+celldm (Failed)
	113 - system--pw_lattice-ibrav--lattice-ibrav0-cell_parameters-ang (Failed)
	114 - system--pw_lattice-ibrav--lattice-ibrav0-cell_parameters (Failed)
	115 - system--pw_lattice-ibrav--lattice-ibrav1-kauto (Failed)
	116 - system--pw_lattice-ibrav--lattice-ibrav1 (Failed)
	117 - system--pw_lattice-ibrav--lattice-ibrav10-kauto (Failed)
	118 - system--pw_lattice-ibrav--lattice-ibrav10 (Failed)
	119 - system--pw_lattice-ibrav--lattice-ibrav11-kauto (Failed)
	120 - system--pw_lattice-ibrav--lattice-ibrav11 (Failed)
	121 - system--pw_lattice-ibrav--lattice-ibrav12-kauto (Failed)
	122 - system--pw_lattice-ibrav--lattice-ibrav12 (Failed)
	123 - system--pw_lattice-ibrav--lattice-ibrav13-kauto (Failed)
	124 - system--pw_lattice-ibrav--lattice-ibrav13 (Failed)
	125 - system--pw_lattice-ibrav--lattice-ibrav14-kauto (Failed)
	126 - system--pw_lattice-ibrav--lattice-ibrav14 (Failed)
	127 - system--pw_lattice-ibrav--lattice-ibrav2-kauto (Failed)
	128 - system--pw_lattice-ibrav--lattice-ibrav2 (Failed)
	129 - system--pw_lattice-ibrav--lattice-ibrav3-kauto (Failed)
	130 - system--pw_lattice-ibrav--lattice-ibrav3 (Failed)
	131 - system--pw_lattice-ibrav--lattice-ibrav4-kauto (Failed)
	132 - system--pw_lattice-ibrav--lattice-ibrav4 (Failed)
	133 - system--pw_lattice-ibrav--lattice-ibrav5-kauto (Failed)
	134 - system--pw_lattice-ibrav--lattice-ibrav5 (Failed)
	135 - system--pw_lattice-ibrav--lattice-ibrav6-kauto (Failed)
	136 - system--pw_lattice-ibrav--lattice-ibrav6 (Failed)
	137 - system--pw_lattice-ibrav--lattice-ibrav7-kauto (Failed)
	138 - system--pw_lattice-ibrav--lattice-ibrav7 (Failed)
	139 - system--pw_lattice-ibrav--lattice-ibrav8-kauto (Failed)
	140 - system--pw_lattice-ibrav--lattice-ibrav8 (Failed)
	141 - system--pw_lattice-ibrav--lattice-ibrav9-kauto (Failed)
	142 - system--pw_lattice-ibrav--lattice-ibrav9 (Failed)
	143 - system--pw_lattice-ibrav--lattice-wyckoff-sio2 (Failed)
	144 - system--pw_lda+U-correctness (Failed)
	145 - system--pw_lda+U--lda+U+J0 (Failed)
	146 - system--pw_lda+U--lda+U+V-user_ns (Failed)
	147 - system--pw_lda+U--lda+U+V_background (Failed)
	148 - system--pw_lda+U--lda+U+V_force_stress_ortho (Failed)
	149 - system--pw_lda+U--lda+U+V_noncol_ortho (Failed)
	150 - system--pw_lda+U--lda+U-noU (Failed)
	151 - system--pw_lda+U--lda+U-user_ns (Failed)
	152 - system--pw_lda+U--lda+U (Failed)
	153 - system--pw_lda+U--lda+U_background_one_channel (Failed)
	154 - system--pw_lda+U--lda+U_background_two_channels (Failed)
	155 - system--pw_lda+U--lda+U_force (Failed)
	156 - system--pw_lda+U--lda+U_force_stress_ortho (Failed)
	157 - system--pw_lda+U--lda+U_gamma (Failed)
	158 - system--pw_lda+U--lda+U_kind1_collin (Failed)
	159 - system--pw_lda+U--lda+U_kind1_noncollin (Failed)
	160 - system--pw_lda+U--lda+U_noncol_ortho (Failed)
	161 - system--pw_lda+U--lda+U_orbital_resolved (Failed)
	162 - system--pw_lda+U--lda+U_pseudo (Failed)
	163 - system--pw_libxc-correctness (Failed)
	164 - system--pw_libxc--gga_unpol_atom-pbe (Failed)
	165 - system--pw_libxc--hyb_gga_unpol_hse-si111 (Failed)
	166 - system--pw_libxc--lda_pol_atom-lsda (Failed)
	167 - system--pw_libxc--mgga_unpol_metaGGA (Failed)
	168 - system--pw_lsda-correctness (Failed)
	169 - system--pw_lsda--lsda-2 (Failed)
	170 - system--pw_lsda--lsda-cg (Failed)
	171 - system--pw_lsda--lsda-mixing_TF (Failed)
	172 - system--pw_lsda--lsda-mixing_localTF (Failed)
	173 - system--pw_lsda--lsda-mixing_ndim (Failed)
	174 - system--pw_lsda--lsda-nelup+neldw (Failed)
	175 - system--pw_lsda--lsda-tot_magnetization (Failed)
	176 - system--pw_lsda--lsda (Failed)
	177 - system--pw_md-correctness (Failed)
	178 - system--pw_md--md-pot_extrap1 (Failed)
	179 - system--pw_md--md-pot_extrap2 (Failed)
	180 - system--pw_md--md-wfc_extrap1 (Failed)
	181 - system--pw_md--md-wfc_extrap2 (Failed)
	182 - system--pw_md--md (Failed)
	183 - system--pw_metaGGA-correctness (Failed)
	184 - system--pw_metaGGA--metaGGA-1 (Failed)
	185 - system--pw_metaGGA--metaGGA-2 (Failed)
	186 - system--pw_metaGGA--metaGGA-spin (Failed)
	187 - system--pw_metaGGA--metaGGA (Failed)
	188 - system--pw_metal-correctness (Failed)
	189 - system--pw_metal--metal-2 (Failed)
	190 - system--pw_metal--metal-fermi_dirac (Failed)
	191 - system--pw_metal--metal-gaussian (Failed)
	192 - system--pw_metal--metal-tetrahedra-1 (Failed)
	193 - system--pw_metal--metal-tetrahedra-2 (Failed)
	194 - system--pw_metal--metal-tetrahedra (Failed)
	195 - system--pw_metal--metal (Failed)
	196 - system--pw_noncolin-correctness (Failed)
	197 - system--pw_noncolin--noncolin-1 (Failed)
	198 - system--pw_noncolin--noncolin-2 (Failed)
	199 - system--pw_noncolin--noncolin-cg (Failed)
	200 - system--pw_noncolin--noncolin-constrain_angle (Failed)
	201 - system--pw_noncolin--noncolin-constrain_atomic (Failed)
	202 - system--pw_noncolin--noncolin-constrain_total (Failed)
	203 - system--pw_noncolin--noncolin-hyb (Failed)
	204 - system--pw_noncolin--noncolin-pbe (Failed)
	205 - system--pw_noncolin--noncolin-rmm (Failed)
	206 - system--pw_noncolin--noncolin (Failed)
	207 - system--pw_pawatom-correctness (Failed)
	208 - system--pw_pawatom--paw-atom (Failed)
	209 - system--pw_pawatom--paw-atom_l=2 (Failed)
	210 - system--pw_pawatom--paw-atom_lda (Failed)
	211 - system--pw_pawatom--paw-atom_spin (Failed)
	212 - system--pw_pawatom--paw-atom_spin_lda (Failed)
	213 - system--pw_pawatom--paw-atom_tqr (Failed)
	214 - system--pw_pawatom--paw-bfgs (Failed)
	215 - system--pw_pawatom--paw-vcbfgs (Failed)
	216 - system--pw_pbe-correctness (Failed)
	217 - system--pw_pbe--pbe0-si111 (Failed)
	218 - system--pw_pbe--pbe0-si222 (Failed)
	219 - system--pw_pbe--pbe0-si444 (Failed)
	220 - system--pw_pbe--pbeq2d (Failed)
	221 - system--pw_plugins-correctness (Failed)
	222 - system--pw_realspace-correctness (Failed)
	223 - system--pw_realspace--cluster_gs (Failed)
	224 - system--pw_realspace--cluster_gs50 (Failed)
	225 - system--pw_realspace--cluster_rs (Failed)
	226 - system--pw_realspace--cluster_rs50 (Failed)
	227 - system--pw_relax-correctness (Failed)
	228 - system--pw_relax--relax-damped (Failed)
	229 - system--pw_relax--relax-el (Failed)
	230 - system--pw_relax--relax-extfor (Failed)
	231 - system--pw_relax--relax-fire (Failed)
	232 - system--pw_relax--relax (Failed)
	233 - system--pw_relax--relax2-bfgs_ndim3 (Failed)
	234 - system--pw_relax--relax2 (Failed)
	235 - system--pw_scf-correctness (Failed)
	236 - system--pw_scf--scf-1 (Failed)
	237 - system--pw_scf--scf-2 (Failed)
	238 - system--pw_scf--scf-allfrac (Failed)
	239 - system--pw_scf--scf-cg-gamma (Failed)
	240 - system--pw_scf--scf-cg (Failed)
	241 - system--pw_scf--scf-disk_io-1 (Failed)
	242 - system--pw_scf--scf-disk_io-2 (Failed)
	243 - system--pw_scf--scf-disk_io (Failed)
	244 - system--pw_scf--scf-gamma (Failed)
	245 - system--pw_scf--scf-gth (Failed)
	246 - system--pw_scf--scf-k0 (Failed)
	247 - system--pw_scf--scf-kauto (Failed)
	248 - system--pw_scf--scf-kcrys (Failed)
	249 - system--pw_scf--scf-mixing_TF (Failed)
	250 - system--pw_scf--scf-mixing_beta (Failed)
	251 - system--pw_scf--scf-mixing_localTF (Failed)
	252 - system--pw_scf--scf-mixing_ndim (Failed)
	253 - system--pw_scf--scf-ncpp (Failed)
	254 - system--pw_scf--scf-nofrac (Failed)
	255 - system--pw_scf--scf-occ (Failed)
	256 - system--pw_scf--scf-paro-gamma (Failed)
	257 - system--pw_scf--scf-paro-k (Failed)
	258 - system--pw_scf--scf-rmm-gamma (Failed)
	259 - system--pw_scf--scf-rmm-k (Failed)
	260 - system--pw_scf--scf-rmm-paro-gamma (Failed)
	261 - system--pw_scf--scf-rmm-paro-k (Failed)
	262 - system--pw_scf--scf (Failed)
	263 - system--pw_spinorbit-correctness (Failed)
	264 - system--pw_spinorbit--spinorbit-1 (Failed)
	265 - system--pw_spinorbit--spinorbit-3 (Failed)
	266 - system--pw_spinorbit--spinorbit-paw (Failed)
	267 - system--pw_spinorbit--spinorbit-pbe (Failed)
	268 - system--pw_spinorbit--spinorbit (Failed)
	269 - system--pw_twochem-correctness (Failed)
	270 - system--pw_twochem--nscf_twochem (Failed)
	271 - system--pw_twochem--relax_twochem (Failed)
	272 - system--pw_twochem--scf_twochem (Failed)
	273 - system--pw_twochem--vc-relax_twochem (Failed)
	274 - system--pw_uspp-correctness (Failed)
	275 - system--pw_uspp--uspp-2 (Failed)
	276 - system--pw_uspp--uspp-cg-gamma (Failed)
	277 - system--pw_uspp--uspp-cg (Failed)
	278 - system--pw_uspp--uspp-hyb-g (Failed)
	279 - system--pw_uspp--uspp-hyb-k (Failed)
	280 - system--pw_uspp--uspp-mixing_TF (Failed)
	281 - system--pw_uspp--uspp-mixing_localTF (Failed)
	282 - system--pw_uspp--uspp-mixing_ndim (Failed)
	283 - system--pw_uspp--uspp-paro-gamma (Failed)
	284 - system--pw_uspp--uspp-paro-k (Failed)
	285 - system--pw_uspp--uspp-singlegrid (Failed)
	286 - system--pw_uspp--uspp (Failed)
	287 - system--pw_uspp--uspp1-coulomb (Failed)
	288 - system--pw_uspp--uspp1 (Failed)
	289 - system--pw_uspp--uspp2 (Failed)
	290 - system--pw_vc-relax-correctness (Failed)
	291 - system--pw_vc-relax--vc-md1 (Failed)
	292 - system--pw_vc-relax--vc-md2 (Failed)
	293 - system--pw_vc-relax--vc-relax1 (Failed)
	294 - system--pw_vc-relax--vc-relax2 (Failed)
	295 - system--pw_vc-relax--vc-relax3 (Failed)
	296 - system--pw_vc-relax--vc-relax4 (Failed)
	297 - system--pw_vc-relax--vc-relax5 (Failed)
	298 - system--pw_vc-relax--vc-relax6 (Failed)
	299 - system--pw_vdw-correctness (Failed)
	300 - system--pw_vdw--beef-spin (Failed)
	301 - system--pw_vdw--beef (Failed)
	302 - system--pw_vdw--rVV10 (Failed)
	303 - system--pw_vdw--vdW-DF3-opt1 (Failed)
	304 - system--pw_vdw--vdW-DF3-opt2 (Failed)
	305 - system--pw_vdw--vdw-d2 (Failed)
	306 - system--pw_vdw--vdw-d3 (Failed)
	307 - system--pw_vdw--vdw-mbd-vc-relax (Failed)
	308 - system--pw_vdw--vdw-mbd (Failed)
	309 - system--pw_vdw--vdw-ts (Failed)
	310 - system--pw_vdw--xdm (Failed)
	311 - system--pw_workflow_exx_nscf-correctness (Failed)
	312 - system--pw_workflow_exx_nscf--ncpp-gamma-restart-1 (Failed)
	313 - system--pw_workflow_exx_nscf--ncpp-gamma-restart-2 (Failed)
	314 - system--pw_workflow_exx_nscf--ncpp-k-1 (Failed)
	315 - system--pw_workflow_exx_nscf--ncpp-k-2 (Failed)
	316 - system--pw_workflow_exx_nscf--uspp-gamma-1 (Failed)
	317 - system--pw_workflow_exx_nscf--uspp-gamma-2 (Failed)
	318 - system--pw_workflow_exx_nscf--uspp-k-restart-1 (Failed)
	319 - system--pw_workflow_exx_nscf--uspp-k-restart-2 (Failed)
	320 - system--pw_workflow_exx_nscf--uspp-k-smearing-1 (Failed)
	321 - system--pw_workflow_exx_nscf--uspp-k-smearing-2 (Failed)
	322 - system--pw_workflow_relax_relax-correctness (Failed)
	323 - system--pw_workflow_relax_relax--relax-1 (Failed)
	324 - system--pw_workflow_relax_relax--relax-2 (Failed)
	325 - system--pw_workflow_scf_dos-correctness (Failed)
	326 - system--pw_workflow_scf_dos--scf-dos-1 (Failed)
	327 - system--pw_workflow_scf_dos--scf-dos-2 (Failed)
	328 - system--pw_workflow_vc-relax_dos-correctness (Failed)
	329 - system--pw_workflow_vc-relax_dos--vc-relax-dos-1 (Failed)
	330 - system--pw_workflow_vc-relax_dos--vc-relax-dos-2 (Failed)
	331 - system--pw_workflow_vc-relax_scf-correctness (Failed)
	332 - system--pw_workflow_vc-relax_scf--vc-relax-scf-1 (Failed)
	333 - system--pw_workflow_vc-relax_scf--vc-relax-scf-2 (Failed)
	335 - system--cp_al_edft-correctness (Failed)
	336 - system--cp_al_edft--Al (Failed)
	337 - system--cp_al_edft--Al.uspp (Failed)
	338 - system--cp_cluster-correctness (Failed)
	339 - system--cp_cluster--cluster4 (Failed)
	340 - system--cp_cluster--cluster6 (Failed)
	341 - system--cp_h2o-correctness (Failed)
	342 - system--cp_h2o--h2o-mt-blyp-1 (Failed)
	343 - system--cp_h2o--h2o-mt-blyp-2 (Failed)
	344 - system--cp_h2o--h2o-mt-blyp-3 (Failed)
	345 - system--cp_h2o--h2o-mt-blyp-4 (Failed)
	346 - system--cp_h2o--h2o-mt-blyp-5 (Failed)
	347 - system--cp_h2o--h2o-mt-blyp-6 (Failed)
	348 - system--cp_h2o--h2o-mt-blyp-7 (Failed)
	349 - system--cp_h2o--h2o-mt-blyp-cg (Failed)
	350 - system--cp_h2o_exx-correctness (Failed)
	351 - system--cp_h2o_exx--h2o-mt-b3lyp-1 (Failed)
	352 - system--cp_h2o_exx--h2o-mt-exx_fraction (Failed)
	353 - system--cp_h2o_scan_libxc-correctness (Failed)
	354 - system--cp_h2o_scan_libxc--nspin1 (Failed)
	355 - system--cp_h2o_scan_libxc--nspin2 (Failed)
	356 - system--cp_h2o_wf-correctness (Failed)
	357 - system--cp_h2o_wf--h2o-nspin1 (Failed)
	358 - system--cp_h2o_wf--h2o-nspin2 (Failed)
	359 - system--cp_o2-correctness (Failed)
	360 - system--cp_o2--o2-us-para-pbe-1 (Failed)
	361 - system--cp_o2--o2-us-para-pbe-2 (Failed)
	362 - system--cp_o2--o2-us-para-pbe-3 (Failed)
	363 - system--cp_o2--o2-us-para-pbe-4 (Failed)
	364 - system--cp_o2--o2-us-para-pbe-5 (Failed)
	365 - system--cp_o2--o2-us-para-pbe-6 (Failed)
	366 - system--cp_si-correctness (Failed)
	367 - system--cp_si--si-vbc-lda-1 (Failed)
	368 - system--cp_si--si-vbc-lda-2 (Failed)
	369 - system--cp_si--si-vbc-lda-3 (Failed)
	370 - system--cp_sio2-correctness (Failed)
	371 - system--cp_sio2--sio2-us-lda-1 (Failed)
	372 - system--cp_sio2--sio2-us-lda-2 (Failed)
	373 - system--cp_sio2--sio2-us-lda-3 (Failed)
	374 - system--cp_sio2--sio2-us-lda-4 (Failed)
	375 - system--cp_sio2--sio2-us-lda-cg (Failed)
	376 - system--cp_sio2--sio2-us-pbe-1 (Failed)
	377 - system--cp_sio2--sio2-us-pbe-2 (Failed)
	378 - system--cp_sio2--sio2-us-pbe-cg (Failed)
Errors while running CTest
Output from these tests are in: /lustre/home/user/m/milias/work/software/quantum-espresso/qe-develop/q-e/build_gpu_cuda_mkl/Testing/Temporary/LastTest.log
Use "--rerun-failed --output-on-failure" to re-run the failed cases verbosely.
